<?xml version="1.0" encoding="UTF-8"?>
<testsuites>
  <testsuite name="arg-asIntegerDS" timestamp="2025-10-21T01:41:48Z" hostname="runnervmwhb2z" tests="0" skipped="0" failures="0" errors="0" time="0"/>
  <testsuite name="asIntegerDS::arg::setup" timestamp="2025-10-21T01:41:48Z" hostname="runnervmwhb2z" tests="0" skipped="0" failures="0" errors="0" time="0"/>
  <testsuite name="asIntegerDS::arg::direct input numeric" timestamp="2025-10-21T01:41:48Z" hostname="runnervmwhb2z" tests="1" skipped="0" failures="0" errors="0" time="0.048">
    <testcase time="0.0480000000000018" classname="asIntegerDS_arg_direct_input_numeric" name="simple_asIntegerDS_non_input"/>
  </testsuite>
  <testsuite name="asIntegerDS::arg::shutdown" timestamp="2025-10-21T01:41:48Z" hostname="runnervmwhb2z" tests="0" skipped="0" failures="0" errors="0" time="0"/>
  <testsuite name="asIntegerDS::arg::done" timestamp="2025-10-21T01:41:48Z" hostname="runnervmwhb2z" tests="0" skipped="0" failures="0" errors="0" time="0"/>
  <testsuite name="arg-asLogicalDS" timestamp="2025-10-21T01:41:48Z" hostname="runnervmwhb2z" tests="0" skipped="0" failures="0" errors="0" time="0"/>
  <testsuite name="asLogicalDS::arg::setup" timestamp="2025-10-21T01:41:48Z" hostname="runnervmwhb2z" tests="0" skipped="0" failures="0" errors="0" time="0"/>
  <testsuite name="asLogicalDS::arg::direct input numeric" timestamp="2025-10-21T01:41:48Z" hostname="runnervmwhb2z" tests="1" skipped="0" failures="0" errors="0" time="0.037">
    <testcase time="0.0369999999999919" classname="asLogicalDS_arg_direct_input_numeric" name="simple_asLogicalDS_non_input"/>
  </testsuite>
  <testsuite name="asLogicalDS::arg::input NULL" timestamp="2025-10-21T01:41:48Z" hostname="runnervmwhb2z" tests="1" skipped="0" failures="0" errors="0" time="0.013">
    <testcase time="0.0130000000000052" classname="asLogicalDS_arg_input_NULL" name="simple_asLogicalDS_NULL"/>
  </testsuite>
  <testsuite name="asLogicalDS::arg::input NA" timestamp="2025-10-21T01:41:48Z" hostname="runnervmwhb2z" tests="1" skipped="0" failures="0" errors="0" time="0.007">
    <testcase time="0.007000000000005" classname="asLogicalDS_arg_input_NA" name="simple_asLogicalDS_NA"/>
  </testsuite>
  <testsuite name="asLogicalDS::arg::shutdown" timestamp="2025-10-21T01:41:48Z" hostname="runnervmwhb2z" tests="0" skipped="0" failures="0" errors="0" time="0"/>
  <testsuite name="asLogicalDS::arg::done" timestamp="2025-10-21T01:41:48Z" hostname="runnervmwhb2z" tests="0" skipped="0" failures="0" errors="0" time="0"/>
  <testsuite name="arg-dataFrameFillDS" timestamp="2025-10-21T01:41:48Z" hostname="runnervmwhb2z" tests="0" skipped="0" failures="0" errors="0" time="0"/>
  <testsuite name="dataFrameFillDS::arg::setup" timestamp="2025-10-21T01:41:48Z" hostname="runnervmwhb2z" tests="0" skipped="0" failures="0" errors="0" time="0"/>
  <testsuite name="dataFrameFillDS::arg" timestamp="2025-10-21T01:41:48Z" hostname="runnervmwhb2z" tests="4" skipped="0" failures="0" errors="0" time="0.097">
    <testcase time="0.0169999999999959" classname="dataFrameFillDS_arg" name="simple_dataFrameFillDS_ascending_numeric"/>
    <testcase time="0.00199999999999534" classname="dataFrameFillDS_arg" name="simple_dataFrameFillDS_ascending_numeric"/>
    <testcase time="0.0750000000000028" classname="dataFrameFillDS_arg" name="simple_dataFrameFillDS_ascending_numeric"/>
    <testcase time="0.00300000000000011" classname="dataFrameFillDS_arg" name="simple_dataFrameFillDS_ascending_numeric"/>
  </testsuite>
  <testsuite name="dataFrameFillDS::arg::shutdown" timestamp="2025-10-21T01:41:48Z" hostname="runnervmwhb2z" tests="0" skipped="0" failures="0" errors="0" time="0"/>
  <testsuite name="dataFrameFillDS::arg::done" timestamp="2025-10-21T01:41:48Z" hostname="runnervmwhb2z" tests="0" skipped="0" failures="0" errors="0" time="0"/>
  <testsuite name="arg-dataFrameSortDS" timestamp="2025-10-21T01:41:48Z" hostname="runnervmwhb2z" tests="0" skipped="0" failures="0" errors="0" time="0"/>
  <testsuite name="dataFrameSortDS::arg::setup" timestamp="2025-10-21T01:41:48Z" hostname="runnervmwhb2z" tests="0" skipped="0" failures="0" errors="0" time="0"/>
  <testsuite name="dataFrameSortDS::arg" timestamp="2025-10-21T01:41:48Z" hostname="runnervmwhb2z" tests="1" skipped="0" failures="0" errors="0" time="0.04">
    <testcase time="0.0400000000000063" classname="dataFrameSortDS_arg" name="simple_dataFrameSortDS_factor_error_check"/>
  </testsuite>
  <testsuite name="dataFrameSortDS::arg::shutdown" timestamp="2025-10-21T01:41:48Z" hostname="runnervmwhb2z" tests="0" skipped="0" failures="0" errors="0" time="0"/>
  <testsuite name="dataFrameSortDS::arg::done" timestamp="2025-10-21T01:41:48Z" hostname="runnervmwhb2z" tests="0" skipped="0" failures="0" errors="0" time="0"/>
  <testsuite name="arg-uniqueDS" timestamp="2025-10-21T01:41:48Z" hostname="runnervmwhb2z" tests="0" skipped="0" failures="0" errors="0" time="0"/>
  <testsuite name="uniqueDS::arg::setup" timestamp="2025-10-21T01:41:48Z" hostname="runnervmwhb2z" tests="0" skipped="0" failures="0" errors="0" time="0"/>
  <testsuite name="uniqueDS::arg::simple null argument" timestamp="2025-10-21T01:41:48Z" hostname="runnervmwhb2z" tests="1" skipped="0" failures="0" errors="0" time="0.014">
    <testcase time="0.0139999999999958" classname="uniqueDS_arg_simple_null_argument" name="simple_uniqueDS_for_NULL"/>
  </testsuite>
  <testsuite name="uniqueDS::arg::null value" timestamp="2025-10-21T01:41:48Z" hostname="runnervmwhb2z" tests="1" skipped="0" failures="0" errors="0" time="0.007">
    <testcase time="0.007000000000005" classname="uniqueDS_arg_null_value" name="simple_uniqueDS_for_NULL"/>
  </testsuite>
  <testsuite name="uniqueDS::arg::not character value" timestamp="2025-10-21T01:41:48Z" hostname="runnervmwhb2z" tests="1" skipped="0" failures="0" errors="0" time="0.008">
    <testcase time="0.00799999999999557" classname="uniqueDS_arg_not_character_value" name="simple_uniqueDS_for_NULL"/>
  </testsuite>
  <testsuite name="uniqueDS::arg::missing value" timestamp="2025-10-21T01:41:48Z" hostname="runnervmwhb2z" tests="1" skipped="0" failures="0" errors="0" time="0.007">
    <testcase time="0.007000000000005" classname="uniqueDS_arg_missing_value" name="simple_uniqueDS_for_NULL"/>
  </testsuite>
  <testsuite name="uniqueDS::arg::shutdown" timestamp="2025-10-21T01:41:48Z" hostname="runnervmwhb2z" tests="0" skipped="0" failures="0" errors="0" time="0"/>
  <testsuite name="uniqueDS::arg::done" timestamp="2025-10-21T01:41:48Z" hostname="runnervmwhb2z" tests="0" skipped="0" failures="0" errors="0" time="0"/>
  <testsuite name="disc-meanDS" timestamp="2025-10-21T01:41:48Z" hostname="runnervmwhb2z" tests="0" skipped="0" failures="0" errors="0" time="0"/>
  <testsuite name="meanDS::disc::setup" timestamp="2025-10-21T01:41:48Z" hostname="runnervmwhb2z" tests="0" skipped="0" failures="0" errors="0" time="0"/>
  <testsuite name="meanDS::disc::numeric with below nfilter.tab values" timestamp="2025-10-21T01:41:48Z" hostname="runnervmwhb2z" tests="1" skipped="0" failures="0" errors="0" time="0.018">
    <testcase time="0.0180000000000007" classname="meanDS_disc_numeric_with_below_nfilter.tab_values" name="numeric_meanDS_with_below_nfilter.tab_values"/>
  </testsuite>
  <testsuite name="meanDS::disc::shutdown" timestamp="2025-10-21T01:41:48Z" hostname="runnervmwhb2z" tests="0" skipped="0" failures="0" errors="0" time="0"/>
  <testsuite name="meanDS::disc::done" timestamp="2025-10-21T01:41:48Z" hostname="runnervmwhb2z" tests="0" skipped="0" failures="0" errors="0" time="0"/>
  <testsuite name="disc-varDS" timestamp="2025-10-21T01:41:48Z" hostname="runnervmwhb2z" tests="0" skipped="0" failures="0" errors="0" time="0"/>
  <testsuite name="varDS::disc::setup" timestamp="2025-10-21T01:41:48Z" hostname="runnervmwhb2z" tests="0" skipped="0" failures="0" errors="0" time="0"/>
  <testsuite name="varDS::disc::numeric with below nfilter.tab values" timestamp="2025-10-21T01:41:48Z" hostname="runnervmwhb2z" tests="1" skipped="0" failures="0" errors="0" time="0.021">
    <testcase time="0.0209999999999866" classname="varDS_disc_numeric_with_below_nfilter.tab_values" name="numeric_varDS_with_below_nfilter.tab_values"/>
  </testsuite>
  <testsuite name="varDS::disc::shutdown" timestamp="2025-10-21T01:41:48Z" hostname="runnervmwhb2z" tests="0" skipped="0" failures="0" errors="0" time="0"/>
  <testsuite name="varDS::disc::done" timestamp="2025-10-21T01:41:48Z" hostname="runnervmwhb2z" tests="0" skipped="0" failures="0" errors="0" time="0"/>
  <testsuite name="perf-meanDS" timestamp="2025-10-21T01:41:48Z" hostname="runnervmwhb2z" tests="1" skipped="1" failures="0" errors="0" time="0.008">
    <testcase time="0.00800000000000978" classname="perf_meanDS" name="_unnamed_">
      <skipped message="Reason: On CI ('test-perf-meanDS.R:17:1')"/>
    </testcase>
  </testsuite>
  <testsuite name="perf-varDS" timestamp="2025-10-21T01:41:48Z" hostname="runnervmwhb2z" tests="1" skipped="1" failures="0" errors="0" time="0.025">
    <testcase time="0.0249999999999915" classname="perf_varDS" name="_unnamed_">
      <skipped message="Reason: On CI ('test-perf-varDS.R:17:1')"/>
    </testcase>
  </testsuite>
  <testsuite name="smk-absDS" timestamp="2025-10-21T01:41:48Z" hostname="runnervmwhb2z" tests="0" skipped="0" failures="0" errors="0" time="0"/>
  <testsuite name="absDS::smk::setup" timestamp="2025-10-21T01:41:48Z" hostname="runnervmwhb2z" tests="0" skipped="0" failures="0" errors="0" time="0"/>
  <testsuite name="absDS::smk::special" timestamp="2025-10-21T01:41:48Z" hostname="runnervmwhb2z" tests="12" skipped="0" failures="0" errors="0" time="0.047">
    <testcase time="0.0220000000000056" classname="absDS_smk_special" name="simple_absDS_NA"/>
    <testcase time="0.00100000000000477" classname="absDS_smk_special" name="simple_absDS_NA"/>
    <testcase time="0.00300000000000011" classname="absDS_smk_special" name="simple_absDS_NA"/>
    <testcase time="0.00300000000000011" classname="absDS_smk_special" name="simple_absDS_NaN"/>
    <testcase time="0.000999999999990564" classname="absDS_smk_special" name="simple_absDS_NaN"/>
    <testcase time="0.00300000000000011" classname="absDS_smk_special" name="simple_absDS_NaN"/>
    <testcase time="0.00300000000000011" classname="absDS_smk_special" name="simple_absDS_Inf"/>
    <testcase time="0.00100000000000477" classname="absDS_smk_special" name="simple_absDS_Inf"/>
    <testcase time="0.00300000000000011" classname="absDS_smk_special" name="simple_absDS_Inf"/>
    <testcase time="0.00300000000000011" classname="absDS_smk_special" name="simple_absDS_Inf"/>
    <testcase time="0.00100000000000477" classname="absDS_smk_special" name="simple_absDS_Inf"/>
    <testcase time="0.00300000000000011" classname="absDS_smk_special" name="simple_absDS_Inf"/>
  </testsuite>
  <testsuite name="absDS::smk::numeric" timestamp="2025-10-21T01:41:48Z" hostname="runnervmwhb2z" tests="9" skipped="0" failures="0" errors="0" time="0.018">
    <testcase time="0.00399999999999068" classname="absDS_smk_numeric" name="simple_absDS_numeric_0.0"/>
    <testcase time="0.00100000000000477" classname="absDS_smk_numeric" name="simple_absDS_numeric_0.0"/>
    <testcase time="0.00199999999999534" classname="absDS_smk_numeric" name="simple_absDS_numeric_0.0"/>
    <testcase time="0.00300000000000011" classname="absDS_smk_numeric" name="simple_absDS_numeric_10.0"/>
    <testcase time="0.00100000000000477" classname="absDS_smk_numeric" name="simple_absDS_numeric_10.0"/>
    <testcase time="0.00100000000000477" classname="absDS_smk_numeric" name="simple_absDS_numeric_10.0"/>
    <testcase time="0.00399999999999068" classname="absDS_smk_numeric" name="simple_absDS_numeric_10.0"/>
    <testcase time="0.00100000000000477" classname="absDS_smk_numeric" name="simple_absDS_numeric_10.0"/>
    <testcase time="0.00100000000000477" classname="absDS_smk_numeric" name="simple_absDS_numeric_10.0"/>
  </testsuite>
  <testsuite name="absDS::smk::integer" timestamp="2025-10-21T01:41:48Z" hostname="runnervmwhb2z" tests="9" skipped="0" failures="0" errors="0" time="0.018">
    <testcase time="0.00399999999999068" classname="absDS_smk_integer" name="simple_absDS_integer_0L"/>
    <testcase time="0.00200000000000955" classname="absDS_smk_integer" name="simple_absDS_integer_0L"/>
    <testcase time="0.000999999999990564" classname="absDS_smk_integer" name="simple_absDS_integer_0L"/>
    <testcase time="0.00300000000000011" classname="absDS_smk_integer" name="simple_absDS_integer_10L"/>
    <testcase time="0.00100000000000477" classname="absDS_smk_integer" name="simple_absDS_integer_10L"/>
    <testcase time="0.00100000000000477" classname="absDS_smk_integer" name="simple_absDS_integer_10L"/>
    <testcase time="0.00300000000000011" classname="absDS_smk_integer" name="simple_absDS_integer_10L"/>
    <testcase time="0.00199999999999534" classname="absDS_smk_integer" name="simple_absDS_integer_10L"/>
    <testcase time="0.00100000000000477" classname="absDS_smk_integer" name="simple_absDS_integer_10L"/>
  </testsuite>
  <testsuite name="absDS::smk::special vector" timestamp="2025-10-21T01:41:49Z" hostname="runnervmwhb2z" tests="6" skipped="0" failures="0" errors="0" time="0.016">
    <testcase time="0.00399999999999068" classname="absDS_smk_special_vector" name="simple_absDS"/>
    <testcase time="0.00100000000000477" classname="absDS_smk_special_vector" name="simple_absDS"/>
    <testcase time="0.00300000000000011" classname="absDS_smk_special_vector" name="simple_absDS"/>
    <testcase time="0.00300000000000011" classname="absDS_smk_special_vector" name="simple_absDS"/>
    <testcase time="0.00199999999999534" classname="absDS_smk_special_vector" name="simple_absDS"/>
    <testcase time="0.00300000000000011" classname="absDS_smk_special_vector" name="simple_absDS"/>
  </testsuite>
  <testsuite name="absDS::smk::numeric vector" timestamp="2025-10-21T01:41:49Z" hostname="runnervmwhb2z" tests="8" skipped="0" failures="0" errors="0" time="0.013">
    <testcase time="0.00400000000000489" classname="absDS_smk_numeric_vector" name="simple_absDS"/>
    <testcase time="0.000999999999990564" classname="absDS_smk_numeric_vector" name="simple_absDS"/>
    <testcase time="0.00200000000000955" classname="absDS_smk_numeric_vector" name="simple_absDS"/>
    <testcase time="0.000999999999990564" classname="absDS_smk_numeric_vector" name="simple_absDS"/>
    <testcase time="0.00100000000000477" classname="absDS_smk_numeric_vector" name="simple_absDS"/>
    <testcase time="0.00100000000000477" classname="absDS_smk_numeric_vector" name="simple_absDS"/>
    <testcase time="0.00199999999999534" classname="absDS_smk_numeric_vector" name="simple_absDS"/>
    <testcase time="0.00100000000000477" classname="absDS_smk_numeric_vector" name="simple_absDS"/>
  </testsuite>
  <testsuite name="absDS::smk::integer vector" timestamp="2025-10-21T01:41:49Z" hostname="runnervmwhb2z" tests="8" skipped="0" failures="0" errors="0" time="0.013">
    <testcase time="0.00499999999999545" classname="absDS_smk_integer_vector" name="simple_absDS"/>
    <testcase time="0.00100000000000477" classname="absDS_smk_integer_vector" name="simple_absDS"/>
    <testcase time="0.000999999999990564" classname="absDS_smk_integer_vector" name="simple_absDS"/>
    <testcase time="0.00100000000000477" classname="absDS_smk_integer_vector" name="simple_absDS"/>
    <testcase time="0.00199999999999534" classname="absDS_smk_integer_vector" name="simple_absDS"/>
    <testcase time="0.00100000000000477" classname="absDS_smk_integer_vector" name="simple_absDS"/>
    <testcase time="0.00100000000000477" classname="absDS_smk_integer_vector" name="simple_absDS"/>
    <testcase time="0.000999999999990564" classname="absDS_smk_integer_vector" name="simple_absDS"/>
  </testsuite>
  <testsuite name="absDS::smk::shutdown" timestamp="2025-10-21T01:41:49Z" hostname="runnervmwhb2z" tests="0" skipped="0" failures="0" errors="0" time="0"/>
  <testsuite name="absDS::smk::done" timestamp="2025-10-21T01:41:49Z" hostname="runnervmwhb2z" tests="0" skipped="0" failures="0" errors="0" time="0"/>
  <testsuite name="smk-asCharacterDS" timestamp="2025-10-21T01:41:49Z" hostname="runnervmwhb2z" tests="0" skipped="0" failures="0" errors="0" time="0"/>
  <testsuite name="asCharacterDS::smk::setup" timestamp="2025-10-21T01:41:49Z" hostname="runnervmwhb2z" tests="0" skipped="0" failures="0" errors="0" time="0"/>
  <testsuite name="asCharacterDS::smk::numeric" timestamp="2025-10-21T01:41:49Z" hostname="runnervmwhb2z" tests="3" skipped="0" failures="0" errors="0" time="0.021">
    <testcase time="0.0180000000000007" classname="asCharacterDS_smk_numeric" name="numeric_asCharacterDS"/>
    <testcase time="0.00200000000000955" classname="asCharacterDS_smk_numeric" name="numeric_asCharacterDS"/>
    <testcase time="0.000999999999990564" classname="asCharacterDS_smk_numeric" name="numeric_asCharacterDS"/>
  </testsuite>
  <testsuite name="asCharacterDS::smk::numeric vector" timestamp="2025-10-21T01:41:49Z" hostname="runnervmwhb2z" tests="7" skipped="0" failures="0" errors="0" time="0.012">
    <testcase time="0.00400000000000489" classname="asCharacterDS_smk_numeric_vector" name="numeric_vector_asCharacterDS"/>
    <testcase time="0.00199999999999534" classname="asCharacterDS_smk_numeric_vector" name="numeric_vector_asCharacterDS"/>
    <testcase time="0.00100000000000477" classname="asCharacterDS_smk_numeric_vector" name="numeric_vector_asCharacterDS"/>
    <testcase time="0.00100000000000477" classname="asCharacterDS_smk_numeric_vector" name="numeric_vector_asCharacterDS"/>
    <testcase time="0.000999999999990564" classname="asCharacterDS_smk_numeric_vector" name="numeric_vector_asCharacterDS"/>
    <testcase time="0.00200000000000955" classname="asCharacterDS_smk_numeric_vector" name="numeric_vector_asCharacterDS"/>
    <testcase time="0.000999999999990564" classname="asCharacterDS_smk_numeric_vector" name="numeric_vector_asCharacterDS"/>
  </testsuite>
  <testsuite name="asCharacterDS::smk::logical" timestamp="2025-10-21T01:41:49Z" hostname="runnervmwhb2z" tests="6" skipped="0" failures="0" errors="0" time="0.012">
    <testcase time="0.00400000000000489" classname="asCharacterDS_smk_logical" name="logical_asCharacterDS_FALSE"/>
    <testcase time="0.00100000000000477" classname="asCharacterDS_smk_logical" name="logical_asCharacterDS_FALSE"/>
    <testcase time="0.00199999999999534" classname="asCharacterDS_smk_logical" name="logical_asCharacterDS_FALSE"/>
    <testcase time="0.00300000000000011" classname="asCharacterDS_smk_logical" name="logical_asCharacterDS_TRUE"/>
    <testcase time="0.00100000000000477" classname="asCharacterDS_smk_logical" name="logical_asCharacterDS_TRUE"/>
    <testcase time="0.000999999999990564" classname="asCharacterDS_smk_logical" name="logical_asCharacterDS_TRUE"/>
  </testsuite>
  <testsuite name="asCharacterDS::smk::logical vector" timestamp="2025-10-21T01:41:49Z" hostname="runnervmwhb2z" tests="7" skipped="0" failures="0" errors="0" time="0.012">
    <testcase time="0.00400000000000489" classname="asCharacterDS_smk_logical_vector" name="logical_vector_asCharacterDS"/>
    <testcase time="0.00199999999999534" classname="asCharacterDS_smk_logical_vector" name="logical_vector_asCharacterDS"/>
    <testcase time="0.00100000000000477" classname="asCharacterDS_smk_logical_vector" name="logical_vector_asCharacterDS"/>
    <testcase time="0.00100000000000477" classname="asCharacterDS_smk_logical_vector" name="logical_vector_asCharacterDS"/>
    <testcase time="0.000999999999990564" classname="asCharacterDS_smk_logical_vector" name="logical_vector_asCharacterDS"/>
    <testcase time="0.00100000000000477" classname="asCharacterDS_smk_logical_vector" name="logical_vector_asCharacterDS"/>
    <testcase time="0.00199999999999534" classname="asCharacterDS_smk_logical_vector" name="logical_vector_asCharacterDS"/>
  </testsuite>
  <testsuite name="asCharacterDS::smk::shutdown" timestamp="2025-10-21T01:41:49Z" hostname="runnervmwhb2z" tests="0" skipped="0" failures="0" errors="0" time="0"/>
  <testsuite name="asCharacterDS::smk::done" timestamp="2025-10-21T01:41:49Z" hostname="runnervmwhb2z" tests="0" skipped="0" failures="0" errors="0" time="0"/>
  <testsuite name="smk-asDataMatrixDS" timestamp="2025-10-21T01:41:49Z" hostname="runnervmwhb2z" tests="0" skipped="0" failures="0" errors="0" time="0"/>
  <testsuite name="asDataMatrixDS::smk::setup" timestamp="2025-10-21T01:41:49Z" hostname="runnervmwhb2z" tests="0" skipped="0" failures="0" errors="0" time="0"/>
  <testsuite name="asDataMatrixDS::smk::simple" timestamp="2025-10-21T01:41:49Z" hostname="runnervmwhb2z" tests="17" skipped="0" failures="0" errors="0" time="0.033">
    <testcase time="0.0100000000000051" classname="asDataMatrixDS_smk_simple" name="simple_asDataMatrixDS"/>
    <testcase time="0.00300000000000011" classname="asDataMatrixDS_smk_simple" name="simple_asDataMatrixDS"/>
    <testcase time="0.00199999999999534" classname="asDataMatrixDS_smk_simple" name="simple_asDataMatrixDS"/>
    <testcase time="0.00200000000000955" classname="asDataMatrixDS_smk_simple" name="simple_asDataMatrixDS"/>
    <testcase time="0.000999999999990564" classname="asDataMatrixDS_smk_simple" name="simple_asDataMatrixDS"/>
    <testcase time="0.00100000000000477" classname="asDataMatrixDS_smk_simple" name="simple_asDataMatrixDS"/>
    <testcase time="0.00100000000000477" classname="asDataMatrixDS_smk_simple" name="simple_asDataMatrixDS"/>
    <testcase time="0.00199999999999534" classname="asDataMatrixDS_smk_simple" name="simple_asDataMatrixDS"/>
    <testcase time="0.00100000000000477" classname="asDataMatrixDS_smk_simple" name="simple_asDataMatrixDS"/>
    <testcase time="0.000999999999990564" classname="asDataMatrixDS_smk_simple" name="simple_asDataMatrixDS"/>
    <testcase time="0.00100000000000477" classname="asDataMatrixDS_smk_simple" name="simple_asDataMatrixDS"/>
    <testcase time="0.00199999999999534" classname="asDataMatrixDS_smk_simple" name="simple_asDataMatrixDS"/>
    <testcase time="0.00100000000000477" classname="asDataMatrixDS_smk_simple" name="simple_asDataMatrixDS"/>
    <testcase time="0.00100000000000477" classname="asDataMatrixDS_smk_simple" name="simple_asDataMatrixDS"/>
    <testcase time="0.000999999999990564" classname="asDataMatrixDS_smk_simple" name="simple_asDataMatrixDS"/>
    <testcase time="0.00200000000000955" classname="asDataMatrixDS_smk_simple" name="simple_asDataMatrixDS"/>
    <testcase time="0.000999999999990564" classname="asDataMatrixDS_smk_simple" name="simple_asDataMatrixDS"/>
  </testsuite>
  <testsuite name="asDataMatrixDS::smk::shutdown" timestamp="2025-10-21T01:41:49Z" hostname="runnervmwhb2z" tests="0" skipped="0" failures="0" errors="0" time="0"/>
  <testsuite name="asDataMatrixDS::smk::done" timestamp="2025-10-21T01:41:49Z" hostname="runnervmwhb2z" tests="0" skipped="0" failures="0" errors="0" time="0"/>
  <testsuite name="smk-asFactorDS1" timestamp="2025-10-21T01:41:49Z" hostname="runnervmwhb2z" tests="0" skipped="0" failures="0" errors="0" time="0"/>
  <testsuite name="asFactorDS1::smk::setup" timestamp="2025-10-21T01:41:49Z" hostname="runnervmwhb2z" tests="0" skipped="0" failures="0" errors="0" time="0"/>
  <testsuite name="asFactorDS1::smk::simple" timestamp="2025-10-21T01:41:49Z" hostname="runnervmwhb2z" tests="5" skipped="0" failures="0" errors="0" time="0.015">
    <testcase time="0.0100000000000051" classname="asFactorDS1_smk_simple" name="simple_asFactorDS1"/>
    <testcase time="0.000999999999990564" classname="asFactorDS1_smk_simple" name="simple_asFactorDS1"/>
    <testcase time="0.00200000000000955" classname="asFactorDS1_smk_simple" name="simple_asFactorDS1"/>
    <testcase time="0.000999999999990564" classname="asFactorDS1_smk_simple" name="simple_asFactorDS1"/>
    <testcase time="0.00100000000000477" classname="asFactorDS1_smk_simple" name="simple_asFactorDS1"/>
  </testsuite>
  <testsuite name="asFactorDS1::smk::shutdown" timestamp="2025-10-21T01:41:49Z" hostname="runnervmwhb2z" tests="0" skipped="0" failures="0" errors="0" time="0"/>
  <testsuite name="asFactorDS1::smk::done" timestamp="2025-10-21T01:41:49Z" hostname="runnervmwhb2z" tests="0" skipped="0" failures="0" errors="0" time="0"/>
  <testsuite name="smk-asFactorDS2" timestamp="2025-10-21T01:41:49Z" hostname="runnervmwhb2z" tests="0" skipped="0" failures="0" errors="0" time="0"/>
  <testsuite name="asFactorDS2::smk::setup" timestamp="2025-10-21T01:41:49Z" hostname="runnervmwhb2z" tests="0" skipped="0" failures="0" errors="0" time="0"/>
  <testsuite name="asFactorDS2::smk::simple" timestamp="2025-10-21T01:41:49Z" hostname="runnervmwhb2z" tests="47" skipped="0" failures="0" errors="0" time="0.082">
    <testcase time="0.0100000000000051" classname="asFactorDS2_smk_simple" name="simple_asFactorDS2_fixed.dummy.vars_is_FALSE"/>
    <testcase time="0.000999999999990564" classname="asFactorDS2_smk_simple" name="simple_asFactorDS2_fixed.dummy.vars_is_FALSE"/>
    <testcase time="0.00200000000000955" classname="asFactorDS2_smk_simple" name="simple_asFactorDS2_fixed.dummy.vars_is_FALSE"/>
    <testcase time="0.000999999999990564" classname="asFactorDS2_smk_simple" name="simple_asFactorDS2_fixed.dummy.vars_is_FALSE"/>
    <testcase time="0.00100000000000477" classname="asFactorDS2_smk_simple" name="simple_asFactorDS2_fixed.dummy.vars_is_FALSE"/>
    <testcase time="0.00100000000000477" classname="asFactorDS2_smk_simple" name="simple_asFactorDS2_fixed.dummy.vars_is_FALSE"/>
    <testcase time="0.000999999999990564" classname="asFactorDS2_smk_simple" name="simple_asFactorDS2_fixed.dummy.vars_is_FALSE"/>
    <testcase time="0.00200000000000955" classname="asFactorDS2_smk_simple" name="simple_asFactorDS2_fixed.dummy.vars_is_FALSE"/>
    <testcase time="0.00300000000000011" classname="asFactorDS2_smk_simple" name="simple_asFactorDS2_fixed.dummy.vars_is_TRUE"/>
    <testcase time="0.000999999999990564" classname="asFactorDS2_smk_simple" name="simple_asFactorDS2_fixed.dummy.vars_is_TRUE"/>
    <testcase time="0.00300000000000011" classname="asFactorDS2_smk_simple" name="simple_asFactorDS2_fixed.dummy.vars_is_TRUE"/>
    <testcase time="0.00200000000000955" classname="asFactorDS2_smk_simple" name="simple_asFactorDS2_fixed.dummy.vars_is_TRUE"/>
    <testcase time="0.00199999999999534" classname="asFactorDS2_smk_simple" name="simple_asFactorDS2_fixed.dummy.vars_is_TRUE"/>
    <testcase time="0.00100000000000477" classname="asFactorDS2_smk_simple" name="simple_asFactorDS2_fixed.dummy.vars_is_TRUE"/>
    <testcase time="0.000999999999990564" classname="asFactorDS2_smk_simple" name="simple_asFactorDS2_fixed.dummy.vars_is_TRUE"/>
    <testcase time="0.00200000000000955" classname="asFactorDS2_smk_simple" name="simple_asFactorDS2_fixed.dummy.vars_is_TRUE"/>
    <testcase time="0.000999999999990564" classname="asFactorDS2_smk_simple" name="simple_asFactorDS2_fixed.dummy.vars_is_TRUE"/>
    <testcase time="0.00100000000000477" classname="asFactorDS2_smk_simple" name="simple_asFactorDS2_fixed.dummy.vars_is_TRUE"/>
    <testcase time="0.00100000000000477" classname="asFactorDS2_smk_simple" name="simple_asFactorDS2_fixed.dummy.vars_is_TRUE"/>
    <testcase time="0.00199999999999534" classname="asFactorDS2_smk_simple" name="simple_asFactorDS2_fixed.dummy.vars_is_TRUE"/>
    <testcase time="0.00100000000000477" classname="asFactorDS2_smk_simple" name="simple_asFactorDS2_fixed.dummy.vars_is_TRUE"/>
    <testcase time="0.000999999999990564" classname="asFactorDS2_smk_simple" name="simple_asFactorDS2_fixed.dummy.vars_is_TRUE"/>
    <testcase time="0.00200000000000955" classname="asFactorDS2_smk_simple" name="simple_asFactorDS2_fixed.dummy.vars_is_TRUE"/>
    <testcase time="0.000999999999990564" classname="asFactorDS2_smk_simple" name="simple_asFactorDS2_fixed.dummy.vars_is_TRUE"/>
    <testcase time="0.00100000000000477" classname="asFactorDS2_smk_simple" name="simple_asFactorDS2_fixed.dummy.vars_is_TRUE"/>
    <testcase time="0.00199999999999534" classname="asFactorDS2_smk_simple" name="simple_asFactorDS2_fixed.dummy.vars_is_TRUE"/>
    <testcase time="0.00100000000000477" classname="asFactorDS2_smk_simple" name="simple_asFactorDS2_fixed.dummy.vars_is_TRUE"/>
    <testcase time="0.00100000000000477" classname="asFactorDS2_smk_simple" name="simple_asFactorDS2_fixed.dummy.vars_is_TRUE"/>
    <testcase time="0.00199999999999534" classname="asFactorDS2_smk_simple" name="simple_asFactorDS2_fixed.dummy.vars_is_TRUE"/>
    <testcase time="0.00100000000000477" classname="asFactorDS2_smk_simple" name="simple_asFactorDS2_fixed.dummy.vars_is_TRUE"/>
    <testcase time="0.000999999999990564" classname="asFactorDS2_smk_simple" name="simple_asFactorDS2_fixed.dummy.vars_is_TRUE"/>
    <testcase time="0.00200000000000955" classname="asFactorDS2_smk_simple" name="simple_asFactorDS2_fixed.dummy.vars_is_TRUE"/>
    <testcase time="0.000999999999990564" classname="asFactorDS2_smk_simple" name="simple_asFactorDS2_fixed.dummy.vars_is_TRUE"/>
    <testcase time="0.00100000000000477" classname="asFactorDS2_smk_simple" name="simple_asFactorDS2_fixed.dummy.vars_is_TRUE"/>
    <testcase time="0.00199999999999534" classname="asFactorDS2_smk_simple" name="simple_asFactorDS2_fixed.dummy.vars_is_TRUE"/>
    <testcase time="0.00100000000000477" classname="asFactorDS2_smk_simple" name="simple_asFactorDS2_fixed.dummy.vars_is_TRUE"/>
    <testcase time="0.00100000000000477" classname="asFactorDS2_smk_simple" name="simple_asFactorDS2_fixed.dummy.vars_is_TRUE"/>
    <testcase time="0.00100000000000477" classname="asFactorDS2_smk_simple" name="simple_asFactorDS2_fixed.dummy.vars_is_TRUE"/>
    <testcase time="0.00100000000000477" classname="asFactorDS2_smk_simple" name="simple_asFactorDS2_fixed.dummy.vars_is_TRUE"/>
    <testcase time="0.00199999999999534" classname="asFactorDS2_smk_simple" name="simple_asFactorDS2_fixed.dummy.vars_is_TRUE"/>
    <testcase time="0.00100000000000477" classname="asFactorDS2_smk_simple" name="simple_asFactorDS2_fixed.dummy.vars_is_TRUE"/>
    <testcase time="0.000999999999990564" classname="asFactorDS2_smk_simple" name="simple_asFactorDS2_fixed.dummy.vars_is_TRUE"/>
    <testcase time="0.00200000000000955" classname="asFactorDS2_smk_simple" name="simple_asFactorDS2_fixed.dummy.vars_is_TRUE"/>
    <testcase time="0.000999999999990564" classname="asFactorDS2_smk_simple" name="simple_asFactorDS2_fixed.dummy.vars_is_TRUE"/>
    <testcase time="0.00900000000000034" classname="asFactorDS2_smk_simple" name="simple_asFactorDS2_fixed.dummy.vars_is_TRUE"/>
    <testcase time="0.00100000000000477" classname="asFactorDS2_smk_simple" name="simple_asFactorDS2_fixed.dummy.vars_is_TRUE"/>
    <testcase time="0.00199999999999534" classname="asFactorDS2_smk_simple" name="simple_asFactorDS2_fixed.dummy.vars_is_TRUE"/>
  </testsuite>
  <testsuite name="asFactorDS2::smk::shutdown" timestamp="2025-10-21T01:41:49Z" hostname="runnervmwhb2z" tests="0" skipped="0" failures="0" errors="0" time="0"/>
  <testsuite name="asFactorDS2::smk::done" timestamp="2025-10-21T01:41:49Z" hostname="runnervmwhb2z" tests="0" skipped="0" failures="0" errors="0" time="0"/>
  <testsuite name="smk-asFactorSimpleDS" timestamp="2025-10-21T01:41:49Z" hostname="runnervmwhb2z" tests="0" skipped="0" failures="0" errors="0" time="0"/>
  <testsuite name="asFactorSimpleDS::smk::setup" timestamp="2025-10-21T01:41:49Z" hostname="runnervmwhb2z" tests="0" skipped="0" failures="0" errors="0" time="0"/>
  <testsuite name="asFactorSimpleDS::smk::simple" timestamp="2025-10-21T01:41:49Z" hostname="runnervmwhb2z" tests="17" skipped="0" failures="0" errors="0" time="0.047">
    <testcase time="0.0120000000000005" classname="asFactorSimpleDS_smk_simple" name="simple_asFactorSimpleDS"/>
    <testcase time="0.00100000000000477" classname="asFactorSimpleDS_smk_simple" name="simple_asFactorSimpleDS"/>
    <testcase time="0.00300000000000011" classname="asFactorSimpleDS_smk_simple" name="simple_asFactorSimpleDS"/>
    <testcase time="0.00300000000000011" classname="asFactorSimpleDS_smk_simple" name="simple_asFactorSimpleDS"/>
    <testcase time="0.00300000000000011" classname="asFactorSimpleDS_smk_simple" name="simple_asFactorSimpleDS"/>
    <testcase time="0.00199999999999534" classname="asFactorSimpleDS_smk_simple" name="simple_asFactorSimpleDS"/>
    <testcase time="0.00300000000000011" classname="asFactorSimpleDS_smk_simple" name="simple_asFactorSimpleDS"/>
    <testcase time="0.00300000000000011" classname="asFactorSimpleDS_smk_simple" name="simple_asFactorSimpleDS"/>
    <testcase time="0.00199999999999534" classname="asFactorSimpleDS_smk_simple" name="simple_asFactorSimpleDS"/>
    <testcase time="0.00300000000000011" classname="asFactorSimpleDS_smk_simple" name="simple_asFactorSimpleDS"/>
    <testcase time="0.00300000000000011" classname="asFactorSimpleDS_smk_simple" name="simple_asFactorSimpleDS"/>
    <testcase time="0.00200000000000955" classname="asFactorSimpleDS_smk_simple" name="simple_asFactorSimpleDS"/>
    <testcase time="0.00199999999999534" classname="asFactorSimpleDS_smk_simple" name="simple_asFactorSimpleDS"/>
    <testcase time="0.00100000000000477" classname="asFactorSimpleDS_smk_simple" name="simple_asFactorSimpleDS"/>
    <testcase time="0.000999999999990564" classname="asFactorSimpleDS_smk_simple" name="simple_asFactorSimpleDS"/>
    <testcase time="0.00100000000000477" classname="asFactorSimpleDS_smk_simple" name="simple_asFactorSimpleDS"/>
    <testcase time="0.00199999999999534" classname="asFactorSimpleDS_smk_simple" name="simple_asFactorSimpleDS"/>
  </testsuite>
  <testsuite name="asFactorSimpleDS::smk::shutdown" timestamp="2025-10-21T01:41:49Z" hostname="runnervmwhb2z" tests="0" skipped="0" failures="0" errors="0" time="0"/>
  <testsuite name="asFactorSimpleDS::smk::done" timestamp="2025-10-21T01:41:49Z" hostname="runnervmwhb2z" tests="0" skipped="0" failures="0" errors="0" time="0"/>
  <testsuite name="smk-asIntegerDS" timestamp="2025-10-21T01:41:49Z" hostname="runnervmwhb2z" tests="0" skipped="0" failures="0" errors="0" time="0"/>
  <testsuite name="asIntegerDS::smk::setup" timestamp="2025-10-21T01:41:49Z" hostname="runnervmwhb2z" tests="0" skipped="0" failures="0" errors="0" time="0"/>
  <testsuite name="asIntegerDS::smk::numeric" timestamp="2025-10-21T01:41:49Z" hostname="runnervmwhb2z" tests="3" skipped="0" failures="0" errors="0" time="0.013">
    <testcase time="0.0110000000000099" classname="asIntegerDS_smk_numeric" name="numeric_asIntegerDS"/>
    <testcase time="0.000999999999990564" classname="asIntegerDS_smk_numeric" name="numeric_asIntegerDS"/>
    <testcase time="0.00100000000000477" classname="asIntegerDS_smk_numeric" name="numeric_asIntegerDS"/>
  </testsuite>
  <testsuite name="asIntegerDS::smk::numeric vector" timestamp="2025-10-21T01:41:49Z" hostname="runnervmwhb2z" tests="7" skipped="0" failures="0" errors="0" time="0.012">
    <testcase time="0.00499999999999545" classname="asIntegerDS_smk_numeric_vector" name="numeric_vector_asIntegerDS"/>
    <testcase time="0.00100000000000477" classname="asIntegerDS_smk_numeric_vector" name="numeric_vector_asIntegerDS"/>
    <testcase time="0.00100000000000477" classname="asIntegerDS_smk_numeric_vector" name="numeric_vector_asIntegerDS"/>
    <testcase time="0.000999999999990564" classname="asIntegerDS_smk_numeric_vector" name="numeric_vector_asIntegerDS"/>
    <testcase time="0.00200000000000955" classname="asIntegerDS_smk_numeric_vector" name="numeric_vector_asIntegerDS"/>
    <testcase time="0.000999999999990564" classname="asIntegerDS_smk_numeric_vector" name="numeric_vector_asIntegerDS"/>
    <testcase time="0.00100000000000477" classname="asIntegerDS_smk_numeric_vector" name="numeric_vector_asIntegerDS"/>
  </testsuite>
  <testsuite name="asIntegerDS::smk::character" timestamp="2025-10-21T01:41:49Z" hostname="runnervmwhb2z" tests="3" skipped="0" failures="0" errors="0" time="0.007">
    <testcase time="0.00499999999999545" classname="asIntegerDS_smk_character" name="character_asIntegerDS_FALSE"/>
    <testcase time="0.00100000000000477" classname="asIntegerDS_smk_character" name="character_asIntegerDS_FALSE"/>
    <testcase time="0.00100000000000477" classname="asIntegerDS_smk_character" name="character_asIntegerDS_FALSE"/>
  </testsuite>
  <testsuite name="asIntegerDS::smk::character vector" timestamp="2025-10-21T01:41:49Z" hostname="runnervmwhb2z" tests="7" skipped="0" failures="0" errors="0" time="0.012">
    <testcase time="0.00399999999999068" classname="asIntegerDS_smk_character_vector" name="character_vector_asIntegerDS"/>
    <testcase time="0.00200000000000955" classname="asIntegerDS_smk_character_vector" name="character_vector_asIntegerDS"/>
    <testcase time="0.000999999999990564" classname="asIntegerDS_smk_character_vector" name="character_vector_asIntegerDS"/>
    <testcase time="0.00100000000000477" classname="asIntegerDS_smk_character_vector" name="character_vector_asIntegerDS"/>
    <testcase time="0.00199999999999534" classname="asIntegerDS_smk_character_vector" name="character_vector_asIntegerDS"/>
    <testcase time="0.00100000000000477" classname="asIntegerDS_smk_character_vector" name="character_vector_asIntegerDS"/>
    <testcase time="0.00100000000000477" classname="asIntegerDS_smk_character_vector" name="character_vector_asIntegerDS"/>
  </testsuite>
  <testsuite name="asIntegerDS::smk::shutdown" timestamp="2025-10-21T01:41:49Z" hostname="runnervmwhb2z" tests="0" skipped="0" failures="0" errors="0" time="0"/>
  <testsuite name="asIntegerDS::smk::done" timestamp="2025-10-21T01:41:49Z" hostname="runnervmwhb2z" tests="0" skipped="0" failures="0" errors="0" time="0"/>
  <testsuite name="smk-asListDS" timestamp="2025-10-21T01:41:49Z" hostname="runnervmwhb2z" tests="0" skipped="0" failures="0" errors="0" time="0"/>
  <testsuite name="asListDS::smk::setup" timestamp="2025-10-21T01:41:49Z" hostname="runnervmwhb2z" tests="0" skipped="0" failures="0" errors="0" time="0"/>
  <testsuite name="asListDS::smk::simple" timestamp="2025-10-21T01:41:49Z" hostname="runnervmwhb2z" tests="8" skipped="0" failures="0" errors="0" time="0.022">
    <testcase time="0.0120000000000005" classname="asListDS_smk_simple" name="simple_asListDS"/>
    <testcase time="0.00300000000000011" classname="asListDS_smk_simple" name="simple_asListDS"/>
    <testcase time="0.000999999999990564" classname="asListDS_smk_simple" name="simple_asListDS"/>
    <testcase time="0.00100000000000477" classname="asListDS_smk_simple" name="simple_asListDS"/>
    <testcase time="0.00100000000000477" classname="asListDS_smk_simple" name="simple_asListDS"/>
    <testcase time="0.00199999999999534" classname="asListDS_smk_simple" name="simple_asListDS"/>
    <testcase time="0.00100000000000477" classname="asListDS_smk_simple" name="simple_asListDS"/>
    <testcase time="0.000999999999990564" classname="asListDS_smk_simple" name="simple_asListDS"/>
  </testsuite>
  <testsuite name="asListDS::smk::shutdown" timestamp="2025-10-21T01:41:49Z" hostname="runnervmwhb2z" tests="0" skipped="0" failures="0" errors="0" time="0"/>
  <testsuite name="asListDS::smk::done" timestamp="2025-10-21T01:41:49Z" hostname="runnervmwhb2z" tests="0" skipped="0" failures="0" errors="0" time="0"/>
  <testsuite name="smk-asLogicalDS" timestamp="2025-10-21T01:41:49Z" hostname="runnervmwhb2z" tests="0" skipped="0" failures="0" errors="0" time="0"/>
  <testsuite name="asLogicalDS::smk::setup" timestamp="2025-10-21T01:41:49Z" hostname="runnervmwhb2z" tests="0" skipped="0" failures="0" errors="0" time="0"/>
  <testsuite name="asLogicalDS::smk::integer" timestamp="2025-10-21T01:41:49Z" hostname="runnervmwhb2z" tests="6" skipped="0" failures="0" errors="0" time="0.019">
    <testcase time="0.0110000000000099" classname="asLogicalDS_smk_integer" name="simple_asLogicalDS_integer_FALSE"/>
    <testcase time="0.000999999999990564" classname="asLogicalDS_smk_integer" name="simple_asLogicalDS_integer_FALSE"/>
    <testcase time="0.00200000000000955" classname="asLogicalDS_smk_integer" name="simple_asLogicalDS_integer_FALSE"/>
    <testcase time="0.00300000000000011" classname="asLogicalDS_smk_integer" name="simple_asLogicalDS_integer_TRUE"/>
    <testcase time="0.000999999999990564" classname="asLogicalDS_smk_integer" name="simple_asLogicalDS_integer_TRUE"/>
    <testcase time="0.00100000000000477" classname="asLogicalDS_smk_integer" name="simple_asLogicalDS_integer_TRUE"/>
  </testsuite>
  <testsuite name="asLogicalDS::smk::integer vector" timestamp="2025-10-21T01:41:49Z" hostname="runnervmwhb2z" tests="7" skipped="0" failures="0" errors="0" time="0.012">
    <testcase time="0.00499999999999545" classname="asLogicalDS_smk_integer_vector" name="simple_asLogicalDS_integer_vector"/>
    <testcase time="0.00100000000000477" classname="asLogicalDS_smk_integer_vector" name="simple_asLogicalDS_integer_vector"/>
    <testcase time="0.00100000000000477" classname="asLogicalDS_smk_integer_vector" name="simple_asLogicalDS_integer_vector"/>
    <testcase time="0.000999999999990564" classname="asLogicalDS_smk_integer_vector" name="simple_asLogicalDS_integer_vector"/>
    <testcase time="0.00200000000000955" classname="asLogicalDS_smk_integer_vector" name="simple_asLogicalDS_integer_vector"/>
    <testcase time="0.000999999999990564" classname="asLogicalDS_smk_integer_vector" name="simple_asLogicalDS_integer_vector"/>
    <testcase time="0.00100000000000477" classname="asLogicalDS_smk_integer_vector" name="simple_asLogicalDS_integer_vector"/>
  </testsuite>
  <testsuite name="asLogicalDS::smk::numeric" timestamp="2025-10-21T01:41:49Z" hostname="runnervmwhb2z" tests="6" skipped="0" failures="0" errors="0" time="0.013">
    <testcase time="0.00400000000000489" classname="asLogicalDS_smk_numeric" name="simple_asLogicalDS_numeric_FALSE"/>
    <testcase time="0.00199999999999534" classname="asLogicalDS_smk_numeric" name="simple_asLogicalDS_numeric_FALSE"/>
    <testcase time="0.00100000000000477" classname="asLogicalDS_smk_numeric" name="simple_asLogicalDS_numeric_FALSE"/>
    <testcase time="0.0029999999999859" classname="asLogicalDS_smk_numeric" name="simple_asLogicalDS_numeric_TRUE"/>
    <testcase time="0.00200000000000955" classname="asLogicalDS_smk_numeric" name="simple_asLogicalDS_numeric_TRUE"/>
    <testcase time="0.000999999999990564" classname="asLogicalDS_smk_numeric" name="simple_asLogicalDS_numeric_TRUE"/>
  </testsuite>
  <testsuite name="asLogicalDS::smk::numeric vector" timestamp="2025-10-21T01:41:49Z" hostname="runnervmwhb2z" tests="7" skipped="0" failures="0" errors="0" time="0.013">
    <testcase time="0.00500000000000966" classname="asLogicalDS_smk_numeric_vector" name="simple_asLogicalDS_numeric_vector"/>
    <testcase time="0.000999999999990564" classname="asLogicalDS_smk_numeric_vector" name="simple_asLogicalDS_numeric_vector"/>
    <testcase time="0.00200000000000955" classname="asLogicalDS_smk_numeric_vector" name="simple_asLogicalDS_numeric_vector"/>
    <testcase time="0.000999999999990564" classname="asLogicalDS_smk_numeric_vector" name="simple_asLogicalDS_numeric_vector"/>
    <testcase time="0.00100000000000477" classname="asLogicalDS_smk_numeric_vector" name="simple_asLogicalDS_numeric_vector"/>
    <testcase time="0.00100000000000477" classname="asLogicalDS_smk_numeric_vector" name="simple_asLogicalDS_numeric_vector"/>
    <testcase time="0.00199999999999534" classname="asLogicalDS_smk_numeric_vector" name="simple_asLogicalDS_numeric_vector"/>
  </testsuite>
  <testsuite name="asLogicalDS::smk::character" timestamp="2025-10-21T01:41:49Z" hostname="runnervmwhb2z" tests="26" skipped="0" failures="0" errors="0" time="0.058">
    <testcase time="0.0130000000000052" classname="asLogicalDS_smk_character" name="simple_asLogicalDS_character_FALSE"/>
    <testcase time="0.000999999999990564" classname="asLogicalDS_smk_character" name="simple_asLogicalDS_character_FALSE"/>
    <testcase time="0.00100000000000477" classname="asLogicalDS_smk_character" name="simple_asLogicalDS_character_FALSE"/>
    <testcase time="0.00400000000000489" classname="asLogicalDS_smk_character" name="simple_asLogicalDS_character_FALSE"/>
    <testcase time="0.00199999999999534" classname="asLogicalDS_smk_character" name="simple_asLogicalDS_character_FALSE"/>
    <testcase time="0.00100000000000477" classname="asLogicalDS_smk_character" name="simple_asLogicalDS_character_FALSE"/>
    <testcase time="0.00300000000000011" classname="asLogicalDS_smk_character" name="simple_asLogicalDS_character_FALSE"/>
    <testcase time="0.00199999999999534" classname="asLogicalDS_smk_character" name="simple_asLogicalDS_character_FALSE"/>
    <testcase time="0.00100000000000477" classname="asLogicalDS_smk_character" name="simple_asLogicalDS_character_FALSE"/>
    <testcase time="0.00300000000000011" classname="asLogicalDS_smk_character" name="simple_asLogicalDS_character_TRUE"/>
    <testcase time="0.00199999999999534" classname="asLogicalDS_smk_character" name="simple_asLogicalDS_character_TRUE"/>
    <testcase time="0.00100000000000477" classname="asLogicalDS_smk_character" name="simple_asLogicalDS_character_TRUE"/>
    <testcase time="0.00300000000000011" classname="asLogicalDS_smk_character" name="simple_asLogicalDS_character_TRUE"/>
    <testcase time="0.00199999999999534" classname="asLogicalDS_smk_character" name="simple_asLogicalDS_character_TRUE"/>
    <testcase time="0.00100000000000477" classname="asLogicalDS_smk_character" name="simple_asLogicalDS_character_TRUE"/>
    <testcase time="0.00300000000000011" classname="asLogicalDS_smk_character" name="simple_asLogicalDS_character_TRUE"/>
    <testcase time="0.000999999999990564" classname="asLogicalDS_smk_character" name="simple_asLogicalDS_character_TRUE"/>
    <testcase time="0.00200000000000955" classname="asLogicalDS_smk_character" name="simple_asLogicalDS_character_TRUE"/>
    <testcase time="0.00300000000000011" classname="asLogicalDS_smk_character" name="simple_asLogicalDS_character_vector"/>
    <testcase time="0.000999999999990564" classname="asLogicalDS_smk_character" name="simple_asLogicalDS_character_vector"/>
    <testcase time="0.00200000000000955" classname="asLogicalDS_smk_character" name="simple_asLogicalDS_character_vector"/>
    <testcase time="0.000999999999990564" classname="asLogicalDS_smk_character" name="simple_asLogicalDS_character_vector"/>
    <testcase time="0.00100000000000477" classname="asLogicalDS_smk_character" name="simple_asLogicalDS_character_vector"/>
    <testcase time="0.00199999999999534" classname="asLogicalDS_smk_character" name="simple_asLogicalDS_character_vector"/>
    <testcase time="0.00100000000000477" classname="asLogicalDS_smk_character" name="simple_asLogicalDS_character_vector"/>
    <testcase time="0.00100000000000477" classname="asLogicalDS_smk_character" name="simple_asLogicalDS_character_vector"/>
  </testsuite>
  <testsuite name="asLogicalDS::smk::shutdown" timestamp="2025-10-21T01:41:49Z" hostname="runnervmwhb2z" tests="0" skipped="0" failures="0" errors="0" time="0"/>
  <testsuite name="asLogicalDS::smk::done" timestamp="2025-10-21T01:41:49Z" hostname="runnervmwhb2z" tests="0" skipped="0" failures="0" errors="0" time="0"/>
  <testsuite name="smk-asMatrixDS" timestamp="2025-10-21T01:41:49Z" hostname="runnervmwhb2z" tests="0" skipped="0" failures="0" errors="0" time="0"/>
  <testsuite name="asMatrixDS::smk::setup" timestamp="2025-10-21T01:41:49Z" hostname="runnervmwhb2z" tests="0" skipped="0" failures="0" errors="0" time="0"/>
  <testsuite name="asMatrixDS::smk::simple" timestamp="2025-10-21T01:41:49Z" hostname="runnervmwhb2z" tests="17" skipped="0" failures="0" errors="0" time="0.035">
    <testcase time="0.012999999999991" classname="asMatrixDS_smk_simple" name="simple_asMatrixDS"/>
    <testcase time="0.00300000000000011" classname="asMatrixDS_smk_simple" name="simple_asMatrixDS"/>
    <testcase time="0.00200000000000955" classname="asMatrixDS_smk_simple" name="simple_asMatrixDS"/>
    <testcase time="0.000999999999990564" classname="asMatrixDS_smk_simple" name="simple_asMatrixDS"/>
    <testcase time="0.00200000000000955" classname="asMatrixDS_smk_simple" name="simple_asMatrixDS"/>
    <testcase time="0.000999999999990564" classname="asMatrixDS_smk_simple" name="simple_asMatrixDS"/>
    <testcase time="0.00100000000000477" classname="asMatrixDS_smk_simple" name="simple_asMatrixDS"/>
    <testcase time="0.00199999999999534" classname="asMatrixDS_smk_simple" name="simple_asMatrixDS"/>
    <testcase time="0.00100000000000477" classname="asMatrixDS_smk_simple" name="simple_asMatrixDS"/>
    <testcase time="0.00100000000000477" classname="asMatrixDS_smk_simple" name="simple_asMatrixDS"/>
    <testcase time="0.00199999999999534" classname="asMatrixDS_smk_simple" name="simple_asMatrixDS"/>
    <testcase time="0.00100000000000477" classname="asMatrixDS_smk_simple" name="simple_asMatrixDS"/>
    <testcase time="0.000999999999990564" classname="asMatrixDS_smk_simple" name="simple_asMatrixDS"/>
    <testcase time="0.00100000000000477" classname="asMatrixDS_smk_simple" name="simple_asMatrixDS"/>
    <testcase time="0.000999999999990564" classname="asMatrixDS_smk_simple" name="simple_asMatrixDS"/>
    <testcase time="0.00100000000000477" classname="asMatrixDS_smk_simple" name="simple_asMatrixDS"/>
    <testcase time="0.00100000000000477" classname="asMatrixDS_smk_simple" name="simple_asMatrixDS"/>
  </testsuite>
  <testsuite name="asMatrixDS::smk::shutdown" timestamp="2025-10-21T01:41:49Z" hostname="runnervmwhb2z" tests="0" skipped="0" failures="0" errors="0" time="0"/>
  <testsuite name="asMatrixDS::smk::done" timestamp="2025-10-21T01:41:49Z" hostname="runnervmwhb2z" tests="0" skipped="0" failures="0" errors="0" time="0"/>
  <testsuite name="smk-asNumericDS" timestamp="2025-10-21T01:41:49Z" hostname="runnervmwhb2z" tests="0" skipped="0" failures="0" errors="0" time="0"/>
  <testsuite name="asNumericDS::smk::setup" timestamp="2025-10-21T01:41:49Z" hostname="runnervmwhb2z" tests="0" skipped="0" failures="0" errors="0" time="0"/>
  <testsuite name="asNumericDS::smk::character" timestamp="2025-10-21T01:41:49Z" hostname="runnervmwhb2z" tests="3" skipped="0" failures="0" errors="0" time="0.015">
    <testcase time="0.012999999999991" classname="asNumericDS_smk_character" name="character_asNumericDS_FALSE"/>
    <testcase time="0.00100000000000477" classname="asNumericDS_smk_character" name="character_asNumericDS_FALSE"/>
    <testcase time="0.000999999999990564" classname="asNumericDS_smk_character" name="character_asNumericDS_FALSE"/>
  </testsuite>
  <testsuite name="asNumericDS::smk::character vector" timestamp="2025-10-21T01:41:49Z" hostname="runnervmwhb2z" tests="7" skipped="0" failures="0" errors="0" time="0.03">
    <testcase time="0.0220000000000056" classname="asNumericDS_smk_character_vector" name="character_vector_asNumericDS"/>
    <testcase time="0.00100000000000477" classname="asNumericDS_smk_character_vector" name="character_vector_asNumericDS"/>
    <testcase time="0.00199999999999534" classname="asNumericDS_smk_character_vector" name="character_vector_asNumericDS"/>
    <testcase time="0.00100000000000477" classname="asNumericDS_smk_character_vector" name="character_vector_asNumericDS"/>
    <testcase time="0.000999999999990564" classname="asNumericDS_smk_character_vector" name="character_vector_asNumericDS"/>
    <testcase time="0.00200000000000955" classname="asNumericDS_smk_character_vector" name="character_vector_asNumericDS"/>
    <testcase time="0.000999999999990564" classname="asNumericDS_smk_character_vector" name="character_vector_asNumericDS"/>
  </testsuite>
  <testsuite name="asNumericDS::smk::character 'non numeric' vector" timestamp="2025-10-21T01:41:49Z" hostname="runnervmwhb2z" tests="7" skipped="0" failures="0" errors="0" time="0.012">
    <testcase time="0.00500000000000966" classname="asNumericDS_smk_character_non_numeric_vector" name="character_non_numeric_vector_asNumericDS"/>
    <testcase time="0.000999999999990564" classname="asNumericDS_smk_character_non_numeric_vector" name="character_non_numeric_vector_asNumericDS"/>
    <testcase time="0.00100000000000477" classname="asNumericDS_smk_character_non_numeric_vector" name="character_non_numeric_vector_asNumericDS"/>
    <testcase time="0.00199999999999534" classname="asNumericDS_smk_character_non_numeric_vector" name="character_non_numeric_vector_asNumericDS"/>
    <testcase time="0.00100000000000477" classname="asNumericDS_smk_character_non_numeric_vector" name="character_non_numeric_vector_asNumericDS"/>
    <testcase time="0.00100000000000477" classname="asNumericDS_smk_character_non_numeric_vector" name="character_non_numeric_vector_asNumericDS"/>
    <testcase time="0.000999999999990564" classname="asNumericDS_smk_character_non_numeric_vector" name="character_non_numeric_vector_asNumericDS"/>
  </testsuite>
  <testsuite name="asNumericDS::smk::factor vector" timestamp="2025-10-21T01:41:49Z" hostname="runnervmwhb2z" tests="7" skipped="0" failures="0" errors="0" time="0.013">
    <testcase time="0.00500000000000966" classname="asNumericDS_smk_factor_vector" name="factor_vector_asNumericDS"/>
    <testcase time="0.00199999999999534" classname="asNumericDS_smk_factor_vector" name="factor_vector_asNumericDS"/>
    <testcase time="0.00100000000000477" classname="asNumericDS_smk_factor_vector" name="factor_vector_asNumericDS"/>
    <testcase time="0.000999999999990564" classname="asNumericDS_smk_factor_vector" name="factor_vector_asNumericDS"/>
    <testcase time="0.00100000000000477" classname="asNumericDS_smk_factor_vector" name="factor_vector_asNumericDS"/>
    <testcase time="0.00199999999999534" classname="asNumericDS_smk_factor_vector" name="factor_vector_asNumericDS"/>
    <testcase time="0.00100000000000477" classname="asNumericDS_smk_factor_vector" name="factor_vector_asNumericDS"/>
  </testsuite>
  <testsuite name="asNumericDS::smk::factor rev vector" timestamp="2025-10-21T01:41:49Z" hostname="runnervmwhb2z" tests="7" skipped="0" failures="0" errors="0" time="0.012">
    <testcase time="0.00499999999999545" classname="asNumericDS_smk_factor_rev_vector" name="factor_vector_asNumericDS"/>
    <testcase time="0.00100000000000477" classname="asNumericDS_smk_factor_rev_vector" name="factor_vector_asNumericDS"/>
    <testcase time="0.00100000000000477" classname="asNumericDS_smk_factor_rev_vector" name="factor_vector_asNumericDS"/>
    <testcase time="0.000999999999990564" classname="asNumericDS_smk_factor_rev_vector" name="factor_vector_asNumericDS"/>
    <testcase time="0.00200000000000955" classname="asNumericDS_smk_factor_rev_vector" name="factor_vector_asNumericDS"/>
    <testcase time="0.000999999999990564" classname="asNumericDS_smk_factor_rev_vector" name="factor_vector_asNumericDS"/>
    <testcase time="0.00100000000000477" classname="asNumericDS_smk_factor_rev_vector" name="factor_vector_asNumericDS"/>
  </testsuite>
  <testsuite name="asNumericDS::smk::factor numeric levels vector" timestamp="2025-10-21T01:41:49Z" hostname="runnervmwhb2z" tests="7" skipped="0" failures="0" errors="0" time="0.021">
    <testcase time="0.0120000000000005" classname="asNumericDS_smk_factor_numeric_levels_vector" name="factor_numeric_levels_vector_asNumericDS"/>
    <testcase time="0.00199999999999534" classname="asNumericDS_smk_factor_numeric_levels_vector" name="factor_numeric_levels_vector_asNumericDS"/>
    <testcase time="0.00100000000000477" classname="asNumericDS_smk_factor_numeric_levels_vector" name="factor_numeric_levels_vector_asNumericDS"/>
    <testcase time="0.00199999999999534" classname="asNumericDS_smk_factor_numeric_levels_vector" name="factor_numeric_levels_vector_asNumericDS"/>
    <testcase time="0.00100000000000477" classname="asNumericDS_smk_factor_numeric_levels_vector" name="factor_numeric_levels_vector_asNumericDS"/>
    <testcase time="0.00199999999999534" classname="asNumericDS_smk_factor_numeric_levels_vector" name="factor_numeric_levels_vector_asNumericDS"/>
    <testcase time="0.00100000000000477" classname="asNumericDS_smk_factor_numeric_levels_vector" name="factor_numeric_levels_vector_asNumericDS"/>
  </testsuite>
  <testsuite name="asNumericDS::smk::factor vector with only numbers in its values" timestamp="2025-10-21T01:41:49Z" hostname="runnervmwhb2z" tests="7" skipped="0" failures="0" errors="0" time="0.013">
    <testcase time="0.00499999999999545" classname="asNumericDS_smk_factor_vector_with_only_numbers_in_its_values" name="factor_vector_with_only_numbers_in_its_values_asNumericDS"/>
    <testcase time="0.00200000000000955" classname="asNumericDS_smk_factor_vector_with_only_numbers_in_its_values" name="factor_vector_with_only_numbers_in_its_values_asNumericDS"/>
    <testcase time="0.000999999999990564" classname="asNumericDS_smk_factor_vector_with_only_numbers_in_its_values" name="factor_vector_with_only_numbers_in_its_values_asNumericDS"/>
    <testcase time="0.00100000000000477" classname="asNumericDS_smk_factor_vector_with_only_numbers_in_its_values" name="factor_vector_with_only_numbers_in_its_values_asNumericDS"/>
    <testcase time="0.00199999999999534" classname="asNumericDS_smk_factor_vector_with_only_numbers_in_its_values" name="factor_vector_with_only_numbers_in_its_values_asNumericDS"/>
    <testcase time="0.00100000000000477" classname="asNumericDS_smk_factor_vector_with_only_numbers_in_its_values" name="factor_vector_with_only_numbers_in_its_values_asNumericDS"/>
    <testcase time="0.00100000000000477" classname="asNumericDS_smk_factor_vector_with_only_numbers_in_its_values" name="factor_vector_with_only_numbers_in_its_values_asNumericDS"/>
  </testsuite>
  <testsuite name="asNumericDS::smk::factor vector with only characters in its values" timestamp="2025-10-21T01:41:49Z" hostname="runnervmwhb2z" tests="7" skipped="0" failures="0" errors="0" time="0.013">
    <testcase time="0.00499999999999545" classname="asNumericDS_smk_factor_vector_with_only_characters_in_its_values" name="factor_vector_with_only_characters_in_its_values_asNumericDS"/>
    <testcase time="0.00100000000000477" classname="asNumericDS_smk_factor_vector_with_only_characters_in_its_values" name="factor_vector_with_only_characters_in_its_values_asNumericDS"/>
    <testcase time="0.00199999999999534" classname="asNumericDS_smk_factor_vector_with_only_characters_in_its_values" name="factor_vector_with_only_characters_in_its_values_asNumericDS"/>
    <testcase time="0.00100000000000477" classname="asNumericDS_smk_factor_vector_with_only_characters_in_its_values" name="factor_vector_with_only_characters_in_its_values_asNumericDS"/>
    <testcase time="0.000999999999990564" classname="asNumericDS_smk_factor_vector_with_only_characters_in_its_values" name="factor_vector_with_only_characters_in_its_values_asNumericDS"/>
    <testcase time="0.00100000000000477" classname="asNumericDS_smk_factor_vector_with_only_characters_in_its_values" name="factor_vector_with_only_characters_in_its_values_asNumericDS"/>
    <testcase time="0.00199999999999534" classname="asNumericDS_smk_factor_vector_with_only_characters_in_its_values" name="factor_vector_with_only_characters_in_its_values_asNumericDS"/>
  </testsuite>
  <testsuite name="asNumericDS::smk::character vector with only numbers in its values" timestamp="2025-10-21T01:41:49Z" hostname="runnervmwhb2z" tests="7" skipped="0" failures="0" errors="0" time="0.012">
    <testcase time="0.00400000000000489" classname="asNumericDS_smk_character_vector_with_only_numbers_in_its_values" name="factor_vector_with_only_numbers_in_its_values_asNumericDS"/>
    <testcase time="0.00100000000000477" classname="asNumericDS_smk_character_vector_with_only_numbers_in_its_values" name="factor_vector_with_only_numbers_in_its_values_asNumericDS"/>
    <testcase time="0.00199999999999534" classname="asNumericDS_smk_character_vector_with_only_numbers_in_its_values" name="factor_vector_with_only_numbers_in_its_values_asNumericDS"/>
    <testcase time="0.00100000000000477" classname="asNumericDS_smk_character_vector_with_only_numbers_in_its_values" name="factor_vector_with_only_numbers_in_its_values_asNumericDS"/>
    <testcase time="0.000999999999990564" classname="asNumericDS_smk_character_vector_with_only_numbers_in_its_values" name="factor_vector_with_only_numbers_in_its_values_asNumericDS"/>
    <testcase time="0.00100000000000477" classname="asNumericDS_smk_character_vector_with_only_numbers_in_its_values" name="factor_vector_with_only_numbers_in_its_values_asNumericDS"/>
    <testcase time="0.00199999999999534" classname="asNumericDS_smk_character_vector_with_only_numbers_in_its_values" name="factor_vector_with_only_numbers_in_its_values_asNumericDS"/>
  </testsuite>
  <testsuite name="asNumericDS::smk::character vector with only characters in its values" timestamp="2025-10-21T01:41:49Z" hostname="runnervmwhb2z" tests="7" skipped="0" failures="0" errors="0" time="0.012">
    <testcase time="0.00400000000000489" classname="asNumericDS_smk_character_vector_with_only_characters_in_its_values" name="character_vector_with_only_characters_in_its_values_asNumericDS"/>
    <testcase time="0.000999999999990564" classname="asNumericDS_smk_character_vector_with_only_characters_in_its_values" name="character_vector_with_only_characters_in_its_values_asNumericDS"/>
    <testcase time="0.00200000000000955" classname="asNumericDS_smk_character_vector_with_only_characters_in_its_values" name="character_vector_with_only_characters_in_its_values_asNumericDS"/>
    <testcase time="0.000999999999990564" classname="asNumericDS_smk_character_vector_with_only_characters_in_its_values" name="character_vector_with_only_characters_in_its_values_asNumericDS"/>
    <testcase time="0.00100000000000477" classname="asNumericDS_smk_character_vector_with_only_characters_in_its_values" name="character_vector_with_only_characters_in_its_values_asNumericDS"/>
    <testcase time="0.00199999999999534" classname="asNumericDS_smk_character_vector_with_only_characters_in_its_values" name="character_vector_with_only_characters_in_its_values_asNumericDS"/>
    <testcase time="0.00100000000000477" classname="asNumericDS_smk_character_vector_with_only_characters_in_its_values" name="character_vector_with_only_characters_in_its_values_asNumericDS"/>
  </testsuite>
  <testsuite name="asNumericDS::smk::character vector with strings having characters and numbers" timestamp="2025-10-21T01:41:49Z" hostname="runnervmwhb2z" tests="7" skipped="0" failures="0" errors="0" time="0.012">
    <testcase time="0.00400000000000489" classname="asNumericDS_smk_character_vector_with_strings_having_characters_and_numbers" name="character_vector_with_strings_having_characters_and_numbers_asNumericDS"/>
    <testcase time="0.00199999999999534" classname="asNumericDS_smk_character_vector_with_strings_having_characters_and_numbers" name="character_vector_with_strings_having_characters_and_numbers_asNumericDS"/>
    <testcase time="0.00100000000000477" classname="asNumericDS_smk_character_vector_with_strings_having_characters_and_numbers" name="character_vector_with_strings_having_characters_and_numbers_asNumericDS"/>
    <testcase time="0.000999999999990564" classname="asNumericDS_smk_character_vector_with_strings_having_characters_and_numbers" name="character_vector_with_strings_having_characters_and_numbers_asNumericDS"/>
    <testcase time="0.00100000000000477" classname="asNumericDS_smk_character_vector_with_strings_having_characters_and_numbers" name="character_vector_with_strings_having_characters_and_numbers_asNumericDS"/>
    <testcase time="0.00199999999999534" classname="asNumericDS_smk_character_vector_with_strings_having_characters_and_numbers" name="character_vector_with_strings_having_characters_and_numbers_asNumericDS"/>
    <testcase time="0.00100000000000477" classname="asNumericDS_smk_character_vector_with_strings_having_characters_and_numbers" name="character_vector_with_strings_having_characters_and_numbers_asNumericDS"/>
  </testsuite>
  <testsuite name="asNumericDS::smk::logical vector" timestamp="2025-10-21T01:41:49Z" hostname="runnervmwhb2z" tests="6" skipped="0" failures="0" errors="0" time="0.011">
    <testcase time="0.00400000000000489" classname="asNumericDS_smk_logical_vector" name="logical_vector_asNumericDS"/>
    <testcase time="0.00199999999999534" classname="asNumericDS_smk_logical_vector" name="logical_vector_asNumericDS"/>
    <testcase time="0.00100000000000477" classname="asNumericDS_smk_logical_vector" name="logical_vector_asNumericDS"/>
    <testcase time="0.000999999999990564" classname="asNumericDS_smk_logical_vector" name="logical_vector_asNumericDS"/>
    <testcase time="0.00100000000000477" classname="asNumericDS_smk_logical_vector" name="logical_vector_asNumericDS"/>
    <testcase time="0.00199999999999534" classname="asNumericDS_smk_logical_vector" name="logical_vector_asNumericDS"/>
  </testsuite>
  <testsuite name="asNumericDS::smk::logical character vector" timestamp="2025-10-21T01:41:49Z" hostname="runnervmwhb2z" tests="6" skipped="0" failures="0" errors="0" time="0.009">
    <testcase time="0.00400000000000489" classname="asNumericDS_smk_logical_character_vector" name="logical_vector_character_asNumericDS"/>
    <testcase time="0.00100000000000477" classname="asNumericDS_smk_logical_character_vector" name="logical_vector_character_asNumericDS"/>
    <testcase time="0.00100000000000477" classname="asNumericDS_smk_logical_character_vector" name="logical_vector_character_asNumericDS"/>
    <testcase time="0.00100000000000477" classname="asNumericDS_smk_logical_character_vector" name="logical_vector_character_asNumericDS"/>
    <testcase time="0.000999999999990564" classname="asNumericDS_smk_logical_character_vector" name="logical_vector_character_asNumericDS"/>
    <testcase time="0.00100000000000477" classname="asNumericDS_smk_logical_character_vector" name="logical_vector_character_asNumericDS"/>
  </testsuite>
  <testsuite name="asNumericDS::smk::integer vector" timestamp="2025-10-21T01:41:49Z" hostname="runnervmwhb2z" tests="7" skipped="0" failures="0" errors="0" time="0.012">
    <testcase time="0.00499999999999545" classname="asNumericDS_smk_integer_vector" name="integer_vector_asNumericDS"/>
    <testcase time="0.00100000000000477" classname="asNumericDS_smk_integer_vector" name="integer_vector_asNumericDS"/>
    <testcase time="0.00100000000000477" classname="asNumericDS_smk_integer_vector" name="integer_vector_asNumericDS"/>
    <testcase time="0.00199999999999534" classname="asNumericDS_smk_integer_vector" name="integer_vector_asNumericDS"/>
    <testcase time="0.00100000000000477" classname="asNumericDS_smk_integer_vector" name="integer_vector_asNumericDS"/>
    <testcase time="0.000999999999990564" classname="asNumericDS_smk_integer_vector" name="integer_vector_asNumericDS"/>
    <testcase time="0.00100000000000477" classname="asNumericDS_smk_integer_vector" name="integer_vector_asNumericDS"/>
  </testsuite>
  <testsuite name="asNumericDS::smk::shutdown" timestamp="2025-10-21T01:41:49Z" hostname="runnervmwhb2z" tests="0" skipped="0" failures="0" errors="0" time="0"/>
  <testsuite name="asNumericDS::smk::done" timestamp="2025-10-21T01:41:49Z" hostname="runnervmwhb2z" tests="0" skipped="0" failures="0" errors="0" time="0"/>
  <testsuite name="smk-aucDS" timestamp="2025-10-21T01:41:49Z" hostname="runnervmwhb2z" tests="0" skipped="0" failures="0" errors="0" time="0"/>
  <testsuite name="aucDS::smk::setup" timestamp="2025-10-21T01:41:49Z" hostname="runnervmwhb2z" tests="6" skipped="0" failures="0" errors="0" time="0.09">
    <testcase time="0.0799999999999983" classname="aucDS_smk_setup" name="aucDS"/>
    <testcase time="0.00199999999999534" classname="aucDS_smk_setup" name="aucDS"/>
    <testcase time="0.00200000000000955" classname="aucDS_smk_setup" name="aucDS"/>
    <testcase time="0.00199999999999534" classname="aucDS_smk_setup" name="aucDS"/>
    <testcase time="0.00100000000000477" classname="aucDS_smk_setup" name="aucDS"/>
    <testcase time="0.00300000000000011" classname="aucDS_smk_setup" name="aucDS"/>
  </testsuite>
  <testsuite name="aucDS::smk::shutdown" timestamp="2025-10-21T01:41:49Z" hostname="runnervmwhb2z" tests="0" skipped="0" failures="0" errors="0" time="0"/>
  <testsuite name="aucDS::smk::done" timestamp="2025-10-21T01:41:49Z" hostname="runnervmwhb2z" tests="0" skipped="0" failures="0" errors="0" time="0"/>
  <testsuite name="smk-BooleDS" timestamp="2025-10-21T01:41:49Z" hostname="runnervmwhb2z" tests="0" skipped="0" failures="0" errors="0" time="0"/>
  <testsuite name="BooleDS::smk::setup" timestamp="2025-10-21T01:41:49Z" hostname="runnervmwhb2z" tests="0" skipped="0" failures="0" errors="0" time="0"/>
  <testsuite name="BooleDS::smk::simple equal" timestamp="2025-10-21T01:41:49Z" hostname="runnervmwhb2z" tests="14" skipped="0" failures="0" errors="0" time="0.12">
    <testcase time="0.0210000000000008" classname="BooleDS_smk_simple_equal" name="simple_BooleDS_equal_numeric"/>
    <testcase time="0.00199999999999534" classname="BooleDS_smk_simple_equal" name="simple_BooleDS_equal_numeric"/>
    <testcase time="0.00199999999999534" classname="BooleDS_smk_simple_equal" name="simple_BooleDS_equal_numeric"/>
    <testcase time="0.00200000000000955" classname="BooleDS_smk_simple_equal" name="simple_BooleDS_equal_numeric"/>
    <testcase time="0.000999999999990564" classname="BooleDS_smk_simple_equal" name="simple_BooleDS_equal_numeric"/>
    <testcase time="0.00100000000000477" classname="BooleDS_smk_simple_equal" name="simple_BooleDS_equal_numeric"/>
    <testcase time="0.00199999999999534" classname="BooleDS_smk_simple_equal" name="simple_BooleDS_equal_numeric"/>
    <testcase time="0.0810000000000031" classname="BooleDS_smk_simple_equal" name="simple_BooleDS_equal_logical"/>
    <testcase time="0.000999999999990564" classname="BooleDS_smk_simple_equal" name="simple_BooleDS_equal_logical"/>
    <testcase time="0.00200000000000955" classname="BooleDS_smk_simple_equal" name="simple_BooleDS_equal_logical"/>
    <testcase time="0.000999999999990564" classname="BooleDS_smk_simple_equal" name="simple_BooleDS_equal_logical"/>
    <testcase time="0.00100000000000477" classname="BooleDS_smk_simple_equal" name="simple_BooleDS_equal_logical"/>
    <testcase time="0.00199999999999534" classname="BooleDS_smk_simple_equal" name="simple_BooleDS_equal_logical"/>
    <testcase time="0.00100000000000477" classname="BooleDS_smk_simple_equal" name="simple_BooleDS_equal_logical"/>
  </testsuite>
  <testsuite name="BooleDS::smk::simple not-equal" timestamp="2025-10-21T01:41:49Z" hostname="runnervmwhb2z" tests="14" skipped="0" failures="0" errors="0" time="0.025">
    <testcase time="0.00600000000000023" classname="BooleDS_smk_simple_not_equal" name="simple_BooleDS_not_equal_numeric"/>
    <testcase time="0.00100000000000477" classname="BooleDS_smk_simple_not_equal" name="simple_BooleDS_not_equal_numeric"/>
    <testcase time="0.000999999999990564" classname="BooleDS_smk_simple_not_equal" name="simple_BooleDS_not_equal_numeric"/>
    <testcase time="0.00100000000000477" classname="BooleDS_smk_simple_not_equal" name="simple_BooleDS_not_equal_numeric"/>
    <testcase time="0.00199999999999534" classname="BooleDS_smk_simple_not_equal" name="simple_BooleDS_not_equal_numeric"/>
    <testcase time="0.00100000000000477" classname="BooleDS_smk_simple_not_equal" name="simple_BooleDS_not_equal_numeric"/>
    <testcase time="0.00100000000000477" classname="BooleDS_smk_simple_not_equal" name="simple_BooleDS_not_equal_numeric"/>
    <testcase time="0.00399999999999068" classname="BooleDS_smk_simple_not_equal" name="simple_BooleDS_not_equal_logical"/>
    <testcase time="0.00100000000000477" classname="BooleDS_smk_simple_not_equal" name="simple_BooleDS_not_equal_logical"/>
    <testcase time="0.00199999999999534" classname="BooleDS_smk_simple_not_equal" name="simple_BooleDS_not_equal_logical"/>
    <testcase time="0.00100000000000477" classname="BooleDS_smk_simple_not_equal" name="simple_BooleDS_not_equal_logical"/>
    <testcase time="0.00100000000000477" classname="BooleDS_smk_simple_not_equal" name="simple_BooleDS_not_equal_logical"/>
    <testcase time="0.00199999999999534" classname="BooleDS_smk_simple_not_equal" name="simple_BooleDS_not_equal_logical"/>
    <testcase time="0.00100000000000477" classname="BooleDS_smk_simple_not_equal" name="simple_BooleDS_not_equal_logical"/>
  </testsuite>
  <testsuite name="BooleDS::smk::simple less-than" timestamp="2025-10-21T01:41:49Z" hostname="runnervmwhb2z" tests="14" skipped="0" failures="0" errors="0" time="0.022">
    <testcase time="0.00499999999999545" classname="BooleDS_smk_simple_less_than" name="simple_BooleDS_less_than_numeric"/>
    <testcase time="0.00100000000000477" classname="BooleDS_smk_simple_less_than" name="simple_BooleDS_less_than_numeric"/>
    <testcase time="0.00199999999999534" classname="BooleDS_smk_simple_less_than" name="simple_BooleDS_less_than_numeric"/>
    <testcase time="0.00100000000000477" classname="BooleDS_smk_simple_less_than" name="simple_BooleDS_less_than_numeric"/>
    <testcase time="0.000999999999990564" classname="BooleDS_smk_simple_less_than" name="simple_BooleDS_less_than_numeric"/>
    <testcase time="0.00100000000000477" classname="BooleDS_smk_simple_less_than" name="simple_BooleDS_less_than_numeric"/>
    <testcase time="0.000999999999990564" classname="BooleDS_smk_simple_less_than" name="simple_BooleDS_less_than_numeric"/>
    <testcase time="0.00300000000000011" classname="BooleDS_smk_simple_less_than" name="simple_BooleDS_less_than_logical"/>
    <testcase time="0.00200000000000955" classname="BooleDS_smk_simple_less_than" name="simple_BooleDS_less_than_logical"/>
    <testcase time="0.000999999999990564" classname="BooleDS_smk_simple_less_than" name="simple_BooleDS_less_than_logical"/>
    <testcase time="0.00100000000000477" classname="BooleDS_smk_simple_less_than" name="simple_BooleDS_less_than_logical"/>
    <testcase time="0.00100000000000477" classname="BooleDS_smk_simple_less_than" name="simple_BooleDS_less_than_logical"/>
    <testcase time="0.00100000000000477" classname="BooleDS_smk_simple_less_than" name="simple_BooleDS_less_than_logical"/>
    <testcase time="0.00100000000000477" classname="BooleDS_smk_simple_less_than" name="simple_BooleDS_less_than_logical"/>
  </testsuite>
  <testsuite name="BooleDS::smk::simple less-than-equal" timestamp="2025-10-21T01:41:49Z" hostname="runnervmwhb2z" tests="14" skipped="0" failures="0" errors="0" time="0.024">
    <testcase time="0.00499999999999545" classname="BooleDS_smk_simple_less_than_equal" name="simple_BooleDS_less_than_equal_numeric"/>
    <testcase time="0.00199999999999534" classname="BooleDS_smk_simple_less_than_equal" name="simple_BooleDS_less_than_equal_numeric"/>
    <testcase time="0.00100000000000477" classname="BooleDS_smk_simple_less_than_equal" name="simple_BooleDS_less_than_equal_numeric"/>
    <testcase time="0.00100000000000477" classname="BooleDS_smk_simple_less_than_equal" name="simple_BooleDS_less_than_equal_numeric"/>
    <testcase time="0.000999999999990564" classname="BooleDS_smk_simple_less_than_equal" name="simple_BooleDS_less_than_equal_numeric"/>
    <testcase time="0.00200000000000955" classname="BooleDS_smk_simple_less_than_equal" name="simple_BooleDS_less_than_equal_numeric"/>
    <testcase time="0.000999999999990564" classname="BooleDS_smk_simple_less_than_equal" name="simple_BooleDS_less_than_equal_numeric"/>
    <testcase time="0.00400000000000489" classname="BooleDS_smk_simple_less_than_equal" name="simple_BooleDS_less_than_equal_logical"/>
    <testcase time="0.00100000000000477" classname="BooleDS_smk_simple_less_than_equal" name="simple_BooleDS_less_than_equal_logical"/>
    <testcase time="0.000999999999990564" classname="BooleDS_smk_simple_less_than_equal" name="simple_BooleDS_less_than_equal_logical"/>
    <testcase time="0.00200000000000955" classname="BooleDS_smk_simple_less_than_equal" name="simple_BooleDS_less_than_equal_logical"/>
    <testcase time="0.000999999999990564" classname="BooleDS_smk_simple_less_than_equal" name="simple_BooleDS_less_than_equal_logical"/>
    <testcase time="0.00100000000000477" classname="BooleDS_smk_simple_less_than_equal" name="simple_BooleDS_less_than_equal_logical"/>
    <testcase time="0.00100000000000477" classname="BooleDS_smk_simple_less_than_equal" name="simple_BooleDS_less_than_equal_logical"/>
  </testsuite>
  <testsuite name="BooleDS::smk::simple greater-than" timestamp="2025-10-21T01:41:49Z" hostname="runnervmwhb2z" tests="14" skipped="0" failures="0" errors="0" time="0.025">
    <testcase time="0.00600000000000023" classname="BooleDS_smk_simple_greater_than" name="simple_BooleDS_greater_than_numeric"/>
    <testcase time="0.000999999999990564" classname="BooleDS_smk_simple_greater_than" name="simple_BooleDS_greater_than_numeric"/>
    <testcase time="0.00100000000000477" classname="BooleDS_smk_simple_greater_than" name="simple_BooleDS_greater_than_numeric"/>
    <testcase time="0.00199999999999534" classname="BooleDS_smk_simple_greater_than" name="simple_BooleDS_greater_than_numeric"/>
    <testcase time="0.00100000000000477" classname="BooleDS_smk_simple_greater_than" name="simple_BooleDS_greater_than_numeric"/>
    <testcase time="0.00100000000000477" classname="BooleDS_smk_simple_greater_than" name="simple_BooleDS_greater_than_numeric"/>
    <testcase time="0.000999999999990564" classname="BooleDS_smk_simple_greater_than" name="simple_BooleDS_greater_than_numeric"/>
    <testcase time="0.00400000000000489" classname="BooleDS_smk_simple_greater_than" name="simple_BooleDS_greater_than_logical"/>
    <testcase time="0.00100000000000477" classname="BooleDS_smk_simple_greater_than" name="simple_BooleDS_greater_than_logical"/>
    <testcase time="0.00199999999999534" classname="BooleDS_smk_simple_greater_than" name="simple_BooleDS_greater_than_logical"/>
    <testcase time="0.00100000000000477" classname="BooleDS_smk_simple_greater_than" name="simple_BooleDS_greater_than_logical"/>
    <testcase time="0.000999999999990564" classname="BooleDS_smk_simple_greater_than" name="simple_BooleDS_greater_than_logical"/>
    <testcase time="0.00100000000000477" classname="BooleDS_smk_simple_greater_than" name="simple_BooleDS_greater_than_logical"/>
    <testcase time="0.00199999999999534" classname="BooleDS_smk_simple_greater_than" name="simple_BooleDS_greater_than_logical"/>
  </testsuite>
  <testsuite name="BooleDS::smk::simple greater-than-equal" timestamp="2025-10-21T01:41:50Z" hostname="runnervmwhb2z" tests="14" skipped="0" failures="0" errors="0" time="0.032">
    <testcase time="0.00500000000000966" classname="BooleDS_smk_simple_greater_than_equal" name="simple_BooleDS_greater_than_equal_numeric"/>
    <testcase time="0.000999999999990564" classname="BooleDS_smk_simple_greater_than_equal" name="simple_BooleDS_greater_than_equal_numeric"/>
    <testcase time="0.00900000000000034" classname="BooleDS_smk_simple_greater_than_equal" name="simple_BooleDS_greater_than_equal_numeric"/>
    <testcase time="0.00199999999999534" classname="BooleDS_smk_simple_greater_than_equal" name="simple_BooleDS_greater_than_equal_numeric"/>
    <testcase time="0.00100000000000477" classname="BooleDS_smk_simple_greater_than_equal" name="simple_BooleDS_greater_than_equal_numeric"/>
    <testcase time="0.00100000000000477" classname="BooleDS_smk_simple_greater_than_equal" name="simple_BooleDS_greater_than_equal_numeric"/>
    <testcase time="0.00199999999999534" classname="BooleDS_smk_simple_greater_than_equal" name="simple_BooleDS_greater_than_equal_numeric"/>
    <testcase time="0.00400000000000489" classname="BooleDS_smk_simple_greater_than_equal" name="simple_BooleDS_greater_than_equal_logical"/>
    <testcase time="0.000999999999990564" classname="BooleDS_smk_simple_greater_than_equal" name="simple_BooleDS_greater_than_equal_logical"/>
    <testcase time="0.00200000000000955" classname="BooleDS_smk_simple_greater_than_equal" name="simple_BooleDS_greater_than_equal_logical"/>
    <testcase time="0.000999999999990564" classname="BooleDS_smk_simple_greater_than_equal" name="simple_BooleDS_greater_than_equal_logical"/>
    <testcase time="0.00100000000000477" classname="BooleDS_smk_simple_greater_than_equal" name="simple_BooleDS_greater_than_equal_logical"/>
    <testcase time="0.000999999999990564" classname="BooleDS_smk_simple_greater_than_equal" name="simple_BooleDS_greater_than_equal_logical"/>
    <testcase time="0.00100000000000477" classname="BooleDS_smk_simple_greater_than_equal" name="simple_BooleDS_greater_than_equal_logical"/>
  </testsuite>
  <testsuite name="BooleDS::smk::na-check numeric" timestamp="2025-10-21T01:41:50Z" hostname="runnervmwhb2z" tests="21" skipped="0" failures="0" errors="0" time="0.041">
    <testcase time="0.00600000000000023" classname="BooleDS_smk_na_check_numeric" name="na_check_BooleDS_numeric_NA_NA"/>
    <testcase time="0.00100000000000477" classname="BooleDS_smk_na_check_numeric" name="na_check_BooleDS_numeric_NA_NA"/>
    <testcase time="0.00300000000000011" classname="BooleDS_smk_na_check_numeric" name="na_check_BooleDS_numeric_NA_NA"/>
    <testcase time="0.00199999999999534" classname="BooleDS_smk_na_check_numeric" name="na_check_BooleDS_numeric_NA_NA"/>
    <testcase time="0.00199999999999534" classname="BooleDS_smk_na_check_numeric" name="na_check_BooleDS_numeric_NA_NA"/>
    <testcase time="0.00100000000000477" classname="BooleDS_smk_na_check_numeric" name="na_check_BooleDS_numeric_NA_NA"/>
    <testcase time="0.00199999999999534" classname="BooleDS_smk_na_check_numeric" name="na_check_BooleDS_numeric_NA_NA"/>
    <testcase time="0.00400000000000489" classname="BooleDS_smk_na_check_numeric" name="na_check_BooleDS_numeric_NA_0"/>
    <testcase time="0.00100000000000477" classname="BooleDS_smk_na_check_numeric" name="na_check_BooleDS_numeric_NA_0"/>
    <testcase time="0.00199999999999534" classname="BooleDS_smk_na_check_numeric" name="na_check_BooleDS_numeric_NA_0"/>
    <testcase time="0.00100000000000477" classname="BooleDS_smk_na_check_numeric" name="na_check_BooleDS_numeric_NA_0"/>
    <testcase time="0.000999999999990564" classname="BooleDS_smk_na_check_numeric" name="na_check_BooleDS_numeric_NA_0"/>
    <testcase time="0.00200000000000955" classname="BooleDS_smk_na_check_numeric" name="na_check_BooleDS_numeric_NA_0"/>
    <testcase time="0.000999999999990564" classname="BooleDS_smk_na_check_numeric" name="na_check_BooleDS_numeric_NA_0"/>
    <testcase time="0.00400000000000489" classname="BooleDS_smk_na_check_numeric" name="na_check_BooleDS_numeric_NA_1"/>
    <testcase time="0.00100000000000477" classname="BooleDS_smk_na_check_numeric" name="na_check_BooleDS_numeric_NA_1"/>
    <testcase time="0.000999999999990564" classname="BooleDS_smk_na_check_numeric" name="na_check_BooleDS_numeric_NA_1"/>
    <testcase time="0.00200000000000955" classname="BooleDS_smk_na_check_numeric" name="na_check_BooleDS_numeric_NA_1"/>
    <testcase time="0.000999999999990564" classname="BooleDS_smk_na_check_numeric" name="na_check_BooleDS_numeric_NA_1"/>
    <testcase time="0.00200000000000955" classname="BooleDS_smk_na_check_numeric" name="na_check_BooleDS_numeric_NA_1"/>
    <testcase time="0.000999999999990564" classname="BooleDS_smk_na_check_numeric" name="na_check_BooleDS_numeric_NA_1"/>
  </testsuite>
  <testsuite name="BooleDS::smk::na-check logical" timestamp="2025-10-21T01:41:50Z" hostname="runnervmwhb2z" tests="21" skipped="0" failures="0" errors="0" time="0.04">
    <testcase time="0.00500000000000966" classname="BooleDS_smk_na_check_logical" name="na_check_BooleDS_logical_NA_NA"/>
    <testcase time="0.00199999999999534" classname="BooleDS_smk_na_check_logical" name="na_check_BooleDS_logical_NA_NA"/>
    <testcase time="0.00199999999999534" classname="BooleDS_smk_na_check_logical" name="na_check_BooleDS_logical_NA_NA"/>
    <testcase time="0.00300000000000011" classname="BooleDS_smk_na_check_logical" name="na_check_BooleDS_logical_NA_NA"/>
    <testcase time="0.00100000000000477" classname="BooleDS_smk_na_check_logical" name="na_check_BooleDS_logical_NA_NA"/>
    <testcase time="0.00100000000000477" classname="BooleDS_smk_na_check_logical" name="na_check_BooleDS_logical_NA_NA"/>
    <testcase time="0.00300000000000011" classname="BooleDS_smk_na_check_logical" name="na_check_BooleDS_logical_NA_NA"/>
    <testcase time="0.00399999999999068" classname="BooleDS_smk_na_check_logical" name="na_check_BooleDS_logical_NA_0"/>
    <testcase time="0.00100000000000477" classname="BooleDS_smk_na_check_logical" name="na_check_BooleDS_logical_NA_0"/>
    <testcase time="0.00100000000000477" classname="BooleDS_smk_na_check_logical" name="na_check_BooleDS_logical_NA_0"/>
    <testcase time="0.00199999999999534" classname="BooleDS_smk_na_check_logical" name="na_check_BooleDS_logical_NA_0"/>
    <testcase time="0.00100000000000477" classname="BooleDS_smk_na_check_logical" name="na_check_BooleDS_logical_NA_0"/>
    <testcase time="0.000999999999990564" classname="BooleDS_smk_na_check_logical" name="na_check_BooleDS_logical_NA_0"/>
    <testcase time="0.00200000000000955" classname="BooleDS_smk_na_check_logical" name="na_check_BooleDS_logical_NA_0"/>
    <testcase time="0.00300000000000011" classname="BooleDS_smk_na_check_logical" name="na_check_BooleDS_logical_NA_1"/>
    <testcase time="0.00199999999999534" classname="BooleDS_smk_na_check_logical" name="na_check_BooleDS_logical_NA_1"/>
    <testcase time="0.00100000000000477" classname="BooleDS_smk_na_check_logical" name="na_check_BooleDS_logical_NA_1"/>
    <testcase time="0.000999999999990564" classname="BooleDS_smk_na_check_logical" name="na_check_BooleDS_logical_NA_1"/>
    <testcase time="0.00200000000000955" classname="BooleDS_smk_na_check_logical" name="na_check_BooleDS_logical_NA_1"/>
    <testcase time="0.000999999999990564" classname="BooleDS_smk_na_check_logical" name="na_check_BooleDS_logical_NA_1"/>
    <testcase time="0.00100000000000477" classname="BooleDS_smk_na_check_logical" name="na_check_BooleDS_logical_NA_1"/>
  </testsuite>
  <testsuite name="BooleDS::smk::shutdown" timestamp="2025-10-21T01:41:50Z" hostname="runnervmwhb2z" tests="0" skipped="0" failures="0" errors="0" time="0"/>
  <testsuite name="BooleDS::smk::done" timestamp="2025-10-21T01:41:50Z" hostname="runnervmwhb2z" tests="0" skipped="0" failures="0" errors="0" time="0"/>
  <testsuite name="smk-bp_standardsDS" timestamp="2025-10-21T01:41:50Z" hostname="runnervmwhb2z" tests="0" skipped="0" failures="0" errors="0" time="0"/>
  <testsuite name="bp_standardsDS::smk::setup" timestamp="2025-10-21T01:41:50Z" hostname="runnervmwhb2z" tests="0" skipped="0" failures="0" errors="0" time="0"/>
  <testsuite name="bp_standardsDS::smk::systolic" timestamp="2025-10-21T01:41:50Z" hostname="runnervmwhb2z" tests="10" skipped="0" failures="0" errors="0" time="0.028">
    <testcase time="0.0169999999999959" classname="bp_standardsDS_smk_systolic" name="systolic_bp_standardsDS"/>
    <testcase time="0.00100000000000477" classname="bp_standardsDS_smk_systolic" name="systolic_bp_standardsDS"/>
    <testcase time="0.00199999999999534" classname="bp_standardsDS_smk_systolic" name="systolic_bp_standardsDS"/>
    <testcase time="0.00100000000000477" classname="bp_standardsDS_smk_systolic" name="systolic_bp_standardsDS"/>
    <testcase time="0.000999999999990564" classname="bp_standardsDS_smk_systolic" name="systolic_bp_standardsDS"/>
    <testcase time="0.00100000000000477" classname="bp_standardsDS_smk_systolic" name="systolic_bp_standardsDS"/>
    <testcase time="0.00100000000000477" classname="bp_standardsDS_smk_systolic" name="systolic_bp_standardsDS"/>
    <testcase time="0.00199999999999534" classname="bp_standardsDS_smk_systolic" name="systolic_bp_standardsDS"/>
    <testcase time="0.00100000000000477" classname="bp_standardsDS_smk_systolic" name="systolic_bp_standardsDS"/>
    <testcase time="0.000999999999990564" classname="bp_standardsDS_smk_systolic" name="systolic_bp_standardsDS"/>
  </testsuite>
  <testsuite name="bp_standardsDS::smk::diastolic" timestamp="2025-10-21T01:41:50Z" hostname="runnervmwhb2z" tests="10" skipped="0" failures="0" errors="0" time="0.107">
    <testcase time="0.0960000000000036" classname="bp_standardsDS_smk_diastolic" name="diastolic_bp_standardsDS"/>
    <testcase time="0.00100000000000477" classname="bp_standardsDS_smk_diastolic" name="diastolic_bp_standardsDS"/>
    <testcase time="0.00100000000000477" classname="bp_standardsDS_smk_diastolic" name="diastolic_bp_standardsDS"/>
    <testcase time="0.00199999999999534" classname="bp_standardsDS_smk_diastolic" name="diastolic_bp_standardsDS"/>
    <testcase time="0.00100000000000477" classname="bp_standardsDS_smk_diastolic" name="diastolic_bp_standardsDS"/>
    <testcase time="0.000999999999990564" classname="bp_standardsDS_smk_diastolic" name="diastolic_bp_standardsDS"/>
    <testcase time="0.00100000000000477" classname="bp_standardsDS_smk_diastolic" name="diastolic_bp_standardsDS"/>
    <testcase time="0.00199999999999534" classname="bp_standardsDS_smk_diastolic" name="diastolic_bp_standardsDS"/>
    <testcase time="0.00100000000000477" classname="bp_standardsDS_smk_diastolic" name="diastolic_bp_standardsDS"/>
    <testcase time="0.00100000000000477" classname="bp_standardsDS_smk_diastolic" name="diastolic_bp_standardsDS"/>
  </testsuite>
  <testsuite name="bp_standardsDS::smk::shutdown" timestamp="2025-10-21T01:41:50Z" hostname="runnervmwhb2z" tests="0" skipped="0" failures="0" errors="0" time="0"/>
  <testsuite name="bp_standardsDS::smk::done" timestamp="2025-10-21T01:41:50Z" hostname="runnervmwhb2z" tests="0" skipped="0" failures="0" errors="0" time="0"/>
  <testsuite name="smk-cbindDS" timestamp="2025-10-21T01:41:50Z" hostname="runnervmwhb2z" tests="0" skipped="0" failures="0" errors="0" time="0"/>
  <testsuite name="cbindDS::smk::setup" timestamp="2025-10-21T01:41:50Z" hostname="runnervmwhb2z" tests="0" skipped="0" failures="0" errors="0" time="0"/>
  <testsuite name="cbindDS::smk::simple" timestamp="2025-10-21T01:41:50Z" hostname="runnervmwhb2z" tests="8" skipped="0" failures="0" errors="0" time="0.021">
    <testcase time="0.012999999999991" classname="cbindDS_smk_simple" name="simple_cbindDS"/>
    <testcase time="0.00100000000000477" classname="cbindDS_smk_simple" name="simple_cbindDS"/>
    <testcase time="0.000999999999990564" classname="cbindDS_smk_simple" name="simple_cbindDS"/>
    <testcase time="0.00200000000000955" classname="cbindDS_smk_simple" name="simple_cbindDS"/>
    <testcase time="0.000999999999990564" classname="cbindDS_smk_simple" name="simple_cbindDS"/>
    <testcase time="0.00100000000000477" classname="cbindDS_smk_simple" name="simple_cbindDS"/>
    <testcase time="0.00100000000000477" classname="cbindDS_smk_simple" name="simple_cbindDS"/>
    <testcase time="0.000999999999990564" classname="cbindDS_smk_simple" name="simple_cbindDS"/>
  </testsuite>
  <testsuite name="cbindDS::smk::shutdown" timestamp="2025-10-21T01:41:50Z" hostname="runnervmwhb2z" tests="0" skipped="0" failures="0" errors="0" time="0"/>
  <testsuite name="cbindDS::smk::done" timestamp="2025-10-21T01:41:50Z" hostname="runnervmwhb2z" tests="0" skipped="0" failures="0" errors="0" time="0"/>
  <testsuite name="smk-cDS" timestamp="2025-10-21T01:41:50Z" hostname="runnervmwhb2z" tests="0" skipped="0" failures="0" errors="0" time="0"/>
  <testsuite name="cDS::smk::setup" timestamp="2025-10-21T01:41:50Z" hostname="runnervmwhb2z" tests="0" skipped="0" failures="0" errors="0" time="0"/>
  <testsuite name="cDS::smk::numeric list" timestamp="2025-10-21T01:41:50Z" hostname="runnervmwhb2z" tests="6" skipped="0" failures="0" errors="0" time="0.02">
    <testcase time="0.01400000000001" classname="cDS_smk_numeric_list" name="numeric_list_cDS"/>
    <testcase time="0.000999999999990564" classname="cDS_smk_numeric_list" name="numeric_list_cDS"/>
    <testcase time="0.00100000000000477" classname="cDS_smk_numeric_list" name="numeric_list_cDS"/>
    <testcase time="0.00199999999999534" classname="cDS_smk_numeric_list" name="numeric_list_cDS"/>
    <testcase time="0.00100000000000477" classname="cDS_smk_numeric_list" name="numeric_list_cDS"/>
    <testcase time="0.00100000000000477" classname="cDS_smk_numeric_list" name="numeric_list_cDS"/>
  </testsuite>
  <testsuite name="cDS::smk::character list" timestamp="2025-10-21T01:41:50Z" hostname="runnervmwhb2z" tests="6" skipped="0" failures="0" errors="0" time="0.012">
    <testcase time="0.00499999999999545" classname="cDS_smk_character_list" name="character_list_cDS"/>
    <testcase time="0.00199999999999534" classname="cDS_smk_character_list" name="character_list_cDS"/>
    <testcase time="0.00100000000000477" classname="cDS_smk_character_list" name="character_list_cDS"/>
    <testcase time="0.00100000000000477" classname="cDS_smk_character_list" name="character_list_cDS"/>
    <testcase time="0.000999999999990564" classname="cDS_smk_character_list" name="character_list_cDS"/>
    <testcase time="0.00200000000000955" classname="cDS_smk_character_list" name="character_list_cDS"/>
  </testsuite>
  <testsuite name="cDS::smk::numeric list small" timestamp="2025-10-21T01:41:50Z" hostname="runnervmwhb2z" tests="4" skipped="0" failures="0" errors="0" time="0.009">
    <testcase time="0.00499999999999545" classname="cDS_smk_numeric_list_small" name="single_numeric_list_small_cDS"/>
    <testcase time="0.00100000000000477" classname="cDS_smk_numeric_list_small" name="single_numeric_list_small_cDS"/>
    <testcase time="0.000999999999990564" classname="cDS_smk_numeric_list_small" name="single_numeric_list_small_cDS"/>
    <testcase time="0.00200000000000955" classname="cDS_smk_numeric_list_small" name="single_numeric_list_small_cDS"/>
  </testsuite>
  <testsuite name="cDS::smk::empty list" timestamp="2025-10-21T01:41:50Z" hostname="runnervmwhb2z" tests="2" skipped="0" failures="0" errors="0" time="0.006">
    <testcase time="0.00499999999999545" classname="cDS_smk_empty_list" name="empty_list_cDS"/>
    <testcase time="0.00100000000000477" classname="cDS_smk_empty_list" name="empty_list_cDS"/>
  </testsuite>
  <testsuite name="cDS::smk::shutdown" timestamp="2025-10-21T01:41:50Z" hostname="runnervmwhb2z" tests="0" skipped="0" failures="0" errors="0" time="0"/>
  <testsuite name="cDS::smk::done" timestamp="2025-10-21T01:41:50Z" hostname="runnervmwhb2z" tests="0" skipped="0" failures="0" errors="0" time="0"/>
  <testsuite name="smk-changeRefGroupDS" timestamp="2025-10-21T01:41:50Z" hostname="runnervmwhb2z" tests="0" skipped="0" failures="0" errors="0" time="0"/>
  <testsuite name="changeRefGroupDS::smk::setup" timestamp="2025-10-21T01:41:50Z" hostname="runnervmwhb2z" tests="0" skipped="0" failures="0" errors="0" time="0"/>
  <testsuite name="changeRefGroupDS::smk" timestamp="2025-10-21T01:41:50Z" hostname="runnervmwhb2z" tests="32" skipped="0" failures="0" errors="0" time="0.065">
    <testcase time="0.0210000000000008" classname="changeRefGroupDS_smk" name="simple_changeRefGroupDS_reorderByRef_is_FALSE"/>
    <testcase time="0.000999999999990564" classname="changeRefGroupDS_smk" name="simple_changeRefGroupDS_reorderByRef_is_FALSE"/>
    <testcase time="0.00200000000000955" classname="changeRefGroupDS_smk" name="simple_changeRefGroupDS_reorderByRef_is_FALSE"/>
    <testcase time="0.000999999999990564" classname="changeRefGroupDS_smk" name="simple_changeRefGroupDS_reorderByRef_is_FALSE"/>
    <testcase time="0.00100000000000477" classname="changeRefGroupDS_smk" name="simple_changeRefGroupDS_reorderByRef_is_FALSE"/>
    <testcase time="0.00199999999999534" classname="changeRefGroupDS_smk" name="simple_changeRefGroupDS_reorderByRef_is_FALSE"/>
    <testcase time="0.00100000000000477" classname="changeRefGroupDS_smk" name="simple_changeRefGroupDS_reorderByRef_is_FALSE"/>
    <testcase time="0.00100000000000477" classname="changeRefGroupDS_smk" name="simple_changeRefGroupDS_reorderByRef_is_FALSE"/>
    <testcase time="0.00199999999999534" classname="changeRefGroupDS_smk" name="simple_changeRefGroupDS_reorderByRef_is_FALSE"/>
    <testcase time="0.00100000000000477" classname="changeRefGroupDS_smk" name="simple_changeRefGroupDS_reorderByRef_is_FALSE"/>
    <testcase time="0.000999999999990564" classname="changeRefGroupDS_smk" name="simple_changeRefGroupDS_reorderByRef_is_FALSE"/>
    <testcase time="0.00200000000000955" classname="changeRefGroupDS_smk" name="simple_changeRefGroupDS_reorderByRef_is_FALSE"/>
    <testcase time="0.000999999999990564" classname="changeRefGroupDS_smk" name="simple_changeRefGroupDS_reorderByRef_is_FALSE"/>
    <testcase time="0.00100000000000477" classname="changeRefGroupDS_smk" name="simple_changeRefGroupDS_reorderByRef_is_FALSE"/>
    <testcase time="0.00199999999999534" classname="changeRefGroupDS_smk" name="simple_changeRefGroupDS_reorderByRef_is_FALSE"/>
    <testcase time="0.00100000000000477" classname="changeRefGroupDS_smk" name="simple_changeRefGroupDS_reorderByRef_is_FALSE"/>
    <testcase time="0.00100000000000477" classname="changeRefGroupDS_smk" name="simple_changeRefGroupDS_reorderByRef_is_FALSE"/>
    <testcase time="0.000999999999990564" classname="changeRefGroupDS_smk" name="simple_changeRefGroupDS_reorderByRef_is_FALSE"/>
    <testcase time="0.00200000000000955" classname="changeRefGroupDS_smk" name="simple_changeRefGroupDS_reorderByRef_is_FALSE"/>
    <testcase time="0.00399999999999068" classname="changeRefGroupDS_smk" name="simple_changeRefGroupDS_reorderByRef_is_TRUE"/>
    <testcase time="0.00100000000000477" classname="changeRefGroupDS_smk" name="simple_changeRefGroupDS_reorderByRef_is_TRUE"/>
    <testcase time="0.00199999999999534" classname="changeRefGroupDS_smk" name="simple_changeRefGroupDS_reorderByRef_is_TRUE"/>
    <testcase time="0.00100000000000477" classname="changeRefGroupDS_smk" name="simple_changeRefGroupDS_reorderByRef_is_TRUE"/>
    <testcase time="0.00100000000000477" classname="changeRefGroupDS_smk" name="simple_changeRefGroupDS_reorderByRef_is_TRUE"/>
    <testcase time="0.00199999999999534" classname="changeRefGroupDS_smk" name="simple_changeRefGroupDS_reorderByRef_is_TRUE"/>
    <testcase time="0.00100000000000477" classname="changeRefGroupDS_smk" name="simple_changeRefGroupDS_reorderByRef_is_TRUE"/>
    <testcase time="0.000999999999990564" classname="changeRefGroupDS_smk" name="simple_changeRefGroupDS_reorderByRef_is_TRUE"/>
    <testcase time="0.00200000000000955" classname="changeRefGroupDS_smk" name="simple_changeRefGroupDS_reorderByRef_is_TRUE"/>
    <testcase time="0.000999999999990564" classname="changeRefGroupDS_smk" name="simple_changeRefGroupDS_reorderByRef_is_TRUE"/>
    <testcase time="0.00200000000000955" classname="changeRefGroupDS_smk" name="simple_changeRefGroupDS_reorderByRef_is_TRUE"/>
    <testcase time="0.000999999999990564" classname="changeRefGroupDS_smk" name="simple_changeRefGroupDS_reorderByRef_is_TRUE"/>
    <testcase time="0.00100000000000477" classname="changeRefGroupDS_smk" name="simple_changeRefGroupDS_reorderByRef_is_TRUE"/>
  </testsuite>
  <testsuite name="changeRefGroupDS::smk::shutdown" timestamp="2025-10-21T01:41:50Z" hostname="runnervmwhb2z" tests="0" skipped="0" failures="0" errors="0" time="0"/>
  <testsuite name="changeRefGroupDS::smk::done" timestamp="2025-10-21T01:41:50Z" hostname="runnervmwhb2z" tests="0" skipped="0" failures="0" errors="0" time="0"/>
  <testsuite name="smk-checkNegValueDS" timestamp="2025-10-21T01:41:50Z" hostname="runnervmwhb2z" tests="0" skipped="0" failures="0" errors="0" time="0"/>
  <testsuite name="checkNegValueDS::smk::setup" timestamp="2025-10-21T01:41:50Z" hostname="runnervmwhb2z" tests="0" skipped="0" failures="0" errors="0" time="0"/>
  <testsuite name="checkNegValueDS::smk::with no neg" timestamp="2025-10-21T01:41:50Z" hostname="runnervmwhb2z" tests="6" skipped="0" failures="0" errors="0" time="0.021">
    <testcase time="0.012999999999991" classname="checkNegValueDS_smk_with_no_neg" name="simple_checkNegValueDS_with_no_neg_and_no_NA"/>
    <testcase time="0.00100000000000477" classname="checkNegValueDS_smk_with_no_neg" name="simple_checkNegValueDS_with_no_neg_and_no_NA"/>
    <testcase time="0.00199999999999534" classname="checkNegValueDS_smk_with_no_neg" name="simple_checkNegValueDS_with_no_neg_and_no_NA"/>
    <testcase time="0.00300000000000011" classname="checkNegValueDS_smk_with_no_neg" name="simple_checkNegValueDS_with_no_neg_and_NA"/>
    <testcase time="0.00100000000000477" classname="checkNegValueDS_smk_with_no_neg" name="simple_checkNegValueDS_with_no_neg_and_NA"/>
    <testcase time="0.00100000000000477" classname="checkNegValueDS_smk_with_no_neg" name="simple_checkNegValueDS_with_no_neg_and_NA"/>
  </testsuite>
  <testsuite name="checkNegValueDS::smk::with neg" timestamp="2025-10-21T01:41:50Z" hostname="runnervmwhb2z" tests="6" skipped="0" failures="0" errors="0" time="0.014">
    <testcase time="0.00499999999999545" classname="checkNegValueDS_smk_with_neg" name="simple_checkNegValueDS_with_neg_and_no_NA"/>
    <testcase time="0.00199999999999534" classname="checkNegValueDS_smk_with_neg" name="simple_checkNegValueDS_with_neg_and_no_NA"/>
    <testcase time="0.00100000000000477" classname="checkNegValueDS_smk_with_neg" name="simple_checkNegValueDS_with_neg_and_no_NA"/>
    <testcase time="0.00300000000000011" classname="checkNegValueDS_smk_with_neg" name="simple_checkNegValueDS_with_neg_and_NA"/>
    <testcase time="0.00100000000000477" classname="checkNegValueDS_smk_with_neg" name="simple_checkNegValueDS_with_neg_and_NA"/>
    <testcase time="0.00199999999999534" classname="checkNegValueDS_smk_with_neg" name="simple_checkNegValueDS_with_neg_and_NA"/>
  </testsuite>
  <testsuite name="checkNegValueDS::smk::shutdown" timestamp="2025-10-21T01:41:50Z" hostname="runnervmwhb2z" tests="0" skipped="0" failures="0" errors="0" time="0"/>
  <testsuite name="checkNegValueDS::smk::done" timestamp="2025-10-21T01:41:50Z" hostname="runnervmwhb2z" tests="0" skipped="0" failures="0" errors="0" time="0"/>
  <testsuite name="smk-classDS" timestamp="2025-10-21T01:41:50Z" hostname="runnervmwhb2z" tests="0" skipped="0" failures="0" errors="0" time="0"/>
  <testsuite name="classDS::smk::setup" timestamp="2025-10-21T01:41:50Z" hostname="runnervmwhb2z" tests="0" skipped="0" failures="0" errors="0" time="0"/>
  <testsuite name="classDS::smk::character" timestamp="2025-10-21T01:41:50Z" hostname="runnervmwhb2z" tests="6" skipped="0" failures="0" errors="0" time="0.021">
    <testcase time="0.0130000000000052" classname="classDS_smk_character" name="simple_classDS_character"/>
    <testcase time="0.000999999999990564" classname="classDS_smk_character" name="simple_classDS_character"/>
    <testcase time="0.00100000000000477" classname="classDS_smk_character" name="simple_classDS_character"/>
    <testcase time="0.00400000000000489" classname="classDS_smk_character" name="simple_classDS_character_vector"/>
    <testcase time="0.000999999999990564" classname="classDS_smk_character" name="simple_classDS_character_vector"/>
    <testcase time="0.00100000000000477" classname="classDS_smk_character" name="simple_classDS_character_vector"/>
  </testsuite>
  <testsuite name="classDS::smk::integer" timestamp="2025-10-21T01:41:50Z" hostname="runnervmwhb2z" tests="6" skipped="0" failures="0" errors="0" time="0.013">
    <testcase time="0.00499999999999545" classname="classDS_smk_integer" name="simple_classDS_integer"/>
    <testcase time="0.00100000000000477" classname="classDS_smk_integer" name="simple_classDS_integer"/>
    <testcase time="0.00100000000000477" classname="classDS_smk_integer" name="simple_classDS_integer"/>
    <testcase time="0.00399999999999068" classname="classDS_smk_integer" name="simple_classDS_integer_vector"/>
    <testcase time="0.00100000000000477" classname="classDS_smk_integer" name="simple_classDS_integer_vector"/>
    <testcase time="0.00100000000000477" classname="classDS_smk_integer" name="simple_classDS_integer_vector"/>
  </testsuite>
  <testsuite name="classDS::smk::numeric" timestamp="2025-10-21T01:41:50Z" hostname="runnervmwhb2z" tests="6" skipped="0" failures="0" errors="0" time="0.012">
    <testcase time="0.00499999999999545" classname="classDS_smk_numeric" name="simple_classDS_numeric"/>
    <testcase time="0.00100000000000477" classname="classDS_smk_numeric" name="simple_classDS_numeric"/>
    <testcase time="0.000999999999990564" classname="classDS_smk_numeric" name="simple_classDS_numeric"/>
    <testcase time="0.00300000000000011" classname="classDS_smk_numeric" name="simple_classDS_numeric_vector"/>
    <testcase time="0.00100000000000477" classname="classDS_smk_numeric" name="simple_classDS_numeric_vector"/>
    <testcase time="0.000999999999990564" classname="classDS_smk_numeric" name="simple_classDS_numeric_vector"/>
  </testsuite>
  <testsuite name="classDS::smk::logical" timestamp="2025-10-21T01:41:50Z" hostname="runnervmwhb2z" tests="9" skipped="0" failures="0" errors="0" time="0.018">
    <testcase time="0.00500000000000966" classname="classDS_smk_logical" name="simple_classDS_logical_FALSE"/>
    <testcase time="0.000999999999990564" classname="classDS_smk_logical" name="simple_classDS_logical_FALSE"/>
    <testcase time="0.00100000000000477" classname="classDS_smk_logical" name="simple_classDS_logical_FALSE"/>
    <testcase time="0.00300000000000011" classname="classDS_smk_logical" name="simple_classDS_logical_TRUE"/>
    <testcase time="0.00100000000000477" classname="classDS_smk_logical" name="simple_classDS_logical_TRUE"/>
    <testcase time="0.000999999999990564" classname="classDS_smk_logical" name="simple_classDS_logical_TRUE"/>
    <testcase time="0.00400000000000489" classname="classDS_smk_logical" name="simple_classDS_logical_vector"/>
    <testcase time="0.00100000000000477" classname="classDS_smk_logical" name="simple_classDS_logical_vector"/>
    <testcase time="0.000999999999990564" classname="classDS_smk_logical" name="simple_classDS_logical_vector"/>
  </testsuite>
  <testsuite name="classDS::smk::data.frame" timestamp="2025-10-21T01:41:50Z" hostname="runnervmwhb2z" tests="3" skipped="0" failures="0" errors="0" time="0.007">
    <testcase time="0.00500000000000966" classname="classDS_smk_data.frame" name="simple_classDS_data.frame"/>
    <testcase time="0.000999999999990564" classname="classDS_smk_data.frame" name="simple_classDS_data.frame"/>
    <testcase time="0.00100000000000477" classname="classDS_smk_data.frame" name="simple_classDS_data.frame"/>
  </testsuite>
  <testsuite name="classDS::smk::array" timestamp="2025-10-21T01:41:50Z" hostname="runnervmwhb2z" tests="3" skipped="0" failures="0" errors="0" time="0.007">
    <testcase time="0.00499999999999545" classname="classDS_smk_array" name="simple_classDS_array"/>
    <testcase time="0.00100000000000477" classname="classDS_smk_array" name="simple_classDS_array"/>
    <testcase time="0.000999999999990564" classname="classDS_smk_array" name="simple_classDS_array"/>
  </testsuite>
  <testsuite name="classDS::smk::matrix" timestamp="2025-10-21T01:41:50Z" hostname="runnervmwhb2z" tests="4" skipped="0" failures="0" errors="0" time="0.02">
    <testcase time="0.0130000000000052" classname="classDS_smk_matrix" name="simple_classDS_matrix"/>
    <testcase time="0.000999999999990564" classname="classDS_smk_matrix" name="simple_classDS_matrix"/>
    <testcase time="0.00300000000000011" classname="classDS_smk_matrix" name="simple_classDS_matrix"/>
    <testcase time="0.00300000000000011" classname="classDS_smk_matrix" name="simple_classDS_matrix"/>
  </testsuite>
  <testsuite name="classDS::smk::data.matrix" timestamp="2025-10-21T01:41:50Z" hostname="runnervmwhb2z" tests="4" skipped="0" failures="0" errors="0" time="0.012">
    <testcase time="0.00600000000000023" classname="classDS_smk_data.matrix" name="simple_classDS_data.matrix"/>
    <testcase time="0.00100000000000477" classname="classDS_smk_data.matrix" name="simple_classDS_data.matrix"/>
    <testcase time="0.00300000000000011" classname="classDS_smk_data.matrix" name="simple_classDS_data.matrix"/>
    <testcase time="0.00199999999999534" classname="classDS_smk_data.matrix" name="simple_classDS_data.matrix"/>
  </testsuite>
  <testsuite name="classDS::smk::date" timestamp="2025-10-21T01:41:50Z" hostname="runnervmwhb2z" tests="3" skipped="0" failures="0" errors="0" time="0.008">
    <testcase time="0.00500000000000966" classname="classDS_smk_date" name="simple_classDS_date"/>
    <testcase time="0.000999999999990564" classname="classDS_smk_date" name="simple_classDS_date"/>
    <testcase time="0.00200000000000955" classname="classDS_smk_date" name="simple_classDS_date"/>
  </testsuite>
  <testsuite name="classDS::smk::formula" timestamp="2025-10-21T01:41:50Z" hostname="runnervmwhb2z" tests="3" skipped="0" failures="0" errors="0" time="0.007">
    <testcase time="0.00399999999999068" classname="classDS_smk_formula" name="simple_classDS_formula"/>
    <testcase time="0.00100000000000477" classname="classDS_smk_formula" name="simple_classDS_formula"/>
    <testcase time="0.00199999999999534" classname="classDS_smk_formula" name="simple_classDS_formula"/>
  </testsuite>
  <testsuite name="classDS::smk::environment" timestamp="2025-10-21T01:41:50Z" hostname="runnervmwhb2z" tests="3" skipped="0" failures="0" errors="0" time="0.007">
    <testcase time="0.00400000000000489" classname="classDS_smk_environment" name="simple_classDS_environment"/>
    <testcase time="0.00199999999999534" classname="classDS_smk_environment" name="simple_classDS_environment"/>
    <testcase time="0.00100000000000477" classname="classDS_smk_environment" name="simple_classDS_environment"/>
  </testsuite>
  <testsuite name="classDS::smk::NA" timestamp="2025-10-21T01:41:50Z" hostname="runnervmwhb2z" tests="3" skipped="0" failures="0" errors="0" time="0.007">
    <testcase time="0.00499999999999545" classname="classDS_smk_NA" name="special_classDS_NA"/>
    <testcase time="0.00100000000000477" classname="classDS_smk_NA" name="special_classDS_NA"/>
    <testcase time="0.00100000000000477" classname="classDS_smk_NA" name="special_classDS_NA"/>
  </testsuite>
  <testsuite name="classDS::smk::NULL" timestamp="2025-10-21T01:41:50Z" hostname="runnervmwhb2z" tests="3" skipped="0" failures="0" errors="0" time="0.007">
    <testcase time="0.00499999999999545" classname="classDS_smk_NULL" name="special_classDS_NULL"/>
    <testcase time="0.00100000000000477" classname="classDS_smk_NULL" name="special_classDS_NULL"/>
    <testcase time="0.000999999999990564" classname="classDS_smk_NULL" name="special_classDS_NULL"/>
  </testsuite>
  <testsuite name="classDS::smk::shutdown" timestamp="2025-10-21T01:41:50Z" hostname="runnervmwhb2z" tests="0" skipped="0" failures="0" errors="0" time="0"/>
  <testsuite name="classDS::smk::done" timestamp="2025-10-21T01:41:50Z" hostname="runnervmwhb2z" tests="0" skipped="0" failures="0" errors="0" time="0"/>
  <testsuite name="smk-colnamesDS" timestamp="2025-10-21T01:41:50Z" hostname="runnervmwhb2z" tests="0" skipped="0" failures="0" errors="0" time="0"/>
  <testsuite name="colnamesDS::smk::setup" timestamp="2025-10-21T01:41:50Z" hostname="runnervmwhb2z" tests="0" skipped="0" failures="0" errors="0" time="0"/>
  <testsuite name="colnamesDS::smk::data.frame" timestamp="2025-10-21T01:41:50Z" hostname="runnervmwhb2z" tests="4" skipped="0" failures="0" errors="0" time="0.02">
    <testcase time="0.0130000000000052" classname="colnamesDS_smk_data.frame" name="simple_colnamesDS_data.frame"/>
    <testcase time="0.00100000000000477" classname="colnamesDS_smk_data.frame" name="simple_colnamesDS_data.frame"/>
    <testcase time="0.00300000000000011" classname="colnamesDS_smk_data.frame" name="simple_colnamesDS_data.frame"/>
    <testcase time="0.00300000000000011" classname="colnamesDS_smk_data.frame" name="simple_colnamesDS_data.frame"/>
  </testsuite>
  <testsuite name="colnamesDS::smk::data.matrix" timestamp="2025-10-21T01:41:50Z" hostname="runnervmwhb2z" tests="4" skipped="0" failures="0" errors="0" time="0.011">
    <testcase time="0.00499999999999545" classname="colnamesDS_smk_data.matrix" name="simple_colnamesDS_data.matrix"/>
    <testcase time="0.00100000000000477" classname="colnamesDS_smk_data.matrix" name="simple_colnamesDS_data.matrix"/>
    <testcase time="0.00300000000000011" classname="colnamesDS_smk_data.matrix" name="simple_colnamesDS_data.matrix"/>
    <testcase time="0.00199999999999534" classname="colnamesDS_smk_data.matrix" name="simple_colnamesDS_data.matrix"/>
  </testsuite>
  <testsuite name="colnamesDS::smk::shutdown" timestamp="2025-10-21T01:41:50Z" hostname="runnervmwhb2z" tests="0" skipped="0" failures="0" errors="0" time="0"/>
  <testsuite name="colnamesDS::smk::done" timestamp="2025-10-21T01:41:50Z" hostname="runnervmwhb2z" tests="0" skipped="0" failures="0" errors="0" time="0"/>
  <testsuite name="smk-completeCasesDS" timestamp="2025-10-21T01:41:50Z" hostname="runnervmwhb2z" tests="0" skipped="0" failures="0" errors="0" time="0"/>
  <testsuite name="completeCasesDS::smk::setup" timestamp="2025-10-21T01:41:50Z" hostname="runnervmwhb2z" tests="0" skipped="0" failures="0" errors="0" time="0"/>
  <testsuite name="completeCasesDS::smk::vector" timestamp="2025-10-21T01:41:50Z" hostname="runnervmwhb2z" tests="11" skipped="0" failures="0" errors="0" time="0.069">
    <testcase time="0.0139999999999958" classname="completeCasesDS_smk_vector" name="simple_completeCasesDS_vector_with_no_NAs"/>
    <testcase time="0.00100000000000477" classname="completeCasesDS_smk_vector" name="simple_completeCasesDS_vector_with_no_NAs"/>
    <testcase time="0.00100000000000477" classname="completeCasesDS_smk_vector" name="simple_completeCasesDS_vector_with_no_NAs"/>
    <testcase time="0.000999999999990564" classname="completeCasesDS_smk_vector" name="simple_completeCasesDS_vector_with_no_NAs"/>
    <testcase time="0.00200000000000955" classname="completeCasesDS_smk_vector" name="simple_completeCasesDS_vector_with_no_NAs"/>
    <testcase time="0.000999999999990564" classname="completeCasesDS_smk_vector" name="simple_completeCasesDS_vector_with_no_NAs"/>
    <testcase time="0.0360000000000014" classname="completeCasesDS_smk_vector" name="simple_completeCasesDS_vector_with_NAs"/>
    <testcase time="0.00100000000000477" classname="completeCasesDS_smk_vector" name="simple_completeCasesDS_vector_with_NAs"/>
    <testcase time="0.00199999999999534" classname="completeCasesDS_smk_vector" name="simple_completeCasesDS_vector_with_NAs"/>
    <testcase time="0.00900000000000034" classname="completeCasesDS_smk_vector" name="simple_completeCasesDS_vector_with_NAs"/>
    <testcase time="0.00100000000000477" classname="completeCasesDS_smk_vector" name="simple_completeCasesDS_vector_with_NAs"/>
  </testsuite>
  <testsuite name="completeCasesDS::smk::data.frame" timestamp="2025-10-21T01:41:50Z" hostname="runnervmwhb2z" tests="28" skipped="0" failures="0" errors="0" time="0.044">
    <testcase time="0.00600000000000023" classname="completeCasesDS_smk_data.frame" name="simple_completeCasesDS_data.frame_with_no_NAs"/>
    <testcase time="0.00199999999999534" classname="completeCasesDS_smk_data.frame" name="simple_completeCasesDS_data.frame_with_no_NAs"/>
    <testcase time="0.00100000000000477" classname="completeCasesDS_smk_data.frame" name="simple_completeCasesDS_data.frame_with_no_NAs"/>
    <testcase time="0.000999999999990564" classname="completeCasesDS_smk_data.frame" name="simple_completeCasesDS_data.frame_with_no_NAs"/>
    <testcase time="0.00100000000000477" classname="completeCasesDS_smk_data.frame" name="simple_completeCasesDS_data.frame_with_no_NAs"/>
    <testcase time="0.00199999999999534" classname="completeCasesDS_smk_data.frame" name="simple_completeCasesDS_data.frame_with_no_NAs"/>
    <testcase time="0.00100000000000477" classname="completeCasesDS_smk_data.frame" name="simple_completeCasesDS_data.frame_with_no_NAs"/>
    <testcase time="0.00199999999999534" classname="completeCasesDS_smk_data.frame" name="simple_completeCasesDS_data.frame_with_no_NAs"/>
    <testcase time="0.00100000000000477" classname="completeCasesDS_smk_data.frame" name="simple_completeCasesDS_data.frame_with_no_NAs"/>
    <testcase time="0.00100000000000477" classname="completeCasesDS_smk_data.frame" name="simple_completeCasesDS_data.frame_with_no_NAs"/>
    <testcase time="0.000999999999990564" classname="completeCasesDS_smk_data.frame" name="simple_completeCasesDS_data.frame_with_no_NAs"/>
    <testcase time="0.00200000000000955" classname="completeCasesDS_smk_data.frame" name="simple_completeCasesDS_data.frame_with_no_NAs"/>
    <testcase time="0.000999999999990564" classname="completeCasesDS_smk_data.frame" name="simple_completeCasesDS_data.frame_with_no_NAs"/>
    <testcase time="0.00100000000000477" classname="completeCasesDS_smk_data.frame" name="simple_completeCasesDS_data.frame_with_no_NAs"/>
    <testcase time="0.00100000000000477" classname="completeCasesDS_smk_data.frame" name="simple_completeCasesDS_data.frame_with_no_NAs"/>
    <testcase time="0.00199999999999534" classname="completeCasesDS_smk_data.frame" name="simple_completeCasesDS_data.frame_with_no_NAs"/>
    <testcase time="0.00100000000000477" classname="completeCasesDS_smk_data.frame" name="simple_completeCasesDS_data.frame_with_no_NAs"/>
    <testcase time="0.00399999999999068" classname="completeCasesDS_smk_data.frame" name="simple_completeCasesDS_data.frame_with_NAs"/>
    <testcase time="0.00100000000000477" classname="completeCasesDS_smk_data.frame" name="simple_completeCasesDS_data.frame_with_NAs"/>
    <testcase time="0.00100000000000477" classname="completeCasesDS_smk_data.frame" name="simple_completeCasesDS_data.frame_with_NAs"/>
    <testcase time="0.00199999999999534" classname="completeCasesDS_smk_data.frame" name="simple_completeCasesDS_data.frame_with_NAs"/>
    <testcase time="0.00100000000000477" classname="completeCasesDS_smk_data.frame" name="simple_completeCasesDS_data.frame_with_NAs"/>
    <testcase time="0.000999999999990564" classname="completeCasesDS_smk_data.frame" name="simple_completeCasesDS_data.frame_with_NAs"/>
    <testcase time="0.00200000000000955" classname="completeCasesDS_smk_data.frame" name="simple_completeCasesDS_data.frame_with_NAs"/>
    <testcase time="0.000999999999990564" classname="completeCasesDS_smk_data.frame" name="simple_completeCasesDS_data.frame_with_NAs"/>
    <testcase time="0.00100000000000477" classname="completeCasesDS_smk_data.frame" name="simple_completeCasesDS_data.frame_with_NAs"/>
    <testcase time="0.00100000000000477" classname="completeCasesDS_smk_data.frame" name="simple_completeCasesDS_data.frame_with_NAs"/>
    <testcase time="0.00199999999999534" classname="completeCasesDS_smk_data.frame" name="simple_completeCasesDS_data.frame_with_NAs"/>
  </testsuite>
  <testsuite name="completeCasesDS::smk::matrix" timestamp="2025-10-21T01:41:50Z" hostname="runnervmwhb2z" tests="12" skipped="0" failures="0" errors="0" time="0.021">
    <testcase time="0.00499999999999545" classname="completeCasesDS_smk_matrix" name="simple_completeCasesDS_matrix_with_no_NAs"/>
    <testcase time="0.00100000000000477" classname="completeCasesDS_smk_matrix" name="simple_completeCasesDS_matrix_with_no_NAs"/>
    <testcase time="0.00100000000000477" classname="completeCasesDS_smk_matrix" name="simple_completeCasesDS_matrix_with_no_NAs"/>
    <testcase time="0.00199999999999534" classname="completeCasesDS_smk_matrix" name="simple_completeCasesDS_matrix_with_no_NAs"/>
    <testcase time="0.00100000000000477" classname="completeCasesDS_smk_matrix" name="simple_completeCasesDS_matrix_with_no_NAs"/>
    <testcase time="0.000999999999990564" classname="completeCasesDS_smk_matrix" name="simple_completeCasesDS_matrix_with_no_NAs"/>
    <testcase time="0.00200000000000955" classname="completeCasesDS_smk_matrix" name="simple_completeCasesDS_matrix_with_no_NAs"/>
    <testcase time="0.00300000000000011" classname="completeCasesDS_smk_matrix" name="simple_completeCasesDS_matrix_with_NAs"/>
    <testcase time="0.000999999999990564" classname="completeCasesDS_smk_matrix" name="simple_completeCasesDS_matrix_with_NAs"/>
    <testcase time="0.00100000000000477" classname="completeCasesDS_smk_matrix" name="simple_completeCasesDS_matrix_with_NAs"/>
    <testcase time="0.00199999999999534" classname="completeCasesDS_smk_matrix" name="simple_completeCasesDS_matrix_with_NAs"/>
    <testcase time="0.00100000000000477" classname="completeCasesDS_smk_matrix" name="simple_completeCasesDS_matrix_with_NAs"/>
  </testsuite>
  <testsuite name="completeCasesDS::smk::data.matrix" timestamp="2025-10-21T01:41:50Z" hostname="runnervmwhb2z" tests="28" skipped="0" failures="0" errors="0" time="0.048">
    <testcase time="0.00600000000000023" classname="completeCasesDS_smk_data.matrix" name="simple_completeCasesDS_data.matrix_with_no_NAs"/>
    <testcase time="0.00199999999999534" classname="completeCasesDS_smk_data.matrix" name="simple_completeCasesDS_data.matrix_with_no_NAs"/>
    <testcase time="0.00300000000000011" classname="completeCasesDS_smk_data.matrix" name="simple_completeCasesDS_data.matrix_with_no_NAs"/>
    <testcase time="0.00100000000000477" classname="completeCasesDS_smk_data.matrix" name="simple_completeCasesDS_data.matrix_with_no_NAs"/>
    <testcase time="0.00100000000000477" classname="completeCasesDS_smk_data.matrix" name="simple_completeCasesDS_data.matrix_with_no_NAs"/>
    <testcase time="0.00199999999999534" classname="completeCasesDS_smk_data.matrix" name="simple_completeCasesDS_data.matrix_with_no_NAs"/>
    <testcase time="0.00100000000000477" classname="completeCasesDS_smk_data.matrix" name="simple_completeCasesDS_data.matrix_with_no_NAs"/>
    <testcase time="0.000999999999990564" classname="completeCasesDS_smk_data.matrix" name="simple_completeCasesDS_data.matrix_with_no_NAs"/>
    <testcase time="0.00100000000000477" classname="completeCasesDS_smk_data.matrix" name="simple_completeCasesDS_data.matrix_with_no_NAs"/>
    <testcase time="0.00199999999999534" classname="completeCasesDS_smk_data.matrix" name="simple_completeCasesDS_data.matrix_with_no_NAs"/>
    <testcase time="0.00100000000000477" classname="completeCasesDS_smk_data.matrix" name="simple_completeCasesDS_data.matrix_with_no_NAs"/>
    <testcase time="0.00100000000000477" classname="completeCasesDS_smk_data.matrix" name="simple_completeCasesDS_data.matrix_with_no_NAs"/>
    <testcase time="0.000999999999990564" classname="completeCasesDS_smk_data.matrix" name="simple_completeCasesDS_data.matrix_with_no_NAs"/>
    <testcase time="0.00200000000000955" classname="completeCasesDS_smk_data.matrix" name="simple_completeCasesDS_data.matrix_with_no_NAs"/>
    <testcase time="0.000999999999990564" classname="completeCasesDS_smk_data.matrix" name="simple_completeCasesDS_data.matrix_with_no_NAs"/>
    <testcase time="0.00100000000000477" classname="completeCasesDS_smk_data.matrix" name="simple_completeCasesDS_data.matrix_with_no_NAs"/>
    <testcase time="0.000999999999990564" classname="completeCasesDS_smk_data.matrix" name="simple_completeCasesDS_data.matrix_with_no_NAs"/>
    <testcase time="0.00400000000000489" classname="completeCasesDS_smk_data.matrix" name="simple_completeCasesDS_data.matrix_with_NAs"/>
    <testcase time="0.00300000000000011" classname="completeCasesDS_smk_data.matrix" name="simple_completeCasesDS_data.matrix_with_NAs"/>
    <testcase time="0.00199999999999534" classname="completeCasesDS_smk_data.matrix" name="simple_completeCasesDS_data.matrix_with_NAs"/>
    <testcase time="0.00200000000000955" classname="completeCasesDS_smk_data.matrix" name="simple_completeCasesDS_data.matrix_with_NAs"/>
    <testcase time="0.000999999999990564" classname="completeCasesDS_smk_data.matrix" name="simple_completeCasesDS_data.matrix_with_NAs"/>
    <testcase time="0.00100000000000477" classname="completeCasesDS_smk_data.matrix" name="simple_completeCasesDS_data.matrix_with_NAs"/>
    <testcase time="0.00199999999999534" classname="completeCasesDS_smk_data.matrix" name="simple_completeCasesDS_data.matrix_with_NAs"/>
    <testcase time="0.00100000000000477" classname="completeCasesDS_smk_data.matrix" name="simple_completeCasesDS_data.matrix_with_NAs"/>
    <testcase time="0.00100000000000477" classname="completeCasesDS_smk_data.matrix" name="simple_completeCasesDS_data.matrix_with_NAs"/>
    <testcase time="0.000999999999990564" classname="completeCasesDS_smk_data.matrix" name="simple_completeCasesDS_data.matrix_with_NAs"/>
    <testcase time="0.00200000000000955" classname="completeCasesDS_smk_data.matrix" name="simple_completeCasesDS_data.matrix_with_NAs"/>
  </testsuite>
  <testsuite name="completeCasesDS::smk::shutdown" timestamp="2025-10-21T01:41:50Z" hostname="runnervmwhb2z" tests="0" skipped="0" failures="0" errors="0" time="0"/>
  <testsuite name="completeCasesDS::smk::done" timestamp="2025-10-21T01:41:50Z" hostname="runnervmwhb2z" tests="0" skipped="0" failures="0" errors="0" time="0"/>
  <testsuite name="smk-corDS" timestamp="2025-10-21T01:41:50Z" hostname="runnervmwhb2z" tests="0" skipped="0" failures="0" errors="0" time="0"/>
  <testsuite name="corDS::smk::setup" timestamp="2025-10-21T01:41:50Z" hostname="runnervmwhb2z" tests="0" skipped="0" failures="0" errors="0" time="0"/>
  <testsuite name="corDS::smk::casewise without na" timestamp="2025-10-21T01:41:50Z" hostname="runnervmwhb2z" tests="108" skipped="0" failures="0" errors="0" time="0.312">
    <testcase time="0.0159999999999911" classname="corDS_smk_casewise_without_na" name="simple_corDS_casewise_full"/>
    <testcase time="0.00100000000000477" classname="corDS_smk_casewise_without_na" name="simple_corDS_casewise_full"/>
    <testcase time="0.00199999999999534" classname="corDS_smk_casewise_without_na" name="simple_corDS_casewise_full"/>
    <testcase time="0.00200000000000955" classname="corDS_smk_casewise_without_na" name="simple_corDS_casewise_full"/>
    <testcase time="0.00300000000000011" classname="corDS_smk_casewise_without_na" name="simple_corDS_casewise_full"/>
    <testcase time="0.000999999999990564" classname="corDS_smk_casewise_without_na" name="simple_corDS_casewise_full"/>
    <testcase time="0.00100000000000477" classname="corDS_smk_casewise_without_na" name="simple_corDS_casewise_full"/>
    <testcase time="0.00199999999999534" classname="corDS_smk_casewise_without_na" name="simple_corDS_casewise_full"/>
    <testcase time="0.00100000000000477" classname="corDS_smk_casewise_without_na" name="simple_corDS_casewise_full"/>
    <testcase time="0.00100000000000477" classname="corDS_smk_casewise_without_na" name="simple_corDS_casewise_full"/>
    <testcase time="0.00199999999999534" classname="corDS_smk_casewise_without_na" name="simple_corDS_casewise_full"/>
    <testcase time="0.00199999999999534" classname="corDS_smk_casewise_without_na" name="simple_corDS_casewise_full"/>
    <testcase time="0.00300000000000011" classname="corDS_smk_casewise_without_na" name="simple_corDS_casewise_full"/>
    <testcase time="0.00100000000000477" classname="corDS_smk_casewise_without_na" name="simple_corDS_casewise_full"/>
    <testcase time="0.00100000000000477" classname="corDS_smk_casewise_without_na" name="simple_corDS_casewise_full"/>
    <testcase time="0.00199999999999534" classname="corDS_smk_casewise_without_na" name="simple_corDS_casewise_full"/>
    <testcase time="0.00100000000000477" classname="corDS_smk_casewise_without_na" name="simple_corDS_casewise_full"/>
    <testcase time="0.00900000000000034" classname="corDS_smk_casewise_without_na" name="simple_corDS_casewise_full"/>
    <testcase time="0.00199999999999534" classname="corDS_smk_casewise_without_na" name="simple_corDS_casewise_full"/>
    <testcase time="0.00300000000000011" classname="corDS_smk_casewise_without_na" name="simple_corDS_casewise_full"/>
    <testcase time="0.00300000000000011" classname="corDS_smk_casewise_without_na" name="simple_corDS_casewise_full"/>
    <testcase time="0.00100000000000477" classname="corDS_smk_casewise_without_na" name="simple_corDS_casewise_full"/>
    <testcase time="0.00199999999999534" classname="corDS_smk_casewise_without_na" name="simple_corDS_casewise_full"/>
    <testcase time="0.00100000000000477" classname="corDS_smk_casewise_without_na" name="simple_corDS_casewise_full"/>
    <testcase time="0.000999999999990564" classname="corDS_smk_casewise_without_na" name="simple_corDS_casewise_full"/>
    <testcase time="0.00200000000000955" classname="corDS_smk_casewise_without_na" name="simple_corDS_casewise_full"/>
    <testcase time="0.000999999999990564" classname="corDS_smk_casewise_without_na" name="simple_corDS_casewise_full"/>
    <testcase time="0.00200000000000955" classname="corDS_smk_casewise_without_na" name="simple_corDS_casewise_full"/>
    <testcase time="0.000999999999990564" classname="corDS_smk_casewise_without_na" name="simple_corDS_casewise_full"/>
    <testcase time="0.00300000000000011" classname="corDS_smk_casewise_without_na" name="simple_corDS_casewise_full"/>
    <testcase time="0.00200000000000955" classname="corDS_smk_casewise_without_na" name="simple_corDS_casewise_full"/>
    <testcase time="0.00199999999999534" classname="corDS_smk_casewise_without_na" name="simple_corDS_casewise_full"/>
    <testcase time="0.00100000000000477" classname="corDS_smk_casewise_without_na" name="simple_corDS_casewise_full"/>
    <testcase time="0.00199999999999534" classname="corDS_smk_casewise_without_na" name="simple_corDS_casewise_full"/>
    <testcase time="0.00100000000000477" classname="corDS_smk_casewise_without_na" name="simple_corDS_casewise_full"/>
    <testcase time="0.000999999999990564" classname="corDS_smk_casewise_without_na" name="simple_corDS_casewise_full"/>
    <testcase time="0.0840000000000032" classname="corDS_smk_casewise_without_na" name="simple_corDS_casewise_neg._full"/>
    <testcase time="0.00199999999999534" classname="corDS_smk_casewise_without_na" name="simple_corDS_casewise_neg._full"/>
    <testcase time="0.00200000000000955" classname="corDS_smk_casewise_without_na" name="simple_corDS_casewise_neg._full"/>
    <testcase time="0.00300000000000011" classname="corDS_smk_casewise_without_na" name="simple_corDS_casewise_neg._full"/>
    <testcase time="0.00300000000000011" classname="corDS_smk_casewise_without_na" name="simple_corDS_casewise_neg._full"/>
    <testcase time="0.000999999999990564" classname="corDS_smk_casewise_without_na" name="simple_corDS_casewise_neg._full"/>
    <testcase time="0.00200000000000955" classname="corDS_smk_casewise_without_na" name="simple_corDS_casewise_neg._full"/>
    <testcase time="0.000999999999990564" classname="corDS_smk_casewise_without_na" name="simple_corDS_casewise_neg._full"/>
    <testcase time="0.00200000000000955" classname="corDS_smk_casewise_without_na" name="simple_corDS_casewise_neg._full"/>
    <testcase time="0.000999999999990564" classname="corDS_smk_casewise_without_na" name="simple_corDS_casewise_neg._full"/>
    <testcase time="0.00200000000000955" classname="corDS_smk_casewise_without_na" name="simple_corDS_casewise_neg._full"/>
    <testcase time="0.00199999999999534" classname="corDS_smk_casewise_without_na" name="simple_corDS_casewise_neg._full"/>
    <testcase time="0.00199999999999534" classname="corDS_smk_casewise_without_na" name="simple_corDS_casewise_neg._full"/>
    <testcase time="0.00199999999999534" classname="corDS_smk_casewise_without_na" name="simple_corDS_casewise_neg._full"/>
    <testcase time="0.00100000000000477" classname="corDS_smk_casewise_without_na" name="simple_corDS_casewise_neg._full"/>
    <testcase time="0.00199999999999534" classname="corDS_smk_casewise_without_na" name="simple_corDS_casewise_neg._full"/>
    <testcase time="0.00100000000000477" classname="corDS_smk_casewise_without_na" name="simple_corDS_casewise_neg._full"/>
    <testcase time="0.00199999999999534" classname="corDS_smk_casewise_without_na" name="simple_corDS_casewise_neg._full"/>
    <testcase time="0.0100000000000051" classname="corDS_smk_casewise_without_na" name="simple_corDS_casewise_neg._full"/>
    <testcase time="0.00300000000000011" classname="corDS_smk_casewise_without_na" name="simple_corDS_casewise_neg._full"/>
    <testcase time="0.00300000000000011" classname="corDS_smk_casewise_without_na" name="simple_corDS_casewise_neg._full"/>
    <testcase time="0.00199999999999534" classname="corDS_smk_casewise_without_na" name="simple_corDS_casewise_neg._full"/>
    <testcase time="0.00100000000000477" classname="corDS_smk_casewise_without_na" name="simple_corDS_casewise_neg._full"/>
    <testcase time="0.00199999999999534" classname="corDS_smk_casewise_without_na" name="simple_corDS_casewise_neg._full"/>
    <testcase time="0.00200000000000955" classname="corDS_smk_casewise_without_na" name="simple_corDS_casewise_neg._full"/>
    <testcase time="0.000999999999990564" classname="corDS_smk_casewise_without_na" name="simple_corDS_casewise_neg._full"/>
    <testcase time="0.00200000000000955" classname="corDS_smk_casewise_without_na" name="simple_corDS_casewise_neg._full"/>
    <testcase time="0.000999999999990564" classname="corDS_smk_casewise_without_na" name="simple_corDS_casewise_neg._full"/>
    <testcase time="0.00200000000000955" classname="corDS_smk_casewise_without_na" name="simple_corDS_casewise_neg._full"/>
    <testcase time="0.0029999999999859" classname="corDS_smk_casewise_without_na" name="simple_corDS_casewise_neg._full"/>
    <testcase time="0.00300000000000011" classname="corDS_smk_casewise_without_na" name="simple_corDS_casewise_neg._full"/>
    <testcase time="0.00100000000000477" classname="corDS_smk_casewise_without_na" name="simple_corDS_casewise_neg._full"/>
    <testcase time="0.00199999999999534" classname="corDS_smk_casewise_without_na" name="simple_corDS_casewise_neg._full"/>
    <testcase time="0.00100000000000477" classname="corDS_smk_casewise_without_na" name="simple_corDS_casewise_neg._full"/>
    <testcase time="0.00199999999999534" classname="corDS_smk_casewise_without_na" name="simple_corDS_casewise_neg._full"/>
    <testcase time="0.00200000000000955" classname="corDS_smk_casewise_without_na" name="simple_corDS_casewise_neg._full"/>
    <testcase time="0.00499999999999545" classname="corDS_smk_casewise_without_na" name="simple_corDS_casewise_some"/>
    <testcase time="0.00100000000000477" classname="corDS_smk_casewise_without_na" name="simple_corDS_casewise_some"/>
    <testcase time="0.00199999999999534" classname="corDS_smk_casewise_without_na" name="simple_corDS_casewise_some"/>
    <testcase time="0.00300000000000011" classname="corDS_smk_casewise_without_na" name="simple_corDS_casewise_some"/>
    <testcase time="0.00300000000000011" classname="corDS_smk_casewise_without_na" name="simple_corDS_casewise_some"/>
    <testcase time="0.00100000000000477" classname="corDS_smk_casewise_without_na" name="simple_corDS_casewise_some"/>
    <testcase time="0.00199999999999534" classname="corDS_smk_casewise_without_na" name="simple_corDS_casewise_some"/>
    <testcase time="0.00100000000000477" classname="corDS_smk_casewise_without_na" name="simple_corDS_casewise_some"/>
    <testcase time="0.00199999999999534" classname="corDS_smk_casewise_without_na" name="simple_corDS_casewise_some"/>
    <testcase time="0.00199999999999534" classname="corDS_smk_casewise_without_na" name="simple_corDS_casewise_some"/>
    <testcase time="0.00100000000000477" classname="corDS_smk_casewise_without_na" name="simple_corDS_casewise_some"/>
    <testcase time="0.00300000000000011" classname="corDS_smk_casewise_without_na" name="simple_corDS_casewise_some"/>
    <testcase time="0.00300000000000011" classname="corDS_smk_casewise_without_na" name="simple_corDS_casewise_some"/>
    <testcase time="0.00199999999999534" classname="corDS_smk_casewise_without_na" name="simple_corDS_casewise_some"/>
    <testcase time="0.00100000000000477" classname="corDS_smk_casewise_without_na" name="simple_corDS_casewise_some"/>
    <testcase time="0.00199999999999534" classname="corDS_smk_casewise_without_na" name="simple_corDS_casewise_some"/>
    <testcase time="0.00200000000000955" classname="corDS_smk_casewise_without_na" name="simple_corDS_casewise_some"/>
    <testcase time="0.000999999999990564" classname="corDS_smk_casewise_without_na" name="simple_corDS_casewise_some"/>
    <testcase time="0.00200000000000955" classname="corDS_smk_casewise_without_na" name="simple_corDS_casewise_some"/>
    <testcase time="0.00300000000000011" classname="corDS_smk_casewise_without_na" name="simple_corDS_casewise_some"/>
    <testcase time="0.00300000000000011" classname="corDS_smk_casewise_without_na" name="simple_corDS_casewise_some"/>
    <testcase time="0.000999999999990564" classname="corDS_smk_casewise_without_na" name="simple_corDS_casewise_some"/>
    <testcase time="0.00200000000000955" classname="corDS_smk_casewise_without_na" name="simple_corDS_casewise_some"/>
    <testcase time="0.00199999999999534" classname="corDS_smk_casewise_without_na" name="simple_corDS_casewise_some"/>
    <testcase time="0.00100000000000477" classname="corDS_smk_casewise_without_na" name="simple_corDS_casewise_some"/>
    <testcase time="0.00199999999999534" classname="corDS_smk_casewise_without_na" name="simple_corDS_casewise_some"/>
    <testcase time="0.00100000000000477" classname="corDS_smk_casewise_without_na" name="simple_corDS_casewise_some"/>
    <testcase time="0.00199999999999534" classname="corDS_smk_casewise_without_na" name="simple_corDS_casewise_some"/>
    <testcase time="0.00199999999999534" classname="corDS_smk_casewise_without_na" name="simple_corDS_casewise_some"/>
    <testcase time="0.00300000000000011" classname="corDS_smk_casewise_without_na" name="simple_corDS_casewise_some"/>
    <testcase time="0.00300000000000011" classname="corDS_smk_casewise_without_na" name="simple_corDS_casewise_some"/>
    <testcase time="0.00100000000000477" classname="corDS_smk_casewise_without_na" name="simple_corDS_casewise_some"/>
    <testcase time="0.00199999999999534" classname="corDS_smk_casewise_without_na" name="simple_corDS_casewise_some"/>
    <testcase time="0.00200000000000955" classname="corDS_smk_casewise_without_na" name="simple_corDS_casewise_some"/>
    <testcase time="0.000999999999990564" classname="corDS_smk_casewise_without_na" name="simple_corDS_casewise_some"/>
    <testcase time="0.00200000000000955" classname="corDS_smk_casewise_without_na" name="simple_corDS_casewise_some"/>
  </testsuite>
  <testsuite name="corDS::smk::casewise with na" timestamp="2025-10-21T01:41:51Z" hostname="runnervmwhb2z" tests="36" skipped="0" failures="0" errors="0" time="0.073">
    <testcase time="0.00699999999999079" classname="corDS_smk_casewise_with_na" name="simple_corDS_casewise_some"/>
    <testcase time="0.00100000000000477" classname="corDS_smk_casewise_with_na" name="simple_corDS_casewise_some"/>
    <testcase time="0.00100000000000477" classname="corDS_smk_casewise_with_na" name="simple_corDS_casewise_some"/>
    <testcase time="0.00300000000000011" classname="corDS_smk_casewise_with_na" name="simple_corDS_casewise_some"/>
    <testcase time="0.00300000000000011" classname="corDS_smk_casewise_with_na" name="simple_corDS_casewise_some"/>
    <testcase time="0.000999999999990564" classname="corDS_smk_casewise_with_na" name="simple_corDS_casewise_some"/>
    <testcase time="0.00100000000000477" classname="corDS_smk_casewise_with_na" name="simple_corDS_casewise_some"/>
    <testcase time="0.00100000000000477" classname="corDS_smk_casewise_with_na" name="simple_corDS_casewise_some"/>
    <testcase time="0.00199999999999534" classname="corDS_smk_casewise_with_na" name="simple_corDS_casewise_some"/>
    <testcase time="0.00100000000000477" classname="corDS_smk_casewise_with_na" name="simple_corDS_casewise_some"/>
    <testcase time="0.000999999999990564" classname="corDS_smk_casewise_with_na" name="simple_corDS_casewise_some"/>
    <testcase time="0.00300000000000011" classname="corDS_smk_casewise_with_na" name="simple_corDS_casewise_some"/>
    <testcase time="0.00300000000000011" classname="corDS_smk_casewise_with_na" name="simple_corDS_casewise_some"/>
    <testcase time="0.00100000000000477" classname="corDS_smk_casewise_with_na" name="simple_corDS_casewise_some"/>
    <testcase time="0.00100000000000477" classname="corDS_smk_casewise_with_na" name="simple_corDS_casewise_some"/>
    <testcase time="0.000999999999990564" classname="corDS_smk_casewise_with_na" name="simple_corDS_casewise_some"/>
    <testcase time="0.00200000000000955" classname="corDS_smk_casewise_with_na" name="simple_corDS_casewise_some"/>
    <testcase time="0.000999999999990564" classname="corDS_smk_casewise_with_na" name="simple_corDS_casewise_some"/>
    <testcase time="0.00100000000000477" classname="corDS_smk_casewise_with_na" name="simple_corDS_casewise_some"/>
    <testcase time="0.00300000000000011" classname="corDS_smk_casewise_with_na" name="simple_corDS_casewise_some"/>
    <testcase time="0.00300000000000011" classname="corDS_smk_casewise_with_na" name="simple_corDS_casewise_some"/>
    <testcase time="0.000999999999990564" classname="corDS_smk_casewise_with_na" name="simple_corDS_casewise_some"/>
    <testcase time="0.00100000000000477" classname="corDS_smk_casewise_with_na" name="simple_corDS_casewise_some"/>
    <testcase time="0.00199999999999534" classname="corDS_smk_casewise_with_na" name="simple_corDS_casewise_some"/>
    <testcase time="0.00900000000000034" classname="corDS_smk_casewise_with_na" name="simple_corDS_casewise_some"/>
    <testcase time="0.00200000000000955" classname="corDS_smk_casewise_with_na" name="simple_corDS_casewise_some"/>
    <testcase time="0.000999999999990564" classname="corDS_smk_casewise_with_na" name="simple_corDS_casewise_some"/>
    <testcase time="0.00100000000000477" classname="corDS_smk_casewise_with_na" name="simple_corDS_casewise_some"/>
    <testcase time="0.00199999999999534" classname="corDS_smk_casewise_with_na" name="simple_corDS_casewise_some"/>
    <testcase time="0.00300000000000011" classname="corDS_smk_casewise_with_na" name="simple_corDS_casewise_some"/>
    <testcase time="0.00300000000000011" classname="corDS_smk_casewise_with_na" name="simple_corDS_casewise_some"/>
    <testcase time="0.00200000000000955" classname="corDS_smk_casewise_with_na" name="simple_corDS_casewise_some"/>
    <testcase time="0.000999999999990564" classname="corDS_smk_casewise_with_na" name="simple_corDS_casewise_some"/>
    <testcase time="0.00100000000000477" classname="corDS_smk_casewise_with_na" name="simple_corDS_casewise_some"/>
    <testcase time="0.00199999999999534" classname="corDS_smk_casewise_with_na" name="simple_corDS_casewise_some"/>
    <testcase time="0.00100000000000477" classname="corDS_smk_casewise_with_na" name="simple_corDS_casewise_some"/>
  </testsuite>
  <testsuite name="corDS::smk::shutdown" timestamp="2025-10-21T01:41:51Z" hostname="runnervmwhb2z" tests="0" skipped="0" failures="0" errors="0" time="0"/>
  <testsuite name="corDS::smk::done" timestamp="2025-10-21T01:41:51Z" hostname="runnervmwhb2z" tests="0" skipped="0" failures="0" errors="0" time="0"/>
  <testsuite name="smk-corTestDS" timestamp="2025-10-21T01:41:51Z" hostname="runnervmwhb2z" tests="0" skipped="0" failures="0" errors="0" time="0"/>
  <testsuite name="corTestDS::smk::setup" timestamp="2025-10-21T01:41:51Z" hostname="runnervmwhb2z" tests="0" skipped="0" failures="0" errors="0" time="0"/>
  <testsuite name="corTestDS::smk::without na, pearson" timestamp="2025-10-21T01:41:51Z" hostname="runnervmwhb2z" tests="102" skipped="0" failures="0" errors="0" time="0.185">
    <testcase time="0.0169999999999959" classname="corTestDS_smk_without_na_pearson" name="simple_corTestDS_full_without_na_pearson"/>
    <testcase time="0.00100000000000477" classname="corTestDS_smk_without_na_pearson" name="simple_corTestDS_full_without_na_pearson"/>
    <testcase time="0.00100000000000477" classname="corTestDS_smk_without_na_pearson" name="simple_corTestDS_full_without_na_pearson"/>
    <testcase time="0.00199999999999534" classname="corTestDS_smk_without_na_pearson" name="simple_corTestDS_full_without_na_pearson"/>
    <testcase time="0.00100000000000477" classname="corTestDS_smk_without_na_pearson" name="simple_corTestDS_full_without_na_pearson"/>
    <testcase time="0.000999999999990564" classname="corTestDS_smk_without_na_pearson" name="simple_corTestDS_full_without_na_pearson"/>
    <testcase time="0.00100000000000477" classname="corTestDS_smk_without_na_pearson" name="simple_corTestDS_full_without_na_pearson"/>
    <testcase time="0.00100000000000477" classname="corTestDS_smk_without_na_pearson" name="simple_corTestDS_full_without_na_pearson"/>
    <testcase time="0.00300000000000011" classname="corTestDS_smk_without_na_pearson" name="simple_corTestDS_full_without_na_pearson"/>
    <testcase time="0.000999999999990564" classname="corTestDS_smk_without_na_pearson" name="simple_corTestDS_full_without_na_pearson"/>
    <testcase time="0.00100000000000477" classname="corTestDS_smk_without_na_pearson" name="simple_corTestDS_full_without_na_pearson"/>
    <testcase time="0.00199999999999534" classname="corTestDS_smk_without_na_pearson" name="simple_corTestDS_full_without_na_pearson"/>
    <testcase time="0.00100000000000477" classname="corTestDS_smk_without_na_pearson" name="simple_corTestDS_full_without_na_pearson"/>
    <testcase time="0.00100000000000477" classname="corTestDS_smk_without_na_pearson" name="simple_corTestDS_full_without_na_pearson"/>
    <testcase time="0.00199999999999534" classname="corTestDS_smk_without_na_pearson" name="simple_corTestDS_full_without_na_pearson"/>
    <testcase time="0.00100000000000477" classname="corTestDS_smk_without_na_pearson" name="simple_corTestDS_full_without_na_pearson"/>
    <testcase time="0.000999999999990564" classname="corTestDS_smk_without_na_pearson" name="simple_corTestDS_full_without_na_pearson"/>
    <testcase time="0.00100000000000477" classname="corTestDS_smk_without_na_pearson" name="simple_corTestDS_full_without_na_pearson"/>
    <testcase time="0.00199999999999534" classname="corTestDS_smk_without_na_pearson" name="simple_corTestDS_full_without_na_pearson"/>
    <testcase time="0.00100000000000477" classname="corTestDS_smk_without_na_pearson" name="simple_corTestDS_full_without_na_pearson"/>
    <testcase time="0.00100000000000477" classname="corTestDS_smk_without_na_pearson" name="simple_corTestDS_full_without_na_pearson"/>
    <testcase time="0.000999999999990564" classname="corTestDS_smk_without_na_pearson" name="simple_corTestDS_full_without_na_pearson"/>
    <testcase time="0.00200000000000955" classname="corTestDS_smk_without_na_pearson" name="simple_corTestDS_full_without_na_pearson"/>
    <testcase time="0.000999999999990564" classname="corTestDS_smk_without_na_pearson" name="simple_corTestDS_full_without_na_pearson"/>
    <testcase time="0.00100000000000477" classname="corTestDS_smk_without_na_pearson" name="simple_corTestDS_full_without_na_pearson"/>
    <testcase time="0.00100000000000477" classname="corTestDS_smk_without_na_pearson" name="simple_corTestDS_full_without_na_pearson"/>
    <testcase time="0.00199999999999534" classname="corTestDS_smk_without_na_pearson" name="simple_corTestDS_full_without_na_pearson"/>
    <testcase time="0.00100000000000477" classname="corTestDS_smk_without_na_pearson" name="simple_corTestDS_full_without_na_pearson"/>
    <testcase time="0.000999999999990564" classname="corTestDS_smk_without_na_pearson" name="simple_corTestDS_full_without_na_pearson"/>
    <testcase time="0.00200000000000955" classname="corTestDS_smk_without_na_pearson" name="simple_corTestDS_full_without_na_pearson"/>
    <testcase time="0.000999999999990564" classname="corTestDS_smk_without_na_pearson" name="simple_corTestDS_full_without_na_pearson"/>
    <testcase time="0.00100000000000477" classname="corTestDS_smk_without_na_pearson" name="simple_corTestDS_full_without_na_pearson"/>
    <testcase time="0.00199999999999534" classname="corTestDS_smk_without_na_pearson" name="simple_corTestDS_full_without_na_pearson"/>
    <testcase time="0.00100000000000477" classname="corTestDS_smk_without_na_pearson" name="simple_corTestDS_full_without_na_pearson"/>
    <testcase time="0.0120000000000005" classname="corTestDS_smk_without_na_pearson" name="simple_corTestDS_neg._full_without_na_pearson"/>
    <testcase time="0.00199999999999534" classname="corTestDS_smk_without_na_pearson" name="simple_corTestDS_neg._full_without_na_pearson"/>
    <testcase time="0.00100000000000477" classname="corTestDS_smk_without_na_pearson" name="simple_corTestDS_neg._full_without_na_pearson"/>
    <testcase time="0.00100000000000477" classname="corTestDS_smk_without_na_pearson" name="simple_corTestDS_neg._full_without_na_pearson"/>
    <testcase time="0.00199999999999534" classname="corTestDS_smk_without_na_pearson" name="simple_corTestDS_neg._full_without_na_pearson"/>
    <testcase time="0.00100000000000477" classname="corTestDS_smk_without_na_pearson" name="simple_corTestDS_neg._full_without_na_pearson"/>
    <testcase time="0.000999999999990564" classname="corTestDS_smk_without_na_pearson" name="simple_corTestDS_neg._full_without_na_pearson"/>
    <testcase time="0.00200000000000955" classname="corTestDS_smk_without_na_pearson" name="simple_corTestDS_neg._full_without_na_pearson"/>
    <testcase time="0.00300000000000011" classname="corTestDS_smk_without_na_pearson" name="simple_corTestDS_neg._full_without_na_pearson"/>
    <testcase time="0.000999999999990564" classname="corTestDS_smk_without_na_pearson" name="simple_corTestDS_neg._full_without_na_pearson"/>
    <testcase time="0.00100000000000477" classname="corTestDS_smk_without_na_pearson" name="simple_corTestDS_neg._full_without_na_pearson"/>
    <testcase time="0.00199999999999534" classname="corTestDS_smk_without_na_pearson" name="simple_corTestDS_neg._full_without_na_pearson"/>
    <testcase time="0.00100000000000477" classname="corTestDS_smk_without_na_pearson" name="simple_corTestDS_neg._full_without_na_pearson"/>
    <testcase time="0.00199999999999534" classname="corTestDS_smk_without_na_pearson" name="simple_corTestDS_neg._full_without_na_pearson"/>
    <testcase time="0.00100000000000477" classname="corTestDS_smk_without_na_pearson" name="simple_corTestDS_neg._full_without_na_pearson"/>
    <testcase time="0.000999999999990564" classname="corTestDS_smk_without_na_pearson" name="simple_corTestDS_neg._full_without_na_pearson"/>
    <testcase time="0.00200000000000955" classname="corTestDS_smk_without_na_pearson" name="simple_corTestDS_neg._full_without_na_pearson"/>
    <testcase time="0.000999999999990564" classname="corTestDS_smk_without_na_pearson" name="simple_corTestDS_neg._full_without_na_pearson"/>
    <testcase time="0.00200000000000955" classname="corTestDS_smk_without_na_pearson" name="simple_corTestDS_neg._full_without_na_pearson"/>
    <testcase time="0.000999999999990564" classname="corTestDS_smk_without_na_pearson" name="simple_corTestDS_neg._full_without_na_pearson"/>
    <testcase time="0.00200000000000955" classname="corTestDS_smk_without_na_pearson" name="simple_corTestDS_neg._full_without_na_pearson"/>
    <testcase time="0.000999999999990564" classname="corTestDS_smk_without_na_pearson" name="simple_corTestDS_neg._full_without_na_pearson"/>
    <testcase time="0.00100000000000477" classname="corTestDS_smk_without_na_pearson" name="simple_corTestDS_neg._full_without_na_pearson"/>
    <testcase time="0.00199999999999534" classname="corTestDS_smk_without_na_pearson" name="simple_corTestDS_neg._full_without_na_pearson"/>
    <testcase time="0.00100000000000477" classname="corTestDS_smk_without_na_pearson" name="simple_corTestDS_neg._full_without_na_pearson"/>
    <testcase time="0.00199999999999534" classname="corTestDS_smk_without_na_pearson" name="simple_corTestDS_neg._full_without_na_pearson"/>
    <testcase time="0.00100000000000477" classname="corTestDS_smk_without_na_pearson" name="simple_corTestDS_neg._full_without_na_pearson"/>
    <testcase time="0.00199999999999534" classname="corTestDS_smk_without_na_pearson" name="simple_corTestDS_neg._full_without_na_pearson"/>
    <testcase time="0.00100000000000477" classname="corTestDS_smk_without_na_pearson" name="simple_corTestDS_neg._full_without_na_pearson"/>
    <testcase time="0.00199999999999534" classname="corTestDS_smk_without_na_pearson" name="simple_corTestDS_neg._full_without_na_pearson"/>
    <testcase time="0.00100000000000477" classname="corTestDS_smk_without_na_pearson" name="simple_corTestDS_neg._full_without_na_pearson"/>
    <testcase time="0.00199999999999534" classname="corTestDS_smk_without_na_pearson" name="simple_corTestDS_neg._full_without_na_pearson"/>
    <testcase time="0.00100000000000477" classname="corTestDS_smk_without_na_pearson" name="simple_corTestDS_neg._full_without_na_pearson"/>
    <testcase time="0.00199999999999534" classname="corTestDS_smk_without_na_pearson" name="simple_corTestDS_neg._full_without_na_pearson"/>
    <testcase time="0.00400000000000489" classname="corTestDS_smk_without_na_pearson" name="simple_corTestDS_some_pearson_without_na_pearson"/>
    <testcase time="0.00100000000000477" classname="corTestDS_smk_without_na_pearson" name="simple_corTestDS_some_pearson_without_na_pearson"/>
    <testcase time="0.000999999999990564" classname="corTestDS_smk_without_na_pearson" name="simple_corTestDS_some_pearson_without_na_pearson"/>
    <testcase time="0.00200000000000955" classname="corTestDS_smk_without_na_pearson" name="simple_corTestDS_some_pearson_without_na_pearson"/>
    <testcase time="0.00999999999999091" classname="corTestDS_smk_without_na_pearson" name="simple_corTestDS_some_pearson_without_na_pearson"/>
    <testcase time="0.00200000000000955" classname="corTestDS_smk_without_na_pearson" name="simple_corTestDS_some_pearson_without_na_pearson"/>
    <testcase time="0.000999999999990564" classname="corTestDS_smk_without_na_pearson" name="simple_corTestDS_some_pearson_without_na_pearson"/>
    <testcase time="0.00200000000000955" classname="corTestDS_smk_without_na_pearson" name="simple_corTestDS_some_pearson_without_na_pearson"/>
    <testcase time="0.00199999999999534" classname="corTestDS_smk_without_na_pearson" name="simple_corTestDS_some_pearson_without_na_pearson"/>
    <testcase time="0.00199999999999534" classname="corTestDS_smk_without_na_pearson" name="simple_corTestDS_some_pearson_without_na_pearson"/>
    <testcase time="0.00100000000000477" classname="corTestDS_smk_without_na_pearson" name="simple_corTestDS_some_pearson_without_na_pearson"/>
    <testcase time="0.00199999999999534" classname="corTestDS_smk_without_na_pearson" name="simple_corTestDS_some_pearson_without_na_pearson"/>
    <testcase time="0.00100000000000477" classname="corTestDS_smk_without_na_pearson" name="simple_corTestDS_some_pearson_without_na_pearson"/>
    <testcase time="0.00199999999999534" classname="corTestDS_smk_without_na_pearson" name="simple_corTestDS_some_pearson_without_na_pearson"/>
    <testcase time="0.00200000000000955" classname="corTestDS_smk_without_na_pearson" name="simple_corTestDS_some_pearson_without_na_pearson"/>
    <testcase time="0.000999999999990564" classname="corTestDS_smk_without_na_pearson" name="simple_corTestDS_some_pearson_without_na_pearson"/>
    <testcase time="0.00200000000000955" classname="corTestDS_smk_without_na_pearson" name="simple_corTestDS_some_pearson_without_na_pearson"/>
    <testcase time="0.000999999999990564" classname="corTestDS_smk_without_na_pearson" name="simple_corTestDS_some_pearson_without_na_pearson"/>
    <testcase time="0.00200000000000955" classname="corTestDS_smk_without_na_pearson" name="simple_corTestDS_some_pearson_without_na_pearson"/>
    <testcase time="0.000999999999990564" classname="corTestDS_smk_without_na_pearson" name="simple_corTestDS_some_pearson_without_na_pearson"/>
    <testcase time="0.00200000000000955" classname="corTestDS_smk_without_na_pearson" name="simple_corTestDS_some_pearson_without_na_pearson"/>
    <testcase time="0.00199999999999534" classname="corTestDS_smk_without_na_pearson" name="simple_corTestDS_some_pearson_without_na_pearson"/>
    <testcase time="0.00100000000000477" classname="corTestDS_smk_without_na_pearson" name="simple_corTestDS_some_pearson_without_na_pearson"/>
    <testcase time="0.00199999999999534" classname="corTestDS_smk_without_na_pearson" name="simple_corTestDS_some_pearson_without_na_pearson"/>
    <testcase time="0.00100000000000477" classname="corTestDS_smk_without_na_pearson" name="simple_corTestDS_some_pearson_without_na_pearson"/>
    <testcase time="0.00199999999999534" classname="corTestDS_smk_without_na_pearson" name="simple_corTestDS_some_pearson_without_na_pearson"/>
    <testcase time="0.00100000000000477" classname="corTestDS_smk_without_na_pearson" name="simple_corTestDS_some_pearson_without_na_pearson"/>
    <testcase time="0.00199999999999534" classname="corTestDS_smk_without_na_pearson" name="simple_corTestDS_some_pearson_without_na_pearson"/>
    <testcase time="0.00100000000000477" classname="corTestDS_smk_without_na_pearson" name="simple_corTestDS_some_pearson_without_na_pearson"/>
    <testcase time="0.00199999999999534" classname="corTestDS_smk_without_na_pearson" name="simple_corTestDS_some_pearson_without_na_pearson"/>
    <testcase time="0.00100000000000477" classname="corTestDS_smk_without_na_pearson" name="simple_corTestDS_some_pearson_without_na_pearson"/>
    <testcase time="0.00199999999999534" classname="corTestDS_smk_without_na_pearson" name="simple_corTestDS_some_pearson_without_na_pearson"/>
    <testcase time="0.00199999999999534" classname="corTestDS_smk_without_na_pearson" name="simple_corTestDS_some_pearson_without_na_pearson"/>
    <testcase time="0.00100000000000477" classname="corTestDS_smk_without_na_pearson" name="simple_corTestDS_some_pearson_without_na_pearson"/>
  </testsuite>
  <testsuite name="corTestDS::smk::with na, pearson" timestamp="2025-10-21T01:41:51Z" hostname="runnervmwhb2z" tests="30" skipped="0" failures="0" errors="0" time="0.044">
    <testcase time="0.00600000000000023" classname="corTestDS_smk_with_na_pearson" name="simple_corTestDS_some_with_na_pearson"/>
    <testcase time="0.000999999999990564" classname="corTestDS_smk_with_na_pearson" name="simple_corTestDS_some_with_na_pearson"/>
    <testcase time="0.00100000000000477" classname="corTestDS_smk_with_na_pearson" name="simple_corTestDS_some_with_na_pearson"/>
    <testcase time="0.00100000000000477" classname="corTestDS_smk_with_na_pearson" name="simple_corTestDS_some_with_na_pearson"/>
    <testcase time="0.000999999999990564" classname="corTestDS_smk_with_na_pearson" name="simple_corTestDS_some_with_na_pearson"/>
    <testcase time="0.00200000000000955" classname="corTestDS_smk_with_na_pearson" name="simple_corTestDS_some_with_na_pearson"/>
    <testcase time="0.000999999999990564" classname="corTestDS_smk_with_na_pearson" name="simple_corTestDS_some_with_na_pearson"/>
    <testcase time="0.00100000000000477" classname="corTestDS_smk_with_na_pearson" name="simple_corTestDS_some_with_na_pearson"/>
    <testcase time="0.00300000000000011" classname="corTestDS_smk_with_na_pearson" name="simple_corTestDS_some_with_na_pearson"/>
    <testcase time="0.00100000000000477" classname="corTestDS_smk_with_na_pearson" name="simple_corTestDS_some_with_na_pearson"/>
    <testcase time="0.000999999999990564" classname="corTestDS_smk_with_na_pearson" name="simple_corTestDS_some_with_na_pearson"/>
    <testcase time="0.00200000000000955" classname="corTestDS_smk_with_na_pearson" name="simple_corTestDS_some_with_na_pearson"/>
    <testcase time="0.000999999999990564" classname="corTestDS_smk_with_na_pearson" name="simple_corTestDS_some_with_na_pearson"/>
    <testcase time="0.00100000000000477" classname="corTestDS_smk_with_na_pearson" name="simple_corTestDS_some_with_na_pearson"/>
    <testcase time="0.00100000000000477" classname="corTestDS_smk_with_na_pearson" name="simple_corTestDS_some_with_na_pearson"/>
    <testcase time="0.00199999999999534" classname="corTestDS_smk_with_na_pearson" name="simple_corTestDS_some_with_na_pearson"/>
    <testcase time="0.00100000000000477" classname="corTestDS_smk_with_na_pearson" name="simple_corTestDS_some_with_na_pearson"/>
    <testcase time="0.000999999999990564" classname="corTestDS_smk_with_na_pearson" name="simple_corTestDS_some_with_na_pearson"/>
    <testcase time="0.00200000000000955" classname="corTestDS_smk_with_na_pearson" name="simple_corTestDS_some_with_na_pearson"/>
    <testcase time="0.000999999999990564" classname="corTestDS_smk_with_na_pearson" name="simple_corTestDS_some_with_na_pearson"/>
    <testcase time="0.00100000000000477" classname="corTestDS_smk_with_na_pearson" name="simple_corTestDS_some_with_na_pearson"/>
    <testcase time="0.000999999999990564" classname="corTestDS_smk_with_na_pearson" name="simple_corTestDS_some_with_na_pearson"/>
    <testcase time="0.00200000000000955" classname="corTestDS_smk_with_na_pearson" name="simple_corTestDS_some_with_na_pearson"/>
    <testcase time="0.000999999999990564" classname="corTestDS_smk_with_na_pearson" name="simple_corTestDS_some_with_na_pearson"/>
    <testcase time="0.00100000000000477" classname="corTestDS_smk_with_na_pearson" name="simple_corTestDS_some_with_na_pearson"/>
    <testcase time="0.00199999999999534" classname="corTestDS_smk_with_na_pearson" name="simple_corTestDS_some_with_na_pearson"/>
    <testcase time="0.00100000000000477" classname="corTestDS_smk_with_na_pearson" name="simple_corTestDS_some_with_na_pearson"/>
    <testcase time="0.00100000000000477" classname="corTestDS_smk_with_na_pearson" name="simple_corTestDS_some_with_na_pearson"/>
    <testcase time="0.000999999999990564" classname="corTestDS_smk_with_na_pearson" name="simple_corTestDS_some_with_na_pearson"/>
    <testcase time="0.00200000000000955" classname="corTestDS_smk_with_na_pearson" name="simple_corTestDS_some_with_na_pearson"/>
  </testsuite>
  <testsuite name="corTestDS::smk::without na, kendall" timestamp="2025-10-21T01:41:51Z" hostname="runnervmwhb2z" tests="84" skipped="0" failures="0" errors="0" time="0.141">
    <testcase time="0.00600000000000023" classname="corTestDS_smk_without_na_kendall" name="simple_corTestDS_full_without_na_kendall"/>
    <testcase time="0.000999999999990564" classname="corTestDS_smk_without_na_kendall" name="simple_corTestDS_full_without_na_kendall"/>
    <testcase time="0.00100000000000477" classname="corTestDS_smk_without_na_kendall" name="simple_corTestDS_full_without_na_kendall"/>
    <testcase time="0.00100000000000477" classname="corTestDS_smk_without_na_kendall" name="simple_corTestDS_full_without_na_kendall"/>
    <testcase time="0.00199999999999534" classname="corTestDS_smk_without_na_kendall" name="simple_corTestDS_full_without_na_kendall"/>
    <testcase time="0.00100000000000477" classname="corTestDS_smk_without_na_kendall" name="simple_corTestDS_full_without_na_kendall"/>
    <testcase time="0.000999999999990564" classname="corTestDS_smk_without_na_kendall" name="simple_corTestDS_full_without_na_kendall"/>
    <testcase time="0.00100000000000477" classname="corTestDS_smk_without_na_kendall" name="simple_corTestDS_full_without_na_kendall"/>
    <testcase time="0.00199999999999534" classname="corTestDS_smk_without_na_kendall" name="simple_corTestDS_full_without_na_kendall"/>
    <testcase time="0.00200000000000955" classname="corTestDS_smk_without_na_kendall" name="simple_corTestDS_full_without_na_kendall"/>
    <testcase time="0.00199999999999534" classname="corTestDS_smk_without_na_kendall" name="simple_corTestDS_full_without_na_kendall"/>
    <testcase time="0.00100000000000477" classname="corTestDS_smk_without_na_kendall" name="simple_corTestDS_full_without_na_kendall"/>
    <testcase time="0.000999999999990564" classname="corTestDS_smk_without_na_kendall" name="simple_corTestDS_full_without_na_kendall"/>
    <testcase time="0.00200000000000955" classname="corTestDS_smk_without_na_kendall" name="simple_corTestDS_full_without_na_kendall"/>
    <testcase time="0.000999999999990564" classname="corTestDS_smk_without_na_kendall" name="simple_corTestDS_full_without_na_kendall"/>
    <testcase time="0.00100000000000477" classname="corTestDS_smk_without_na_kendall" name="simple_corTestDS_full_without_na_kendall"/>
    <testcase time="0.00199999999999534" classname="corTestDS_smk_without_na_kendall" name="simple_corTestDS_full_without_na_kendall"/>
    <testcase time="0.00100000000000477" classname="corTestDS_smk_without_na_kendall" name="simple_corTestDS_full_without_na_kendall"/>
    <testcase time="0.00100000000000477" classname="corTestDS_smk_without_na_kendall" name="simple_corTestDS_full_without_na_kendall"/>
    <testcase time="0.000999999999990564" classname="corTestDS_smk_without_na_kendall" name="simple_corTestDS_full_without_na_kendall"/>
    <testcase time="0.00200000000000955" classname="corTestDS_smk_without_na_kendall" name="simple_corTestDS_full_without_na_kendall"/>
    <testcase time="0.000999999999990564" classname="corTestDS_smk_without_na_kendall" name="simple_corTestDS_full_without_na_kendall"/>
    <testcase time="0.00100000000000477" classname="corTestDS_smk_without_na_kendall" name="simple_corTestDS_full_without_na_kendall"/>
    <testcase time="0.00100000000000477" classname="corTestDS_smk_without_na_kendall" name="simple_corTestDS_full_without_na_kendall"/>
    <testcase time="0.00199999999999534" classname="corTestDS_smk_without_na_kendall" name="simple_corTestDS_full_without_na_kendall"/>
    <testcase time="0.00100000000000477" classname="corTestDS_smk_without_na_kendall" name="simple_corTestDS_full_without_na_kendall"/>
    <testcase time="0.000999999999990564" classname="corTestDS_smk_without_na_kendall" name="simple_corTestDS_full_without_na_kendall"/>
    <testcase time="0.00200000000000955" classname="corTestDS_smk_without_na_kendall" name="simple_corTestDS_full_without_na_kendall"/>
    <testcase time="0.00399999999999068" classname="corTestDS_smk_without_na_kendall" name="simple_corTestDS_neg._full_without_na_kendall"/>
    <testcase time="0.00100000000000477" classname="corTestDS_smk_without_na_kendall" name="simple_corTestDS_neg._full_without_na_kendall"/>
    <testcase time="0.00100000000000477" classname="corTestDS_smk_without_na_kendall" name="simple_corTestDS_neg._full_without_na_kendall"/>
    <testcase time="0.00199999999999534" classname="corTestDS_smk_without_na_kendall" name="simple_corTestDS_neg._full_without_na_kendall"/>
    <testcase time="0.00100000000000477" classname="corTestDS_smk_without_na_kendall" name="simple_corTestDS_neg._full_without_na_kendall"/>
    <testcase time="0.000999999999990564" classname="corTestDS_smk_without_na_kendall" name="simple_corTestDS_neg._full_without_na_kendall"/>
    <testcase time="0.00200000000000955" classname="corTestDS_smk_without_na_kendall" name="simple_corTestDS_neg._full_without_na_kendall"/>
    <testcase time="0.000999999999990564" classname="corTestDS_smk_without_na_kendall" name="simple_corTestDS_neg._full_without_na_kendall"/>
    <testcase time="0.0110000000000099" classname="corTestDS_smk_without_na_kendall" name="simple_corTestDS_neg._full_without_na_kendall"/>
    <testcase time="0.00300000000000011" classname="corTestDS_smk_without_na_kendall" name="simple_corTestDS_neg._full_without_na_kendall"/>
    <testcase time="0.000999999999990564" classname="corTestDS_smk_without_na_kendall" name="simple_corTestDS_neg._full_without_na_kendall"/>
    <testcase time="0.00200000000000955" classname="corTestDS_smk_without_na_kendall" name="simple_corTestDS_neg._full_without_na_kendall"/>
    <testcase time="0.00199999999999534" classname="corTestDS_smk_without_na_kendall" name="simple_corTestDS_neg._full_without_na_kendall"/>
    <testcase time="0.00100000000000477" classname="corTestDS_smk_without_na_kendall" name="simple_corTestDS_neg._full_without_na_kendall"/>
    <testcase time="0.000999999999990564" classname="corTestDS_smk_without_na_kendall" name="simple_corTestDS_neg._full_without_na_kendall"/>
    <testcase time="0.00200000000000955" classname="corTestDS_smk_without_na_kendall" name="simple_corTestDS_neg._full_without_na_kendall"/>
    <testcase time="0.00199999999999534" classname="corTestDS_smk_without_na_kendall" name="simple_corTestDS_neg._full_without_na_kendall"/>
    <testcase time="0.00100000000000477" classname="corTestDS_smk_without_na_kendall" name="simple_corTestDS_neg._full_without_na_kendall"/>
    <testcase time="0.000999999999990564" classname="corTestDS_smk_without_na_kendall" name="simple_corTestDS_neg._full_without_na_kendall"/>
    <testcase time="0.00200000000000955" classname="corTestDS_smk_without_na_kendall" name="simple_corTestDS_neg._full_without_na_kendall"/>
    <testcase time="0.000999999999990564" classname="corTestDS_smk_without_na_kendall" name="simple_corTestDS_neg._full_without_na_kendall"/>
    <testcase time="0.00200000000000955" classname="corTestDS_smk_without_na_kendall" name="simple_corTestDS_neg._full_without_na_kendall"/>
    <testcase time="0.000999999999990564" classname="corTestDS_smk_without_na_kendall" name="simple_corTestDS_neg._full_without_na_kendall"/>
    <testcase time="0.00200000000000955" classname="corTestDS_smk_without_na_kendall" name="simple_corTestDS_neg._full_without_na_kendall"/>
    <testcase time="0.000999999999990564" classname="corTestDS_smk_without_na_kendall" name="simple_corTestDS_neg._full_without_na_kendall"/>
    <testcase time="0.00100000000000477" classname="corTestDS_smk_without_na_kendall" name="simple_corTestDS_neg._full_without_na_kendall"/>
    <testcase time="0.00199999999999534" classname="corTestDS_smk_without_na_kendall" name="simple_corTestDS_neg._full_without_na_kendall"/>
    <testcase time="0.00100000000000477" classname="corTestDS_smk_without_na_kendall" name="simple_corTestDS_neg._full_without_na_kendall"/>
    <testcase time="0.00400000000000489" classname="corTestDS_smk_without_na_kendall" name="simple_corTestDS_some_kendall_without_na_kendall"/>
    <testcase time="0.00199999999999534" classname="corTestDS_smk_without_na_kendall" name="simple_corTestDS_some_kendall_without_na_kendall"/>
    <testcase time="0.00100000000000477" classname="corTestDS_smk_without_na_kendall" name="simple_corTestDS_some_kendall_without_na_kendall"/>
    <testcase time="0.00199999999999534" classname="corTestDS_smk_without_na_kendall" name="simple_corTestDS_some_kendall_without_na_kendall"/>
    <testcase time="0.00100000000000477" classname="corTestDS_smk_without_na_kendall" name="simple_corTestDS_some_kendall_without_na_kendall"/>
    <testcase time="0.00199999999999534" classname="corTestDS_smk_without_na_kendall" name="simple_corTestDS_some_kendall_without_na_kendall"/>
    <testcase time="0.00100000000000477" classname="corTestDS_smk_without_na_kendall" name="simple_corTestDS_some_kendall_without_na_kendall"/>
    <testcase time="0.00199999999999534" classname="corTestDS_smk_without_na_kendall" name="simple_corTestDS_some_kendall_without_na_kendall"/>
    <testcase time="0.00100000000000477" classname="corTestDS_smk_without_na_kendall" name="simple_corTestDS_some_kendall_without_na_kendall"/>
    <testcase time="0.0029999999999859" classname="corTestDS_smk_without_na_kendall" name="simple_corTestDS_some_kendall_without_na_kendall"/>
    <testcase time="0.00200000000000955" classname="corTestDS_smk_without_na_kendall" name="simple_corTestDS_some_kendall_without_na_kendall"/>
    <testcase time="0.000999999999990564" classname="corTestDS_smk_without_na_kendall" name="simple_corTestDS_some_kendall_without_na_kendall"/>
    <testcase time="0.00200000000000955" classname="corTestDS_smk_without_na_kendall" name="simple_corTestDS_some_kendall_without_na_kendall"/>
    <testcase time="0.000999999999990564" classname="corTestDS_smk_without_na_kendall" name="simple_corTestDS_some_kendall_without_na_kendall"/>
    <testcase time="0.00200000000000955" classname="corTestDS_smk_without_na_kendall" name="simple_corTestDS_some_kendall_without_na_kendall"/>
    <testcase time="0.000999999999990564" classname="corTestDS_smk_without_na_kendall" name="simple_corTestDS_some_kendall_without_na_kendall"/>
    <testcase time="0.00200000000000955" classname="corTestDS_smk_without_na_kendall" name="simple_corTestDS_some_kendall_without_na_kendall"/>
    <testcase time="0.000999999999990564" classname="corTestDS_smk_without_na_kendall" name="simple_corTestDS_some_kendall_without_na_kendall"/>
    <testcase time="0.00200000000000955" classname="corTestDS_smk_without_na_kendall" name="simple_corTestDS_some_kendall_without_na_kendall"/>
    <testcase time="0.000999999999990564" classname="corTestDS_smk_without_na_kendall" name="simple_corTestDS_some_kendall_without_na_kendall"/>
    <testcase time="0.00200000000000955" classname="corTestDS_smk_without_na_kendall" name="simple_corTestDS_some_kendall_without_na_kendall"/>
    <testcase time="0.000999999999990564" classname="corTestDS_smk_without_na_kendall" name="simple_corTestDS_some_kendall_without_na_kendall"/>
    <testcase time="0.00200000000000955" classname="corTestDS_smk_without_na_kendall" name="simple_corTestDS_some_kendall_without_na_kendall"/>
    <testcase time="0.000999999999990564" classname="corTestDS_smk_without_na_kendall" name="simple_corTestDS_some_kendall_without_na_kendall"/>
    <testcase time="0.00200000000000955" classname="corTestDS_smk_without_na_kendall" name="simple_corTestDS_some_kendall_without_na_kendall"/>
    <testcase time="0.000999999999990564" classname="corTestDS_smk_without_na_kendall" name="simple_corTestDS_some_kendall_without_na_kendall"/>
    <testcase time="0.00200000000000955" classname="corTestDS_smk_without_na_kendall" name="simple_corTestDS_some_kendall_without_na_kendall"/>
    <testcase time="0.000999999999990564" classname="corTestDS_smk_without_na_kendall" name="simple_corTestDS_some_kendall_without_na_kendall"/>
  </testsuite>
  <testsuite name="corTestDS::smk::with na, kendall" timestamp="2025-10-21T01:41:51Z" hostname="runnervmwhb2z" tests="28" skipped="0" failures="0" errors="0" time="0.042">
    <testcase time="0.00600000000000023" classname="corTestDS_smk_with_na_kendall" name="simple_corTestDS_some_with_na_kendall"/>
    <testcase time="0.00200000000000955" classname="corTestDS_smk_with_na_kendall" name="simple_corTestDS_some_with_na_kendall"/>
    <testcase time="0.000999999999990564" classname="corTestDS_smk_with_na_kendall" name="simple_corTestDS_some_with_na_kendall"/>
    <testcase time="0.00100000000000477" classname="corTestDS_smk_with_na_kendall" name="simple_corTestDS_some_with_na_kendall"/>
    <testcase time="0.00100000000000477" classname="corTestDS_smk_with_na_kendall" name="simple_corTestDS_some_with_na_kendall"/>
    <testcase time="0.000999999999990564" classname="corTestDS_smk_with_na_kendall" name="simple_corTestDS_some_with_na_kendall"/>
    <testcase time="0.00200000000000955" classname="corTestDS_smk_with_na_kendall" name="simple_corTestDS_some_with_na_kendall"/>
    <testcase time="0.000999999999990564" classname="corTestDS_smk_with_na_kendall" name="simple_corTestDS_some_with_na_kendall"/>
    <testcase time="0.00100000000000477" classname="corTestDS_smk_with_na_kendall" name="simple_corTestDS_some_with_na_kendall"/>
    <testcase time="0.00300000000000011" classname="corTestDS_smk_with_na_kendall" name="simple_corTestDS_some_with_na_kendall"/>
    <testcase time="0.00100000000000477" classname="corTestDS_smk_with_na_kendall" name="simple_corTestDS_some_with_na_kendall"/>
    <testcase time="0.000999999999990564" classname="corTestDS_smk_with_na_kendall" name="simple_corTestDS_some_with_na_kendall"/>
    <testcase time="0.00200000000000955" classname="corTestDS_smk_with_na_kendall" name="simple_corTestDS_some_with_na_kendall"/>
    <testcase time="0.000999999999990564" classname="corTestDS_smk_with_na_kendall" name="simple_corTestDS_some_with_na_kendall"/>
    <testcase time="0.00100000000000477" classname="corTestDS_smk_with_na_kendall" name="simple_corTestDS_some_with_na_kendall"/>
    <testcase time="0.00199999999999534" classname="corTestDS_smk_with_na_kendall" name="simple_corTestDS_some_with_na_kendall"/>
    <testcase time="0.00100000000000477" classname="corTestDS_smk_with_na_kendall" name="simple_corTestDS_some_with_na_kendall"/>
    <testcase time="0.00100000000000477" classname="corTestDS_smk_with_na_kendall" name="simple_corTestDS_some_with_na_kendall"/>
    <testcase time="0.00199999999999534" classname="corTestDS_smk_with_na_kendall" name="simple_corTestDS_some_with_na_kendall"/>
    <testcase time="0.00100000000000477" classname="corTestDS_smk_with_na_kendall" name="simple_corTestDS_some_with_na_kendall"/>
    <testcase time="0.000999999999990564" classname="corTestDS_smk_with_na_kendall" name="simple_corTestDS_some_with_na_kendall"/>
    <testcase time="0.00100000000000477" classname="corTestDS_smk_with_na_kendall" name="simple_corTestDS_some_with_na_kendall"/>
    <testcase time="0.00199999999999534" classname="corTestDS_smk_with_na_kendall" name="simple_corTestDS_some_with_na_kendall"/>
    <testcase time="0.00100000000000477" classname="corTestDS_smk_with_na_kendall" name="simple_corTestDS_some_with_na_kendall"/>
    <testcase time="0.00100000000000477" classname="corTestDS_smk_with_na_kendall" name="simple_corTestDS_some_with_na_kendall"/>
    <testcase time="0.00199999999999534" classname="corTestDS_smk_with_na_kendall" name="simple_corTestDS_some_with_na_kendall"/>
    <testcase time="0.00100000000000477" classname="corTestDS_smk_with_na_kendall" name="simple_corTestDS_some_with_na_kendall"/>
    <testcase time="0.000999999999990564" classname="corTestDS_smk_with_na_kendall" name="simple_corTestDS_some_with_na_kendall"/>
  </testsuite>
  <testsuite name="corTestDS::smk::without na, spearman" timestamp="2025-10-21T01:41:51Z" hostname="runnervmwhb2z" tests="84" skipped="0" failures="0" errors="0" time="0.139">
    <testcase time="0.007000000000005" classname="corTestDS_smk_without_na_spearman" name="simple_corTestDS_full_without_na_spearman"/>
    <testcase time="0.00100000000000477" classname="corTestDS_smk_without_na_spearman" name="simple_corTestDS_full_without_na_spearman"/>
    <testcase time="0.000999999999990564" classname="corTestDS_smk_without_na_spearman" name="simple_corTestDS_full_without_na_spearman"/>
    <testcase time="0.00100000000000477" classname="corTestDS_smk_without_na_spearman" name="simple_corTestDS_full_without_na_spearman"/>
    <testcase time="0.00100000000000477" classname="corTestDS_smk_without_na_spearman" name="simple_corTestDS_full_without_na_spearman"/>
    <testcase time="0.00199999999999534" classname="corTestDS_smk_without_na_spearman" name="simple_corTestDS_full_without_na_spearman"/>
    <testcase time="0.00100000000000477" classname="corTestDS_smk_without_na_spearman" name="simple_corTestDS_full_without_na_spearman"/>
    <testcase time="0.000999999999990564" classname="corTestDS_smk_without_na_spearman" name="simple_corTestDS_full_without_na_spearman"/>
    <testcase time="0.00100000000000477" classname="corTestDS_smk_without_na_spearman" name="simple_corTestDS_full_without_na_spearman"/>
    <testcase time="0.00300000000000011" classname="corTestDS_smk_without_na_spearman" name="simple_corTestDS_full_without_na_spearman"/>
    <testcase time="0.00100000000000477" classname="corTestDS_smk_without_na_spearman" name="simple_corTestDS_full_without_na_spearman"/>
    <testcase time="0.000999999999990564" classname="corTestDS_smk_without_na_spearman" name="simple_corTestDS_full_without_na_spearman"/>
    <testcase time="0.00200000000000955" classname="corTestDS_smk_without_na_spearman" name="simple_corTestDS_full_without_na_spearman"/>
    <testcase time="0.000999999999990564" classname="corTestDS_smk_without_na_spearman" name="simple_corTestDS_full_without_na_spearman"/>
    <testcase time="0.00100000000000477" classname="corTestDS_smk_without_na_spearman" name="simple_corTestDS_full_without_na_spearman"/>
    <testcase time="0.00199999999999534" classname="corTestDS_smk_without_na_spearman" name="simple_corTestDS_full_without_na_spearman"/>
    <testcase time="0.00100000000000477" classname="corTestDS_smk_without_na_spearman" name="simple_corTestDS_full_without_na_spearman"/>
    <testcase time="0.00100000000000477" classname="corTestDS_smk_without_na_spearman" name="simple_corTestDS_full_without_na_spearman"/>
    <testcase time="0.000999999999990564" classname="corTestDS_smk_without_na_spearman" name="simple_corTestDS_full_without_na_spearman"/>
    <testcase time="0.0100000000000051" classname="corTestDS_smk_without_na_spearman" name="simple_corTestDS_full_without_na_spearman"/>
    <testcase time="0.00100000000000477" classname="corTestDS_smk_without_na_spearman" name="simple_corTestDS_full_without_na_spearman"/>
    <testcase time="0.00199999999999534" classname="corTestDS_smk_without_na_spearman" name="simple_corTestDS_full_without_na_spearman"/>
    <testcase time="0.00100000000000477" classname="corTestDS_smk_without_na_spearman" name="simple_corTestDS_full_without_na_spearman"/>
    <testcase time="0.000999999999990564" classname="corTestDS_smk_without_na_spearman" name="simple_corTestDS_full_without_na_spearman"/>
    <testcase time="0.00200000000000955" classname="corTestDS_smk_without_na_spearman" name="simple_corTestDS_full_without_na_spearman"/>
    <testcase time="0.000999999999990564" classname="corTestDS_smk_without_na_spearman" name="simple_corTestDS_full_without_na_spearman"/>
    <testcase time="0.00200000000000955" classname="corTestDS_smk_without_na_spearman" name="simple_corTestDS_full_without_na_spearman"/>
    <testcase time="0.000999999999990564" classname="corTestDS_smk_without_na_spearman" name="simple_corTestDS_full_without_na_spearman"/>
    <testcase time="0.00400000000000489" classname="corTestDS_smk_without_na_spearman" name="simple_corTestDS_neg._full_without_na_spearman"/>
    <testcase time="0.000999999999990564" classname="corTestDS_smk_without_na_spearman" name="simple_corTestDS_neg._full_without_na_spearman"/>
    <testcase time="0.00200000000000955" classname="corTestDS_smk_without_na_spearman" name="simple_corTestDS_neg._full_without_na_spearman"/>
    <testcase time="0.000999999999990564" classname="corTestDS_smk_without_na_spearman" name="simple_corTestDS_neg._full_without_na_spearman"/>
    <testcase time="0.00100000000000477" classname="corTestDS_smk_without_na_spearman" name="simple_corTestDS_neg._full_without_na_spearman"/>
    <testcase time="0.00199999999999534" classname="corTestDS_smk_without_na_spearman" name="simple_corTestDS_neg._full_without_na_spearman"/>
    <testcase time="0.00100000000000477" classname="corTestDS_smk_without_na_spearman" name="simple_corTestDS_neg._full_without_na_spearman"/>
    <testcase time="0.00100000000000477" classname="corTestDS_smk_without_na_spearman" name="simple_corTestDS_neg._full_without_na_spearman"/>
    <testcase time="0.00199999999999534" classname="corTestDS_smk_without_na_spearman" name="simple_corTestDS_neg._full_without_na_spearman"/>
    <testcase time="0.00300000000000011" classname="corTestDS_smk_without_na_spearman" name="simple_corTestDS_neg._full_without_na_spearman"/>
    <testcase time="0.00100000000000477" classname="corTestDS_smk_without_na_spearman" name="simple_corTestDS_neg._full_without_na_spearman"/>
    <testcase time="0.000999999999990564" classname="corTestDS_smk_without_na_spearman" name="simple_corTestDS_neg._full_without_na_spearman"/>
    <testcase time="0.00200000000000955" classname="corTestDS_smk_without_na_spearman" name="simple_corTestDS_neg._full_without_na_spearman"/>
    <testcase time="0.000999999999990564" classname="corTestDS_smk_without_na_spearman" name="simple_corTestDS_neg._full_without_na_spearman"/>
    <testcase time="0.00200000000000955" classname="corTestDS_smk_without_na_spearman" name="simple_corTestDS_neg._full_without_na_spearman"/>
    <testcase time="0.000999999999990564" classname="corTestDS_smk_without_na_spearman" name="simple_corTestDS_neg._full_without_na_spearman"/>
    <testcase time="0.00100000000000477" classname="corTestDS_smk_without_na_spearman" name="simple_corTestDS_neg._full_without_na_spearman"/>
    <testcase time="0.000999999999990564" classname="corTestDS_smk_without_na_spearman" name="simple_corTestDS_neg._full_without_na_spearman"/>
    <testcase time="0.00100000000000477" classname="corTestDS_smk_without_na_spearman" name="simple_corTestDS_neg._full_without_na_spearman"/>
    <testcase time="0.00199999999999534" classname="corTestDS_smk_without_na_spearman" name="simple_corTestDS_neg._full_without_na_spearman"/>
    <testcase time="0.00100000000000477" classname="corTestDS_smk_without_na_spearman" name="simple_corTestDS_neg._full_without_na_spearman"/>
    <testcase time="0.00100000000000477" classname="corTestDS_smk_without_na_spearman" name="simple_corTestDS_neg._full_without_na_spearman"/>
    <testcase time="0.00199999999999534" classname="corTestDS_smk_without_na_spearman" name="simple_corTestDS_neg._full_without_na_spearman"/>
    <testcase time="0.00100000000000477" classname="corTestDS_smk_without_na_spearman" name="simple_corTestDS_neg._full_without_na_spearman"/>
    <testcase time="0.00199999999999534" classname="corTestDS_smk_without_na_spearman" name="simple_corTestDS_neg._full_without_na_spearman"/>
    <testcase time="0.00100000000000477" classname="corTestDS_smk_without_na_spearman" name="simple_corTestDS_neg._full_without_na_spearman"/>
    <testcase time="0.000999999999990564" classname="corTestDS_smk_without_na_spearman" name="simple_corTestDS_neg._full_without_na_spearman"/>
    <testcase time="0.00200000000000955" classname="corTestDS_smk_without_na_spearman" name="simple_corTestDS_neg._full_without_na_spearman"/>
    <testcase time="0.00399999999999068" classname="corTestDS_smk_without_na_spearman" name="simple_corTestDS_some_spearman_without_na_spearman"/>
    <testcase time="0.00100000000000477" classname="corTestDS_smk_without_na_spearman" name="simple_corTestDS_some_spearman_without_na_spearman"/>
    <testcase time="0.00199999999999534" classname="corTestDS_smk_without_na_spearman" name="simple_corTestDS_some_spearman_without_na_spearman"/>
    <testcase time="0.00100000000000477" classname="corTestDS_smk_without_na_spearman" name="simple_corTestDS_some_spearman_without_na_spearman"/>
    <testcase time="0.00199999999999534" classname="corTestDS_smk_without_na_spearman" name="simple_corTestDS_some_spearman_without_na_spearman"/>
    <testcase time="0.00100000000000477" classname="corTestDS_smk_without_na_spearman" name="simple_corTestDS_some_spearman_without_na_spearman"/>
    <testcase time="0.00199999999999534" classname="corTestDS_smk_without_na_spearman" name="simple_corTestDS_some_spearman_without_na_spearman"/>
    <testcase time="0.00100000000000477" classname="corTestDS_smk_without_na_spearman" name="simple_corTestDS_some_spearman_without_na_spearman"/>
    <testcase time="0.00199999999999534" classname="corTestDS_smk_without_na_spearman" name="simple_corTestDS_some_spearman_without_na_spearman"/>
    <testcase time="0.00300000000000011" classname="corTestDS_smk_without_na_spearman" name="simple_corTestDS_some_spearman_without_na_spearman"/>
    <testcase time="0.00100000000000477" classname="corTestDS_smk_without_na_spearman" name="simple_corTestDS_some_spearman_without_na_spearman"/>
    <testcase time="0.00199999999999534" classname="corTestDS_smk_without_na_spearman" name="simple_corTestDS_some_spearman_without_na_spearman"/>
    <testcase time="0.00200000000000955" classname="corTestDS_smk_without_na_spearman" name="simple_corTestDS_some_spearman_without_na_spearman"/>
    <testcase time="0.000999999999990564" classname="corTestDS_smk_without_na_spearman" name="simple_corTestDS_some_spearman_without_na_spearman"/>
    <testcase time="0.00100000000000477" classname="corTestDS_smk_without_na_spearman" name="simple_corTestDS_some_spearman_without_na_spearman"/>
    <testcase time="0.00199999999999534" classname="corTestDS_smk_without_na_spearman" name="simple_corTestDS_some_spearman_without_na_spearman"/>
    <testcase time="0.00200000000000955" classname="corTestDS_smk_without_na_spearman" name="simple_corTestDS_some_spearman_without_na_spearman"/>
    <testcase time="0.000999999999990564" classname="corTestDS_smk_without_na_spearman" name="simple_corTestDS_some_spearman_without_na_spearman"/>
    <testcase time="0.00100000000000477" classname="corTestDS_smk_without_na_spearman" name="simple_corTestDS_some_spearman_without_na_spearman"/>
    <testcase time="0.00199999999999534" classname="corTestDS_smk_without_na_spearman" name="simple_corTestDS_some_spearman_without_na_spearman"/>
    <testcase time="0.00100000000000477" classname="corTestDS_smk_without_na_spearman" name="simple_corTestDS_some_spearman_without_na_spearman"/>
    <testcase time="0.00199999999999534" classname="corTestDS_smk_without_na_spearman" name="simple_corTestDS_some_spearman_without_na_spearman"/>
    <testcase time="0.00200000000000955" classname="corTestDS_smk_without_na_spearman" name="simple_corTestDS_some_spearman_without_na_spearman"/>
    <testcase time="0.000999999999990564" classname="corTestDS_smk_without_na_spearman" name="simple_corTestDS_some_spearman_without_na_spearman"/>
    <testcase time="0.00200000000000955" classname="corTestDS_smk_without_na_spearman" name="simple_corTestDS_some_spearman_without_na_spearman"/>
    <testcase time="0.000999999999990564" classname="corTestDS_smk_without_na_spearman" name="simple_corTestDS_some_spearman_without_na_spearman"/>
    <testcase time="0.00100000000000477" classname="corTestDS_smk_without_na_spearman" name="simple_corTestDS_some_spearman_without_na_spearman"/>
    <testcase time="0.00199999999999534" classname="corTestDS_smk_without_na_spearman" name="simple_corTestDS_some_spearman_without_na_spearman"/>
  </testsuite>
  <testsuite name="corTestDS::smk::with na, spearman" timestamp="2025-10-21T01:41:51Z" hostname="runnervmwhb2z" tests="28" skipped="0" failures="0" errors="0" time="0.041">
    <testcase time="0.00600000000000023" classname="corTestDS_smk_with_na_spearman" name="simple_corTestDS_some_with_na_spearman"/>
    <testcase time="0.00200000000000955" classname="corTestDS_smk_with_na_spearman" name="simple_corTestDS_some_with_na_spearman"/>
    <testcase time="0.000999999999990564" classname="corTestDS_smk_with_na_spearman" name="simple_corTestDS_some_with_na_spearman"/>
    <testcase time="0.00100000000000477" classname="corTestDS_smk_with_na_spearman" name="simple_corTestDS_some_with_na_spearman"/>
    <testcase time="0.00100000000000477" classname="corTestDS_smk_with_na_spearman" name="simple_corTestDS_some_with_na_spearman"/>
    <testcase time="0.000999999999990564" classname="corTestDS_smk_with_na_spearman" name="simple_corTestDS_some_with_na_spearman"/>
    <testcase time="0.00200000000000955" classname="corTestDS_smk_with_na_spearman" name="simple_corTestDS_some_with_na_spearman"/>
    <testcase time="0.000999999999990564" classname="corTestDS_smk_with_na_spearman" name="simple_corTestDS_some_with_na_spearman"/>
    <testcase time="0.00100000000000477" classname="corTestDS_smk_with_na_spearman" name="simple_corTestDS_some_with_na_spearman"/>
    <testcase time="0.00300000000000011" classname="corTestDS_smk_with_na_spearman" name="simple_corTestDS_some_with_na_spearman"/>
    <testcase time="0.00199999999999534" classname="corTestDS_smk_with_na_spearman" name="simple_corTestDS_some_with_na_spearman"/>
    <testcase time="0.00100000000000477" classname="corTestDS_smk_with_na_spearman" name="simple_corTestDS_some_with_na_spearman"/>
    <testcase time="0.00100000000000477" classname="corTestDS_smk_with_na_spearman" name="simple_corTestDS_some_with_na_spearman"/>
    <testcase time="0.000999999999990564" classname="corTestDS_smk_with_na_spearman" name="simple_corTestDS_some_with_na_spearman"/>
    <testcase time="0.00100000000000477" classname="corTestDS_smk_with_na_spearman" name="simple_corTestDS_some_with_na_spearman"/>
    <testcase time="0.000999999999990564" classname="corTestDS_smk_with_na_spearman" name="simple_corTestDS_some_with_na_spearman"/>
    <testcase time="0.00100000000000477" classname="corTestDS_smk_with_na_spearman" name="simple_corTestDS_some_with_na_spearman"/>
    <testcase time="0.00100000000000477" classname="corTestDS_smk_with_na_spearman" name="simple_corTestDS_some_with_na_spearman"/>
    <testcase time="0.00199999999999534" classname="corTestDS_smk_with_na_spearman" name="simple_corTestDS_some_with_na_spearman"/>
    <testcase time="0.00100000000000477" classname="corTestDS_smk_with_na_spearman" name="simple_corTestDS_some_with_na_spearman"/>
    <testcase time="0.000999999999990564" classname="corTestDS_smk_with_na_spearman" name="simple_corTestDS_some_with_na_spearman"/>
    <testcase time="0.00200000000000955" classname="corTestDS_smk_with_na_spearman" name="simple_corTestDS_some_with_na_spearman"/>
    <testcase time="0.000999999999990564" classname="corTestDS_smk_with_na_spearman" name="simple_corTestDS_some_with_na_spearman"/>
    <testcase time="0.00100000000000477" classname="corTestDS_smk_with_na_spearman" name="simple_corTestDS_some_with_na_spearman"/>
    <testcase time="0.00100000000000477" classname="corTestDS_smk_with_na_spearman" name="simple_corTestDS_some_with_na_spearman"/>
    <testcase time="0.00199999999999534" classname="corTestDS_smk_with_na_spearman" name="simple_corTestDS_some_with_na_spearman"/>
    <testcase time="0.000999999999990564" classname="corTestDS_smk_with_na_spearman" name="simple_corTestDS_some_with_na_spearman"/>
    <testcase time="0.00100000000000477" classname="corTestDS_smk_with_na_spearman" name="simple_corTestDS_some_with_na_spearman"/>
  </testsuite>
  <testsuite name="corTestDS::smk::shutdown" timestamp="2025-10-21T01:41:51Z" hostname="runnervmwhb2z" tests="0" skipped="0" failures="0" errors="0" time="0"/>
  <testsuite name="corTestDS::smk::done" timestamp="2025-10-21T01:41:51Z" hostname="runnervmwhb2z" tests="0" skipped="0" failures="0" errors="0" time="0"/>
  <testsuite name="smk-covDS" timestamp="2025-10-21T01:41:51Z" hostname="runnervmwhb2z" tests="0" skipped="0" failures="0" errors="0" time="0"/>
  <testsuite name="covDS::smk::setup" timestamp="2025-10-21T01:41:51Z" hostname="runnervmwhb2z" tests="0" skipped="0" failures="0" errors="0" time="0"/>
  <testsuite name="covDS::smk::casewise.complete" timestamp="2025-10-21T01:41:51Z" hostname="runnervmwhb2z" tests="41" skipped="0" failures="0" errors="0" time="0.089">
    <testcase time="0.0259999999999962" classname="covDS_smk_casewise.complete" name="numeric_covDS_casewise.complete"/>
    <testcase time="0.00200000000000955" classname="covDS_smk_casewise.complete" name="numeric_covDS_casewise.complete"/>
    <testcase time="0.000999999999990564" classname="covDS_smk_casewise.complete" name="numeric_covDS_casewise.complete"/>
    <testcase time="0.00300000000000011" classname="covDS_smk_casewise.complete" name="numeric_covDS_casewise.complete"/>
    <testcase time="0.00300000000000011" classname="covDS_smk_casewise.complete" name="numeric_covDS_casewise.complete"/>
    <testcase time="0.00100000000000477" classname="covDS_smk_casewise.complete" name="numeric_covDS_casewise.complete"/>
    <testcase time="0.00100000000000477" classname="covDS_smk_casewise.complete" name="numeric_covDS_casewise.complete"/>
    <testcase time="0.00199999999999534" classname="covDS_smk_casewise.complete" name="numeric_covDS_casewise.complete"/>
    <testcase time="0.00100000000000477" classname="covDS_smk_casewise.complete" name="numeric_covDS_casewise.complete"/>
    <testcase time="0.000999999999990564" classname="covDS_smk_casewise.complete" name="numeric_covDS_casewise.complete"/>
    <testcase time="0.00200000000000955" classname="covDS_smk_casewise.complete" name="numeric_covDS_casewise.complete"/>
    <testcase time="0.00300000000000011" classname="covDS_smk_casewise.complete" name="numeric_covDS_casewise.complete"/>
    <testcase time="0.00300000000000011" classname="covDS_smk_casewise.complete" name="numeric_covDS_casewise.complete"/>
    <testcase time="0.000999999999990564" classname="covDS_smk_casewise.complete" name="numeric_covDS_casewise.complete"/>
    <testcase time="0.00100000000000477" classname="covDS_smk_casewise.complete" name="numeric_covDS_casewise.complete"/>
    <testcase time="0.00199999999999534" classname="covDS_smk_casewise.complete" name="numeric_covDS_casewise.complete"/>
    <testcase time="0.00100000000000477" classname="covDS_smk_casewise.complete" name="numeric_covDS_casewise.complete"/>
    <testcase time="0.00300000000000011" classname="covDS_smk_casewise.complete" name="numeric_covDS_casewise.complete"/>
    <testcase time="0.00300000000000011" classname="covDS_smk_casewise.complete" name="numeric_covDS_casewise.complete"/>
    <testcase time="0.00100000000000477" classname="covDS_smk_casewise.complete" name="numeric_covDS_casewise.complete"/>
    <testcase time="0.000999999999990564" classname="covDS_smk_casewise.complete" name="numeric_covDS_casewise.complete"/>
    <testcase time="0.00100000000000477" classname="covDS_smk_casewise.complete" name="numeric_covDS_casewise.complete"/>
    <testcase time="0.00199999999999534" classname="covDS_smk_casewise.complete" name="numeric_covDS_casewise.complete"/>
    <testcase time="0.00100000000000477" classname="covDS_smk_casewise.complete" name="numeric_covDS_casewise.complete"/>
    <testcase time="0.00100000000000477" classname="covDS_smk_casewise.complete" name="numeric_covDS_casewise.complete"/>
    <testcase time="0.00199999999999534" classname="covDS_smk_casewise.complete" name="numeric_covDS_casewise.complete"/>
    <testcase time="0.00100000000000477" classname="covDS_smk_casewise.complete" name="numeric_covDS_casewise.complete"/>
    <testcase time="0.000999999999990564" classname="covDS_smk_casewise.complete" name="numeric_covDS_casewise.complete"/>
    <testcase time="0.00100000000000477" classname="covDS_smk_casewise.complete" name="numeric_covDS_casewise.complete"/>
    <testcase time="0.00199999999999534" classname="covDS_smk_casewise.complete" name="numeric_covDS_casewise.complete"/>
    <testcase time="0.00100000000000477" classname="covDS_smk_casewise.complete" name="numeric_covDS_casewise.complete"/>
    <testcase time="0.00100000000000477" classname="covDS_smk_casewise.complete" name="numeric_covDS_casewise.complete"/>
    <testcase time="0.000999999999990564" classname="covDS_smk_casewise.complete" name="numeric_covDS_casewise.complete"/>
    <testcase time="0.00200000000000955" classname="covDS_smk_casewise.complete" name="numeric_covDS_casewise.complete"/>
    <testcase time="0.000999999999990564" classname="covDS_smk_casewise.complete" name="numeric_covDS_casewise.complete"/>
    <testcase time="0.00100000000000477" classname="covDS_smk_casewise.complete" name="numeric_covDS_casewise.complete"/>
    <testcase time="0.00100000000000477" classname="covDS_smk_casewise.complete" name="numeric_covDS_casewise.complete"/>
    <testcase time="0.00199999999999534" classname="covDS_smk_casewise.complete" name="numeric_covDS_casewise.complete"/>
    <testcase time="0.00100000000000477" classname="covDS_smk_casewise.complete" name="numeric_covDS_casewise.complete"/>
    <testcase time="0.000999999999990564" classname="covDS_smk_casewise.complete" name="numeric_covDS_casewise.complete"/>
    <testcase time="0.00300000000000011" classname="covDS_smk_casewise.complete" name="numeric_covDS_casewise.complete"/>
  </testsuite>
  <testsuite name="covDS::smk::pairwise.complete" timestamp="2025-10-21T01:41:51Z" hostname="runnervmwhb2z" tests="46" skipped="0" failures="0" errors="0" time="0.295">
    <testcase time="0.185000000000002" classname="covDS_smk_pairwise.complete" name="numeric_covDS_pairwise.complete"/>
    <testcase time="0.00100000000000477" classname="covDS_smk_pairwise.complete" name="numeric_covDS_pairwise.complete"/>
    <testcase time="0.00199999999999534" classname="covDS_smk_pairwise.complete" name="numeric_covDS_pairwise.complete"/>
    <testcase time="0.00300000000000011" classname="covDS_smk_pairwise.complete" name="numeric_covDS_pairwise.complete"/>
    <testcase time="0.00300000000000011" classname="covDS_smk_pairwise.complete" name="numeric_covDS_pairwise.complete"/>
    <testcase time="0.00100000000000477" classname="covDS_smk_pairwise.complete" name="numeric_covDS_pairwise.complete"/>
    <testcase time="0.000999999999990564" classname="covDS_smk_pairwise.complete" name="numeric_covDS_pairwise.complete"/>
    <testcase time="0.00200000000000955" classname="covDS_smk_pairwise.complete" name="numeric_covDS_pairwise.complete"/>
    <testcase time="0.000999999999990564" classname="covDS_smk_pairwise.complete" name="numeric_covDS_pairwise.complete"/>
    <testcase time="0.00100000000000477" classname="covDS_smk_pairwise.complete" name="numeric_covDS_pairwise.complete"/>
    <testcase time="0.00199999999999534" classname="covDS_smk_pairwise.complete" name="numeric_covDS_pairwise.complete"/>
    <testcase time="0.00200000000000955" classname="covDS_smk_pairwise.complete" name="numeric_covDS_pairwise.complete"/>
    <testcase time="0.00300000000000011" classname="covDS_smk_pairwise.complete" name="numeric_covDS_pairwise.complete"/>
    <testcase time="0.000999999999990564" classname="covDS_smk_pairwise.complete" name="numeric_covDS_pairwise.complete"/>
    <testcase time="0.00200000000000955" classname="covDS_smk_pairwise.complete" name="numeric_covDS_pairwise.complete"/>
    <testcase time="0.000999999999990564" classname="covDS_smk_pairwise.complete" name="numeric_covDS_pairwise.complete"/>
    <testcase time="0.00100000000000477" classname="covDS_smk_pairwise.complete" name="numeric_covDS_pairwise.complete"/>
    <testcase time="0.00100000000000477" classname="covDS_smk_pairwise.complete" name="numeric_covDS_pairwise.complete"/>
    <testcase time="0.00199999999999534" classname="covDS_smk_pairwise.complete" name="numeric_covDS_pairwise.complete"/>
    <testcase time="0.00300000000000011" classname="covDS_smk_pairwise.complete" name="numeric_covDS_pairwise.complete"/>
    <testcase time="0.00199999999999534" classname="covDS_smk_pairwise.complete" name="numeric_covDS_pairwise.complete"/>
    <testcase time="0.00200000000000955" classname="covDS_smk_pairwise.complete" name="numeric_covDS_pairwise.complete"/>
    <testcase time="0.000999999999990564" classname="covDS_smk_pairwise.complete" name="numeric_covDS_pairwise.complete"/>
    <testcase time="0.0390000000000015" classname="covDS_smk_pairwise.complete" name="numeric_covDS_pairwise.complete"/>
    <testcase time="0.00200000000000955" classname="covDS_smk_pairwise.complete" name="numeric_covDS_pairwise.complete"/>
    <testcase time="0.000999999999990564" classname="covDS_smk_pairwise.complete" name="numeric_covDS_pairwise.complete"/>
    <testcase time="0.00200000000000955" classname="covDS_smk_pairwise.complete" name="numeric_covDS_pairwise.complete"/>
    <testcase time="0.000999999999990564" classname="covDS_smk_pairwise.complete" name="numeric_covDS_pairwise.complete"/>
    <testcase time="0.00200000000000955" classname="covDS_smk_pairwise.complete" name="numeric_covDS_pairwise.complete"/>
    <testcase time="0.000999999999990564" classname="covDS_smk_pairwise.complete" name="numeric_covDS_pairwise.complete"/>
    <testcase time="0.00100000000000477" classname="covDS_smk_pairwise.complete" name="numeric_covDS_pairwise.complete"/>
    <testcase time="0.00199999999999534" classname="covDS_smk_pairwise.complete" name="numeric_covDS_pairwise.complete"/>
    <testcase time="0.00100000000000477" classname="covDS_smk_pairwise.complete" name="numeric_covDS_pairwise.complete"/>
    <testcase time="0.00199999999999534" classname="covDS_smk_pairwise.complete" name="numeric_covDS_pairwise.complete"/>
    <testcase time="0.00100000000000477" classname="covDS_smk_pairwise.complete" name="numeric_covDS_pairwise.complete"/>
    <testcase time="0.00100000000000477" classname="covDS_smk_pairwise.complete" name="numeric_covDS_pairwise.complete"/>
    <testcase time="0.00199999999999534" classname="covDS_smk_pairwise.complete" name="numeric_covDS_pairwise.complete"/>
    <testcase time="0.00100000000000477" classname="covDS_smk_pairwise.complete" name="numeric_covDS_pairwise.complete"/>
    <testcase time="0.000999999999990564" classname="covDS_smk_pairwise.complete" name="numeric_covDS_pairwise.complete"/>
    <testcase time="0.00199999999999534" classname="covDS_smk_pairwise.complete" name="numeric_covDS_pairwise.complete"/>
    <testcase time="0.00100000000000477" classname="covDS_smk_pairwise.complete" name="numeric_covDS_pairwise.complete"/>
    <testcase time="0.00199999999999534" classname="covDS_smk_pairwise.complete" name="numeric_covDS_pairwise.complete"/>
    <testcase time="0.00100000000000477" classname="covDS_smk_pairwise.complete" name="numeric_covDS_pairwise.complete"/>
    <testcase time="0.00199999999999534" classname="covDS_smk_pairwise.complete" name="numeric_covDS_pairwise.complete"/>
    <testcase time="0.00100000000000477" classname="covDS_smk_pairwise.complete" name="numeric_covDS_pairwise.complete"/>
    <testcase time="0.00300000000000011" classname="covDS_smk_pairwise.complete" name="numeric_covDS_pairwise.complete"/>
  </testsuite>
  <testsuite name="covDS::smk::shutdown" timestamp="2025-10-21T01:41:52Z" hostname="runnervmwhb2z" tests="0" skipped="0" failures="0" errors="0" time="0"/>
  <testsuite name="covDS::smk::done" timestamp="2025-10-21T01:41:52Z" hostname="runnervmwhb2z" tests="0" skipped="0" failures="0" errors="0" time="0"/>
  <testsuite name="smk-dataFrameDS" timestamp="2025-10-21T01:41:52Z" hostname="runnervmwhb2z" tests="0" skipped="0" failures="0" errors="0" time="0"/>
  <testsuite name="dataFrameDS::smk::setup" timestamp="2025-10-21T01:41:52Z" hostname="runnervmwhb2z" tests="0" skipped="0" failures="0" errors="0" time="0"/>
  <testsuite name="dataFrameDS::smk" timestamp="2025-10-21T01:41:52Z" hostname="runnervmwhb2z" tests="18" skipped="0" failures="0" errors="0" time="0.064">
    <testcase time="0.0150000000000006" classname="dataFrameDS_smk" name="simple_dataFrameDS"/>
    <testcase time="0.00100000000000477" classname="dataFrameDS_smk" name="simple_dataFrameDS"/>
    <testcase time="0.000999999999990564" classname="dataFrameDS_smk" name="simple_dataFrameDS"/>
    <testcase time="0.00100000000000477" classname="dataFrameDS_smk" name="simple_dataFrameDS"/>
    <testcase time="0.00100000000000477" classname="dataFrameDS_smk" name="simple_dataFrameDS"/>
    <testcase time="0.00199999999999534" classname="dataFrameDS_smk" name="simple_dataFrameDS"/>
    <testcase time="0.00100000000000477" classname="dataFrameDS_smk" name="simple_dataFrameDS"/>
    <testcase time="0.000999999999990564" classname="dataFrameDS_smk" name="simple_dataFrameDS"/>
    <testcase time="0.00200000000000955" classname="dataFrameDS_smk" name="simple_dataFrameDS"/>
    <testcase time="0.0300000000000011" classname="dataFrameDS_smk" name="simple_dataFrameDS_strAsFactors_is_TRUE"/>
    <testcase time="0.000999999999990564" classname="dataFrameDS_smk" name="simple_dataFrameDS_strAsFactors_is_TRUE"/>
    <testcase time="0.00100000000000477" classname="dataFrameDS_smk" name="simple_dataFrameDS_strAsFactors_is_TRUE"/>
    <testcase time="0.00199999999999534" classname="dataFrameDS_smk" name="simple_dataFrameDS_strAsFactors_is_TRUE"/>
    <testcase time="0.00100000000000477" classname="dataFrameDS_smk" name="simple_dataFrameDS_strAsFactors_is_TRUE"/>
    <testcase time="0.00100000000000477" classname="dataFrameDS_smk" name="simple_dataFrameDS_strAsFactors_is_TRUE"/>
    <testcase time="0.000999999999990564" classname="dataFrameDS_smk" name="simple_dataFrameDS_strAsFactors_is_TRUE"/>
    <testcase time="0.00100000000000477" classname="dataFrameDS_smk" name="simple_dataFrameDS_strAsFactors_is_TRUE"/>
    <testcase time="0.000999999999990564" classname="dataFrameDS_smk" name="simple_dataFrameDS_strAsFactors_is_TRUE"/>
  </testsuite>
  <testsuite name="dataFrameDS::smk::shutdown" timestamp="2025-10-21T01:41:52Z" hostname="runnervmwhb2z" tests="0" skipped="0" failures="0" errors="0" time="0"/>
  <testsuite name="dataFrameDS::smk::done" timestamp="2025-10-21T01:41:52Z" hostname="runnervmwhb2z" tests="0" skipped="0" failures="0" errors="0" time="0"/>
  <testsuite name="smk-dataFrameFillDS" timestamp="2025-10-21T01:41:52Z" hostname="runnervmwhb2z" tests="0" skipped="0" failures="0" errors="0" time="0"/>
  <testsuite name="dataFrameFillDS::smk::setup" timestamp="2025-10-21T01:41:52Z" hostname="runnervmwhb2z" tests="0" skipped="0" failures="0" errors="0" time="0"/>
  <testsuite name="dataFrameFillDS::smk" timestamp="2025-10-21T01:41:52Z" hostname="runnervmwhb2z" tests="83" skipped="0" failures="0" errors="0" time="0.194">
    <testcase time="0.0150000000000006" classname="dataFrameFillDS_smk" name="simple_dataFrameFillDS_ascending_numeric"/>
    <testcase time="0.00200000000000955" classname="dataFrameFillDS_smk" name="simple_dataFrameFillDS_ascending_numeric"/>
    <testcase time="0.000999999999990564" classname="dataFrameFillDS_smk" name="simple_dataFrameFillDS_ascending_numeric"/>
    <testcase time="0.00100000000000477" classname="dataFrameFillDS_smk" name="simple_dataFrameFillDS_ascending_numeric"/>
    <testcase time="0.00100000000000477" classname="dataFrameFillDS_smk" name="simple_dataFrameFillDS_ascending_numeric"/>
    <testcase time="0.000999999999990564" classname="dataFrameFillDS_smk" name="simple_dataFrameFillDS_ascending_numeric"/>
    <testcase time="0.00200000000000955" classname="dataFrameFillDS_smk" name="simple_dataFrameFillDS_ascending_numeric"/>
    <testcase time="0.000999999999990564" classname="dataFrameFillDS_smk" name="simple_dataFrameFillDS_ascending_numeric"/>
    <testcase time="0.00100000000000477" classname="dataFrameFillDS_smk" name="simple_dataFrameFillDS_ascending_numeric"/>
    <testcase time="0.00100000000000477" classname="dataFrameFillDS_smk" name="simple_dataFrameFillDS_ascending_numeric"/>
    <testcase time="0.00199999999999534" classname="dataFrameFillDS_smk" name="simple_dataFrameFillDS_ascending_numeric"/>
    <testcase time="0.00100000000000477" classname="dataFrameFillDS_smk" name="simple_dataFrameFillDS_ascending_numeric"/>
    <testcase time="0.000999999999990564" classname="dataFrameFillDS_smk" name="simple_dataFrameFillDS_ascending_numeric"/>
    <testcase time="0.00100000000000477" classname="dataFrameFillDS_smk" name="simple_dataFrameFillDS_ascending_numeric"/>
    <testcase time="0.00100000000000477" classname="dataFrameFillDS_smk" name="simple_dataFrameFillDS_ascending_numeric"/>
    <testcase time="0.00199999999999534" classname="dataFrameFillDS_smk" name="simple_dataFrameFillDS_ascending_numeric"/>
    <testcase time="0.00100000000000477" classname="dataFrameFillDS_smk" name="simple_dataFrameFillDS_ascending_numeric"/>
    <testcase time="0.000999999999990564" classname="dataFrameFillDS_smk" name="simple_dataFrameFillDS_ascending_numeric"/>
    <testcase time="0.00100000000000477" classname="dataFrameFillDS_smk" name="simple_dataFrameFillDS_ascending_numeric"/>
    <testcase time="0.00199999999999534" classname="dataFrameFillDS_smk" name="simple_dataFrameFillDS_ascending_numeric"/>
    <testcase time="0.00100000000000477" classname="dataFrameFillDS_smk" name="simple_dataFrameFillDS_ascending_numeric"/>
    <testcase time="0.00100000000000477" classname="dataFrameFillDS_smk" name="simple_dataFrameFillDS_ascending_numeric"/>
    <testcase time="0.000999999999990564" classname="dataFrameFillDS_smk" name="simple_dataFrameFillDS_ascending_numeric"/>
    <testcase time="0.00200000000000955" classname="dataFrameFillDS_smk" name="simple_dataFrameFillDS_ascending_numeric"/>
    <testcase time="0.000999999999990564" classname="dataFrameFillDS_smk" name="simple_dataFrameFillDS_ascending_numeric"/>
    <testcase time="0.00100000000000477" classname="dataFrameFillDS_smk" name="simple_dataFrameFillDS_ascending_numeric"/>
    <testcase time="0.00199999999999534" classname="dataFrameFillDS_smk" name="simple_dataFrameFillDS_ascending_numeric"/>
    <testcase time="0.00100000000000477" classname="dataFrameFillDS_smk" name="simple_dataFrameFillDS_ascending_numeric"/>
    <testcase time="0.000999999999990564" classname="dataFrameFillDS_smk" name="simple_dataFrameFillDS_ascending_numeric"/>
    <testcase time="0.00200000000000955" classname="dataFrameFillDS_smk" name="simple_dataFrameFillDS_ascending_numeric"/>
    <testcase time="0.000999999999990564" classname="dataFrameFillDS_smk" name="simple_dataFrameFillDS_ascending_numeric"/>
    <testcase time="0.00200000000000955" classname="dataFrameFillDS_smk" name="simple_dataFrameFillDS_ascending_numeric"/>
    <testcase time="0.000999999999990564" classname="dataFrameFillDS_smk" name="simple_dataFrameFillDS_ascending_numeric"/>
    <testcase time="0.00800000000000978" classname="dataFrameFillDS_smk" name="simple_dataFrameFillDS_ascending_numeric"/>
    <testcase time="0.00199999999999534" classname="dataFrameFillDS_smk" name="simple_dataFrameFillDS_ascending_numeric"/>
    <testcase time="0.00199999999999534" classname="dataFrameFillDS_smk" name="simple_dataFrameFillDS_ascending_numeric"/>
    <testcase time="0.00100000000000477" classname="dataFrameFillDS_smk" name="simple_dataFrameFillDS_ascending_numeric"/>
    <testcase time="0.00199999999999534" classname="dataFrameFillDS_smk" name="simple_dataFrameFillDS_ascending_numeric"/>
    <testcase time="0.00200000000000955" classname="dataFrameFillDS_smk" name="simple_dataFrameFillDS_ascending_numeric"/>
    <testcase time="0.000999999999990564" classname="dataFrameFillDS_smk" name="simple_dataFrameFillDS_ascending_numeric"/>
    <testcase time="0.00300000000000011" classname="dataFrameFillDS_smk" name="simple_dataFrameFillDS_ascending_numeric"/>
    <testcase time="0.00300000000000011" classname="dataFrameFillDS_smk" name="simple_dataFrameFillDS_ascending_numeric"/>
    <testcase time="0.00300000000000011" classname="dataFrameFillDS_smk" name="simple_dataFrameFillDS_ascending_numeric"/>
    <testcase time="0.00300000000000011" classname="dataFrameFillDS_smk" name="simple_dataFrameFillDS_ascending_numeric"/>
    <testcase time="0.00300000000000011" classname="dataFrameFillDS_smk" name="simple_dataFrameFillDS_ascending_numeric"/>
    <testcase time="0.00300000000000011" classname="dataFrameFillDS_smk" name="simple_dataFrameFillDS_ascending_numeric"/>
    <testcase time="0.00300000000000011" classname="dataFrameFillDS_smk" name="simple_dataFrameFillDS_ascending_numeric"/>
    <testcase time="0.00300000000000011" classname="dataFrameFillDS_smk" name="simple_dataFrameFillDS_ascending_numeric"/>
    <testcase time="0.00200000000000955" classname="dataFrameFillDS_smk" name="simple_dataFrameFillDS_ascending_numeric"/>
    <testcase time="0.00300000000000011" classname="dataFrameFillDS_smk" name="simple_dataFrameFillDS_ascending_numeric"/>
    <testcase time="0.00300000000000011" classname="dataFrameFillDS_smk" name="simple_dataFrameFillDS_ascending_numeric"/>
    <testcase time="0.00300000000000011" classname="dataFrameFillDS_smk" name="simple_dataFrameFillDS_ascending_numeric"/>
    <testcase time="0.00300000000000011" classname="dataFrameFillDS_smk" name="simple_dataFrameFillDS_ascending_numeric"/>
    <testcase time="0.00300000000000011" classname="dataFrameFillDS_smk" name="simple_dataFrameFillDS_ascending_numeric"/>
    <testcase time="0.00199999999999534" classname="dataFrameFillDS_smk" name="simple_dataFrameFillDS_ascending_numeric"/>
    <testcase time="0.00300000000000011" classname="dataFrameFillDS_smk" name="simple_dataFrameFillDS_ascending_numeric"/>
    <testcase time="0.00300000000000011" classname="dataFrameFillDS_smk" name="simple_dataFrameFillDS_ascending_numeric"/>
    <testcase time="0.00300000000000011" classname="dataFrameFillDS_smk" name="simple_dataFrameFillDS_ascending_numeric"/>
    <testcase time="0.00300000000000011" classname="dataFrameFillDS_smk" name="simple_dataFrameFillDS_ascending_numeric"/>
    <testcase time="0.00300000000000011" classname="dataFrameFillDS_smk" name="simple_dataFrameFillDS_ascending_numeric"/>
    <testcase time="0.00199999999999534" classname="dataFrameFillDS_smk" name="simple_dataFrameFillDS_ascending_numeric"/>
    <testcase time="0.00300000000000011" classname="dataFrameFillDS_smk" name="simple_dataFrameFillDS_ascending_numeric"/>
    <testcase time="0.00300000000000011" classname="dataFrameFillDS_smk" name="simple_dataFrameFillDS_ascending_numeric"/>
    <testcase time="0.00300000000000011" classname="dataFrameFillDS_smk" name="simple_dataFrameFillDS_ascending_numeric"/>
    <testcase time="0.00300000000000011" classname="dataFrameFillDS_smk" name="simple_dataFrameFillDS_ascending_numeric"/>
    <testcase time="0.00300000000000011" classname="dataFrameFillDS_smk" name="simple_dataFrameFillDS_ascending_numeric"/>
    <testcase time="0.00200000000000955" classname="dataFrameFillDS_smk" name="simple_dataFrameFillDS_ascending_numeric"/>
    <testcase time="0.00300000000000011" classname="dataFrameFillDS_smk" name="simple_dataFrameFillDS_ascending_numeric"/>
    <testcase time="0.00300000000000011" classname="dataFrameFillDS_smk" name="simple_dataFrameFillDS_ascending_numeric"/>
    <testcase time="0.00300000000000011" classname="dataFrameFillDS_smk" name="simple_dataFrameFillDS_ascending_numeric"/>
    <testcase time="0.00300000000000011" classname="dataFrameFillDS_smk" name="simple_dataFrameFillDS_ascending_numeric"/>
    <testcase time="0.00300000000000011" classname="dataFrameFillDS_smk" name="simple_dataFrameFillDS_ascending_numeric"/>
    <testcase time="0.00300000000000011" classname="dataFrameFillDS_smk" name="simple_dataFrameFillDS_ascending_numeric"/>
    <testcase time="0.00300000000000011" classname="dataFrameFillDS_smk" name="simple_dataFrameFillDS_ascending_numeric"/>
    <testcase time="0.00199999999999534" classname="dataFrameFillDS_smk" name="simple_dataFrameFillDS_ascending_numeric"/>
    <testcase time="0.00300000000000011" classname="dataFrameFillDS_smk" name="simple_dataFrameFillDS_ascending_numeric"/>
    <testcase time="0.00300000000000011" classname="dataFrameFillDS_smk" name="simple_dataFrameFillDS_ascending_numeric"/>
    <testcase time="0.00300000000000011" classname="dataFrameFillDS_smk" name="simple_dataFrameFillDS_ascending_numeric"/>
    <testcase time="0.00300000000000011" classname="dataFrameFillDS_smk" name="simple_dataFrameFillDS_ascending_numeric"/>
    <testcase time="0.00300000000000011" classname="dataFrameFillDS_smk" name="simple_dataFrameFillDS_ascending_numeric"/>
    <testcase time="0.00199999999999534" classname="dataFrameFillDS_smk" name="simple_dataFrameFillDS_ascending_numeric"/>
    <testcase time="0.00100000000000477" classname="dataFrameFillDS_smk" name="simple_dataFrameFillDS_ascending_numeric"/>
    <testcase time="0.00199999999999534" classname="dataFrameFillDS_smk" name="simple_dataFrameFillDS_ascending_numeric"/>
  </testsuite>
  <testsuite name="dataFrameFillDS::smk::shutdown" timestamp="2025-10-21T01:41:52Z" hostname="runnervmwhb2z" tests="0" skipped="0" failures="0" errors="0" time="0"/>
  <testsuite name="dataFrameFillDS::smk::done" timestamp="2025-10-21T01:41:52Z" hostname="runnervmwhb2z" tests="0" skipped="0" failures="0" errors="0" time="0"/>
  <testsuite name="smk-dataFrameSortDS" timestamp="2025-10-21T01:41:52Z" hostname="runnervmwhb2z" tests="0" skipped="0" failures="0" errors="0" time="0"/>
  <testsuite name="dataFrameSortDS::smk::setup" timestamp="2025-10-21T01:41:52Z" hostname="runnervmwhb2z" tests="0" skipped="0" failures="0" errors="0" time="0"/>
  <testsuite name="dataFrameSortDS::smk::numeric input" timestamp="2025-10-21T01:41:52Z" hostname="runnervmwhb2z" tests="138" skipped="0" failures="0" errors="0" time="0.322">
    <testcase time="0.0630000000000024" classname="dataFrameSortDS_smk_numeric_input" name="simple_dataFrameSortDS_ascending_default"/>
    <testcase time="0.00100000000000477" classname="dataFrameSortDS_smk_numeric_input" name="simple_dataFrameSortDS_ascending_default"/>
    <testcase time="0.00199999999999534" classname="dataFrameSortDS_smk_numeric_input" name="simple_dataFrameSortDS_ascending_default"/>
    <testcase time="0.00100000000000477" classname="dataFrameSortDS_smk_numeric_input" name="simple_dataFrameSortDS_ascending_default"/>
    <testcase time="0.000999999999990564" classname="dataFrameSortDS_smk_numeric_input" name="simple_dataFrameSortDS_ascending_default"/>
    <testcase time="0.00100000000000477" classname="dataFrameSortDS_smk_numeric_input" name="simple_dataFrameSortDS_ascending_default"/>
    <testcase time="0.00100000000000477" classname="dataFrameSortDS_smk_numeric_input" name="simple_dataFrameSortDS_ascending_default"/>
    <testcase time="0.00199999999999534" classname="dataFrameSortDS_smk_numeric_input" name="simple_dataFrameSortDS_ascending_default"/>
    <testcase time="0.00100000000000477" classname="dataFrameSortDS_smk_numeric_input" name="simple_dataFrameSortDS_ascending_default"/>
    <testcase time="0.000999999999990564" classname="dataFrameSortDS_smk_numeric_input" name="simple_dataFrameSortDS_ascending_default"/>
    <testcase time="0.00200000000000955" classname="dataFrameSortDS_smk_numeric_input" name="simple_dataFrameSortDS_ascending_default"/>
    <testcase time="0.000999999999990564" classname="dataFrameSortDS_smk_numeric_input" name="simple_dataFrameSortDS_ascending_default"/>
    <testcase time="0.00100000000000477" classname="dataFrameSortDS_smk_numeric_input" name="simple_dataFrameSortDS_ascending_default"/>
    <testcase time="0.00199999999999534" classname="dataFrameSortDS_smk_numeric_input" name="simple_dataFrameSortDS_ascending_default"/>
    <testcase time="0.00100000000000477" classname="dataFrameSortDS_smk_numeric_input" name="simple_dataFrameSortDS_ascending_default"/>
    <testcase time="0.00199999999999534" classname="dataFrameSortDS_smk_numeric_input" name="simple_dataFrameSortDS_ascending_default"/>
    <testcase time="0.00100000000000477" classname="dataFrameSortDS_smk_numeric_input" name="simple_dataFrameSortDS_ascending_default"/>
    <testcase time="0.00100000000000477" classname="dataFrameSortDS_smk_numeric_input" name="simple_dataFrameSortDS_ascending_default"/>
    <testcase time="0.000999999999990564" classname="dataFrameSortDS_smk_numeric_input" name="simple_dataFrameSortDS_ascending_default"/>
    <testcase time="0.00200000000000955" classname="dataFrameSortDS_smk_numeric_input" name="simple_dataFrameSortDS_ascending_default"/>
    <testcase time="0.000999999999990564" classname="dataFrameSortDS_smk_numeric_input" name="simple_dataFrameSortDS_ascending_default"/>
    <testcase time="0.00100000000000477" classname="dataFrameSortDS_smk_numeric_input" name="simple_dataFrameSortDS_ascending_default"/>
    <testcase time="0.00199999999999534" classname="dataFrameSortDS_smk_numeric_input" name="simple_dataFrameSortDS_ascending_default"/>
    <testcase time="0.00400000000000489" classname="dataFrameSortDS_smk_numeric_input" name="simple_dataFrameSortDS_descending_default"/>
    <testcase time="0.00199999999999534" classname="dataFrameSortDS_smk_numeric_input" name="simple_dataFrameSortDS_descending_default"/>
    <testcase time="0.00100000000000477" classname="dataFrameSortDS_smk_numeric_input" name="simple_dataFrameSortDS_descending_default"/>
    <testcase time="0.00100000000000477" classname="dataFrameSortDS_smk_numeric_input" name="simple_dataFrameSortDS_descending_default"/>
    <testcase time="0.000999999999990564" classname="dataFrameSortDS_smk_numeric_input" name="simple_dataFrameSortDS_descending_default"/>
    <testcase time="0.00200000000000955" classname="dataFrameSortDS_smk_numeric_input" name="simple_dataFrameSortDS_descending_default"/>
    <testcase time="0.000999999999990564" classname="dataFrameSortDS_smk_numeric_input" name="simple_dataFrameSortDS_descending_default"/>
    <testcase time="0.00100000000000477" classname="dataFrameSortDS_smk_numeric_input" name="simple_dataFrameSortDS_descending_default"/>
    <testcase time="0.00199999999999534" classname="dataFrameSortDS_smk_numeric_input" name="simple_dataFrameSortDS_descending_default"/>
    <testcase time="0.00100000000000477" classname="dataFrameSortDS_smk_numeric_input" name="simple_dataFrameSortDS_descending_default"/>
    <testcase time="0.00199999999999534" classname="dataFrameSortDS_smk_numeric_input" name="simple_dataFrameSortDS_descending_default"/>
    <testcase time="0.00100000000000477" classname="dataFrameSortDS_smk_numeric_input" name="simple_dataFrameSortDS_descending_default"/>
    <testcase time="0.000999999999990564" classname="dataFrameSortDS_smk_numeric_input" name="simple_dataFrameSortDS_descending_default"/>
    <testcase time="0.00200000000000955" classname="dataFrameSortDS_smk_numeric_input" name="simple_dataFrameSortDS_descending_default"/>
    <testcase time="0.000999999999990564" classname="dataFrameSortDS_smk_numeric_input" name="simple_dataFrameSortDS_descending_default"/>
    <testcase time="0.00200000000000955" classname="dataFrameSortDS_smk_numeric_input" name="simple_dataFrameSortDS_descending_default"/>
    <testcase time="0.000999999999990564" classname="dataFrameSortDS_smk_numeric_input" name="simple_dataFrameSortDS_descending_default"/>
    <testcase time="0.00200000000000955" classname="dataFrameSortDS_smk_numeric_input" name="simple_dataFrameSortDS_descending_default"/>
    <testcase time="0.000999999999990564" classname="dataFrameSortDS_smk_numeric_input" name="simple_dataFrameSortDS_descending_default"/>
    <testcase time="0.00200000000000955" classname="dataFrameSortDS_smk_numeric_input" name="simple_dataFrameSortDS_descending_default"/>
    <testcase time="0.000999999999990564" classname="dataFrameSortDS_smk_numeric_input" name="simple_dataFrameSortDS_descending_default"/>
    <testcase time="0.00100000000000477" classname="dataFrameSortDS_smk_numeric_input" name="simple_dataFrameSortDS_descending_default"/>
    <testcase time="0.00199999999999534" classname="dataFrameSortDS_smk_numeric_input" name="simple_dataFrameSortDS_descending_default"/>
    <testcase time="0.00400000000000489" classname="dataFrameSortDS_smk_numeric_input" name="simple_dataFrameSortDS_ascending_numeric"/>
    <testcase time="0.00199999999999534" classname="dataFrameSortDS_smk_numeric_input" name="simple_dataFrameSortDS_ascending_numeric"/>
    <testcase time="0.00100000000000477" classname="dataFrameSortDS_smk_numeric_input" name="simple_dataFrameSortDS_ascending_numeric"/>
    <testcase time="0.00100000000000477" classname="dataFrameSortDS_smk_numeric_input" name="simple_dataFrameSortDS_ascending_numeric"/>
    <testcase time="0.00199999999999534" classname="dataFrameSortDS_smk_numeric_input" name="simple_dataFrameSortDS_ascending_numeric"/>
    <testcase time="0.00100000000000477" classname="dataFrameSortDS_smk_numeric_input" name="simple_dataFrameSortDS_ascending_numeric"/>
    <testcase time="0.00199999999999534" classname="dataFrameSortDS_smk_numeric_input" name="simple_dataFrameSortDS_ascending_numeric"/>
    <testcase time="0.00100000000000477" classname="dataFrameSortDS_smk_numeric_input" name="simple_dataFrameSortDS_ascending_numeric"/>
    <testcase time="0.00199999999999534" classname="dataFrameSortDS_smk_numeric_input" name="simple_dataFrameSortDS_ascending_numeric"/>
    <testcase time="0.00100000000000477" classname="dataFrameSortDS_smk_numeric_input" name="simple_dataFrameSortDS_ascending_numeric"/>
    <testcase time="0.00199999999999534" classname="dataFrameSortDS_smk_numeric_input" name="simple_dataFrameSortDS_ascending_numeric"/>
    <testcase time="0.00100000000000477" classname="dataFrameSortDS_smk_numeric_input" name="simple_dataFrameSortDS_ascending_numeric"/>
    <testcase time="0.00199999999999534" classname="dataFrameSortDS_smk_numeric_input" name="simple_dataFrameSortDS_ascending_numeric"/>
    <testcase time="0.00100000000000477" classname="dataFrameSortDS_smk_numeric_input" name="simple_dataFrameSortDS_ascending_numeric"/>
    <testcase time="0.00199999999999534" classname="dataFrameSortDS_smk_numeric_input" name="simple_dataFrameSortDS_ascending_numeric"/>
    <testcase time="0.00100000000000477" classname="dataFrameSortDS_smk_numeric_input" name="simple_dataFrameSortDS_ascending_numeric"/>
    <testcase time="0.00199999999999534" classname="dataFrameSortDS_smk_numeric_input" name="simple_dataFrameSortDS_ascending_numeric"/>
    <testcase time="0.00100000000000477" classname="dataFrameSortDS_smk_numeric_input" name="simple_dataFrameSortDS_ascending_numeric"/>
    <testcase time="0.00199999999999534" classname="dataFrameSortDS_smk_numeric_input" name="simple_dataFrameSortDS_ascending_numeric"/>
    <testcase time="0.00100000000000477" classname="dataFrameSortDS_smk_numeric_input" name="simple_dataFrameSortDS_ascending_numeric"/>
    <testcase time="0.00199999999999534" classname="dataFrameSortDS_smk_numeric_input" name="simple_dataFrameSortDS_ascending_numeric"/>
    <testcase time="0.00100000000000477" classname="dataFrameSortDS_smk_numeric_input" name="simple_dataFrameSortDS_ascending_numeric"/>
    <testcase time="0.00199999999999534" classname="dataFrameSortDS_smk_numeric_input" name="simple_dataFrameSortDS_ascending_numeric"/>
    <testcase time="0.00400000000000489" classname="dataFrameSortDS_smk_numeric_input" name="simple_dataFrameSortDS_descending_numeric"/>
    <testcase time="0.00199999999999534" classname="dataFrameSortDS_smk_numeric_input" name="simple_dataFrameSortDS_descending_numeric"/>
    <testcase time="0.00100000000000477" classname="dataFrameSortDS_smk_numeric_input" name="simple_dataFrameSortDS_descending_numeric"/>
    <testcase time="0.00199999999999534" classname="dataFrameSortDS_smk_numeric_input" name="simple_dataFrameSortDS_descending_numeric"/>
    <testcase time="0.00100000000000477" classname="dataFrameSortDS_smk_numeric_input" name="simple_dataFrameSortDS_descending_numeric"/>
    <testcase time="0.00199999999999534" classname="dataFrameSortDS_smk_numeric_input" name="simple_dataFrameSortDS_descending_numeric"/>
    <testcase time="0.00100000000000477" classname="dataFrameSortDS_smk_numeric_input" name="simple_dataFrameSortDS_descending_numeric"/>
    <testcase time="0.00199999999999534" classname="dataFrameSortDS_smk_numeric_input" name="simple_dataFrameSortDS_descending_numeric"/>
    <testcase time="0.00100000000000477" classname="dataFrameSortDS_smk_numeric_input" name="simple_dataFrameSortDS_descending_numeric"/>
    <testcase time="0.00199999999999534" classname="dataFrameSortDS_smk_numeric_input" name="simple_dataFrameSortDS_descending_numeric"/>
    <testcase time="0.00199999999999534" classname="dataFrameSortDS_smk_numeric_input" name="simple_dataFrameSortDS_descending_numeric"/>
    <testcase time="0.00100000000000477" classname="dataFrameSortDS_smk_numeric_input" name="simple_dataFrameSortDS_descending_numeric"/>
    <testcase time="0.00199999999999534" classname="dataFrameSortDS_smk_numeric_input" name="simple_dataFrameSortDS_descending_numeric"/>
    <testcase time="0.00100000000000477" classname="dataFrameSortDS_smk_numeric_input" name="simple_dataFrameSortDS_descending_numeric"/>
    <testcase time="0.00199999999999534" classname="dataFrameSortDS_smk_numeric_input" name="simple_dataFrameSortDS_descending_numeric"/>
    <testcase time="0.00100000000000477" classname="dataFrameSortDS_smk_numeric_input" name="simple_dataFrameSortDS_descending_numeric"/>
    <testcase time="0.00799999999999557" classname="dataFrameSortDS_smk_numeric_input" name="simple_dataFrameSortDS_descending_numeric"/>
    <testcase time="0.00199999999999534" classname="dataFrameSortDS_smk_numeric_input" name="simple_dataFrameSortDS_descending_numeric"/>
    <testcase time="0.00200000000000955" classname="dataFrameSortDS_smk_numeric_input" name="simple_dataFrameSortDS_descending_numeric"/>
    <testcase time="0.00199999999999534" classname="dataFrameSortDS_smk_numeric_input" name="simple_dataFrameSortDS_descending_numeric"/>
    <testcase time="0.00199999999999534" classname="dataFrameSortDS_smk_numeric_input" name="simple_dataFrameSortDS_descending_numeric"/>
    <testcase time="0.00100000000000477" classname="dataFrameSortDS_smk_numeric_input" name="simple_dataFrameSortDS_descending_numeric"/>
    <testcase time="0.00199999999999534" classname="dataFrameSortDS_smk_numeric_input" name="simple_dataFrameSortDS_descending_numeric"/>
    <testcase time="0.0310000000000059" classname="dataFrameSortDS_smk_numeric_input" name="simple_dataFrameSortDS_ascending_alphabetic"/>
    <testcase time="0.00199999999999534" classname="dataFrameSortDS_smk_numeric_input" name="simple_dataFrameSortDS_ascending_alphabetic"/>
    <testcase time="0.00199999999999534" classname="dataFrameSortDS_smk_numeric_input" name="simple_dataFrameSortDS_ascending_alphabetic"/>
    <testcase time="0.00100000000000477" classname="dataFrameSortDS_smk_numeric_input" name="simple_dataFrameSortDS_ascending_alphabetic"/>
    <testcase time="0.00199999999999534" classname="dataFrameSortDS_smk_numeric_input" name="simple_dataFrameSortDS_ascending_alphabetic"/>
    <testcase time="0.00200000000000955" classname="dataFrameSortDS_smk_numeric_input" name="simple_dataFrameSortDS_ascending_alphabetic"/>
    <testcase time="0.000999999999990564" classname="dataFrameSortDS_smk_numeric_input" name="simple_dataFrameSortDS_ascending_alphabetic"/>
    <testcase time="0.00200000000000955" classname="dataFrameSortDS_smk_numeric_input" name="simple_dataFrameSortDS_ascending_alphabetic"/>
    <testcase time="0.000999999999990564" classname="dataFrameSortDS_smk_numeric_input" name="simple_dataFrameSortDS_ascending_alphabetic"/>
    <testcase time="0.00200000000000955" classname="dataFrameSortDS_smk_numeric_input" name="simple_dataFrameSortDS_ascending_alphabetic"/>
    <testcase time="0.00199999999999534" classname="dataFrameSortDS_smk_numeric_input" name="simple_dataFrameSortDS_ascending_alphabetic"/>
    <testcase time="0.00199999999999534" classname="dataFrameSortDS_smk_numeric_input" name="simple_dataFrameSortDS_ascending_alphabetic"/>
    <testcase time="0.00100000000000477" classname="dataFrameSortDS_smk_numeric_input" name="simple_dataFrameSortDS_ascending_alphabetic"/>
    <testcase time="0.00199999999999534" classname="dataFrameSortDS_smk_numeric_input" name="simple_dataFrameSortDS_ascending_alphabetic"/>
    <testcase time="0.00200000000000955" classname="dataFrameSortDS_smk_numeric_input" name="simple_dataFrameSortDS_ascending_alphabetic"/>
    <testcase time="0.000999999999990564" classname="dataFrameSortDS_smk_numeric_input" name="simple_dataFrameSortDS_ascending_alphabetic"/>
    <testcase time="0.00200000000000955" classname="dataFrameSortDS_smk_numeric_input" name="simple_dataFrameSortDS_ascending_alphabetic"/>
    <testcase time="0.00199999999999534" classname="dataFrameSortDS_smk_numeric_input" name="simple_dataFrameSortDS_ascending_alphabetic"/>
    <testcase time="0.00199999999999534" classname="dataFrameSortDS_smk_numeric_input" name="simple_dataFrameSortDS_ascending_alphabetic"/>
    <testcase time="0.00100000000000477" classname="dataFrameSortDS_smk_numeric_input" name="simple_dataFrameSortDS_ascending_alphabetic"/>
    <testcase time="0.00199999999999534" classname="dataFrameSortDS_smk_numeric_input" name="simple_dataFrameSortDS_ascending_alphabetic"/>
    <testcase time="0.00200000000000955" classname="dataFrameSortDS_smk_numeric_input" name="simple_dataFrameSortDS_ascending_alphabetic"/>
    <testcase time="0.000999999999990564" classname="dataFrameSortDS_smk_numeric_input" name="simple_dataFrameSortDS_ascending_alphabetic"/>
    <testcase time="0.00500000000000966" classname="dataFrameSortDS_smk_numeric_input" name="simple_dataFrameSortDS_descending_alphabetic"/>
    <testcase time="0.00199999999999534" classname="dataFrameSortDS_smk_numeric_input" name="simple_dataFrameSortDS_descending_alphabetic"/>
    <testcase time="0.00100000000000477" classname="dataFrameSortDS_smk_numeric_input" name="simple_dataFrameSortDS_descending_alphabetic"/>
    <testcase time="0.00199999999999534" classname="dataFrameSortDS_smk_numeric_input" name="simple_dataFrameSortDS_descending_alphabetic"/>
    <testcase time="0.00199999999999534" classname="dataFrameSortDS_smk_numeric_input" name="simple_dataFrameSortDS_descending_alphabetic"/>
    <testcase time="0.00100000000000477" classname="dataFrameSortDS_smk_numeric_input" name="simple_dataFrameSortDS_descending_alphabetic"/>
    <testcase time="0.00199999999999534" classname="dataFrameSortDS_smk_numeric_input" name="simple_dataFrameSortDS_descending_alphabetic"/>
    <testcase time="0.00200000000000955" classname="dataFrameSortDS_smk_numeric_input" name="simple_dataFrameSortDS_descending_alphabetic"/>
    <testcase time="0.000999999999990564" classname="dataFrameSortDS_smk_numeric_input" name="simple_dataFrameSortDS_descending_alphabetic"/>
    <testcase time="0.00200000000000955" classname="dataFrameSortDS_smk_numeric_input" name="simple_dataFrameSortDS_descending_alphabetic"/>
    <testcase time="0.00199999999999534" classname="dataFrameSortDS_smk_numeric_input" name="simple_dataFrameSortDS_descending_alphabetic"/>
    <testcase time="0.00199999999999534" classname="dataFrameSortDS_smk_numeric_input" name="simple_dataFrameSortDS_descending_alphabetic"/>
    <testcase time="0.00200000000000955" classname="dataFrameSortDS_smk_numeric_input" name="simple_dataFrameSortDS_descending_alphabetic"/>
    <testcase time="0.000999999999990564" classname="dataFrameSortDS_smk_numeric_input" name="simple_dataFrameSortDS_descending_alphabetic"/>
    <testcase time="0.00200000000000955" classname="dataFrameSortDS_smk_numeric_input" name="simple_dataFrameSortDS_descending_alphabetic"/>
    <testcase time="0.00199999999999534" classname="dataFrameSortDS_smk_numeric_input" name="simple_dataFrameSortDS_descending_alphabetic"/>
    <testcase time="0.00199999999999534" classname="dataFrameSortDS_smk_numeric_input" name="simple_dataFrameSortDS_descending_alphabetic"/>
    <testcase time="0.00100000000000477" classname="dataFrameSortDS_smk_numeric_input" name="simple_dataFrameSortDS_descending_alphabetic"/>
    <testcase time="0.00199999999999534" classname="dataFrameSortDS_smk_numeric_input" name="simple_dataFrameSortDS_descending_alphabetic"/>
    <testcase time="0.00200000000000955" classname="dataFrameSortDS_smk_numeric_input" name="simple_dataFrameSortDS_descending_alphabetic"/>
    <testcase time="0.00199999999999534" classname="dataFrameSortDS_smk_numeric_input" name="simple_dataFrameSortDS_descending_alphabetic"/>
    <testcase time="0.00199999999999534" classname="dataFrameSortDS_smk_numeric_input" name="simple_dataFrameSortDS_descending_alphabetic"/>
    <testcase time="0.00200000000000955" classname="dataFrameSortDS_smk_numeric_input" name="simple_dataFrameSortDS_descending_alphabetic"/>
  </testsuite>
  <testsuite name="dataFrameSortDS::smk::string input" timestamp="2025-10-21T01:41:52Z" hostname="runnervmwhb2z" tests="138" skipped="0" failures="0" errors="0" time="0.244">
    <testcase time="0.00699999999999079" classname="dataFrameSortDS_smk_string_input" name="simple_dataFrameSortDS_ascending_default"/>
    <testcase time="0.00100000000000477" classname="dataFrameSortDS_smk_string_input" name="simple_dataFrameSortDS_ascending_default"/>
    <testcase time="0.00100000000000477" classname="dataFrameSortDS_smk_string_input" name="simple_dataFrameSortDS_ascending_default"/>
    <testcase time="0.000999999999990564" classname="dataFrameSortDS_smk_string_input" name="simple_dataFrameSortDS_ascending_default"/>
    <testcase time="0.00200000000000955" classname="dataFrameSortDS_smk_string_input" name="simple_dataFrameSortDS_ascending_default"/>
    <testcase time="0.000999999999990564" classname="dataFrameSortDS_smk_string_input" name="simple_dataFrameSortDS_ascending_default"/>
    <testcase time="0.00100000000000477" classname="dataFrameSortDS_smk_string_input" name="simple_dataFrameSortDS_ascending_default"/>
    <testcase time="0.00100000000000477" classname="dataFrameSortDS_smk_string_input" name="simple_dataFrameSortDS_ascending_default"/>
    <testcase time="0.000999999999990564" classname="dataFrameSortDS_smk_string_input" name="simple_dataFrameSortDS_ascending_default"/>
    <testcase time="0.00200000000000955" classname="dataFrameSortDS_smk_string_input" name="simple_dataFrameSortDS_ascending_default"/>
    <testcase time="0.000999999999990564" classname="dataFrameSortDS_smk_string_input" name="simple_dataFrameSortDS_ascending_default"/>
    <testcase time="0.00100000000000477" classname="dataFrameSortDS_smk_string_input" name="simple_dataFrameSortDS_ascending_default"/>
    <testcase time="0.00100000000000477" classname="dataFrameSortDS_smk_string_input" name="simple_dataFrameSortDS_ascending_default"/>
    <testcase time="0.00199999999999534" classname="dataFrameSortDS_smk_string_input" name="simple_dataFrameSortDS_ascending_default"/>
    <testcase time="0.00100000000000477" classname="dataFrameSortDS_smk_string_input" name="simple_dataFrameSortDS_ascending_default"/>
    <testcase time="0.000999999999990564" classname="dataFrameSortDS_smk_string_input" name="simple_dataFrameSortDS_ascending_default"/>
    <testcase time="0.00100000000000477" classname="dataFrameSortDS_smk_string_input" name="simple_dataFrameSortDS_ascending_default"/>
    <testcase time="0.00199999999999534" classname="dataFrameSortDS_smk_string_input" name="simple_dataFrameSortDS_ascending_default"/>
    <testcase time="0.00100000000000477" classname="dataFrameSortDS_smk_string_input" name="simple_dataFrameSortDS_ascending_default"/>
    <testcase time="0.00100000000000477" classname="dataFrameSortDS_smk_string_input" name="simple_dataFrameSortDS_ascending_default"/>
    <testcase time="0.00199999999999534" classname="dataFrameSortDS_smk_string_input" name="simple_dataFrameSortDS_ascending_default"/>
    <testcase time="0.000999999999990564" classname="dataFrameSortDS_smk_string_input" name="simple_dataFrameSortDS_ascending_default"/>
    <testcase time="0.00100000000000477" classname="dataFrameSortDS_smk_string_input" name="simple_dataFrameSortDS_ascending_default"/>
    <testcase time="0.00400000000000489" classname="dataFrameSortDS_smk_string_input" name="simple_dataFrameSortDS_descending_default"/>
    <testcase time="0.00199999999999534" classname="dataFrameSortDS_smk_string_input" name="simple_dataFrameSortDS_descending_default"/>
    <testcase time="0.00100000000000477" classname="dataFrameSortDS_smk_string_input" name="simple_dataFrameSortDS_descending_default"/>
    <testcase time="0.000999999999990564" classname="dataFrameSortDS_smk_string_input" name="simple_dataFrameSortDS_descending_default"/>
    <testcase time="0.00100000000000477" classname="dataFrameSortDS_smk_string_input" name="simple_dataFrameSortDS_descending_default"/>
    <testcase time="0.00199999999999534" classname="dataFrameSortDS_smk_string_input" name="simple_dataFrameSortDS_descending_default"/>
    <testcase time="0.00100000000000477" classname="dataFrameSortDS_smk_string_input" name="simple_dataFrameSortDS_descending_default"/>
    <testcase time="0.00100000000000477" classname="dataFrameSortDS_smk_string_input" name="simple_dataFrameSortDS_descending_default"/>
    <testcase time="0.00199999999999534" classname="dataFrameSortDS_smk_string_input" name="simple_dataFrameSortDS_descending_default"/>
    <testcase time="0.00100000000000477" classname="dataFrameSortDS_smk_string_input" name="simple_dataFrameSortDS_descending_default"/>
    <testcase time="0.000999999999990564" classname="dataFrameSortDS_smk_string_input" name="simple_dataFrameSortDS_descending_default"/>
    <testcase time="0.00900000000000034" classname="dataFrameSortDS_smk_string_input" name="simple_dataFrameSortDS_descending_default"/>
    <testcase time="0.00200000000000955" classname="dataFrameSortDS_smk_string_input" name="simple_dataFrameSortDS_descending_default"/>
    <testcase time="0.00199999999999534" classname="dataFrameSortDS_smk_string_input" name="simple_dataFrameSortDS_descending_default"/>
    <testcase time="0.00100000000000477" classname="dataFrameSortDS_smk_string_input" name="simple_dataFrameSortDS_descending_default"/>
    <testcase time="0.00199999999999534" classname="dataFrameSortDS_smk_string_input" name="simple_dataFrameSortDS_descending_default"/>
    <testcase time="0.00100000000000477" classname="dataFrameSortDS_smk_string_input" name="simple_dataFrameSortDS_descending_default"/>
    <testcase time="0.00199999999999534" classname="dataFrameSortDS_smk_string_input" name="simple_dataFrameSortDS_descending_default"/>
    <testcase time="0.00100000000000477" classname="dataFrameSortDS_smk_string_input" name="simple_dataFrameSortDS_descending_default"/>
    <testcase time="0.00199999999999534" classname="dataFrameSortDS_smk_string_input" name="simple_dataFrameSortDS_descending_default"/>
    <testcase time="0.00100000000000477" classname="dataFrameSortDS_smk_string_input" name="simple_dataFrameSortDS_descending_default"/>
    <testcase time="0.00199999999999534" classname="dataFrameSortDS_smk_string_input" name="simple_dataFrameSortDS_descending_default"/>
    <testcase time="0.00100000000000477" classname="dataFrameSortDS_smk_string_input" name="simple_dataFrameSortDS_descending_default"/>
    <testcase time="0.00499999999999545" classname="dataFrameSortDS_smk_string_input" name="simple_dataFrameSortDS_ascending_numeric"/>
    <testcase time="0.00199999999999534" classname="dataFrameSortDS_smk_string_input" name="simple_dataFrameSortDS_ascending_numeric"/>
    <testcase time="0.00100000000000477" classname="dataFrameSortDS_smk_string_input" name="simple_dataFrameSortDS_ascending_numeric"/>
    <testcase time="0.00100000000000477" classname="dataFrameSortDS_smk_string_input" name="simple_dataFrameSortDS_ascending_numeric"/>
    <testcase time="0.00199999999999534" classname="dataFrameSortDS_smk_string_input" name="simple_dataFrameSortDS_ascending_numeric"/>
    <testcase time="0.00100000000000477" classname="dataFrameSortDS_smk_string_input" name="simple_dataFrameSortDS_ascending_numeric"/>
    <testcase time="0.00199999999999534" classname="dataFrameSortDS_smk_string_input" name="simple_dataFrameSortDS_ascending_numeric"/>
    <testcase time="0.00100000000000477" classname="dataFrameSortDS_smk_string_input" name="simple_dataFrameSortDS_ascending_numeric"/>
    <testcase time="0.00199999999999534" classname="dataFrameSortDS_smk_string_input" name="simple_dataFrameSortDS_ascending_numeric"/>
    <testcase time="0.00100000000000477" classname="dataFrameSortDS_smk_string_input" name="simple_dataFrameSortDS_ascending_numeric"/>
    <testcase time="0.00199999999999534" classname="dataFrameSortDS_smk_string_input" name="simple_dataFrameSortDS_ascending_numeric"/>
    <testcase time="0.00100000000000477" classname="dataFrameSortDS_smk_string_input" name="simple_dataFrameSortDS_ascending_numeric"/>
    <testcase time="0.00199999999999534" classname="dataFrameSortDS_smk_string_input" name="simple_dataFrameSortDS_ascending_numeric"/>
    <testcase time="0.00100000000000477" classname="dataFrameSortDS_smk_string_input" name="simple_dataFrameSortDS_ascending_numeric"/>
    <testcase time="0.000999999999990564" classname="dataFrameSortDS_smk_string_input" name="simple_dataFrameSortDS_ascending_numeric"/>
    <testcase time="0.00200000000000955" classname="dataFrameSortDS_smk_string_input" name="simple_dataFrameSortDS_ascending_numeric"/>
    <testcase time="0.00199999999999534" classname="dataFrameSortDS_smk_string_input" name="simple_dataFrameSortDS_ascending_numeric"/>
    <testcase time="0.00100000000000477" classname="dataFrameSortDS_smk_string_input" name="simple_dataFrameSortDS_ascending_numeric"/>
    <testcase time="0.00199999999999534" classname="dataFrameSortDS_smk_string_input" name="simple_dataFrameSortDS_ascending_numeric"/>
    <testcase time="0.00100000000000477" classname="dataFrameSortDS_smk_string_input" name="simple_dataFrameSortDS_ascending_numeric"/>
    <testcase time="0.00199999999999534" classname="dataFrameSortDS_smk_string_input" name="simple_dataFrameSortDS_ascending_numeric"/>
    <testcase time="0.00100000000000477" classname="dataFrameSortDS_smk_string_input" name="simple_dataFrameSortDS_ascending_numeric"/>
    <testcase time="0.000999999999990564" classname="dataFrameSortDS_smk_string_input" name="simple_dataFrameSortDS_ascending_numeric"/>
    <testcase time="0.00500000000000966" classname="dataFrameSortDS_smk_string_input" name="simple_dataFrameSortDS_descending_numeric"/>
    <testcase time="0.00199999999999534" classname="dataFrameSortDS_smk_string_input" name="simple_dataFrameSortDS_descending_numeric"/>
    <testcase time="0.00100000000000477" classname="dataFrameSortDS_smk_string_input" name="simple_dataFrameSortDS_descending_numeric"/>
    <testcase time="0.000999999999990564" classname="dataFrameSortDS_smk_string_input" name="simple_dataFrameSortDS_descending_numeric"/>
    <testcase time="0.00200000000000955" classname="dataFrameSortDS_smk_string_input" name="simple_dataFrameSortDS_descending_numeric"/>
    <testcase time="0.000999999999990564" classname="dataFrameSortDS_smk_string_input" name="simple_dataFrameSortDS_descending_numeric"/>
    <testcase time="0.00200000000000955" classname="dataFrameSortDS_smk_string_input" name="simple_dataFrameSortDS_descending_numeric"/>
    <testcase time="0.000999999999990564" classname="dataFrameSortDS_smk_string_input" name="simple_dataFrameSortDS_descending_numeric"/>
    <testcase time="0.00200000000000955" classname="dataFrameSortDS_smk_string_input" name="simple_dataFrameSortDS_descending_numeric"/>
    <testcase time="0.00199999999999534" classname="dataFrameSortDS_smk_string_input" name="simple_dataFrameSortDS_descending_numeric"/>
    <testcase time="0.00100000000000477" classname="dataFrameSortDS_smk_string_input" name="simple_dataFrameSortDS_descending_numeric"/>
    <testcase time="0.00199999999999534" classname="dataFrameSortDS_smk_string_input" name="simple_dataFrameSortDS_descending_numeric"/>
    <testcase time="0.00100000000000477" classname="dataFrameSortDS_smk_string_input" name="simple_dataFrameSortDS_descending_numeric"/>
    <testcase time="0.00199999999999534" classname="dataFrameSortDS_smk_string_input" name="simple_dataFrameSortDS_descending_numeric"/>
    <testcase time="0.00100000000000477" classname="dataFrameSortDS_smk_string_input" name="simple_dataFrameSortDS_descending_numeric"/>
    <testcase time="0.00199999999999534" classname="dataFrameSortDS_smk_string_input" name="simple_dataFrameSortDS_descending_numeric"/>
    <testcase time="0.00100000000000477" classname="dataFrameSortDS_smk_string_input" name="simple_dataFrameSortDS_descending_numeric"/>
    <testcase time="0.00199999999999534" classname="dataFrameSortDS_smk_string_input" name="simple_dataFrameSortDS_descending_numeric"/>
    <testcase time="0.00100000000000477" classname="dataFrameSortDS_smk_string_input" name="simple_dataFrameSortDS_descending_numeric"/>
    <testcase time="0.00199999999999534" classname="dataFrameSortDS_smk_string_input" name="simple_dataFrameSortDS_descending_numeric"/>
    <testcase time="0.00100000000000477" classname="dataFrameSortDS_smk_string_input" name="simple_dataFrameSortDS_descending_numeric"/>
    <testcase time="0.00199999999999534" classname="dataFrameSortDS_smk_string_input" name="simple_dataFrameSortDS_descending_numeric"/>
    <testcase time="0.00100000000000477" classname="dataFrameSortDS_smk_string_input" name="simple_dataFrameSortDS_descending_numeric"/>
    <testcase time="0.00499999999999545" classname="dataFrameSortDS_smk_string_input" name="simple_dataFrameSortDS_ascending_alphabetic"/>
    <testcase time="0.00199999999999534" classname="dataFrameSortDS_smk_string_input" name="simple_dataFrameSortDS_ascending_alphabetic"/>
    <testcase time="0.00100000000000477" classname="dataFrameSortDS_smk_string_input" name="simple_dataFrameSortDS_ascending_alphabetic"/>
    <testcase time="0.00199999999999534" classname="dataFrameSortDS_smk_string_input" name="simple_dataFrameSortDS_ascending_alphabetic"/>
    <testcase time="0.00100000000000477" classname="dataFrameSortDS_smk_string_input" name="simple_dataFrameSortDS_ascending_alphabetic"/>
    <testcase time="0.00199999999999534" classname="dataFrameSortDS_smk_string_input" name="simple_dataFrameSortDS_ascending_alphabetic"/>
    <testcase time="0.00100000000000477" classname="dataFrameSortDS_smk_string_input" name="simple_dataFrameSortDS_ascending_alphabetic"/>
    <testcase time="0.00199999999999534" classname="dataFrameSortDS_smk_string_input" name="simple_dataFrameSortDS_ascending_alphabetic"/>
    <testcase time="0.00100000000000477" classname="dataFrameSortDS_smk_string_input" name="simple_dataFrameSortDS_ascending_alphabetic"/>
    <testcase time="0.00199999999999534" classname="dataFrameSortDS_smk_string_input" name="simple_dataFrameSortDS_ascending_alphabetic"/>
    <testcase time="0.00199999999999534" classname="dataFrameSortDS_smk_string_input" name="simple_dataFrameSortDS_ascending_alphabetic"/>
    <testcase time="0.00100000000000477" classname="dataFrameSortDS_smk_string_input" name="simple_dataFrameSortDS_ascending_alphabetic"/>
    <testcase time="0.00199999999999534" classname="dataFrameSortDS_smk_string_input" name="simple_dataFrameSortDS_ascending_alphabetic"/>
    <testcase time="0.00100000000000477" classname="dataFrameSortDS_smk_string_input" name="simple_dataFrameSortDS_ascending_alphabetic"/>
    <testcase time="0.00199999999999534" classname="dataFrameSortDS_smk_string_input" name="simple_dataFrameSortDS_ascending_alphabetic"/>
    <testcase time="0.00200000000000955" classname="dataFrameSortDS_smk_string_input" name="simple_dataFrameSortDS_ascending_alphabetic"/>
    <testcase time="0.000999999999990564" classname="dataFrameSortDS_smk_string_input" name="simple_dataFrameSortDS_ascending_alphabetic"/>
    <testcase time="0.00200000000000955" classname="dataFrameSortDS_smk_string_input" name="simple_dataFrameSortDS_ascending_alphabetic"/>
    <testcase time="0.00199999999999534" classname="dataFrameSortDS_smk_string_input" name="simple_dataFrameSortDS_ascending_alphabetic"/>
    <testcase time="0.00100000000000477" classname="dataFrameSortDS_smk_string_input" name="simple_dataFrameSortDS_ascending_alphabetic"/>
    <testcase time="0.00199999999999534" classname="dataFrameSortDS_smk_string_input" name="simple_dataFrameSortDS_ascending_alphabetic"/>
    <testcase time="0.00199999999999534" classname="dataFrameSortDS_smk_string_input" name="simple_dataFrameSortDS_ascending_alphabetic"/>
    <testcase time="0.00100000000000477" classname="dataFrameSortDS_smk_string_input" name="simple_dataFrameSortDS_ascending_alphabetic"/>
    <testcase time="0.00499999999999545" classname="dataFrameSortDS_smk_string_input" name="simple_dataFrameSortDS_descending_alphabetic"/>
    <testcase time="0.00200000000000955" classname="dataFrameSortDS_smk_string_input" name="simple_dataFrameSortDS_descending_alphabetic"/>
    <testcase time="0.000999999999990564" classname="dataFrameSortDS_smk_string_input" name="simple_dataFrameSortDS_descending_alphabetic"/>
    <testcase time="0.00200000000000955" classname="dataFrameSortDS_smk_string_input" name="simple_dataFrameSortDS_descending_alphabetic"/>
    <testcase time="0.00199999999999534" classname="dataFrameSortDS_smk_string_input" name="simple_dataFrameSortDS_descending_alphabetic"/>
    <testcase time="0.00100000000000477" classname="dataFrameSortDS_smk_string_input" name="simple_dataFrameSortDS_descending_alphabetic"/>
    <testcase time="0.00199999999999534" classname="dataFrameSortDS_smk_string_input" name="simple_dataFrameSortDS_descending_alphabetic"/>
    <testcase time="0.00199999999999534" classname="dataFrameSortDS_smk_string_input" name="simple_dataFrameSortDS_descending_alphabetic"/>
    <testcase time="0.00800000000000978" classname="dataFrameSortDS_smk_string_input" name="simple_dataFrameSortDS_descending_alphabetic"/>
    <testcase time="0.00300000000000011" classname="dataFrameSortDS_smk_string_input" name="simple_dataFrameSortDS_descending_alphabetic"/>
    <testcase time="0.00199999999999534" classname="dataFrameSortDS_smk_string_input" name="simple_dataFrameSortDS_descending_alphabetic"/>
    <testcase time="0.00100000000000477" classname="dataFrameSortDS_smk_string_input" name="simple_dataFrameSortDS_descending_alphabetic"/>
    <testcase time="0.00199999999999534" classname="dataFrameSortDS_smk_string_input" name="simple_dataFrameSortDS_descending_alphabetic"/>
    <testcase time="0.00199999999999534" classname="dataFrameSortDS_smk_string_input" name="simple_dataFrameSortDS_descending_alphabetic"/>
    <testcase time="0.00200000000000955" classname="dataFrameSortDS_smk_string_input" name="simple_dataFrameSortDS_descending_alphabetic"/>
    <testcase time="0.00199999999999534" classname="dataFrameSortDS_smk_string_input" name="simple_dataFrameSortDS_descending_alphabetic"/>
    <testcase time="0.00199999999999534" classname="dataFrameSortDS_smk_string_input" name="simple_dataFrameSortDS_descending_alphabetic"/>
    <testcase time="0.00200000000000955" classname="dataFrameSortDS_smk_string_input" name="simple_dataFrameSortDS_descending_alphabetic"/>
    <testcase time="0.00199999999999534" classname="dataFrameSortDS_smk_string_input" name="simple_dataFrameSortDS_descending_alphabetic"/>
    <testcase time="0.00100000000000477" classname="dataFrameSortDS_smk_string_input" name="simple_dataFrameSortDS_descending_alphabetic"/>
    <testcase time="0.00199999999999534" classname="dataFrameSortDS_smk_string_input" name="simple_dataFrameSortDS_descending_alphabetic"/>
    <testcase time="0.00199999999999534" classname="dataFrameSortDS_smk_string_input" name="simple_dataFrameSortDS_descending_alphabetic"/>
    <testcase time="0.00200000000000955" classname="dataFrameSortDS_smk_string_input" name="simple_dataFrameSortDS_descending_alphabetic"/>
  </testsuite>
  <testsuite name="dataFrameSortDS::smk::shutdown" timestamp="2025-10-21T01:41:52Z" hostname="runnervmwhb2z" tests="0" skipped="0" failures="0" errors="0" time="0"/>
  <testsuite name="dataFrameSortDS::smk::done" timestamp="2025-10-21T01:41:52Z" hostname="runnervmwhb2z" tests="0" skipped="0" failures="0" errors="0" time="0"/>
  <testsuite name="smk-dataFrameSubsetDS1" timestamp="2025-10-21T01:41:52Z" hostname="runnervmwhb2z" tests="0" skipped="0" failures="0" errors="0" time="0"/>
  <testsuite name="gamlssDS::smk::setup" timestamp="2025-10-21T01:41:52Z" hostname="runnervmwhb2z" tests="0" skipped="0" failures="0" errors="0" time="0"/>
  <testsuite name="dataFrameSubsetDS1::smk::test1" timestamp="2025-10-21T01:41:52Z" hostname="runnervmwhb2z" tests="2" skipped="0" failures="0" errors="0" time="0.018">
    <testcase time="0.0159999999999911" classname="dataFrameSubsetDS1_smk_test1" name="test1_dataFrameSubsetDS1"/>
    <testcase time="0.00200000000000955" classname="dataFrameSubsetDS1_smk_test1" name="test1_dataFrameSubsetDS1"/>
  </testsuite>
  <testsuite name="dataFrameSubsetDS1::smk::test2" timestamp="2025-10-21T01:41:52Z" hostname="runnervmwhb2z" tests="12" skipped="0" failures="0" errors="0" time="0.148">
    <testcase time="0.134" classname="dataFrameSubsetDS1_smk_test2" name="test2_dataFrameSubsetDS1"/>
    <testcase time="0.00199999999999534" classname="dataFrameSubsetDS1_smk_test2" name="test2_dataFrameSubsetDS1"/>
    <testcase time="0.00100000000000477" classname="dataFrameSubsetDS1_smk_test2" name="test2_dataFrameSubsetDS1"/>
    <testcase time="0.00199999999999534" classname="dataFrameSubsetDS1_smk_test2" name="test2_dataFrameSubsetDS1"/>
    <testcase time="0.00100000000000477" classname="dataFrameSubsetDS1_smk_test2" name="test2_dataFrameSubsetDS1"/>
    <testcase time="0.000999999999990564" classname="dataFrameSubsetDS1_smk_test2" name="test2_dataFrameSubsetDS1"/>
    <testcase time="0.00100000000000477" classname="dataFrameSubsetDS1_smk_test2" name="test2_dataFrameSubsetDS1"/>
    <testcase time="0.00199999999999534" classname="dataFrameSubsetDS1_smk_test2" name="test2_dataFrameSubsetDS1"/>
    <testcase time="0.00100000000000477" classname="dataFrameSubsetDS1_smk_test2" name="test2_dataFrameSubsetDS1"/>
    <testcase time="0.000999999999990564" classname="dataFrameSubsetDS1_smk_test2" name="test2_dataFrameSubsetDS1"/>
    <testcase time="0.00100000000000477" classname="dataFrameSubsetDS1_smk_test2" name="test2_dataFrameSubsetDS1"/>
    <testcase time="0.00100000000000477" classname="dataFrameSubsetDS1_smk_test2" name="test2_dataFrameSubsetDS1"/>
  </testsuite>
  <testsuite name="dataFrameSubsetDS1::smk::shutdown" timestamp="2025-10-21T01:41:53Z" hostname="runnervmwhb2z" tests="0" skipped="0" failures="0" errors="0" time="0"/>
  <testsuite name="dataFrameSubsetDS1::smk::done" timestamp="2025-10-21T01:41:53Z" hostname="runnervmwhb2z" tests="0" skipped="0" failures="0" errors="0" time="0"/>
  <testsuite name="smk-dataFrameSubsetDS2" timestamp="2025-10-21T01:41:53Z" hostname="runnervmwhb2z" tests="0" skipped="0" failures="0" errors="0" time="0"/>
  <testsuite name="gamlssDS::smk::setup" timestamp="2025-10-21T01:41:53Z" hostname="runnervmwhb2z" tests="0" skipped="0" failures="0" errors="0" time="0"/>
  <testsuite name="dataFrameSubsetDS2::smk::test1" timestamp="2025-10-21T01:41:53Z" hostname="runnervmwhb2z" tests="7" skipped="0" failures="0" errors="0" time="0.024">
    <testcase time="0.0169999999999959" classname="dataFrameSubsetDS2_smk_test1" name="test1_dataFrameSubsetDS2"/>
    <testcase time="0.00100000000000477" classname="dataFrameSubsetDS2_smk_test1" name="test1_dataFrameSubsetDS2"/>
    <testcase time="0.000999999999990564" classname="dataFrameSubsetDS2_smk_test1" name="test1_dataFrameSubsetDS2"/>
    <testcase time="0.00200000000000955" classname="dataFrameSubsetDS2_smk_test1" name="test1_dataFrameSubsetDS2"/>
    <testcase time="0.000999999999990564" classname="dataFrameSubsetDS2_smk_test1" name="test1_dataFrameSubsetDS2"/>
    <testcase time="0.00100000000000477" classname="dataFrameSubsetDS2_smk_test1" name="test1_dataFrameSubsetDS2"/>
    <testcase time="0.00100000000000477" classname="dataFrameSubsetDS2_smk_test1" name="test1_dataFrameSubsetDS2"/>
  </testsuite>
  <testsuite name="dataFrameSubsetDS2::smk::test2" timestamp="2025-10-21T01:41:53Z" hostname="runnervmwhb2z" tests="4" skipped="0" failures="0" errors="0" time="0.141">
    <testcase time="0.137" classname="dataFrameSubsetDS2_smk_test2" name="test2_dataFrameSubsetDS2"/>
    <testcase time="0.000999999999990564" classname="dataFrameSubsetDS2_smk_test2" name="test2_dataFrameSubsetDS2"/>
    <testcase time="0.00100000000000477" classname="dataFrameSubsetDS2_smk_test2" name="test2_dataFrameSubsetDS2"/>
    <testcase time="0.00199999999999534" classname="dataFrameSubsetDS2_smk_test2" name="test2_dataFrameSubsetDS2"/>
  </testsuite>
  <testsuite name="dataFrameSubsetDS2::smk::shutdown" timestamp="2025-10-21T01:41:53Z" hostname="runnervmwhb2z" tests="0" skipped="0" failures="0" errors="0" time="0"/>
  <testsuite name="dataFrameSubsetDS2::smk::done" timestamp="2025-10-21T01:41:53Z" hostname="runnervmwhb2z" tests="0" skipped="0" failures="0" errors="0" time="0"/>
  <testsuite name="smk-densityGridDS" timestamp="2025-10-21T01:41:53Z" hostname="runnervmwhb2z" tests="0" skipped="0" failures="0" errors="0" time="0"/>
  <testsuite name="densityGridDS::smk::setup" timestamp="2025-10-21T01:41:53Z" hostname="runnervmwhb2z" tests="0" skipped="0" failures="0" errors="0" time="0"/>
  <testsuite name="densityGridDS::smk" timestamp="2025-10-21T01:41:53Z" hostname="runnervmwhb2z" tests="6" skipped="0" failures="0" errors="0" time="0.022">
    <testcase time="0.0150000000000006" classname="densityGridDS_smk" name="densityGridDS"/>
    <testcase time="0.00200000000000955" classname="densityGridDS_smk" name="densityGridDS"/>
    <testcase time="0.000999999999990564" classname="densityGridDS_smk" name="densityGridDS"/>
    <testcase time="0.00100000000000477" classname="densityGridDS_smk" name="densityGridDS"/>
    <testcase time="0.00199999999999534" classname="densityGridDS_smk" name="densityGridDS"/>
    <testcase time="0.00100000000000477" classname="densityGridDS_smk" name="densityGridDS"/>
  </testsuite>
  <testsuite name="densityGridDS::smk::shutdown" timestamp="2025-10-21T01:41:53Z" hostname="runnervmwhb2z" tests="0" skipped="0" failures="0" errors="0" time="0"/>
  <testsuite name="densityGridDS::smk::done" timestamp="2025-10-21T01:41:53Z" hostname="runnervmwhb2z" tests="0" skipped="0" failures="0" errors="0" time="0"/>
  <testsuite name="smk-dimDS" timestamp="2025-10-21T01:41:53Z" hostname="runnervmwhb2z" tests="0" skipped="0" failures="0" errors="0" time="0"/>
  <testsuite name="dimDS::smk::setup" timestamp="2025-10-21T01:41:53Z" hostname="runnervmwhb2z" tests="0" skipped="0" failures="0" errors="0" time="0"/>
  <testsuite name="dimDS::smk::numeric" timestamp="2025-10-21T01:41:53Z" hostname="runnervmwhb2z" tests="4" skipped="0" failures="0" errors="0" time="0.018">
    <testcase time="0.0139999999999958" classname="dimDS_smk_numeric" name="numeric_dimDS"/>
    <testcase time="0.00100000000000477" classname="dimDS_smk_numeric" name="numeric_dimDS"/>
    <testcase time="0.00199999999999534" classname="dimDS_smk_numeric" name="numeric_dimDS"/>
    <testcase time="0.00100000000000477" classname="dimDS_smk_numeric" name="numeric_dimDS"/>
  </testsuite>
  <testsuite name="dimDS::smk::character" timestamp="2025-10-21T01:41:53Z" hostname="runnervmwhb2z" tests="4" skipped="0" failures="0" errors="0" time="0.009">
    <testcase time="0.00499999999999545" classname="dimDS_smk_character" name="character_dimDS"/>
    <testcase time="0.00200000000000955" classname="dimDS_smk_character" name="character_dimDS"/>
    <testcase time="0.000999999999990564" classname="dimDS_smk_character" name="character_dimDS"/>
    <testcase time="0.00100000000000477" classname="dimDS_smk_character" name="character_dimDS"/>
  </testsuite>
  <testsuite name="dimDS::smk::shutdown" timestamp="2025-10-21T01:41:53Z" hostname="runnervmwhb2z" tests="0" skipped="0" failures="0" errors="0" time="0"/>
  <testsuite name="dimDS::smk::done" timestamp="2025-10-21T01:41:53Z" hostname="runnervmwhb2z" tests="0" skipped="0" failures="0" errors="0" time="0"/>
  <testsuite name="smk-extract" timestamp="2025-10-21T01:41:53Z" hostname="runnervmwhb2z" tests="0" skipped="0" failures="0" errors="0" time="0"/>
  <testsuite name="extract::smk::setup" timestamp="2025-10-21T01:41:53Z" hostname="runnervmwhb2z" tests="0" skipped="0" failures="0" errors="0" time="0"/>
  <testsuite name="extract::smk::simple" timestamp="2025-10-21T01:41:53Z" hostname="runnervmwhb2z" tests="12" skipped="0" failures="0" errors="0" time="0.057">
    <testcase time="0.0150000000000006" classname="extract_smk_simple" name="simple_extract_no_holder"/>
    <testcase time="0.00100000000000477" classname="extract_smk_simple" name="simple_extract_no_holder"/>
    <testcase time="0.000999999999990564" classname="extract_smk_simple" name="simple_extract_no_holder"/>
    <testcase time="0.00300000000000011" classname="extract_smk_simple" name="simple_extract_no_holder"/>
    <testcase time="0.00100000000000477" classname="extract_smk_simple" name="simple_extract_no_holder"/>
    <testcase time="0.00100000000000477" classname="extract_smk_simple" name="simple_extract_no_holder"/>
    <testcase time="0.0289999999999964" classname="extract_smk_simple" name="simple_extract"/>
    <testcase time="0.000999999999990564" classname="extract_smk_simple" name="simple_extract"/>
    <testcase time="0.00100000000000477" classname="extract_smk_simple" name="simple_extract"/>
    <testcase time="0.00199999999999534" classname="extract_smk_simple" name="simple_extract"/>
    <testcase time="0.00100000000000477" classname="extract_smk_simple" name="simple_extract"/>
    <testcase time="0.00100000000000477" classname="extract_smk_simple" name="simple_extract"/>
  </testsuite>
  <testsuite name="extract::smk::simple vector" timestamp="2025-10-21T01:41:53Z" hostname="runnervmwhb2z" tests="36" skipped="0" failures="0" errors="0" time="0.064">
    <testcase time="0.00699999999999079" classname="extract_smk_simple_vector" name="simple_extract_no_holder_vector"/>
    <testcase time="0.00100000000000477" classname="extract_smk_simple_vector" name="simple_extract_no_holder_vector"/>
    <testcase time="0.00100000000000477" classname="extract_smk_simple_vector" name="simple_extract_no_holder_vector"/>
    <testcase time="0.00300000000000011" classname="extract_smk_simple_vector" name="simple_extract_no_holder_vector"/>
    <testcase time="0.00300000000000011" classname="extract_smk_simple_vector" name="simple_extract_no_holder_vector"/>
    <testcase time="0.00199999999999534" classname="extract_smk_simple_vector" name="simple_extract_no_holder_vector"/>
    <testcase time="0.00300000000000011" classname="extract_smk_simple_vector" name="simple_extract_no_holder_vector"/>
    <testcase time="0.00100000000000477" classname="extract_smk_simple_vector" name="simple_extract_no_holder_vector"/>
    <testcase time="0.000999999999990564" classname="extract_smk_simple_vector" name="simple_extract_no_holder_vector"/>
    <testcase time="0.00200000000000955" classname="extract_smk_simple_vector" name="simple_extract_no_holder_vector"/>
    <testcase time="0.000999999999990564" classname="extract_smk_simple_vector" name="simple_extract_no_holder_vector"/>
    <testcase time="0.00100000000000477" classname="extract_smk_simple_vector" name="simple_extract_no_holder_vector"/>
    <testcase time="0.00400000000000489" classname="extract_smk_simple_vector" name="simple_extract_holder_vector"/>
    <testcase time="0.000999999999990564" classname="extract_smk_simple_vector" name="simple_extract_holder_vector"/>
    <testcase time="0.00100000000000477" classname="extract_smk_simple_vector" name="simple_extract_holder_vector"/>
    <testcase time="0.00100000000000477" classname="extract_smk_simple_vector" name="simple_extract_holder_vector"/>
    <testcase time="0.00199999999999534" classname="extract_smk_simple_vector" name="simple_extract_holder_vector"/>
    <testcase time="0.00100000000000477" classname="extract_smk_simple_vector" name="simple_extract_holder_vector"/>
    <testcase time="0.000999999999990564" classname="extract_smk_simple_vector" name="simple_extract_holder_vector"/>
    <testcase time="0.00100000000000477" classname="extract_smk_simple_vector" name="simple_extract_holder_vector"/>
    <testcase time="0.00199999999999534" classname="extract_smk_simple_vector" name="simple_extract_holder_vector"/>
    <testcase time="0.00100000000000477" classname="extract_smk_simple_vector" name="simple_extract_holder_vector"/>
    <testcase time="0.00100000000000477" classname="extract_smk_simple_vector" name="simple_extract_holder_vector"/>
    <testcase time="0.00199999999999534" classname="extract_smk_simple_vector" name="simple_extract_holder_vector"/>
    <testcase time="0.00300000000000011" classname="extract_smk_simple_vector" name="simple_extract_mixed_vector"/>
    <testcase time="0.00100000000000477" classname="extract_smk_simple_vector" name="simple_extract_mixed_vector"/>
    <testcase time="0.00199999999999534" classname="extract_smk_simple_vector" name="simple_extract_mixed_vector"/>
    <testcase time="0.00199999999999534" classname="extract_smk_simple_vector" name="simple_extract_mixed_vector"/>
    <testcase time="0.00200000000000955" classname="extract_smk_simple_vector" name="simple_extract_mixed_vector"/>
    <testcase time="0.00199999999999534" classname="extract_smk_simple_vector" name="simple_extract_mixed_vector"/>
    <testcase time="0.00199999999999534" classname="extract_smk_simple_vector" name="simple_extract_mixed_vector"/>
    <testcase time="0.00100000000000477" classname="extract_smk_simple_vector" name="simple_extract_mixed_vector"/>
    <testcase time="0.00100000000000477" classname="extract_smk_simple_vector" name="simple_extract_mixed_vector"/>
    <testcase time="0.00199999999999534" classname="extract_smk_simple_vector" name="simple_extract_mixed_vector"/>
    <testcase time="0.00100000000000477" classname="extract_smk_simple_vector" name="simple_extract_mixed_vector"/>
    <testcase time="0.000999999999990564" classname="extract_smk_simple_vector" name="simple_extract_mixed_vector"/>
  </testsuite>
  <testsuite name="extract::smk::shutdown" timestamp="2025-10-21T01:41:53Z" hostname="runnervmwhb2z" tests="0" skipped="0" failures="0" errors="0" time="0"/>
  <testsuite name="extract::smk::done" timestamp="2025-10-21T01:41:53Z" hostname="runnervmwhb2z" tests="0" skipped="0" failures="0" errors="0" time="0"/>
  <testsuite name="smk-gamlssDS" timestamp="2025-10-21T01:41:53Z" hostname="runnervmwhb2z" tests="0" skipped="0" failures="0" errors="0" time="0"/>
  <testsuite name="gamlssDS::smk::setup" timestamp="2025-10-21T01:41:53Z" hostname="runnervmwhb2z" tests="0" skipped="0" failures="0" errors="0" time="0"/>
  <testsuite name="gamlssDS::smk::birthweight" timestamp="2025-10-21T01:41:53Z" hostname="runnervmwhb2z" tests="21" skipped="0" failures="0" errors="0" time="0.081">
    <testcase time="0.0550000000000068" classname="gamlssDS_smk_birthweight" name="birthweight_gamlssDS"/>
    <testcase time="0.000999999999990564" classname="gamlssDS_smk_birthweight" name="birthweight_gamlssDS"/>
    <testcase time="0.00200000000000955" classname="gamlssDS_smk_birthweight" name="birthweight_gamlssDS"/>
    <testcase time="0.000999999999990564" classname="gamlssDS_smk_birthweight" name="birthweight_gamlssDS"/>
    <testcase time="0.00100000000000477" classname="gamlssDS_smk_birthweight" name="birthweight_gamlssDS"/>
    <testcase time="0.00100000000000477" classname="gamlssDS_smk_birthweight" name="birthweight_gamlssDS"/>
    <testcase time="0.000999999999990564" classname="gamlssDS_smk_birthweight" name="birthweight_gamlssDS"/>
    <testcase time="0.00200000000000955" classname="gamlssDS_smk_birthweight" name="birthweight_gamlssDS"/>
    <testcase time="0.000999999999990564" classname="gamlssDS_smk_birthweight" name="birthweight_gamlssDS"/>
    <testcase time="0.00100000000000477" classname="gamlssDS_smk_birthweight" name="birthweight_gamlssDS"/>
    <testcase time="0.00100000000000477" classname="gamlssDS_smk_birthweight" name="birthweight_gamlssDS"/>
    <testcase time="0.00199999999999534" classname="gamlssDS_smk_birthweight" name="birthweight_gamlssDS"/>
    <testcase time="0.00100000000000477" classname="gamlssDS_smk_birthweight" name="birthweight_gamlssDS"/>
    <testcase time="0.000999999999990564" classname="gamlssDS_smk_birthweight" name="birthweight_gamlssDS"/>
    <testcase time="0.00100000000000477" classname="gamlssDS_smk_birthweight" name="birthweight_gamlssDS"/>
    <testcase time="0.00199999999999534" classname="gamlssDS_smk_birthweight" name="birthweight_gamlssDS"/>
    <testcase time="0.00100000000000477" classname="gamlssDS_smk_birthweight" name="birthweight_gamlssDS"/>
    <testcase time="0.00100000000000477" classname="gamlssDS_smk_birthweight" name="birthweight_gamlssDS"/>
    <testcase time="0.00199999999999534" classname="gamlssDS_smk_birthweight" name="birthweight_gamlssDS"/>
    <testcase time="0.00100000000000477" classname="gamlssDS_smk_birthweight" name="birthweight_gamlssDS"/>
    <testcase time="0.00199999999999534" classname="gamlssDS_smk_birthweight" name="birthweight_gamlssDS"/>
  </testsuite>
  <testsuite name="gamlssDS::smk::shutdown" timestamp="2025-10-21T01:41:53Z" hostname="runnervmwhb2z" tests="0" skipped="0" failures="0" errors="0" time="0"/>
  <testsuite name="gamlssDS::smk::done" timestamp="2025-10-21T01:41:53Z" hostname="runnervmwhb2z" tests="0" skipped="0" failures="0" errors="0" time="0"/>
  <testsuite name="smk-getWGSRDS" timestamp="2025-10-21T01:41:53Z" hostname="runnervmwhb2z" tests="0" skipped="0" failures="0" errors="0" time="0"/>
  <testsuite name="getWGSRDS::smk::setup" timestamp="2025-10-21T01:41:53Z" hostname="runnervmwhb2z" tests="0" skipped="0" failures="0" errors="0" time="0"/>
  <testsuite name="getWGSRDS::smk::simple" timestamp="2025-10-21T01:41:53Z" hostname="runnervmwhb2z" tests="60" skipped="0" failures="0" errors="0" time="0.336">
    <testcase time="0.0229999999999961" classname="getWGSRDS_smk_simple" name="simple_getWGSRDS_hfa"/>
    <testcase time="0.00100000000000477" classname="getWGSRDS_smk_simple" name="simple_getWGSRDS_hfa"/>
    <testcase time="0.00100000000000477" classname="getWGSRDS_smk_simple" name="simple_getWGSRDS_hfa"/>
    <testcase time="0.00199999999999534" classname="getWGSRDS_smk_simple" name="simple_getWGSRDS_hfa"/>
    <testcase time="0.00100000000000477" classname="getWGSRDS_smk_simple" name="simple_getWGSRDS_hfa"/>
    <testcase time="0.00300000000000011" classname="getWGSRDS_smk_simple" name="simple_getWGSRDS_hfa"/>
    <testcase time="0.00999999999999091" classname="getWGSRDS_smk_simple" name="simple_getWGSRDS_hfa"/>
    <testcase time="0.00300000000000011" classname="getWGSRDS_smk_simple" name="simple_getWGSRDS_hfa"/>
    <testcase time="0.00100000000000477" classname="getWGSRDS_smk_simple" name="simple_getWGSRDS_hfa"/>
    <testcase time="0.00300000000000011" classname="getWGSRDS_smk_simple" name="simple_getWGSRDS_hfa"/>
    <testcase time="0.00199999999999534" classname="getWGSRDS_smk_simple" name="simple_getWGSRDS_hfa"/>
    <testcase time="0.00300000000000011" classname="getWGSRDS_smk_simple" name="simple_getWGSRDS_hfa"/>
    <testcase time="0.171000000000006" classname="getWGSRDS_smk_simple" name="simple_getWGSRDS_wfh"/>
    <testcase time="0.000999999999990564" classname="getWGSRDS_smk_simple" name="simple_getWGSRDS_wfh"/>
    <testcase time="0.00200000000000955" classname="getWGSRDS_smk_simple" name="simple_getWGSRDS_wfh"/>
    <testcase time="0.000999999999990564" classname="getWGSRDS_smk_simple" name="simple_getWGSRDS_wfh"/>
    <testcase time="0.00100000000000477" classname="getWGSRDS_smk_simple" name="simple_getWGSRDS_wfh"/>
    <testcase time="0.00300000000000011" classname="getWGSRDS_smk_simple" name="simple_getWGSRDS_wfh"/>
    <testcase time="0.00199999999999534" classname="getWGSRDS_smk_simple" name="simple_getWGSRDS_wfh"/>
    <testcase time="0.00200000000000955" classname="getWGSRDS_smk_simple" name="simple_getWGSRDS_wfh"/>
    <testcase time="0.00199999999999534" classname="getWGSRDS_smk_simple" name="simple_getWGSRDS_wfh"/>
    <testcase time="0.00100000000000477" classname="getWGSRDS_smk_simple" name="simple_getWGSRDS_wfh"/>
    <testcase time="0.00300000000000011" classname="getWGSRDS_smk_simple" name="simple_getWGSRDS_wfh"/>
    <testcase time="0.00300000000000011" classname="getWGSRDS_smk_simple" name="simple_getWGSRDS_wfh"/>
    <testcase time="0.00900000000000034" classname="getWGSRDS_smk_simple" name="simple_getWGSRDS_wfa"/>
    <testcase time="0.000999999999990564" classname="getWGSRDS_smk_simple" name="simple_getWGSRDS_wfa"/>
    <testcase time="0.00100000000000477" classname="getWGSRDS_smk_simple" name="simple_getWGSRDS_wfa"/>
    <testcase time="0.00199999999999534" classname="getWGSRDS_smk_simple" name="simple_getWGSRDS_wfa"/>
    <testcase time="0.00100000000000477" classname="getWGSRDS_smk_simple" name="simple_getWGSRDS_wfa"/>
    <testcase time="0.00300000000000011" classname="getWGSRDS_smk_simple" name="simple_getWGSRDS_wfa"/>
    <testcase time="0.00100000000000477" classname="getWGSRDS_smk_simple" name="simple_getWGSRDS_wfa"/>
    <testcase time="0.00100000000000477" classname="getWGSRDS_smk_simple" name="simple_getWGSRDS_wfa"/>
    <testcase time="0.00100000000000477" classname="getWGSRDS_smk_simple" name="simple_getWGSRDS_wfa"/>
    <testcase time="0.00300000000000011" classname="getWGSRDS_smk_simple" name="simple_getWGSRDS_wfa"/>
    <testcase time="0.00199999999999534" classname="getWGSRDS_smk_simple" name="simple_getWGSRDS_wfa"/>
    <testcase time="0.00199999999999534" classname="getWGSRDS_smk_simple" name="simple_getWGSRDS_wfa"/>
    <testcase time="0.00800000000000978" classname="getWGSRDS_smk_simple" name="simple_getWGSRDS_bfa"/>
    <testcase time="0.000999999999990564" classname="getWGSRDS_smk_simple" name="simple_getWGSRDS_bfa"/>
    <testcase time="0.00100000000000477" classname="getWGSRDS_smk_simple" name="simple_getWGSRDS_bfa"/>
    <testcase time="0.00199999999999534" classname="getWGSRDS_smk_simple" name="simple_getWGSRDS_bfa"/>
    <testcase time="0.00100000000000477" classname="getWGSRDS_smk_simple" name="simple_getWGSRDS_bfa"/>
    <testcase time="0.00300000000000011" classname="getWGSRDS_smk_simple" name="simple_getWGSRDS_bfa"/>
    <testcase time="0.00199999999999534" classname="getWGSRDS_smk_simple" name="simple_getWGSRDS_bfa"/>
    <testcase time="0.00200000000000955" classname="getWGSRDS_smk_simple" name="simple_getWGSRDS_bfa"/>
    <testcase time="0.00199999999999534" classname="getWGSRDS_smk_simple" name="simple_getWGSRDS_bfa"/>
    <testcase time="0.00300000000000011" classname="getWGSRDS_smk_simple" name="simple_getWGSRDS_bfa"/>
    <testcase time="0.00199999999999534" classname="getWGSRDS_smk_simple" name="simple_getWGSRDS_bfa"/>
    <testcase time="0.00300000000000011" classname="getWGSRDS_smk_simple" name="simple_getWGSRDS_bfa"/>
    <testcase time="0.00400000000000489" classname="getWGSRDS_smk_simple" name="simple_getWGSRDS_mfa"/>
    <testcase time="0.00100000000000477" classname="getWGSRDS_smk_simple" name="simple_getWGSRDS_mfa"/>
    <testcase time="0.00300000000000011" classname="getWGSRDS_smk_simple" name="simple_getWGSRDS_mfa"/>
    <testcase time="0.00300000000000011" classname="getWGSRDS_smk_simple" name="simple_getWGSRDS_mfa"/>
    <testcase time="0.00300000000000011" classname="getWGSRDS_smk_simple" name="simple_getWGSRDS_mfa"/>
    <testcase time="0.00300000000000011" classname="getWGSRDS_smk_simple" name="simple_getWGSRDS_mfa"/>
    <testcase time="0.00300000000000011" classname="getWGSRDS_smk_simple" name="simple_getWGSRDS_mfa"/>
    <testcase time="0.00300000000000011" classname="getWGSRDS_smk_simple" name="simple_getWGSRDS_mfa"/>
    <testcase time="0.00199999999999534" classname="getWGSRDS_smk_simple" name="simple_getWGSRDS_mfa"/>
    <testcase time="0.00300000000000011" classname="getWGSRDS_smk_simple" name="simple_getWGSRDS_mfa"/>
    <testcase time="0.00300000000000011" classname="getWGSRDS_smk_simple" name="simple_getWGSRDS_mfa"/>
    <testcase time="0.00300000000000011" classname="getWGSRDS_smk_simple" name="simple_getWGSRDS_mfa"/>
  </testsuite>
  <testsuite name="getWGSRDS::smk::shutdown" timestamp="2025-10-21T01:41:53Z" hostname="runnervmwhb2z" tests="0" skipped="0" failures="0" errors="0" time="0"/>
  <testsuite name="getWGSRDS::smk::done" timestamp="2025-10-21T01:41:53Z" hostname="runnervmwhb2z" tests="0" skipped="0" failures="0" errors="0" time="0"/>
  <testsuite name="smk-hetcorDS" timestamp="2025-10-21T01:41:53Z" hostname="runnervmwhb2z" tests="0" skipped="0" failures="0" errors="0" time="0"/>
  <testsuite name="hetcorDS::smk::setup" timestamp="2025-10-21T01:41:53Z" hostname="runnervmwhb2z" tests="0" skipped="0" failures="0" errors="0" time="0"/>
  <testsuite name="hetcorDS::smk" timestamp="2025-10-21T01:41:53Z" hostname="runnervmwhb2z" tests="31" skipped="0" failures="0" errors="0" time="0.084">
    <testcase time="0.0450000000000017" classname="hetcorDS_smk" name="hetcorDS"/>
    <testcase time="0.00199999999999534" classname="hetcorDS_smk" name="hetcorDS"/>
    <testcase time="0.00100000000000477" classname="hetcorDS_smk" name="hetcorDS"/>
    <testcase time="0.000999999999990564" classname="hetcorDS_smk" name="hetcorDS"/>
    <testcase time="0.00100000000000477" classname="hetcorDS_smk" name="hetcorDS"/>
    <testcase time="0.00199999999999534" classname="hetcorDS_smk" name="hetcorDS"/>
    <testcase time="0.00100000000000477" classname="hetcorDS_smk" name="hetcorDS"/>
    <testcase time="0.00100000000000477" classname="hetcorDS_smk" name="hetcorDS"/>
    <testcase time="0.00199999999999534" classname="hetcorDS_smk" name="hetcorDS"/>
    <testcase time="0.00100000000000477" classname="hetcorDS_smk" name="hetcorDS"/>
    <testcase time="0.000999999999990564" classname="hetcorDS_smk" name="hetcorDS"/>
    <testcase time="0.00100000000000477" classname="hetcorDS_smk" name="hetcorDS"/>
    <testcase time="0.00199999999999534" classname="hetcorDS_smk" name="hetcorDS"/>
    <testcase time="0.00100000000000477" classname="hetcorDS_smk" name="hetcorDS"/>
    <testcase time="0.00100000000000477" classname="hetcorDS_smk" name="hetcorDS"/>
    <testcase time="0.000999999999990564" classname="hetcorDS_smk" name="hetcorDS"/>
    <testcase time="0.00200000000000955" classname="hetcorDS_smk" name="hetcorDS"/>
    <testcase time="0.000999999999990564" classname="hetcorDS_smk" name="hetcorDS"/>
    <testcase time="0.00100000000000477" classname="hetcorDS_smk" name="hetcorDS"/>
    <testcase time="0.00199999999999534" classname="hetcorDS_smk" name="hetcorDS"/>
    <testcase time="0.00100000000000477" classname="hetcorDS_smk" name="hetcorDS"/>
    <testcase time="0.00100000000000477" classname="hetcorDS_smk" name="hetcorDS"/>
    <testcase time="0.00199999999999534" classname="hetcorDS_smk" name="hetcorDS"/>
    <testcase time="0.00100000000000477" classname="hetcorDS_smk" name="hetcorDS"/>
    <testcase time="0.000999999999990564" classname="hetcorDS_smk" name="hetcorDS"/>
    <testcase time="0.00200000000000955" classname="hetcorDS_smk" name="hetcorDS"/>
    <testcase time="0.000999999999990564" classname="hetcorDS_smk" name="hetcorDS"/>
    <testcase time="0.00100000000000477" classname="hetcorDS_smk" name="hetcorDS"/>
    <testcase time="0.00199999999999534" classname="hetcorDS_smk" name="hetcorDS"/>
    <testcase time="0.00100000000000477" classname="hetcorDS_smk" name="hetcorDS"/>
    <testcase time="0.00100000000000477" classname="hetcorDS_smk" name="hetcorDS"/>
  </testsuite>
  <testsuite name="hetcorDS::smk::shutdown" timestamp="2025-10-21T01:41:53Z" hostname="runnervmwhb2z" tests="0" skipped="0" failures="0" errors="0" time="0"/>
  <testsuite name="hetcorDS::smk::done" timestamp="2025-10-21T01:41:53Z" hostname="runnervmwhb2z" tests="0" skipped="0" failures="0" errors="0" time="0"/>
  <testsuite name="smk-igb_standardsDS" timestamp="2025-10-21T01:41:53Z" hostname="runnervmwhb2z" tests="0" skipped="0" failures="0" errors="0" time="0"/>
  <testsuite name="igb_standardsDS::smk::setup" timestamp="2025-10-21T01:41:53Z" hostname="runnervmwhb2z" tests="0" skipped="0" failures="0" errors="0" time="0"/>
  <testsuite name="igb_standardsDS::smk::simple" timestamp="2025-10-21T01:41:53Z" hostname="runnervmwhb2z" tests="96" skipped="0" failures="0" errors="0" time="0.542">
    <testcase time="0.134999999999991" classname="igb_standardsDS_smk_simple" name="igb_standardsDS_igb_value2zscore"/>
    <testcase time="0.00100000000000477" classname="igb_standardsDS_smk_simple" name="igb_standardsDS_igb_value2zscore"/>
    <testcase time="0.000999999999990564" classname="igb_standardsDS_smk_simple" name="igb_standardsDS_igb_value2zscore"/>
    <testcase time="0.00200000000000955" classname="igb_standardsDS_smk_simple" name="igb_standardsDS_igb_value2zscore"/>
    <testcase time="0.000999999999990564" classname="igb_standardsDS_smk_simple" name="igb_standardsDS_igb_value2zscore"/>
    <testcase time="0.00200000000000955" classname="igb_standardsDS_smk_simple" name="igb_standardsDS_igb_value2zscore"/>
    <testcase time="0.000999999999990564" classname="igb_standardsDS_smk_simple" name="igb_standardsDS_igb_value2zscore"/>
    <testcase time="0.00100000000000477" classname="igb_standardsDS_smk_simple" name="igb_standardsDS_igb_value2zscore"/>
    <testcase time="0.00199999999999534" classname="igb_standardsDS_smk_simple" name="igb_standardsDS_igb_value2zscore"/>
    <testcase time="0.00100000000000477" classname="igb_standardsDS_smk_simple" name="igb_standardsDS_igb_value2zscore"/>
    <testcase time="0.00300000000000011" classname="igb_standardsDS_smk_simple" name="igb_standardsDS_igb_value2zscore"/>
    <testcase time="0.00199999999999534" classname="igb_standardsDS_smk_simple" name="igb_standardsDS_igb_value2zscore"/>
    <testcase time="0.00200000000000955" classname="igb_standardsDS_smk_simple" name="igb_standardsDS_igb_value2zscore"/>
    <testcase time="0.000999999999990564" classname="igb_standardsDS_smk_simple" name="igb_standardsDS_igb_value2zscore"/>
    <testcase time="0.00100000000000477" classname="igb_standardsDS_smk_simple" name="igb_standardsDS_igb_value2zscore"/>
    <testcase time="0.00199999999999534" classname="igb_standardsDS_smk_simple" name="igb_standardsDS_igb_value2zscore"/>
    <testcase time="0.00100000000000477" classname="igb_standardsDS_smk_simple" name="igb_standardsDS_igb_value2zscore"/>
    <testcase time="0.00100000000000477" classname="igb_standardsDS_smk_simple" name="igb_standardsDS_igb_value2zscore"/>
    <testcase time="0.00199999999999534" classname="igb_standardsDS_smk_simple" name="igb_standardsDS_igb_value2zscore"/>
    <testcase time="0.000999999999990564" classname="igb_standardsDS_smk_simple" name="igb_standardsDS_igb_value2zscore"/>
    <testcase time="0.00100000000000477" classname="igb_standardsDS_smk_simple" name="igb_standardsDS_igb_value2zscore"/>
    <testcase time="0.00199999999999534" classname="igb_standardsDS_smk_simple" name="igb_standardsDS_igb_value2zscore"/>
    <testcase time="0.00100000000000477" classname="igb_standardsDS_smk_simple" name="igb_standardsDS_igb_value2zscore"/>
    <testcase time="0.00100000000000477" classname="igb_standardsDS_smk_simple" name="igb_standardsDS_igb_value2zscore"/>
    <testcase time="0.00199999999999534" classname="igb_standardsDS_smk_simple" name="igb_standardsDS_igb_value2zscore"/>
    <testcase time="0.00100000000000477" classname="igb_standardsDS_smk_simple" name="igb_standardsDS_igb_value2zscore"/>
    <testcase time="0.000999999999990564" classname="igb_standardsDS_smk_simple" name="igb_standardsDS_igb_value2zscore"/>
    <testcase time="0.00300000000000011" classname="igb_standardsDS_smk_simple" name="igb_standardsDS_igb_value2zscore"/>
    <testcase time="0.00300000000000011" classname="igb_standardsDS_smk_simple" name="igb_standardsDS_igb_value2zscore"/>
    <testcase time="0.00100000000000477" classname="igb_standardsDS_smk_simple" name="igb_standardsDS_igb_value2zscore"/>
    <testcase time="0.00199999999999534" classname="igb_standardsDS_smk_simple" name="igb_standardsDS_igb_value2zscore"/>
    <testcase time="0.00100000000000477" classname="igb_standardsDS_smk_simple" name="igb_standardsDS_igb_value2zscore"/>
    <testcase time="0.242999999999995" classname="igb_standardsDS_smk_simple" name="igb_standardsDS_igb_value2centile"/>
    <testcase time="0.00100000000000477" classname="igb_standardsDS_smk_simple" name="igb_standardsDS_igb_value2centile"/>
    <testcase time="0.00199999999999534" classname="igb_standardsDS_smk_simple" name="igb_standardsDS_igb_value2centile"/>
    <testcase time="0.00100000000000477" classname="igb_standardsDS_smk_simple" name="igb_standardsDS_igb_value2centile"/>
    <testcase time="0.00199999999999534" classname="igb_standardsDS_smk_simple" name="igb_standardsDS_igb_value2centile"/>
    <testcase time="0.00100000000000477" classname="igb_standardsDS_smk_simple" name="igb_standardsDS_igb_value2centile"/>
    <testcase time="0.00199999999999534" classname="igb_standardsDS_smk_simple" name="igb_standardsDS_igb_value2centile"/>
    <testcase time="0.00100000000000477" classname="igb_standardsDS_smk_simple" name="igb_standardsDS_igb_value2centile"/>
    <testcase time="0.00100000000000477" classname="igb_standardsDS_smk_simple" name="igb_standardsDS_igb_value2centile"/>
    <testcase time="0.00199999999999534" classname="igb_standardsDS_smk_simple" name="igb_standardsDS_igb_value2centile"/>
    <testcase time="0.00100000000000477" classname="igb_standardsDS_smk_simple" name="igb_standardsDS_igb_value2centile"/>
    <testcase time="0.00199999999999534" classname="igb_standardsDS_smk_simple" name="igb_standardsDS_igb_value2centile"/>
    <testcase time="0.00100000000000477" classname="igb_standardsDS_smk_simple" name="igb_standardsDS_igb_value2centile"/>
    <testcase time="0.000999999999990564" classname="igb_standardsDS_smk_simple" name="igb_standardsDS_igb_value2centile"/>
    <testcase time="0.00200000000000955" classname="igb_standardsDS_smk_simple" name="igb_standardsDS_igb_value2centile"/>
    <testcase time="0.000999999999990564" classname="igb_standardsDS_smk_simple" name="igb_standardsDS_igb_value2centile"/>
    <testcase time="0.00200000000000955" classname="igb_standardsDS_smk_simple" name="igb_standardsDS_igb_value2centile"/>
    <testcase time="0.000999999999990564" classname="igb_standardsDS_smk_simple" name="igb_standardsDS_igb_value2centile"/>
    <testcase time="0.00200000000000955" classname="igb_standardsDS_smk_simple" name="igb_standardsDS_igb_value2centile"/>
    <testcase time="0.000999999999990564" classname="igb_standardsDS_smk_simple" name="igb_standardsDS_igb_value2centile"/>
    <testcase time="0.00200000000000955" classname="igb_standardsDS_smk_simple" name="igb_standardsDS_igb_value2centile"/>
    <testcase time="0.000999999999990564" classname="igb_standardsDS_smk_simple" name="igb_standardsDS_igb_value2centile"/>
    <testcase time="0.00200000000000955" classname="igb_standardsDS_smk_simple" name="igb_standardsDS_igb_value2centile"/>
    <testcase time="0.000999999999990564" classname="igb_standardsDS_smk_simple" name="igb_standardsDS_igb_value2centile"/>
    <testcase time="0.00200000000000955" classname="igb_standardsDS_smk_simple" name="igb_standardsDS_igb_value2centile"/>
    <testcase time="0.000999999999990564" classname="igb_standardsDS_smk_simple" name="igb_standardsDS_igb_value2centile"/>
    <testcase time="0.00200000000000955" classname="igb_standardsDS_smk_simple" name="igb_standardsDS_igb_value2centile"/>
    <testcase time="0.00300000000000011" classname="igb_standardsDS_smk_simple" name="igb_standardsDS_igb_value2centile"/>
    <testcase time="0.00300000000000011" classname="igb_standardsDS_smk_simple" name="igb_standardsDS_igb_value2centile"/>
    <testcase time="0.000999999999990564" classname="igb_standardsDS_smk_simple" name="igb_standardsDS_igb_value2centile"/>
    <testcase time="0.00200000000000955" classname="igb_standardsDS_smk_simple" name="igb_standardsDS_igb_value2centile"/>
    <testcase time="0.000999999999990564" classname="igb_standardsDS_smk_simple" name="igb_standardsDS_igb_value2centile"/>
    <testcase time="0.0120000000000005" classname="igb_standardsDS_smk_simple" name="igb_standardsDS_igb_centile2value"/>
    <testcase time="0.00100000000000477" classname="igb_standardsDS_smk_simple" name="igb_standardsDS_igb_centile2value"/>
    <testcase time="0.000999999999990564" classname="igb_standardsDS_smk_simple" name="igb_standardsDS_igb_centile2value"/>
    <testcase time="0.00200000000000955" classname="igb_standardsDS_smk_simple" name="igb_standardsDS_igb_centile2value"/>
    <testcase time="0.000999999999990564" classname="igb_standardsDS_smk_simple" name="igb_standardsDS_igb_centile2value"/>
    <testcase time="0.00200000000000955" classname="igb_standardsDS_smk_simple" name="igb_standardsDS_igb_centile2value"/>
    <testcase time="0.000999999999990564" classname="igb_standardsDS_smk_simple" name="igb_standardsDS_igb_centile2value"/>
    <testcase time="0.00200000000000955" classname="igb_standardsDS_smk_simple" name="igb_standardsDS_igb_centile2value"/>
    <testcase time="0.000999999999990564" classname="igb_standardsDS_smk_simple" name="igb_standardsDS_igb_centile2value"/>
    <testcase time="0.00200000000000955" classname="igb_standardsDS_smk_simple" name="igb_standardsDS_igb_centile2value"/>
    <testcase time="0.000999999999990564" classname="igb_standardsDS_smk_simple" name="igb_standardsDS_igb_centile2value"/>
    <testcase time="0.00200000000000955" classname="igb_standardsDS_smk_simple" name="igb_standardsDS_igb_centile2value"/>
    <testcase time="0.000999999999990564" classname="igb_standardsDS_smk_simple" name="igb_standardsDS_igb_centile2value"/>
    <testcase time="0.00900000000000034" classname="igb_standardsDS_smk_simple" name="igb_standardsDS_igb_centile2value"/>
    <testcase time="0.00200000000000955" classname="igb_standardsDS_smk_simple" name="igb_standardsDS_igb_centile2value"/>
    <testcase time="0.00199999999999534" classname="igb_standardsDS_smk_simple" name="igb_standardsDS_igb_centile2value"/>
    <testcase time="0.00199999999999534" classname="igb_standardsDS_smk_simple" name="igb_standardsDS_igb_centile2value"/>
    <testcase time="0.00100000000000477" classname="igb_standardsDS_smk_simple" name="igb_standardsDS_igb_centile2value"/>
    <testcase time="0.00199999999999534" classname="igb_standardsDS_smk_simple" name="igb_standardsDS_igb_centile2value"/>
    <testcase time="0.00200000000000955" classname="igb_standardsDS_smk_simple" name="igb_standardsDS_igb_centile2value"/>
    <testcase time="0.00199999999999534" classname="igb_standardsDS_smk_simple" name="igb_standardsDS_igb_centile2value"/>
    <testcase time="0.00199999999999534" classname="igb_standardsDS_smk_simple" name="igb_standardsDS_igb_centile2value"/>
    <testcase time="0.00100000000000477" classname="igb_standardsDS_smk_simple" name="igb_standardsDS_igb_centile2value"/>
    <testcase time="0.00199999999999534" classname="igb_standardsDS_smk_simple" name="igb_standardsDS_igb_centile2value"/>
    <testcase time="0.00200000000000955" classname="igb_standardsDS_smk_simple" name="igb_standardsDS_igb_centile2value"/>
    <testcase time="0.000999999999990564" classname="igb_standardsDS_smk_simple" name="igb_standardsDS_igb_centile2value"/>
    <testcase time="0.00200000000000955" classname="igb_standardsDS_smk_simple" name="igb_standardsDS_igb_centile2value"/>
    <testcase time="0.00199999999999534" classname="igb_standardsDS_smk_simple" name="igb_standardsDS_igb_centile2value"/>
    <testcase time="0.000999999999990564" classname="igb_standardsDS_smk_simple" name="igb_standardsDS_igb_centile2value"/>
    <testcase time="0.00200000000000955" classname="igb_standardsDS_smk_simple" name="igb_standardsDS_igb_centile2value"/>
    <testcase time="0.00199999999999534" classname="igb_standardsDS_smk_simple" name="igb_standardsDS_igb_centile2value"/>
    <testcase time="0.00100000000000477" classname="igb_standardsDS_smk_simple" name="igb_standardsDS_igb_centile2value"/>
  </testsuite>
  <testsuite name="igb_standardsDS::smk::shutdown" timestamp="2025-10-21T01:41:54Z" hostname="runnervmwhb2z" tests="0" skipped="0" failures="0" errors="0" time="0"/>
  <testsuite name="igb_standardsDS::smk::done" timestamp="2025-10-21T01:41:54Z" hostname="runnervmwhb2z" tests="0" skipped="0" failures="0" errors="0" time="0"/>
  <testsuite name="smk-isNaDS" timestamp="2025-10-21T01:41:54Z" hostname="runnervmwhb2z" tests="0" skipped="0" failures="0" errors="0" time="0"/>
  <testsuite name="isNaDS::smk::setup" timestamp="2025-10-21T01:41:54Z" hostname="runnervmwhb2z" tests="0" skipped="0" failures="0" errors="0" time="0"/>
  <testsuite name="isNaDS::smk::numeric vector" timestamp="2025-10-21T01:41:54Z" hostname="runnervmwhb2z" tests="9" skipped="0" failures="0" errors="0" time="0.03">
    <testcase time="0.0159999999999911" classname="isNaDS_smk_numeric_vector" name="numeric_vector_isNaDS"/>
    <testcase time="0.00100000000000477" classname="isNaDS_smk_numeric_vector" name="numeric_vector_isNaDS"/>
    <testcase time="0.00199999999999534" classname="isNaDS_smk_numeric_vector" name="numeric_vector_isNaDS"/>
    <testcase time="0.00300000000000011" classname="isNaDS_smk_numeric_vector" name="numeric_vector_isNaDS_with_NA_single"/>
    <testcase time="0.00100000000000477" classname="isNaDS_smk_numeric_vector" name="numeric_vector_isNaDS_with_NA_single"/>
    <testcase time="0.00100000000000477" classname="isNaDS_smk_numeric_vector" name="numeric_vector_isNaDS_with_NA_single"/>
    <testcase time="0.00300000000000011" classname="isNaDS_smk_numeric_vector" name="numeric_vector_isNaDS_with_NA_all"/>
    <testcase time="0.00199999999999534" classname="isNaDS_smk_numeric_vector" name="numeric_vector_isNaDS_with_NA_all"/>
    <testcase time="0.00100000000000477" classname="isNaDS_smk_numeric_vector" name="numeric_vector_isNaDS_with_NA_all"/>
  </testsuite>
  <testsuite name="isNaDS::smk::character vector" timestamp="2025-10-21T01:41:54Z" hostname="runnervmwhb2z" tests="9" skipped="0" failures="0" errors="0" time="0.019">
    <testcase time="0.00499999999999545" classname="isNaDS_smk_character_vector" name="character_vector_isNaDS"/>
    <testcase time="0.00199999999999534" classname="isNaDS_smk_character_vector" name="character_vector_isNaDS"/>
    <testcase time="0.00100000000000477" classname="isNaDS_smk_character_vector" name="character_vector_isNaDS"/>
    <testcase time="0.00300000000000011" classname="isNaDS_smk_character_vector" name="character_vector_isNaDS_with_NA_single"/>
    <testcase time="0.00100000000000477" classname="isNaDS_smk_character_vector" name="character_vector_isNaDS_with_NA_single"/>
    <testcase time="0.000999999999990564" classname="isNaDS_smk_character_vector" name="character_vector_isNaDS_with_NA_single"/>
    <testcase time="0.00400000000000489" classname="isNaDS_smk_character_vector" name="character_vector_isNaDS_with_NA_all"/>
    <testcase time="0.00100000000000477" classname="isNaDS_smk_character_vector" name="character_vector_isNaDS_with_NA_all"/>
    <testcase time="0.000999999999990564" classname="isNaDS_smk_character_vector" name="character_vector_isNaDS_with_NA_all"/>
  </testsuite>
  <testsuite name="isNaDS::smk::shutdown" timestamp="2025-10-21T01:41:54Z" hostname="runnervmwhb2z" tests="0" skipped="0" failures="0" errors="0" time="0"/>
  <testsuite name="isNaDS::smk::done" timestamp="2025-10-21T01:41:54Z" hostname="runnervmwhb2z" tests="0" skipped="0" failures="0" errors="0" time="0"/>
  <testsuite name="smk-isValidDS" timestamp="2025-10-21T01:41:54Z" hostname="runnervmwhb2z" tests="0" skipped="0" failures="0" errors="0" time="0"/>
  <testsuite name="isValidDS::smk::setup" timestamp="2025-10-21T01:41:54Z" hostname="runnervmwhb2z" tests="0" skipped="0" failures="0" errors="0" time="0"/>
  <testsuite name="isValidDS::smk::character" timestamp="2025-10-21T01:41:54Z" hostname="runnervmwhb2z" tests="6" skipped="0" failures="0" errors="0" time="0.025">
    <testcase time="0.0160000000000053" classname="isValidDS_smk_character" name="simple_isValidDS_character"/>
    <testcase time="0.00100000000000477" classname="isValidDS_smk_character" name="simple_isValidDS_character"/>
    <testcase time="0.00199999999999534" classname="isValidDS_smk_character" name="simple_isValidDS_character"/>
    <testcase time="0.00300000000000011" classname="isValidDS_smk_character" name="simple_isValidDS_character_vector"/>
    <testcase time="0.00100000000000477" classname="isValidDS_smk_character" name="simple_isValidDS_character_vector"/>
    <testcase time="0.00199999999999534" classname="isValidDS_smk_character" name="simple_isValidDS_character_vector"/>
  </testsuite>
  <testsuite name="isValidDS::smk::integer" timestamp="2025-10-21T01:41:54Z" hostname="runnervmwhb2z" tests="6" skipped="0" failures="0" errors="0" time="0.013">
    <testcase time="0.00499999999999545" classname="isValidDS_smk_integer" name="simple_isValidDS_integer"/>
    <testcase time="0.00100000000000477" classname="isValidDS_smk_integer" name="simple_isValidDS_integer"/>
    <testcase time="0.00199999999999534" classname="isValidDS_smk_integer" name="simple_isValidDS_integer"/>
    <testcase time="0.00300000000000011" classname="isValidDS_smk_integer" name="simple_isValidDS_integer_vector"/>
    <testcase time="0.00100000000000477" classname="isValidDS_smk_integer" name="simple_isValidDS_integer_vector"/>
    <testcase time="0.00100000000000477" classname="isValidDS_smk_integer" name="simple_isValidDS_integer_vector"/>
  </testsuite>
  <testsuite name="isValidDS::smk::numeric" timestamp="2025-10-21T01:41:54Z" hostname="runnervmwhb2z" tests="6" skipped="0" failures="0" errors="0" time="0.014">
    <testcase time="0.00600000000000023" classname="isValidDS_smk_numeric" name="simple_isValidDS_numeric"/>
    <testcase time="0.000999999999990564" classname="isValidDS_smk_numeric" name="simple_isValidDS_numeric"/>
    <testcase time="0.00100000000000477" classname="isValidDS_smk_numeric" name="simple_isValidDS_numeric"/>
    <testcase time="0.00400000000000489" classname="isValidDS_smk_numeric" name="simple_isValidDS_numeric_vector"/>
    <testcase time="0.000999999999990564" classname="isValidDS_smk_numeric" name="simple_isValidDS_numeric_vector"/>
    <testcase time="0.00100000000000477" classname="isValidDS_smk_numeric" name="simple_isValidDS_numeric_vector"/>
  </testsuite>
  <testsuite name="isValidDS::smk::logical" timestamp="2025-10-21T01:41:54Z" hostname="runnervmwhb2z" tests="18" skipped="0" failures="0" errors="0" time="0.048">
    <testcase time="0.00600000000000023" classname="isValidDS_smk_logical" name="simple_isValidDS_logical_FALSE"/>
    <testcase time="0.00100000000000477" classname="isValidDS_smk_logical" name="simple_isValidDS_logical_FALSE"/>
    <testcase time="0.00799999999999557" classname="isValidDS_smk_logical" name="simple_isValidDS_logical_FALSE"/>
    <testcase time="0.00499999999999545" classname="isValidDS_smk_logical" name="simple_isValidDS_logical_TRUE"/>
    <testcase time="0.00100000000000477" classname="isValidDS_smk_logical" name="simple_isValidDS_logical_TRUE"/>
    <testcase time="0.000999999999990564" classname="isValidDS_smk_logical" name="simple_isValidDS_logical_TRUE"/>
    <testcase time="0.00400000000000489" classname="isValidDS_smk_logical" name="simple_isValidDS_logical_vector"/>
    <testcase time="0.00100000000000477" classname="isValidDS_smk_logical" name="simple_isValidDS_logical_vector"/>
    <testcase time="0.00199999999999534" classname="isValidDS_smk_logical" name="simple_isValidDS_logical_vector"/>
    <testcase time="0.00400000000000489" classname="isValidDS_smk_logical" name="simple_isValidDS_factor"/>
    <testcase time="0.000999999999990564" classname="isValidDS_smk_logical" name="simple_isValidDS_factor"/>
    <testcase time="0.00200000000000955" classname="isValidDS_smk_logical" name="simple_isValidDS_factor"/>
    <testcase time="0.00300000000000011" classname="isValidDS_smk_logical" name="simple_isValidDS_factor_vector"/>
    <testcase time="0.00199999999999534" classname="isValidDS_smk_logical" name="simple_isValidDS_factor_vector"/>
    <testcase time="0.00100000000000477" classname="isValidDS_smk_logical" name="simple_isValidDS_factor_vector"/>
    <testcase time="0.00300000000000011" classname="isValidDS_smk_logical" name="simple_isValidDS_factor_vector"/>
    <testcase time="0.000999999999990564" classname="isValidDS_smk_logical" name="simple_isValidDS_factor_vector"/>
    <testcase time="0.00200000000000955" classname="isValidDS_smk_logical" name="simple_isValidDS_factor_vector"/>
  </testsuite>
  <testsuite name="isValidDS::smk::data.frame" timestamp="2025-10-21T01:41:54Z" hostname="runnervmwhb2z" tests="3" skipped="0" failures="0" errors="0" time="0.008">
    <testcase time="0.00600000000000023" classname="isValidDS_smk_data.frame" name="simple_isValidDS_data.frame"/>
    <testcase time="0.000999999999990564" classname="isValidDS_smk_data.frame" name="simple_isValidDS_data.frame"/>
    <testcase time="0.00100000000000477" classname="isValidDS_smk_data.frame" name="simple_isValidDS_data.frame"/>
  </testsuite>
  <testsuite name="isValidDS::smk::array" timestamp="2025-10-21T01:41:54Z" hostname="runnervmwhb2z" tests="3" skipped="0" failures="0" errors="0" time="0.008">
    <testcase time="0.00600000000000023" classname="isValidDS_smk_array" name="simple_isValidDS_array"/>
    <testcase time="0.00100000000000477" classname="isValidDS_smk_array" name="simple_isValidDS_array"/>
    <testcase time="0.000999999999990564" classname="isValidDS_smk_array" name="simple_isValidDS_array"/>
  </testsuite>
  <testsuite name="isValidDS::smk::matrix" timestamp="2025-10-21T01:41:54Z" hostname="runnervmwhb2z" tests="3" skipped="0" failures="0" errors="0" time="0.008">
    <testcase time="0.00600000000000023" classname="isValidDS_smk_matrix" name="simple_isValidDS_matrix"/>
    <testcase time="0.00100000000000477" classname="isValidDS_smk_matrix" name="simple_isValidDS_matrix"/>
    <testcase time="0.00100000000000477" classname="isValidDS_smk_matrix" name="simple_isValidDS_matrix"/>
  </testsuite>
  <testsuite name="isValidDS::smk::data.matrix" timestamp="2025-10-21T01:41:54Z" hostname="runnervmwhb2z" tests="3" skipped="0" failures="0" errors="0" time="0.008">
    <testcase time="0.00600000000000023" classname="isValidDS_smk_data.matrix" name="simple_isValidDS_data.matrix"/>
    <testcase time="0.000999999999990564" classname="isValidDS_smk_data.matrix" name="simple_isValidDS_data.matrix"/>
    <testcase time="0.00100000000000477" classname="isValidDS_smk_data.matrix" name="simple_isValidDS_data.matrix"/>
  </testsuite>
  <testsuite name="isValidDS::smk::date" timestamp="2025-10-21T01:41:54Z" hostname="runnervmwhb2z" tests="3" skipped="0" failures="0" errors="0" time="0.008">
    <testcase time="0.00600000000000023" classname="isValidDS_smk_date" name="simple_isValidDS_date"/>
    <testcase time="0.00100000000000477" classname="isValidDS_smk_date" name="simple_isValidDS_date"/>
    <testcase time="0.000999999999990564" classname="isValidDS_smk_date" name="simple_isValidDS_date"/>
  </testsuite>
  <testsuite name="isValidDS::smk::formula" timestamp="2025-10-21T01:41:54Z" hostname="runnervmwhb2z" tests="3" skipped="0" failures="0" errors="0" time="0.008">
    <testcase time="0.00600000000000023" classname="isValidDS_smk_formula" name="simple_isValidDS_formula"/>
    <testcase time="0.00100000000000477" classname="isValidDS_smk_formula" name="simple_isValidDS_formula"/>
    <testcase time="0.00100000000000477" classname="isValidDS_smk_formula" name="simple_isValidDS_formula"/>
  </testsuite>
  <testsuite name="isValidDS::smk::environment" timestamp="2025-10-21T01:41:54Z" hostname="runnervmwhb2z" tests="3" skipped="0" failures="0" errors="0" time="0.008">
    <testcase time="0.00600000000000023" classname="isValidDS_smk_environment" name="simple_isValidDS_environment"/>
    <testcase time="0.000999999999990564" classname="isValidDS_smk_environment" name="simple_isValidDS_environment"/>
    <testcase time="0.00100000000000477" classname="isValidDS_smk_environment" name="simple_isValidDS_environment"/>
  </testsuite>
  <testsuite name="isValidDS::smk::NA" timestamp="2025-10-21T01:41:54Z" hostname="runnervmwhb2z" tests="3" skipped="0" failures="0" errors="0" time="0.008">
    <testcase time="0.00600000000000023" classname="isValidDS_smk_NA" name="special_isValidDS_NA"/>
    <testcase time="0.00100000000000477" classname="isValidDS_smk_NA" name="special_isValidDS_NA"/>
    <testcase time="0.000999999999990564" classname="isValidDS_smk_NA" name="special_isValidDS_NA"/>
  </testsuite>
  <testsuite name="isValidDS::smk::NULL" timestamp="2025-10-21T01:41:54Z" hostname="runnervmwhb2z" tests="3" skipped="0" failures="0" errors="0" time="0.009">
    <testcase time="0.00600000000000023" classname="isValidDS_smk_NULL" name="special_isValidDS_NULL"/>
    <testcase time="0.00200000000000955" classname="isValidDS_smk_NULL" name="special_isValidDS_NULL"/>
    <testcase time="0.000999999999990564" classname="isValidDS_smk_NULL" name="special_isValidDS_NULL"/>
  </testsuite>
  <testsuite name="isValidDS::smk::shutdown" timestamp="2025-10-21T01:41:54Z" hostname="runnervmwhb2z" tests="0" skipped="0" failures="0" errors="0" time="0"/>
  <testsuite name="isValidDS::smk::done" timestamp="2025-10-21T01:41:54Z" hostname="runnervmwhb2z" tests="0" skipped="0" failures="0" errors="0" time="0"/>
  <testsuite name="smk-kurtosisDS1" timestamp="2025-10-21T01:41:54Z" hostname="runnervmwhb2z" tests="0" skipped="0" failures="0" errors="0" time="0"/>
  <testsuite name="kurtosisDS1::smk::setup" timestamp="2025-10-21T01:41:54Z" hostname="runnervmwhb2z" tests="0" skipped="0" failures="0" errors="0" time="0"/>
  <testsuite name="kurtosisDS1::smk::method 1" timestamp="2025-10-21T01:41:54Z" hostname="runnervmwhb2z" tests="8" skipped="0" failures="0" errors="0" time="0.024">
    <testcase time="0.0160000000000053" classname="kurtosisDS1_smk_method_1" name="simple_kurtosisDS1_method_1"/>
    <testcase time="0.00100000000000477" classname="kurtosisDS1_smk_method_1" name="simple_kurtosisDS1_method_1"/>
    <testcase time="0.000999999999990564" classname="kurtosisDS1_smk_method_1" name="simple_kurtosisDS1_method_1"/>
    <testcase time="0.00100000000000477" classname="kurtosisDS1_smk_method_1" name="simple_kurtosisDS1_method_1"/>
    <testcase time="0.00199999999999534" classname="kurtosisDS1_smk_method_1" name="simple_kurtosisDS1_method_1"/>
    <testcase time="0.00100000000000477" classname="kurtosisDS1_smk_method_1" name="simple_kurtosisDS1_method_1"/>
    <testcase time="0.000999999999990564" classname="kurtosisDS1_smk_method_1" name="simple_kurtosisDS1_method_1"/>
    <testcase time="0.00100000000000477" classname="kurtosisDS1_smk_method_1" name="simple_kurtosisDS1_method_1"/>
  </testsuite>
  <testsuite name="kurtosisDS1::smk::method 2" timestamp="2025-10-21T01:41:54Z" hostname="runnervmwhb2z" tests="8" skipped="0" failures="0" errors="0" time="0.054">
    <testcase time="0.0450000000000017" classname="kurtosisDS1_smk_method_2" name="simple_kurtosisDS1_method_2"/>
    <testcase time="0.00100000000000477" classname="kurtosisDS1_smk_method_2" name="simple_kurtosisDS1_method_2"/>
    <testcase time="0.00199999999999534" classname="kurtosisDS1_smk_method_2" name="simple_kurtosisDS1_method_2"/>
    <testcase time="0.00100000000000477" classname="kurtosisDS1_smk_method_2" name="simple_kurtosisDS1_method_2"/>
    <testcase time="0.000999999999990564" classname="kurtosisDS1_smk_method_2" name="simple_kurtosisDS1_method_2"/>
    <testcase time="0.00200000000000955" classname="kurtosisDS1_smk_method_2" name="simple_kurtosisDS1_method_2"/>
    <testcase time="0.000999999999990564" classname="kurtosisDS1_smk_method_2" name="simple_kurtosisDS1_method_2"/>
    <testcase time="0.00100000000000477" classname="kurtosisDS1_smk_method_2" name="simple_kurtosisDS1_method_2"/>
  </testsuite>
  <testsuite name="kurtosisDS1::smk::method 3" timestamp="2025-10-21T01:41:54Z" hostname="runnervmwhb2z" tests="8" skipped="0" failures="0" errors="0" time="0.015">
    <testcase time="0.007000000000005" classname="kurtosisDS1_smk_method_3" name="simple_kurtosisDS1_method_3"/>
    <testcase time="0.000999999999990564" classname="kurtosisDS1_smk_method_3" name="simple_kurtosisDS1_method_3"/>
    <testcase time="0.00100000000000477" classname="kurtosisDS1_smk_method_3" name="simple_kurtosisDS1_method_3"/>
    <testcase time="0.00100000000000477" classname="kurtosisDS1_smk_method_3" name="simple_kurtosisDS1_method_3"/>
    <testcase time="0.00199999999999534" classname="kurtosisDS1_smk_method_3" name="simple_kurtosisDS1_method_3"/>
    <testcase time="0.00100000000000477" classname="kurtosisDS1_smk_method_3" name="simple_kurtosisDS1_method_3"/>
    <testcase time="0.000999999999990564" classname="kurtosisDS1_smk_method_3" name="simple_kurtosisDS1_method_3"/>
    <testcase time="0.00100000000000477" classname="kurtosisDS1_smk_method_3" name="simple_kurtosisDS1_method_3"/>
  </testsuite>
  <testsuite name="kurtosisDS1::smk::shutdown" timestamp="2025-10-21T01:41:54Z" hostname="runnervmwhb2z" tests="0" skipped="0" failures="0" errors="0" time="0"/>
  <testsuite name="kurtosisDS1::smk::done" timestamp="2025-10-21T01:41:54Z" hostname="runnervmwhb2z" tests="0" skipped="0" failures="0" errors="0" time="0"/>
  <testsuite name="smk-kurtosisDS2" timestamp="2025-10-21T01:41:54Z" hostname="runnervmwhb2z" tests="0" skipped="0" failures="0" errors="0" time="0"/>
  <testsuite name="kurtosisDS2::smk::setup" timestamp="2025-10-21T01:41:54Z" hostname="runnervmwhb2z" tests="0" skipped="0" failures="0" errors="0" time="0"/>
  <testsuite name="kurtosisDS2::smk" timestamp="2025-10-21T01:41:54Z" hostname="runnervmwhb2z" tests="10" skipped="0" failures="0" errors="0" time="0.028">
    <testcase time="0.0160000000000053" classname="kurtosisDS2_smk" name="simple_kurtosisDS2"/>
    <testcase time="0.00199999999999534" classname="kurtosisDS2_smk" name="simple_kurtosisDS2"/>
    <testcase time="0.00100000000000477" classname="kurtosisDS2_smk" name="simple_kurtosisDS2"/>
    <testcase time="0.000999999999990564" classname="kurtosisDS2_smk" name="simple_kurtosisDS2"/>
    <testcase time="0.00100000000000477" classname="kurtosisDS2_smk" name="simple_kurtosisDS2"/>
    <testcase time="0.00199999999999534" classname="kurtosisDS2_smk" name="simple_kurtosisDS2"/>
    <testcase time="0.00100000000000477" classname="kurtosisDS2_smk" name="simple_kurtosisDS2"/>
    <testcase time="0.00100000000000477" classname="kurtosisDS2_smk" name="simple_kurtosisDS2"/>
    <testcase time="0.000999999999990564" classname="kurtosisDS2_smk" name="simple_kurtosisDS2"/>
    <testcase time="0.00200000000000955" classname="kurtosisDS2_smk" name="simple_kurtosisDS2"/>
  </testsuite>
  <testsuite name="kurtosisDS2::smk::shutdown" timestamp="2025-10-21T01:41:54Z" hostname="runnervmwhb2z" tests="0" skipped="0" failures="0" errors="0" time="0"/>
  <testsuite name="kurtosisDS2::smk::done" timestamp="2025-10-21T01:41:54Z" hostname="runnervmwhb2z" tests="0" skipped="0" failures="0" errors="0" time="0"/>
  <testsuite name="smk-lengthDS" timestamp="2025-10-21T01:41:54Z" hostname="runnervmwhb2z" tests="0" skipped="0" failures="0" errors="0" time="0"/>
  <testsuite name="lengthDS::smk::setup" timestamp="2025-10-21T01:41:54Z" hostname="runnervmwhb2z" tests="0" skipped="0" failures="0" errors="0" time="0"/>
  <testsuite name="lengthDS::smk::data.frame" timestamp="2025-10-21T01:41:54Z" hostname="runnervmwhb2z" tests="4" skipped="0" failures="0" errors="0" time="0.022">
    <testcase time="0.0159999999999911" classname="lengthDS_smk_data.frame" name="simple_lengthDS_numeric_data.frame"/>
    <testcase time="0.00100000000000477" classname="lengthDS_smk_data.frame" name="simple_lengthDS_numeric_data.frame"/>
    <testcase time="0.00300000000000011" classname="lengthDS_smk_data.frame" name="simple_lengthDS_character_data.frame"/>
    <testcase time="0.00199999999999534" classname="lengthDS_smk_data.frame" name="simple_lengthDS_character_data.frame"/>
  </testsuite>
  <testsuite name="lengthDS::smk::vector" timestamp="2025-10-21T01:41:54Z" hostname="runnervmwhb2z" tests="4" skipped="0" failures="0" errors="0" time="0.011">
    <testcase time="0.00499999999999545" classname="lengthDS_smk_vector" name="simple_lengthDS_numeric_vector"/>
    <testcase time="0.00100000000000477" classname="lengthDS_smk_vector" name="simple_lengthDS_numeric_vector"/>
    <testcase time="0.00400000000000489" classname="lengthDS_smk_vector" name="simple_lengthDS_character_vector"/>
    <testcase time="0.000999999999990564" classname="lengthDS_smk_vector" name="simple_lengthDS_character_vector"/>
  </testsuite>
  <testsuite name="lengthDS::smk::shutdown" timestamp="2025-10-21T01:41:54Z" hostname="runnervmwhb2z" tests="0" skipped="0" failures="0" errors="0" time="0"/>
  <testsuite name="lengthDS::smk::done" timestamp="2025-10-21T01:41:54Z" hostname="runnervmwhb2z" tests="0" skipped="0" failures="0" errors="0" time="0"/>
  <testsuite name="smk-levelsDS" timestamp="2025-10-21T01:41:54Z" hostname="runnervmwhb2z" tests="0" skipped="0" failures="0" errors="0" time="0"/>
  <testsuite name="levelsDS::smk::setup" timestamp="2025-10-21T01:41:54Z" hostname="runnervmwhb2z" tests="0" skipped="0" failures="0" errors="0" time="0"/>
  <testsuite name="levelsDS::smk::numeric vector" timestamp="2025-10-21T01:41:54Z" hostname="runnervmwhb2z" tests="10" skipped="0" failures="0" errors="0" time="0.035">
    <testcase time="0.0160000000000053" classname="levelsDS_smk_numeric_vector" name="numeric_vector_levelsDS"/>
    <testcase time="0.00100000000000477" classname="levelsDS_smk_numeric_vector" name="numeric_vector_levelsDS"/>
    <testcase time="0.000999999999990564" classname="levelsDS_smk_numeric_vector" name="numeric_vector_levelsDS"/>
    <testcase time="0.00100000000000477" classname="levelsDS_smk_numeric_vector" name="numeric_vector_levelsDS"/>
    <testcase time="0.00199999999999534" classname="levelsDS_smk_numeric_vector" name="numeric_vector_levelsDS"/>
    <testcase time="0.00100000000000477" classname="levelsDS_smk_numeric_vector" name="numeric_vector_levelsDS"/>
    <testcase time="0.00100000000000477" classname="levelsDS_smk_numeric_vector" name="numeric_vector_levelsDS"/>
    <testcase time="0.00900000000000034" classname="levelsDS_smk_numeric_vector" name="numeric_vector_levelsDS"/>
    <testcase time="0.000999999999990564" classname="levelsDS_smk_numeric_vector" name="numeric_vector_levelsDS"/>
    <testcase time="0.00200000000000955" classname="levelsDS_smk_numeric_vector" name="numeric_vector_levelsDS"/>
  </testsuite>
  <testsuite name="levelsDS::smk::shutdown" timestamp="2025-10-21T01:41:54Z" hostname="runnervmwhb2z" tests="0" skipped="0" failures="0" errors="0" time="0"/>
  <testsuite name="levelsDS::smk::done" timestamp="2025-10-21T01:41:54Z" hostname="runnervmwhb2z" tests="0" skipped="0" failures="0" errors="0" time="0"/>
  <testsuite name="smk-listDisclosureSettingsDS" timestamp="2025-10-21T01:41:54Z" hostname="runnervmwhb2z" tests="0" skipped="0" failures="0" errors="0" time="0"/>
  <testsuite name="listDisclosureSettingsDS::smk::setup" timestamp="2025-10-21T01:41:54Z" hostname="runnervmwhb2z" tests="0" skipped="0" failures="0" errors="0" time="0"/>
  <testsuite name="listDisclosureSettingsDS::smk" timestamp="2025-10-21T01:41:54Z" hostname="runnervmwhb2z" tests="35" skipped="0" failures="0" errors="0" time="0.076">
    <testcase time="0.0169999999999959" classname="listDisclosureSettingsDS_smk" name="simple_listDisclosureSettingsDS"/>
    <testcase time="0.00199999999999534" classname="listDisclosureSettingsDS_smk" name="simple_listDisclosureSettingsDS"/>
    <testcase time="0.00100000000000477" classname="listDisclosureSettingsDS_smk" name="simple_listDisclosureSettingsDS"/>
    <testcase time="0.00199999999999534" classname="listDisclosureSettingsDS_smk" name="simple_listDisclosureSettingsDS"/>
    <testcase time="0.00300000000000011" classname="listDisclosureSettingsDS_smk" name="simple_listDisclosureSettingsDS"/>
    <testcase time="0.00300000000000011" classname="listDisclosureSettingsDS_smk" name="simple_listDisclosureSettingsDS"/>
    <testcase time="0.00200000000000955" classname="listDisclosureSettingsDS_smk" name="simple_listDisclosureSettingsDS"/>
    <testcase time="0.00300000000000011" classname="listDisclosureSettingsDS_smk" name="simple_listDisclosureSettingsDS"/>
    <testcase time="0.00300000000000011" classname="listDisclosureSettingsDS_smk" name="simple_listDisclosureSettingsDS"/>
    <testcase time="0.00199999999999534" classname="listDisclosureSettingsDS_smk" name="simple_listDisclosureSettingsDS"/>
    <testcase time="0.00300000000000011" classname="listDisclosureSettingsDS_smk" name="simple_listDisclosureSettingsDS"/>
    <testcase time="0.00300000000000011" classname="listDisclosureSettingsDS_smk" name="simple_listDisclosureSettingsDS"/>
    <testcase time="0.00199999999999534" classname="listDisclosureSettingsDS_smk" name="simple_listDisclosureSettingsDS"/>
    <testcase time="0.00300000000000011" classname="listDisclosureSettingsDS_smk" name="simple_listDisclosureSettingsDS"/>
    <testcase time="0.00100000000000477" classname="listDisclosureSettingsDS_smk" name="simple_listDisclosureSettingsDS"/>
    <testcase time="0.00199999999999534" classname="listDisclosureSettingsDS_smk" name="simple_listDisclosureSettingsDS"/>
    <testcase time="0.00100000000000477" classname="listDisclosureSettingsDS_smk" name="simple_listDisclosureSettingsDS"/>
    <testcase time="0.00100000000000477" classname="listDisclosureSettingsDS_smk" name="simple_listDisclosureSettingsDS"/>
    <testcase time="0.000999999999990564" classname="listDisclosureSettingsDS_smk" name="simple_listDisclosureSettingsDS"/>
    <testcase time="0.00200000000000955" classname="listDisclosureSettingsDS_smk" name="simple_listDisclosureSettingsDS"/>
    <testcase time="0.000999999999990564" classname="listDisclosureSettingsDS_smk" name="simple_listDisclosureSettingsDS"/>
    <testcase time="0.00100000000000477" classname="listDisclosureSettingsDS_smk" name="simple_listDisclosureSettingsDS"/>
    <testcase time="0.00100000000000477" classname="listDisclosureSettingsDS_smk" name="simple_listDisclosureSettingsDS"/>
    <testcase time="0.00199999999999534" classname="listDisclosureSettingsDS_smk" name="simple_listDisclosureSettingsDS"/>
    <testcase time="0.00100000000000477" classname="listDisclosureSettingsDS_smk" name="simple_listDisclosureSettingsDS"/>
    <testcase time="0.000999999999990564" classname="listDisclosureSettingsDS_smk" name="simple_listDisclosureSettingsDS"/>
    <testcase time="0.00200000000000955" classname="listDisclosureSettingsDS_smk" name="simple_listDisclosureSettingsDS"/>
    <testcase time="0.000999999999990564" classname="listDisclosureSettingsDS_smk" name="simple_listDisclosureSettingsDS"/>
    <testcase time="0.00100000000000477" classname="listDisclosureSettingsDS_smk" name="simple_listDisclosureSettingsDS"/>
    <testcase time="0.00199999999999534" classname="listDisclosureSettingsDS_smk" name="simple_listDisclosureSettingsDS"/>
    <testcase time="0.00100000000000477" classname="listDisclosureSettingsDS_smk" name="simple_listDisclosureSettingsDS"/>
    <testcase time="0.00100000000000477" classname="listDisclosureSettingsDS_smk" name="simple_listDisclosureSettingsDS"/>
    <testcase time="0.00199999999999534" classname="listDisclosureSettingsDS_smk" name="simple_listDisclosureSettingsDS"/>
    <testcase time="0.00100000000000477" classname="listDisclosureSettingsDS_smk" name="simple_listDisclosureSettingsDS"/>
    <testcase time="0.000999999999990564" classname="listDisclosureSettingsDS_smk" name="simple_listDisclosureSettingsDS"/>
  </testsuite>
  <testsuite name="listDisclosureSettingsDS::smk::shutdown" timestamp="2025-10-21T01:41:55Z" hostname="runnervmwhb2z" tests="0" skipped="0" failures="0" errors="0" time="0"/>
  <testsuite name="listDisclosureSettingsDS::smk::done" timestamp="2025-10-21T01:41:55Z" hostname="runnervmwhb2z" tests="0" skipped="0" failures="0" errors="0" time="0"/>
  <testsuite name="smk-listDS" timestamp="2025-10-21T01:41:55Z" hostname="runnervmwhb2z" tests="0" skipped="0" failures="0" errors="0" time="0"/>
  <testsuite name="listDS::smk::setup" timestamp="2025-10-21T01:41:55Z" hostname="runnervmwhb2z" tests="0" skipped="0" failures="0" errors="0" time="0"/>
  <testsuite name="listDS::smk::simple" timestamp="2025-10-21T01:41:55Z" hostname="runnervmwhb2z" tests="8" skipped="0" failures="0" errors="0" time="0.025">
    <testcase time="0.0169999999999959" classname="listDS_smk_simple" name="simple_listDS"/>
    <testcase time="0.00100000000000477" classname="listDS_smk_simple" name="simple_listDS"/>
    <testcase time="0.00100000000000477" classname="listDS_smk_simple" name="simple_listDS"/>
    <testcase time="0.000999999999990564" classname="listDS_smk_simple" name="simple_listDS"/>
    <testcase time="0.00100000000000477" classname="listDS_smk_simple" name="simple_listDS"/>
    <testcase time="0.00100000000000477" classname="listDS_smk_simple" name="simple_listDS"/>
    <testcase time="0.00199999999999534" classname="listDS_smk_simple" name="simple_listDS"/>
    <testcase time="0.00100000000000477" classname="listDS_smk_simple" name="simple_listDS"/>
  </testsuite>
  <testsuite name="listDS::smk::shutdown" timestamp="2025-10-21T01:41:55Z" hostname="runnervmwhb2z" tests="0" skipped="0" failures="0" errors="0" time="0"/>
  <testsuite name="listDS::smk::done" timestamp="2025-10-21T01:41:55Z" hostname="runnervmwhb2z" tests="0" skipped="0" failures="0" errors="0" time="0"/>
  <testsuite name="smk-lsDS" timestamp="2025-10-21T01:41:55Z" hostname="runnervmwhb2z" tests="0" skipped="0" failures="0" errors="0" time="0"/>
  <testsuite name="lsDS::smk::setup" timestamp="2025-10-21T01:41:55Z" hostname="runnervmwhb2z" tests="0" skipped="0" failures="0" errors="0" time="0"/>
  <testsuite name="lsDS::smk::simple" timestamp="2025-10-21T01:41:55Z" hostname="runnervmwhb2z" tests="5" skipped="0" failures="0" errors="0" time="0.022">
    <testcase time="0.0159999999999911" classname="lsDS_smk_simple" name="simple_lsDS"/>
    <testcase time="0.00100000000000477" classname="lsDS_smk_simple" name="simple_lsDS"/>
    <testcase time="0.00199999999999534" classname="lsDS_smk_simple" name="simple_lsDS"/>
    <testcase time="0.00100000000000477" classname="lsDS_smk_simple" name="simple_lsDS"/>
    <testcase time="0.00199999999999534" classname="lsDS_smk_simple" name="simple_lsDS"/>
  </testsuite>
  <testsuite name="lsDS::smk::simple" timestamp="2025-10-21T01:41:55Z" hostname="runnervmwhb2z" tests="7" skipped="0" failures="0" errors="0" time="0.06">
    <testcase time="0.0510000000000019" classname="lsDS_smk_simple" name="simple_lsDS"/>
    <testcase time="0.00100000000000477" classname="lsDS_smk_simple" name="simple_lsDS"/>
    <testcase time="0.00199999999999534" classname="lsDS_smk_simple" name="simple_lsDS"/>
    <testcase time="0.00100000000000477" classname="lsDS_smk_simple" name="simple_lsDS"/>
    <testcase time="0.00300000000000011" classname="lsDS_smk_simple" name="simple_lsDS"/>
    <testcase time="0.00100000000000477" classname="lsDS_smk_simple" name="simple_lsDS"/>
    <testcase time="0.000999999999990564" classname="lsDS_smk_simple" name="simple_lsDS"/>
  </testsuite>
  <testsuite name="lsDS::smk::shutdown" timestamp="2025-10-21T01:41:55Z" hostname="runnervmwhb2z" tests="0" skipped="0" failures="0" errors="0" time="0"/>
  <testsuite name="lsDS::smk::done" timestamp="2025-10-21T01:41:55Z" hostname="runnervmwhb2z" tests="0" skipped="0" failures="0" errors="0" time="0"/>
  <testsuite name="smk-meanDS" timestamp="2025-10-21T01:41:55Z" hostname="runnervmwhb2z" tests="0" skipped="0" failures="0" errors="0" time="0"/>
  <testsuite name="meanDS::smk::setup" timestamp="2025-10-21T01:41:55Z" hostname="runnervmwhb2z" tests="0" skipped="0" failures="0" errors="0" time="0"/>
  <testsuite name="meanDS::smk::numeric" timestamp="2025-10-21T01:41:55Z" hostname="runnervmwhb2z" tests="12" skipped="0" failures="0" errors="0" time="0.043">
    <testcase time="0.0289999999999964" classname="meanDS_smk_numeric" name="numeric_meanDS"/>
    <testcase time="0.00100000000000477" classname="meanDS_smk_numeric" name="numeric_meanDS"/>
    <testcase time="0.00199999999999534" classname="meanDS_smk_numeric" name="numeric_meanDS"/>
    <testcase time="0.00100000000000477" classname="meanDS_smk_numeric" name="numeric_meanDS"/>
    <testcase time="0.00100000000000477" classname="meanDS_smk_numeric" name="numeric_meanDS"/>
    <testcase time="0.00199999999999534" classname="meanDS_smk_numeric" name="numeric_meanDS"/>
    <testcase time="0.00100000000000477" classname="meanDS_smk_numeric" name="numeric_meanDS"/>
    <testcase time="0.000999999999990564" classname="meanDS_smk_numeric" name="numeric_meanDS"/>
    <testcase time="0.00100000000000477" classname="meanDS_smk_numeric" name="numeric_meanDS"/>
    <testcase time="0.00199999999999534" classname="meanDS_smk_numeric" name="numeric_meanDS"/>
    <testcase time="0.00100000000000477" classname="meanDS_smk_numeric" name="numeric_meanDS"/>
    <testcase time="0.00100000000000477" classname="meanDS_smk_numeric" name="numeric_meanDS"/>
  </testsuite>
  <testsuite name="meanDS::smk::numeric with NA" timestamp="2025-10-21T01:41:55Z" hostname="runnervmwhb2z" tests="12" skipped="0" failures="0" errors="0" time="0.019">
    <testcase time="0.00600000000000023" classname="meanDS_smk_numeric_with_NA" name="numeric_meanDS_with_NA"/>
    <testcase time="0.000999999999990564" classname="meanDS_smk_numeric_with_NA" name="numeric_meanDS_with_NA"/>
    <testcase time="0.00200000000000955" classname="meanDS_smk_numeric_with_NA" name="numeric_meanDS_with_NA"/>
    <testcase time="0.000999999999990564" classname="meanDS_smk_numeric_with_NA" name="numeric_meanDS_with_NA"/>
    <testcase time="0.00100000000000477" classname="meanDS_smk_numeric_with_NA" name="numeric_meanDS_with_NA"/>
    <testcase time="0.00100000000000477" classname="meanDS_smk_numeric_with_NA" name="numeric_meanDS_with_NA"/>
    <testcase time="0.00100000000000477" classname="meanDS_smk_numeric_with_NA" name="numeric_meanDS_with_NA"/>
    <testcase time="0.00100000000000477" classname="meanDS_smk_numeric_with_NA" name="numeric_meanDS_with_NA"/>
    <testcase time="0.000999999999990564" classname="meanDS_smk_numeric_with_NA" name="numeric_meanDS_with_NA"/>
    <testcase time="0.00200000000000955" classname="meanDS_smk_numeric_with_NA" name="numeric_meanDS_with_NA"/>
    <testcase time="0.000999999999990564" classname="meanDS_smk_numeric_with_NA" name="numeric_meanDS_with_NA"/>
    <testcase time="0.00100000000000477" classname="meanDS_smk_numeric_with_NA" name="numeric_meanDS_with_NA"/>
  </testsuite>
  <testsuite name="meanDS::smk::numeric with all NA" timestamp="2025-10-21T01:41:55Z" hostname="runnervmwhb2z" tests="12" skipped="0" failures="0" errors="0" time="0.02">
    <testcase time="0.00600000000000023" classname="meanDS_smk_numeric_with_all_NA" name="numeric_meanDS_with_all_NA"/>
    <testcase time="0.00199999999999534" classname="meanDS_smk_numeric_with_all_NA" name="numeric_meanDS_with_all_NA"/>
    <testcase time="0.00100000000000477" classname="meanDS_smk_numeric_with_all_NA" name="numeric_meanDS_with_all_NA"/>
    <testcase time="0.00100000000000477" classname="meanDS_smk_numeric_with_all_NA" name="numeric_meanDS_with_all_NA"/>
    <testcase time="0.000999999999990564" classname="meanDS_smk_numeric_with_all_NA" name="numeric_meanDS_with_all_NA"/>
    <testcase time="0.00200000000000955" classname="meanDS_smk_numeric_with_all_NA" name="numeric_meanDS_with_all_NA"/>
    <testcase time="0.000999999999990564" classname="meanDS_smk_numeric_with_all_NA" name="numeric_meanDS_with_all_NA"/>
    <testcase time="0.00100000000000477" classname="meanDS_smk_numeric_with_all_NA" name="numeric_meanDS_with_all_NA"/>
    <testcase time="0.00100000000000477" classname="meanDS_smk_numeric_with_all_NA" name="numeric_meanDS_with_all_NA"/>
    <testcase time="0.00199999999999534" classname="meanDS_smk_numeric_with_all_NA" name="numeric_meanDS_with_all_NA"/>
    <testcase time="0.00100000000000477" classname="meanDS_smk_numeric_with_all_NA" name="numeric_meanDS_with_all_NA"/>
    <testcase time="0.000999999999990564" classname="meanDS_smk_numeric_with_all_NA" name="numeric_meanDS_with_all_NA"/>
  </testsuite>
  <testsuite name="meanDS::smk::shutdown" timestamp="2025-10-21T01:41:55Z" hostname="runnervmwhb2z" tests="0" skipped="0" failures="0" errors="0" time="0"/>
  <testsuite name="meanDS::smk::done" timestamp="2025-10-21T01:41:55Z" hostname="runnervmwhb2z" tests="0" skipped="0" failures="0" errors="0" time="0"/>
  <testsuite name="smk-messageDS" timestamp="2025-10-21T01:41:55Z" hostname="runnervmwhb2z" tests="0" skipped="0" failures="0" errors="0" time="0"/>
  <testsuite name="messageDS::smk::setup" timestamp="2025-10-21T01:41:55Z" hostname="runnervmwhb2z" tests="0" skipped="0" failures="0" errors="0" time="0"/>
  <testsuite name="messageDS::smk" timestamp="2025-10-21T01:41:55Z" hostname="runnervmwhb2z" tests="19" skipped="0" failures="0" errors="0" time="0.085">
    <testcase time="0.027000000000001" classname="messageDS_smk" name="simple_messageDS"/>
    <testcase time="0.00200000000000955" classname="messageDS_smk" name="simple_messageDS"/>
    <testcase time="0.000999999999990564" classname="messageDS_smk" name="simple_messageDS"/>
    <testcase time="0.00100000000000477" classname="messageDS_smk" name="simple_messageDS"/>
    <testcase time="0.0289999999999964" classname="messageDS_smk" name="simple_messageDS"/>
    <testcase time="0.00100000000000477" classname="messageDS_smk" name="simple_messageDS"/>
    <testcase time="0.00100000000000477" classname="messageDS_smk" name="simple_messageDS"/>
    <testcase time="0.00300000000000011" classname="messageDS_smk" name="simple_messageDS"/>
    <testcase time="0.00100000000000477" classname="messageDS_smk" name="simple_messageDS"/>
    <testcase time="0.00199999999999534" classname="messageDS_smk" name="simple_messageDS"/>
    <testcase time="0.00300000000000011" classname="messageDS_smk" name="simple_messageDS"/>
    <testcase time="0.00100000000000477" classname="messageDS_smk" name="simple_messageDS"/>
    <testcase time="0.000999999999990564" classname="messageDS_smk" name="simple_messageDS"/>
    <testcase time="0.00400000000000489" classname="messageDS_smk" name="simple_messageDS"/>
    <testcase time="0.00100000000000477" classname="messageDS_smk" name="simple_messageDS"/>
    <testcase time="0.000999999999990564" classname="messageDS_smk" name="simple_messageDS"/>
    <testcase time="0.00400000000000489" classname="messageDS_smk" name="simple_messageDS"/>
    <testcase time="0.00100000000000477" classname="messageDS_smk" name="simple_messageDS"/>
    <testcase time="0.000999999999990564" classname="messageDS_smk" name="simple_messageDS"/>
  </testsuite>
  <testsuite name="messageDS::smk::shutdown" timestamp="2025-10-21T01:41:55Z" hostname="runnervmwhb2z" tests="0" skipped="0" failures="0" errors="0" time="0"/>
  <testsuite name="messageDS::smk::done" timestamp="2025-10-21T01:41:55Z" hostname="runnervmwhb2z" tests="0" skipped="0" failures="0" errors="0" time="0"/>
  <testsuite name="smk-metadataDS" timestamp="2025-10-21T01:41:55Z" hostname="runnervmwhb2z" tests="0" skipped="0" failures="0" errors="0" time="0"/>
  <testsuite name="metadataDS::smk::setup" timestamp="2025-10-21T01:41:55Z" hostname="runnervmwhb2z" tests="0" skipped="0" failures="0" errors="0" time="0"/>
  <testsuite name="metadataDS::smk::list" timestamp="2025-10-21T01:41:55Z" hostname="runnervmwhb2z" tests="8" skipped="0" failures="0" errors="0" time="0.029">
    <testcase time="0.0180000000000007" classname="metadataDS_smk_list" name="simple_metadataDS_list_of_values"/>
    <testcase time="0.00100000000000477" classname="metadataDS_smk_list" name="simple_metadataDS_list_of_values"/>
    <testcase time="0.00100000000000477" classname="metadataDS_smk_list" name="simple_metadataDS_list_of_values"/>
    <testcase time="0.00199999999999534" classname="metadataDS_smk_list" name="simple_metadataDS_list_of_values"/>
    <testcase time="0.000999999999990564" classname="metadataDS_smk_list" name="simple_metadataDS_list_of_values"/>
    <testcase time="0.00100000000000477" classname="metadataDS_smk_list" name="simple_metadataDS_list_of_values"/>
    <testcase time="0.00300000000000011" classname="metadataDS_smk_list" name="simple_metadataDS_list_of_values"/>
    <testcase time="0.00199999999999534" classname="metadataDS_smk_list" name="simple_metadataDS_list_of_values"/>
  </testsuite>
  <testsuite name="metadataDS::smk::list field" timestamp="2025-10-21T01:41:55Z" hostname="runnervmwhb2z" tests="2" skipped="0" failures="0" errors="0" time="0.023">
    <testcase time="0.0210000000000008" classname="metadataDS_smk_list_field" name="simple_metadataDS_list_of_vectors"/>
    <testcase time="0.00200000000000955" classname="metadataDS_smk_list_field" name="simple_metadataDS_list_of_vectors"/>
  </testsuite>
  <testsuite name="metadataDS::smk::shutdown" timestamp="2025-10-21T01:41:55Z" hostname="runnervmwhb2z" tests="0" skipped="0" failures="0" errors="0" time="0"/>
  <testsuite name="metadataDS::smk::done" timestamp="2025-10-21T01:41:55Z" hostname="runnervmwhb2z" tests="0" skipped="0" failures="0" errors="0" time="0"/>
  <testsuite name="smk-miceDS" timestamp="2025-10-21T01:41:55Z" hostname="runnervmwhb2z" tests="0" skipped="0" failures="0" errors="0" time="0"/>
  <testsuite name="miceDS::smk::setup" timestamp="2025-10-21T01:41:55Z" hostname="runnervmwhb2z" tests="0" skipped="0" failures="0" errors="0" time="0"/>
  <testsuite name="miceDS::smk" timestamp="2025-10-21T01:41:55Z" hostname="runnervmwhb2z" tests="20" skipped="0" failures="0" errors="0" time="0.84">
    <testcase time="0.801999999999992" classname="miceDS_smk" name="miceDS"/>
    <testcase time="0.007000000000005" classname="miceDS_smk" name="miceDS"/>
    <testcase time="0.00199999999999534" classname="miceDS_smk" name="miceDS"/>
    <testcase time="0.00300000000000011" classname="miceDS_smk" name="miceDS"/>
    <testcase time="0.00100000000000477" classname="miceDS_smk" name="miceDS"/>
    <testcase time="0.00300000000000011" classname="miceDS_smk" name="miceDS"/>
    <testcase time="0.00199999999999534" classname="miceDS_smk" name="miceDS"/>
    <testcase time="0.00199999999999534" classname="miceDS_smk" name="miceDS"/>
    <testcase time="0.00100000000000477" classname="miceDS_smk" name="miceDS"/>
    <testcase time="0.00199999999999534" classname="miceDS_smk" name="miceDS"/>
    <testcase time="0.00100000000000477" classname="miceDS_smk" name="miceDS"/>
    <testcase time="0.00100000000000477" classname="miceDS_smk" name="miceDS"/>
    <testcase time="0.00199999999999534" classname="miceDS_smk" name="miceDS"/>
    <testcase time="0.00100000000000477" classname="miceDS_smk" name="miceDS"/>
    <testcase time="0.000999999999990564" classname="miceDS_smk" name="miceDS"/>
    <testcase time="0.00200000000000955" classname="miceDS_smk" name="miceDS"/>
    <testcase time="0.000999999999990564" classname="miceDS_smk" name="miceDS"/>
    <testcase time="0.00200000000000955" classname="miceDS_smk" name="miceDS"/>
    <testcase time="0.00199999999999534" classname="miceDS_smk" name="miceDS"/>
    <testcase time="0.00199999999999534" classname="miceDS_smk" name="miceDS"/>
  </testsuite>
  <testsuite name="miceDS::smk::shutdown" timestamp="2025-10-21T01:41:56Z" hostname="runnervmwhb2z" tests="0" skipped="0" failures="0" errors="0" time="0"/>
  <testsuite name="miceDS::smk::done" timestamp="2025-10-21T01:41:56Z" hostname="runnervmwhb2z" tests="0" skipped="0" failures="0" errors="0" time="0"/>
  <testsuite name="smk-minMaxRandDS" timestamp="2025-10-21T01:41:56Z" hostname="runnervmwhb2z" tests="0" skipped="0" failures="0" errors="0" time="0"/>
  <testsuite name="minMaxRandDS::smk::setup" timestamp="2025-10-21T01:41:56Z" hostname="runnervmwhb2z" tests="4" skipped="0" failures="0" errors="0" time="0.195">
    <testcase time="0.188000000000002" classname="minMaxRandDS_smk_setup" name="minMaxRandDS"/>
    <testcase time="0.00100000000000477" classname="minMaxRandDS_smk_setup" name="minMaxRandDS"/>
    <testcase time="0.00300000000000011" classname="minMaxRandDS_smk_setup" name="minMaxRandDS"/>
    <testcase time="0.00300000000000011" classname="minMaxRandDS_smk_setup" name="minMaxRandDS"/>
  </testsuite>
  <testsuite name="minMaxRandDS::smk::shutdown" timestamp="2025-10-21T01:41:56Z" hostname="runnervmwhb2z" tests="0" skipped="0" failures="0" errors="0" time="0"/>
  <testsuite name="minMaxRandDS::smk::done" timestamp="2025-10-21T01:41:56Z" hostname="runnervmwhb2z" tests="0" skipped="0" failures="0" errors="0" time="0"/>
  <testsuite name="smk-namesDS" timestamp="2025-10-21T01:41:56Z" hostname="runnervmwhb2z" tests="0" skipped="0" failures="0" errors="0" time="0"/>
  <testsuite name="namesDS::smk::setup" timestamp="2025-10-21T01:41:56Z" hostname="runnervmwhb2z" tests="0" skipped="0" failures="0" errors="0" time="0"/>
  <testsuite name="namesDS::smk::list of atoms" timestamp="2025-10-21T01:41:56Z" hostname="runnervmwhb2z" tests="4" skipped="0" failures="0" errors="0" time="0.024">
    <testcase time="0.0169999999999959" classname="namesDS_smk_list_of_atoms" name="simple_namesDS_data.frame"/>
    <testcase time="0.00199999999999534" classname="namesDS_smk_list_of_atoms" name="simple_namesDS_data.frame"/>
    <testcase time="0.00200000000000955" classname="namesDS_smk_list_of_atoms" name="simple_namesDS_data.frame"/>
    <testcase time="0.00300000000000011" classname="namesDS_smk_list_of_atoms" name="simple_namesDS_data.frame"/>
  </testsuite>
  <testsuite name="namesDS::smk::list of vectors" timestamp="2025-10-21T01:41:56Z" hostname="runnervmwhb2z" tests="4" skipped="0" failures="0" errors="0" time="0.03">
    <testcase time="0.0229999999999961" classname="namesDS_smk_list_of_vectors" name="simple_namesDS_data.matrix"/>
    <testcase time="0.00100000000000477" classname="namesDS_smk_list_of_vectors" name="simple_namesDS_data.matrix"/>
    <testcase time="0.00300000000000011" classname="namesDS_smk_list_of_vectors" name="simple_namesDS_data.matrix"/>
    <testcase time="0.00300000000000011" classname="namesDS_smk_list_of_vectors" name="simple_namesDS_data.matrix"/>
  </testsuite>
  <testsuite name="namesDS::smk::shutdown" timestamp="2025-10-21T01:41:56Z" hostname="runnervmwhb2z" tests="0" skipped="0" failures="0" errors="0" time="0"/>
  <testsuite name="namesDS::smk::done" timestamp="2025-10-21T01:41:56Z" hostname="runnervmwhb2z" tests="0" skipped="0" failures="0" errors="0" time="0"/>
  <testsuite name="smk-numNaDS" timestamp="2025-10-21T01:41:56Z" hostname="runnervmwhb2z" tests="0" skipped="0" failures="0" errors="0" time="0"/>
  <testsuite name="numNaDS::smk::setup" timestamp="2025-10-21T01:41:56Z" hostname="runnervmwhb2z" tests="0" skipped="0" failures="0" errors="0" time="0"/>
  <testsuite name="numNaDS::smk::simple" timestamp="2025-10-21T01:41:56Z" hostname="runnervmwhb2z" tests="6" skipped="0" failures="0" errors="0" time="0.025">
    <testcase time="0.0169999999999959" classname="numNaDS_smk_simple" name="simple_numNaDS"/>
    <testcase time="0.00100000000000477" classname="numNaDS_smk_simple" name="simple_numNaDS"/>
    <testcase time="0.00199999999999534" classname="numNaDS_smk_simple" name="simple_numNaDS"/>
    <testcase time="0.00300000000000011" classname="numNaDS_smk_simple" name="simple_numNaDS"/>
    <testcase time="0.00100000000000477" classname="numNaDS_smk_simple" name="simple_numNaDS"/>
    <testcase time="0.000999999999990564" classname="numNaDS_smk_simple" name="simple_numNaDS"/>
  </testsuite>
  <testsuite name="numNaDS::smk::shutdown" timestamp="2025-10-21T01:41:56Z" hostname="runnervmwhb2z" tests="0" skipped="0" failures="0" errors="0" time="0"/>
  <testsuite name="numNaDS::smk::done" timestamp="2025-10-21T01:41:56Z" hostname="runnervmwhb2z" tests="0" skipped="0" failures="0" errors="0" time="0"/>
  <testsuite name="smk-quantileMeanDS" timestamp="2025-10-21T01:41:56Z" hostname="runnervmwhb2z" tests="0" skipped="0" failures="0" errors="0" time="0"/>
  <testsuite name="quantileMeanDS::smk::setup" timestamp="2025-10-21T01:41:56Z" hostname="runnervmwhb2z" tests="0" skipped="0" failures="0" errors="0" time="0"/>
  <testsuite name="quantileMeanDS::smk" timestamp="2025-10-21T01:41:56Z" hostname="runnervmwhb2z" tests="20" skipped="0" failures="0" errors="0" time="0.052">
    <testcase time="0.0290000000000106" classname="quantileMeanDS_smk" name="numeric_quantileMeanDS"/>
    <testcase time="0.00199999999999534" classname="quantileMeanDS_smk" name="numeric_quantileMeanDS"/>
    <testcase time="0.00100000000000477" classname="quantileMeanDS_smk" name="numeric_quantileMeanDS"/>
    <testcase time="0.000999999999990564" classname="quantileMeanDS_smk" name="numeric_quantileMeanDS"/>
    <testcase time="0.00100000000000477" classname="quantileMeanDS_smk" name="numeric_quantileMeanDS"/>
    <testcase time="0.000999999999990564" classname="quantileMeanDS_smk" name="numeric_quantileMeanDS"/>
    <testcase time="0.00100000000000477" classname="quantileMeanDS_smk" name="numeric_quantileMeanDS"/>
    <testcase time="0.00100000000000477" classname="quantileMeanDS_smk" name="numeric_quantileMeanDS"/>
    <testcase time="0.00100000000000477" classname="quantileMeanDS_smk" name="numeric_quantileMeanDS"/>
    <testcase time="0.00100000000000477" classname="quantileMeanDS_smk" name="numeric_quantileMeanDS"/>
    <testcase time="0.000999999999990564" classname="quantileMeanDS_smk" name="numeric_quantileMeanDS"/>
    <testcase time="0.00200000000000955" classname="quantileMeanDS_smk" name="numeric_quantileMeanDS"/>
    <testcase time="0.000999999999990564" classname="quantileMeanDS_smk" name="numeric_quantileMeanDS"/>
    <testcase time="0.00100000000000477" classname="quantileMeanDS_smk" name="numeric_quantileMeanDS"/>
    <testcase time="0.00100000000000477" classname="quantileMeanDS_smk" name="numeric_quantileMeanDS"/>
    <testcase time="0.00199999999999534" classname="quantileMeanDS_smk" name="numeric_quantileMeanDS"/>
    <testcase time="0.00100000000000477" classname="quantileMeanDS_smk" name="numeric_quantileMeanDS"/>
    <testcase time="0.000999999999990564" classname="quantileMeanDS_smk" name="numeric_quantileMeanDS"/>
    <testcase time="0.00200000000000955" classname="quantileMeanDS_smk" name="numeric_quantileMeanDS"/>
    <testcase time="0.000999999999990564" classname="quantileMeanDS_smk" name="numeric_quantileMeanDS"/>
  </testsuite>
  <testsuite name="quantileMeanDS::smk::with NA" timestamp="2025-10-21T01:41:56Z" hostname="runnervmwhb2z" tests="20" skipped="0" failures="0" errors="0" time="0.039">
    <testcase time="0.0150000000000006" classname="quantileMeanDS_smk_with_NA" name="numeric_quantileMeanDS_with_NA"/>
    <testcase time="0.00100000000000477" classname="quantileMeanDS_smk_with_NA" name="numeric_quantileMeanDS_with_NA"/>
    <testcase time="0.000999999999990564" classname="quantileMeanDS_smk_with_NA" name="numeric_quantileMeanDS_with_NA"/>
    <testcase time="0.00100000000000477" classname="quantileMeanDS_smk_with_NA" name="numeric_quantileMeanDS_with_NA"/>
    <testcase time="0.00199999999999534" classname="quantileMeanDS_smk_with_NA" name="numeric_quantileMeanDS_with_NA"/>
    <testcase time="0.00100000000000477" classname="quantileMeanDS_smk_with_NA" name="numeric_quantileMeanDS_with_NA"/>
    <testcase time="0.00100000000000477" classname="quantileMeanDS_smk_with_NA" name="numeric_quantileMeanDS_with_NA"/>
    <testcase time="0.00199999999999534" classname="quantileMeanDS_smk_with_NA" name="numeric_quantileMeanDS_with_NA"/>
    <testcase time="0.00100000000000477" classname="quantileMeanDS_smk_with_NA" name="numeric_quantileMeanDS_with_NA"/>
    <testcase time="0.000999999999990564" classname="quantileMeanDS_smk_with_NA" name="numeric_quantileMeanDS_with_NA"/>
    <testcase time="0.00100000000000477" classname="quantileMeanDS_smk_with_NA" name="numeric_quantileMeanDS_with_NA"/>
    <testcase time="0.00100000000000477" classname="quantileMeanDS_smk_with_NA" name="numeric_quantileMeanDS_with_NA"/>
    <testcase time="0.00199999999999534" classname="quantileMeanDS_smk_with_NA" name="numeric_quantileMeanDS_with_NA"/>
    <testcase time="0.00100000000000477" classname="quantileMeanDS_smk_with_NA" name="numeric_quantileMeanDS_with_NA"/>
    <testcase time="0.000999999999990564" classname="quantileMeanDS_smk_with_NA" name="numeric_quantileMeanDS_with_NA"/>
    <testcase time="0.00200000000000955" classname="quantileMeanDS_smk_with_NA" name="numeric_quantileMeanDS_with_NA"/>
    <testcase time="0.000999999999990564" classname="quantileMeanDS_smk_with_NA" name="numeric_quantileMeanDS_with_NA"/>
    <testcase time="0.00100000000000477" classname="quantileMeanDS_smk_with_NA" name="numeric_quantileMeanDS_with_NA"/>
    <testcase time="0.00100000000000477" classname="quantileMeanDS_smk_with_NA" name="numeric_quantileMeanDS_with_NA"/>
    <testcase time="0.00199999999999534" classname="quantileMeanDS_smk_with_NA" name="numeric_quantileMeanDS_with_NA"/>
  </testsuite>
  <testsuite name="quantileMeanDS::smk::shutdown" timestamp="2025-10-21T01:41:56Z" hostname="runnervmwhb2z" tests="0" skipped="0" failures="0" errors="0" time="0"/>
  <testsuite name="quantileMeanDS::smk::done" timestamp="2025-10-21T01:41:56Z" hostname="runnervmwhb2z" tests="0" skipped="0" failures="0" errors="0" time="0"/>
  <testsuite name="smk-rangeDS" timestamp="2025-10-21T01:41:56Z" hostname="runnervmwhb2z" tests="0" skipped="0" failures="0" errors="0" time="0"/>
  <testsuite name="rangeDS::smk::setup" timestamp="2025-10-21T01:41:56Z" hostname="runnervmwhb2z" tests="0" skipped="0" failures="0" errors="0" time="0"/>
  <testsuite name="rangeDS::smk::without NAs" timestamp="2025-10-21T01:41:56Z" hostname="runnervmwhb2z" tests="4" skipped="0" failures="0" errors="0" time="0.022">
    <testcase time="0.0180000000000007" classname="rangeDS_smk_without_NAs" name="numeric_rangeDS"/>
    <testcase time="0.00100000000000477" classname="rangeDS_smk_without_NAs" name="numeric_rangeDS"/>
    <testcase time="0.00199999999999534" classname="rangeDS_smk_without_NAs" name="numeric_rangeDS"/>
    <testcase time="0.00100000000000477" classname="rangeDS_smk_without_NAs" name="numeric_rangeDS"/>
  </testsuite>
  <testsuite name="rangeDS::smk::with NAs" timestamp="2025-10-21T01:41:56Z" hostname="runnervmwhb2z" tests="4" skipped="0" failures="0" errors="0" time="0.02">
    <testcase time="0.00699999999999079" classname="rangeDS_smk_with_NAs" name="character_rangeDS"/>
    <testcase time="0.00100000000000477" classname="rangeDS_smk_with_NAs" name="character_rangeDS"/>
    <testcase time="0.0100000000000051" classname="rangeDS_smk_with_NAs" name="character_rangeDS"/>
    <testcase time="0.00199999999999534" classname="rangeDS_smk_with_NAs" name="character_rangeDS"/>
  </testsuite>
  <testsuite name="rangeDS::smk::shutdown" timestamp="2025-10-21T01:41:56Z" hostname="runnervmwhb2z" tests="0" skipped="0" failures="0" errors="0" time="0"/>
  <testsuite name="rangeDS::smk::done" timestamp="2025-10-21T01:41:56Z" hostname="runnervmwhb2z" tests="0" skipped="0" failures="0" errors="0" time="0"/>
  <testsuite name="smk-rbindDS" timestamp="2025-10-21T01:41:56Z" hostname="runnervmwhb2z" tests="0" skipped="0" failures="0" errors="0" time="0"/>
  <testsuite name="rbindDS::smk::setup" timestamp="2025-10-21T01:41:56Z" hostname="runnervmwhb2z" tests="0" skipped="0" failures="0" errors="0" time="0"/>
  <testsuite name="rbindDS::smk::simple" timestamp="2025-10-21T01:41:56Z" hostname="runnervmwhb2z" tests="15" skipped="0" failures="0" errors="0" time="0.041">
    <testcase time="0.0210000000000008" classname="rbindDS_smk_simple" name="simple_rbindDS"/>
    <testcase time="0.00300000000000011" classname="rbindDS_smk_simple" name="simple_rbindDS"/>
    <testcase time="0.00199999999999534" classname="rbindDS_smk_simple" name="simple_rbindDS"/>
    <testcase time="0.00100000000000477" classname="rbindDS_smk_simple" name="simple_rbindDS"/>
    <testcase time="0.00199999999999534" classname="rbindDS_smk_simple" name="simple_rbindDS"/>
    <testcase time="0.00100000000000477" classname="rbindDS_smk_simple" name="simple_rbindDS"/>
    <testcase time="0.00100000000000477" classname="rbindDS_smk_simple" name="simple_rbindDS"/>
    <testcase time="0.00199999999999534" classname="rbindDS_smk_simple" name="simple_rbindDS"/>
    <testcase time="0.00100000000000477" classname="rbindDS_smk_simple" name="simple_rbindDS"/>
    <testcase time="0.000999999999990564" classname="rbindDS_smk_simple" name="simple_rbindDS"/>
    <testcase time="0.00100000000000477" classname="rbindDS_smk_simple" name="simple_rbindDS"/>
    <testcase time="0.00199999999999534" classname="rbindDS_smk_simple" name="simple_rbindDS"/>
    <testcase time="0.00100000000000477" classname="rbindDS_smk_simple" name="simple_rbindDS"/>
    <testcase time="0.00100000000000477" classname="rbindDS_smk_simple" name="simple_rbindDS"/>
    <testcase time="0.000999999999990564" classname="rbindDS_smk_simple" name="simple_rbindDS"/>
  </testsuite>
  <testsuite name="rbindDS::smk::shutdown" timestamp="2025-10-21T01:41:56Z" hostname="runnervmwhb2z" tests="0" skipped="0" failures="0" errors="0" time="0"/>
  <testsuite name="rbindDS::smk::done" timestamp="2025-10-21T01:41:56Z" hostname="runnervmwhb2z" tests="0" skipped="0" failures="0" errors="0" time="0"/>
  <testsuite name="smk-rBinomDS" timestamp="2025-10-21T01:41:56Z" hostname="runnervmwhb2z" tests="0" skipped="0" failures="0" errors="0" time="0"/>
  <testsuite name="rBinomDS::smk::setup" timestamp="2025-10-21T01:41:56Z" hostname="runnervmwhb2z" tests="0" skipped="0" failures="0" errors="0" time="0"/>
  <testsuite name="rBinomDS::smk::simple" timestamp="2025-10-21T01:41:56Z" hostname="runnervmwhb2z" tests="20" skipped="0" failures="0" errors="0" time="0.089">
    <testcase time="0.0180000000000007" classname="rBinomDS_smk_simple" name="simple_rBinomDS_by_name"/>
    <testcase time="0.00100000000000477" classname="rBinomDS_smk_simple" name="simple_rBinomDS_by_name"/>
    <testcase time="0.00300000000000011" classname="rBinomDS_smk_simple" name="simple_rBinomDS_by_name"/>
    <testcase time="0.00300000000000011" classname="rBinomDS_smk_simple" name="simple_rBinomDS_by_name"/>
    <testcase time="0.00199999999999534" classname="rBinomDS_smk_simple" name="simple_rBinomDS_by_name"/>
    <testcase time="0.00300000000000011" classname="rBinomDS_smk_simple" name="simple_rBinomDS_by_name"/>
    <testcase time="0.00300000000000011" classname="rBinomDS_smk_simple" name="simple_rBinomDS_by_name"/>
    <testcase time="0.00199999999999534" classname="rBinomDS_smk_simple" name="simple_rBinomDS_by_name"/>
    <testcase time="0.00300000000000011" classname="rBinomDS_smk_simple" name="simple_rBinomDS_by_name"/>
    <testcase time="0.00300000000000011" classname="rBinomDS_smk_simple" name="simple_rBinomDS_by_name"/>
    <testcase time="0.0120000000000005" classname="rBinomDS_smk_simple" name="simple_rBinomDS_direct"/>
    <testcase time="0.00200000000000955" classname="rBinomDS_smk_simple" name="simple_rBinomDS_direct"/>
    <testcase time="0.00199999999999534" classname="rBinomDS_smk_simple" name="simple_rBinomDS_direct"/>
    <testcase time="0.00300000000000011" classname="rBinomDS_smk_simple" name="simple_rBinomDS_direct"/>
    <testcase time="0.00300000000000011" classname="rBinomDS_smk_simple" name="simple_rBinomDS_direct"/>
    <testcase time="0.00300000000000011" classname="rBinomDS_smk_simple" name="simple_rBinomDS_direct"/>
    <testcase time="0.00300000000000011" classname="rBinomDS_smk_simple" name="simple_rBinomDS_direct"/>
    <testcase time="0.0130000000000052" classname="rBinomDS_smk_simple" name="simple_rBinomDS_direct"/>
    <testcase time="0.00399999999999068" classname="rBinomDS_smk_simple" name="simple_rBinomDS_direct"/>
    <testcase time="0.00300000000000011" classname="rBinomDS_smk_simple" name="simple_rBinomDS_direct"/>
  </testsuite>
  <testsuite name="rBinomDS::smk::shutdown" timestamp="2025-10-21T01:41:56Z" hostname="runnervmwhb2z" tests="0" skipped="0" failures="0" errors="0" time="0"/>
  <testsuite name="rBinomDS::smk::done" timestamp="2025-10-21T01:41:56Z" hostname="runnervmwhb2z" tests="0" skipped="0" failures="0" errors="0" time="0"/>
  <testsuite name="smk-recodeLevelsDS" timestamp="2025-10-21T01:41:56Z" hostname="runnervmwhb2z" tests="0" skipped="0" failures="0" errors="0" time="0"/>
  <testsuite name="recodeLevelsDS::smk::setup" timestamp="2025-10-21T01:41:56Z" hostname="runnervmwhb2z" tests="8" skipped="0" failures="0" errors="0" time="0.026">
    <testcase time="0.0170000000000101" classname="recodeLevelsDS_smk_setup" name="simple_recodeLevelsDS"/>
    <testcase time="0.00199999999999534" classname="recodeLevelsDS_smk_setup" name="simple_recodeLevelsDS"/>
    <testcase time="0.00100000000000477" classname="recodeLevelsDS_smk_setup" name="simple_recodeLevelsDS"/>
    <testcase time="0.000999999999990564" classname="recodeLevelsDS_smk_setup" name="simple_recodeLevelsDS"/>
    <testcase time="0.00100000000000477" classname="recodeLevelsDS_smk_setup" name="simple_recodeLevelsDS"/>
    <testcase time="0.00199999999999534" classname="recodeLevelsDS_smk_setup" name="simple_recodeLevelsDS"/>
    <testcase time="0.00100000000000477" classname="recodeLevelsDS_smk_setup" name="simple_recodeLevelsDS"/>
    <testcase time="0.00100000000000477" classname="recodeLevelsDS_smk_setup" name="simple_recodeLevelsDS"/>
  </testsuite>
  <testsuite name="recodeLevelsDS::smk::shutdown" timestamp="2025-10-21T01:41:56Z" hostname="runnervmwhb2z" tests="0" skipped="0" failures="0" errors="0" time="0"/>
  <testsuite name="recodeLevelsDS::smk::done" timestamp="2025-10-21T01:41:56Z" hostname="runnervmwhb2z" tests="0" skipped="0" failures="0" errors="0" time="0"/>
  <testsuite name="smk-recodeValuesDS" timestamp="2025-10-21T01:41:56Z" hostname="runnervmwhb2z" tests="0" skipped="0" failures="0" errors="0" time="0"/>
  <testsuite name="recodeValuesDS::smk::setup" timestamp="2025-10-21T01:41:56Z" hostname="runnervmwhb2z" tests="45" skipped="0" failures="0" errors="0" time="0.21">
    <testcase time="0.0189999999999912" classname="recodeValuesDS_smk_setup" name="simple_recodeValuesDS_numeric_input_with_no_missings"/>
    <testcase time="0.00100000000000477" classname="recodeValuesDS_smk_setup" name="simple_recodeValuesDS_numeric_input_with_no_missings"/>
    <testcase time="0.00199999999999534" classname="recodeValuesDS_smk_setup" name="simple_recodeValuesDS_numeric_input_with_no_missings"/>
    <testcase time="0.00100000000000477" classname="recodeValuesDS_smk_setup" name="simple_recodeValuesDS_numeric_input_with_no_missings"/>
    <testcase time="0.000999999999990564" classname="recodeValuesDS_smk_setup" name="simple_recodeValuesDS_numeric_input_with_no_missings"/>
    <testcase time="0.00200000000000955" classname="recodeValuesDS_smk_setup" name="simple_recodeValuesDS_numeric_input_with_no_missings"/>
    <testcase time="0.000999999999990564" classname="recodeValuesDS_smk_setup" name="simple_recodeValuesDS_numeric_input_with_no_missings"/>
    <testcase time="0.00100000000000477" classname="recodeValuesDS_smk_setup" name="simple_recodeValuesDS_numeric_input_with_no_missings"/>
    <testcase time="0.0960000000000036" classname="recodeValuesDS_smk_setup" name="simple_recodeValuesDS_numeric_input_with_missings"/>
    <testcase time="0.00199999999999534" classname="recodeValuesDS_smk_setup" name="simple_recodeValuesDS_numeric_input_with_missings"/>
    <testcase time="0.00100000000000477" classname="recodeValuesDS_smk_setup" name="simple_recodeValuesDS_numeric_input_with_missings"/>
    <testcase time="0.00199999999999534" classname="recodeValuesDS_smk_setup" name="simple_recodeValuesDS_numeric_input_with_missings"/>
    <testcase time="0.00100000000000477" classname="recodeValuesDS_smk_setup" name="simple_recodeValuesDS_numeric_input_with_missings"/>
    <testcase time="0.00199999999999534" classname="recodeValuesDS_smk_setup" name="simple_recodeValuesDS_numeric_input_with_missings"/>
    <testcase time="0.00100000000000477" classname="recodeValuesDS_smk_setup" name="simple_recodeValuesDS_numeric_input_with_missings"/>
    <testcase time="0.00100000000000477" classname="recodeValuesDS_smk_setup" name="simple_recodeValuesDS_numeric_input_with_missings"/>
    <testcase time="0.00399999999999068" classname="recodeValuesDS_smk_setup" name="simple_recodeValuesDS_numeric_input_with_missings"/>
    <testcase time="0.00500000000000966" classname="recodeValuesDS_smk_setup" name="simple_recodeValuesDS_numeric_input_with_missings_replace_missings"/>
    <testcase time="0.000999999999990564" classname="recodeValuesDS_smk_setup" name="simple_recodeValuesDS_numeric_input_with_missings_replace_missings"/>
    <testcase time="0.00200000000000955" classname="recodeValuesDS_smk_setup" name="simple_recodeValuesDS_numeric_input_with_missings_replace_missings"/>
    <testcase time="0.000999999999990564" classname="recodeValuesDS_smk_setup" name="simple_recodeValuesDS_numeric_input_with_missings_replace_missings"/>
    <testcase time="0.00199999999999534" classname="recodeValuesDS_smk_setup" name="simple_recodeValuesDS_numeric_input_with_missings_replace_missings"/>
    <testcase time="0.00100000000000477" classname="recodeValuesDS_smk_setup" name="simple_recodeValuesDS_numeric_input_with_missings_replace_missings"/>
    <testcase time="0.00100000000000477" classname="recodeValuesDS_smk_setup" name="simple_recodeValuesDS_numeric_input_with_missings_replace_missings"/>
    <testcase time="0.00199999999999534" classname="recodeValuesDS_smk_setup" name="simple_recodeValuesDS_numeric_input_with_missings_replace_missings"/>
    <testcase time="0.00100000000000477" classname="recodeValuesDS_smk_setup" name="simple_recodeValuesDS_numeric_input_with_missings_replace_missings"/>
    <testcase time="0.000999999999990564" classname="recodeValuesDS_smk_setup" name="simple_recodeValuesDS_numeric_input_with_missings_replace_missings"/>
    <testcase time="0.00300000000000011" classname="recodeValuesDS_smk_setup" name="simple_recodeValuesDS_numeric_input_with_missings_replace_missings"/>
    <testcase time="0.00600000000000023" classname="recodeValuesDS_smk_setup" name="simple_recodeValuesDS_factor_input_with_no_missings"/>
    <testcase time="0.00200000000000955" classname="recodeValuesDS_smk_setup" name="simple_recodeValuesDS_factor_input_with_no_missings"/>
    <testcase time="0.00300000000000011" classname="recodeValuesDS_smk_setup" name="simple_recodeValuesDS_factor_input_with_no_missings"/>
    <testcase time="0.00499999999999545" classname="recodeValuesDS_smk_setup" name="simple_recodeValuesDS_factor_input_with_missings_replace_missings"/>
    <testcase time="0.00199999999999534" classname="recodeValuesDS_smk_setup" name="simple_recodeValuesDS_factor_input_with_missings_replace_missings"/>
    <testcase time="0.00100000000000477" classname="recodeValuesDS_smk_setup" name="simple_recodeValuesDS_factor_input_with_missings_replace_missings"/>
    <testcase time="0.00300000000000011" classname="recodeValuesDS_smk_setup" name="simple_recodeValuesDS_factor_input_with_missings_replace_missings"/>
    <testcase time="0.00300000000000011" classname="recodeValuesDS_smk_setup" name="simple_recodeValuesDS_factor_input_with_missings_replace_missings"/>
    <testcase time="0.00499999999999545" classname="recodeValuesDS_smk_setup" name="simple_recodeValuesDS_character_input_with_missings"/>
    <testcase time="0.00100000000000477" classname="recodeValuesDS_smk_setup" name="simple_recodeValuesDS_character_input_with_missings"/>
    <testcase time="0.00199999999999534" classname="recodeValuesDS_smk_setup" name="simple_recodeValuesDS_character_input_with_missings"/>
    <testcase time="0.00100000000000477" classname="recodeValuesDS_smk_setup" name="simple_recodeValuesDS_character_input_with_missings"/>
    <testcase time="0.00100000000000477" classname="recodeValuesDS_smk_setup" name="simple_recodeValuesDS_character_input_with_missings"/>
    <testcase time="0.00199999999999534" classname="recodeValuesDS_smk_setup" name="simple_recodeValuesDS_character_input_with_missings"/>
    <testcase time="0.00100000000000477" classname="recodeValuesDS_smk_setup" name="simple_recodeValuesDS_character_input_with_missings"/>
    <testcase time="0.00199999999999534" classname="recodeValuesDS_smk_setup" name="simple_recodeValuesDS_character_input_with_missings"/>
    <testcase time="0.0120000000000005" classname="recodeValuesDS_smk_setup" name="simple_recodeValuesDS_character_input_with_missings"/>
  </testsuite>
  <testsuite name="recodeValuesDS::smk::shutdown" timestamp="2025-10-21T01:41:56Z" hostname="runnervmwhb2z" tests="0" skipped="0" failures="0" errors="0" time="0"/>
  <testsuite name="recodeValuesDS::smk::done" timestamp="2025-10-21T01:41:56Z" hostname="runnervmwhb2z" tests="0" skipped="0" failures="0" errors="0" time="0"/>
  <testsuite name="smk-replaceNaDS" timestamp="2025-10-21T01:41:56Z" hostname="runnervmwhb2z" tests="0" skipped="0" failures="0" errors="0" time="0"/>
  <testsuite name="replaceNaDS::smk::setup" timestamp="2025-10-21T01:41:56Z" hostname="runnervmwhb2z" tests="0" skipped="0" failures="0" errors="0" time="0"/>
  <testsuite name="replaceNaDS::smk" timestamp="2025-10-21T01:41:56Z" hostname="runnervmwhb2z" tests="10" skipped="0" failures="0" errors="0" time="0.031">
    <testcase time="0.019999999999996" classname="replaceNaDS_smk" name="simple_replaceNaDS"/>
    <testcase time="0.00100000000000477" classname="replaceNaDS_smk" name="simple_replaceNaDS"/>
    <testcase time="0.00100000000000477" classname="replaceNaDS_smk" name="simple_replaceNaDS"/>
    <testcase time="0.00199999999999534" classname="replaceNaDS_smk" name="simple_replaceNaDS"/>
    <testcase time="0.00100000000000477" classname="replaceNaDS_smk" name="simple_replaceNaDS"/>
    <testcase time="0.000999999999990564" classname="replaceNaDS_smk" name="simple_replaceNaDS"/>
    <testcase time="0.00100000000000477" classname="replaceNaDS_smk" name="simple_replaceNaDS"/>
    <testcase time="0.00199999999999534" classname="replaceNaDS_smk" name="simple_replaceNaDS"/>
    <testcase time="0.00100000000000477" classname="replaceNaDS_smk" name="simple_replaceNaDS"/>
    <testcase time="0.00100000000000477" classname="replaceNaDS_smk" name="simple_replaceNaDS"/>
  </testsuite>
  <testsuite name="replaceNaDS::smk::shutdown" timestamp="2025-10-21T01:41:56Z" hostname="runnervmwhb2z" tests="0" skipped="0" failures="0" errors="0" time="0"/>
  <testsuite name="replaceNaDS::smk::done" timestamp="2025-10-21T01:41:56Z" hostname="runnervmwhb2z" tests="0" skipped="0" failures="0" errors="0" time="0"/>
  <testsuite name="smk-rmDS" timestamp="2025-10-21T01:41:56Z" hostname="runnervmwhb2z" tests="0" skipped="0" failures="0" errors="0" time="0"/>
  <testsuite name="rmDS::smk::setup" timestamp="2025-10-21T01:41:56Z" hostname="runnervmwhb2z" tests="0" skipped="0" failures="0" errors="0" time="0"/>
  <testsuite name="rmDS::smk::single" timestamp="2025-10-21T01:41:56Z" hostname="runnervmwhb2z" tests="9" skipped="0" failures="0" errors="0" time="0.033">
    <testcase time="0.019999999999996" classname="rmDS_smk_single" name="single_rmDS"/>
    <testcase time="0.00300000000000011" classname="rmDS_smk_single" name="single_rmDS"/>
    <testcase time="0.00199999999999534" classname="rmDS_smk_single" name="single_rmDS"/>
    <testcase time="0.00200000000000955" classname="rmDS_smk_single" name="single_rmDS"/>
    <testcase time="0.000999999999990564" classname="rmDS_smk_single" name="single_rmDS"/>
    <testcase time="0.00100000000000477" classname="rmDS_smk_single" name="single_rmDS"/>
    <testcase time="0.00100000000000477" classname="rmDS_smk_single" name="single_rmDS"/>
    <testcase time="0.000999999999990564" classname="rmDS_smk_single" name="single_rmDS"/>
    <testcase time="0.00199999999999534" classname="rmDS_smk_single" name="single_rmDS"/>
  </testsuite>
  <testsuite name="rmDS::smk::multiple" timestamp="2025-10-21T01:41:57Z" hostname="runnervmwhb2z" tests="12" skipped="0" failures="0" errors="0" time="0.063">
    <testcase time="0.007000000000005" classname="rmDS_smk_multiple" name="multiple_rmDS"/>
    <testcase time="0.00300000000000011" classname="rmDS_smk_multiple" name="multiple_rmDS"/>
    <testcase time="0.00199999999999534" classname="rmDS_smk_multiple" name="multiple_rmDS"/>
    <testcase time="0.00300000000000011" classname="rmDS_smk_multiple" name="multiple_rmDS"/>
    <testcase time="0.0370000000000061" classname="rmDS_smk_multiple" name="multiple_rmDS"/>
    <testcase time="0.00300000000000011" classname="rmDS_smk_multiple" name="multiple_rmDS"/>
    <testcase time="0.00100000000000477" classname="rmDS_smk_multiple" name="multiple_rmDS"/>
    <testcase time="0.00199999999999534" classname="rmDS_smk_multiple" name="multiple_rmDS"/>
    <testcase time="0.00100000000000477" classname="rmDS_smk_multiple" name="multiple_rmDS"/>
    <testcase time="0.00199999999999534" classname="rmDS_smk_multiple" name="multiple_rmDS"/>
    <testcase time="0.00100000000000477" classname="rmDS_smk_multiple" name="multiple_rmDS"/>
    <testcase time="0.000999999999990564" classname="rmDS_smk_multiple" name="multiple_rmDS"/>
  </testsuite>
  <testsuite name="rmDS::smk::single missing" timestamp="2025-10-21T01:41:57Z" hostname="runnervmwhb2z" tests="8" skipped="0" failures="0" errors="0" time="0.017">
    <testcase time="0.00800000000000978" classname="rmDS_smk_single_missing" name="single_missing_rmDS"/>
    <testcase time="0.00300000000000011" classname="rmDS_smk_single_missing" name="single_missing_rmDS"/>
    <testcase time="0.000999999999990564" classname="rmDS_smk_single_missing" name="single_missing_rmDS"/>
    <testcase time="0.00100000000000477" classname="rmDS_smk_single_missing" name="single_missing_rmDS"/>
    <testcase time="0.00100000000000477" classname="rmDS_smk_single_missing" name="single_missing_rmDS"/>
    <testcase time="0.00100000000000477" classname="rmDS_smk_single_missing" name="single_missing_rmDS"/>
    <testcase time="0.00100000000000477" classname="rmDS_smk_single_missing" name="single_missing_rmDS"/>
    <testcase time="0.000999999999990564" classname="rmDS_smk_single_missing" name="single_missing_rmDS"/>
  </testsuite>
  <testsuite name="rmDS::smk::multiple missing" timestamp="2025-10-21T01:41:57Z" hostname="runnervmwhb2z" tests="10" skipped="0" failures="0" errors="0" time="0.023">
    <testcase time="0.00800000000000978" classname="rmDS_smk_multiple_missing" name="multiple_missing_rmDS"/>
    <testcase time="0.00199999999999534" classname="rmDS_smk_multiple_missing" name="multiple_missing_rmDS"/>
    <testcase time="0.00300000000000011" classname="rmDS_smk_multiple_missing" name="multiple_missing_rmDS"/>
    <testcase time="0.00300000000000011" classname="rmDS_smk_multiple_missing" name="multiple_missing_rmDS"/>
    <testcase time="0.00100000000000477" classname="rmDS_smk_multiple_missing" name="multiple_missing_rmDS"/>
    <testcase time="0.000999999999990564" classname="rmDS_smk_multiple_missing" name="multiple_missing_rmDS"/>
    <testcase time="0.00100000000000477" classname="rmDS_smk_multiple_missing" name="multiple_missing_rmDS"/>
    <testcase time="0.00199999999999534" classname="rmDS_smk_multiple_missing" name="multiple_missing_rmDS"/>
    <testcase time="0.00100000000000477" classname="rmDS_smk_multiple_missing" name="multiple_missing_rmDS"/>
    <testcase time="0.00100000000000477" classname="rmDS_smk_multiple_missing" name="multiple_missing_rmDS"/>
  </testsuite>
  <testsuite name="rmDS::smk::multiple mixed" timestamp="2025-10-21T01:41:57Z" hostname="runnervmwhb2z" tests="10" skipped="0" failures="0" errors="0" time="0.024">
    <testcase time="0.00799999999999557" classname="rmDS_smk_multiple_mixed" name="multiple_mixed_rmDS"/>
    <testcase time="0.00300000000000011" classname="rmDS_smk_multiple_mixed" name="multiple_mixed_rmDS"/>
    <testcase time="0.00300000000000011" classname="rmDS_smk_multiple_mixed" name="multiple_mixed_rmDS"/>
    <testcase time="0.00300000000000011" classname="rmDS_smk_multiple_mixed" name="multiple_mixed_rmDS"/>
    <testcase time="0.00100000000000477" classname="rmDS_smk_multiple_mixed" name="multiple_mixed_rmDS"/>
    <testcase time="0.000999999999990564" classname="rmDS_smk_multiple_mixed" name="multiple_mixed_rmDS"/>
    <testcase time="0.00100000000000477" classname="rmDS_smk_multiple_mixed" name="multiple_mixed_rmDS"/>
    <testcase time="0.00199999999999534" classname="rmDS_smk_multiple_mixed" name="multiple_mixed_rmDS"/>
    <testcase time="0.00100000000000477" classname="rmDS_smk_multiple_mixed" name="multiple_mixed_rmDS"/>
    <testcase time="0.000999999999990564" classname="rmDS_smk_multiple_mixed" name="multiple_mixed_rmDS"/>
  </testsuite>
  <testsuite name="rmDS::smk::shutdown" timestamp="2025-10-21T01:41:57Z" hostname="runnervmwhb2z" tests="0" skipped="0" failures="0" errors="0" time="0"/>
  <testsuite name="rmDS::smk::done" timestamp="2025-10-21T01:41:57Z" hostname="runnervmwhb2z" tests="0" skipped="0" failures="0" errors="0" time="0"/>
  <testsuite name="smk-rNormDS" timestamp="2025-10-21T01:41:57Z" hostname="runnervmwhb2z" tests="0" skipped="0" failures="0" errors="0" time="0"/>
  <testsuite name="rNormDS::smk::setup" timestamp="2025-10-21T01:41:57Z" hostname="runnervmwhb2z" tests="0" skipped="0" failures="0" errors="0" time="0"/>
  <testsuite name="rNormDS::smk::simple" timestamp="2025-10-21T01:41:57Z" hostname="runnervmwhb2z" tests="20" skipped="0" failures="0" errors="0" time="0.095">
    <testcase time="0.0210000000000008" classname="rNormDS_smk_simple" name="simple_rNormDS_by_name"/>
    <testcase time="0.00100000000000477" classname="rNormDS_smk_simple" name="simple_rNormDS_by_name"/>
    <testcase time="0.00300000000000011" classname="rNormDS_smk_simple" name="simple_rNormDS_by_name"/>
    <testcase time="0.00300000000000011" classname="rNormDS_smk_simple" name="simple_rNormDS_by_name"/>
    <testcase time="0.00199999999999534" classname="rNormDS_smk_simple" name="simple_rNormDS_by_name"/>
    <testcase time="0.01400000000001" classname="rNormDS_smk_simple" name="simple_rNormDS_by_name"/>
    <testcase time="0.00300000000000011" classname="rNormDS_smk_simple" name="simple_rNormDS_by_name"/>
    <testcase time="0.00300000000000011" classname="rNormDS_smk_simple" name="simple_rNormDS_by_name"/>
    <testcase time="0.00300000000000011" classname="rNormDS_smk_simple" name="simple_rNormDS_by_name"/>
    <testcase time="0.00300000000000011" classname="rNormDS_smk_simple" name="simple_rNormDS_by_name"/>
    <testcase time="0.0159999999999911" classname="rNormDS_smk_simple" name="simple_rNormDS_direct"/>
    <testcase time="0.00100000000000477" classname="rNormDS_smk_simple" name="simple_rNormDS_direct"/>
    <testcase time="0.00300000000000011" classname="rNormDS_smk_simple" name="simple_rNormDS_direct"/>
    <testcase time="0.00300000000000011" classname="rNormDS_smk_simple" name="simple_rNormDS_direct"/>
    <testcase time="0.00199999999999534" classname="rNormDS_smk_simple" name="simple_rNormDS_direct"/>
    <testcase time="0.00300000000000011" classname="rNormDS_smk_simple" name="simple_rNormDS_direct"/>
    <testcase time="0.00300000000000011" classname="rNormDS_smk_simple" name="simple_rNormDS_direct"/>
    <testcase time="0.00200000000000955" classname="rNormDS_smk_simple" name="simple_rNormDS_direct"/>
    <testcase time="0.00300000000000011" classname="rNormDS_smk_simple" name="simple_rNormDS_direct"/>
    <testcase time="0.00300000000000011" classname="rNormDS_smk_simple" name="simple_rNormDS_direct"/>
  </testsuite>
  <testsuite name="rNormDS::smk::shutdown" timestamp="2025-10-21T01:41:57Z" hostname="runnervmwhb2z" tests="0" skipped="0" failures="0" errors="0" time="0"/>
  <testsuite name="rNormDS::smk::done" timestamp="2025-10-21T01:41:57Z" hostname="runnervmwhb2z" tests="0" skipped="0" failures="0" errors="0" time="0"/>
  <testsuite name="smk-rowColCalcDS" timestamp="2025-10-21T01:41:57Z" hostname="runnervmwhb2z" tests="0" skipped="0" failures="0" errors="0" time="0"/>
  <testsuite name="rowColCalcDS::smk::setup" timestamp="2025-10-21T01:41:57Z" hostname="runnervmwhb2z" tests="0" skipped="0" failures="0" errors="0" time="0"/>
  <testsuite name="rowColCalcDS::smk" timestamp="2025-10-21T01:41:57Z" hostname="runnervmwhb2z" tests="24" skipped="0" failures="0" errors="0" time="0.087">
    <testcase time="0.0189999999999912" classname="rowColCalcDS_smk" name="simple_rowColCalcDS_operation_1"/>
    <testcase time="0.00100000000000477" classname="rowColCalcDS_smk" name="simple_rowColCalcDS_operation_1"/>
    <testcase time="0.00100000000000477" classname="rowColCalcDS_smk" name="simple_rowColCalcDS_operation_1"/>
    <testcase time="0.000999999999990564" classname="rowColCalcDS_smk" name="simple_rowColCalcDS_operation_1"/>
    <testcase time="0.00200000000000955" classname="rowColCalcDS_smk" name="simple_rowColCalcDS_operation_1"/>
    <testcase time="0.000999999999990564" classname="rowColCalcDS_smk" name="simple_rowColCalcDS_operation_1"/>
    <testcase time="0.0169999999999959" classname="rowColCalcDS_smk" name="simple_rowColCalcDS_operation_2"/>
    <testcase time="0.00100000000000477" classname="rowColCalcDS_smk" name="simple_rowColCalcDS_operation_2"/>
    <testcase time="0.007000000000005" classname="rowColCalcDS_smk" name="simple_rowColCalcDS_operation_2"/>
    <testcase time="0.00199999999999534" classname="rowColCalcDS_smk" name="simple_rowColCalcDS_operation_2"/>
    <testcase time="0.00100000000000477" classname="rowColCalcDS_smk" name="simple_rowColCalcDS_operation_2"/>
    <testcase time="0.00999999999999091" classname="rowColCalcDS_smk" name="simple_rowColCalcDS_operation_2"/>
    <testcase time="0.00500000000000966" classname="rowColCalcDS_smk" name="simple_rowColCalcDS_operation_3"/>
    <testcase time="0.00199999999999534" classname="rowColCalcDS_smk" name="simple_rowColCalcDS_operation_3"/>
    <testcase time="0.00100000000000477" classname="rowColCalcDS_smk" name="simple_rowColCalcDS_operation_3"/>
    <testcase time="0.00199999999999534" classname="rowColCalcDS_smk" name="simple_rowColCalcDS_operation_3"/>
    <testcase time="0.00100000000000477" classname="rowColCalcDS_smk" name="simple_rowColCalcDS_operation_3"/>
    <testcase time="0.00199999999999534" classname="rowColCalcDS_smk" name="simple_rowColCalcDS_operation_3"/>
    <testcase time="0.00400000000000489" classname="rowColCalcDS_smk" name="simple_rowColCalcDS_operation_4"/>
    <testcase time="0.000999999999990564" classname="rowColCalcDS_smk" name="simple_rowColCalcDS_operation_4"/>
    <testcase time="0.00100000000000477" classname="rowColCalcDS_smk" name="simple_rowColCalcDS_operation_4"/>
    <testcase time="0.00199999999999534" classname="rowColCalcDS_smk" name="simple_rowColCalcDS_operation_4"/>
    <testcase time="0.00100000000000477" classname="rowColCalcDS_smk" name="simple_rowColCalcDS_operation_4"/>
    <testcase time="0.00199999999999534" classname="rowColCalcDS_smk" name="simple_rowColCalcDS_operation_4"/>
  </testsuite>
  <testsuite name="rowColCalcDS::smk::shutdown" timestamp="2025-10-21T01:41:57Z" hostname="runnervmwhb2z" tests="0" skipped="0" failures="0" errors="0" time="0"/>
  <testsuite name="rowColCalcDS::smk::done" timestamp="2025-10-21T01:41:57Z" hostname="runnervmwhb2z" tests="0" skipped="0" failures="0" errors="0" time="0"/>
  <testsuite name="smk-rPoisDS" timestamp="2025-10-21T01:41:57Z" hostname="runnervmwhb2z" tests="0" skipped="0" failures="0" errors="0" time="0"/>
  <testsuite name="rPoisDS::smk::setup" timestamp="2025-10-21T01:41:57Z" hostname="runnervmwhb2z" tests="0" skipped="0" failures="0" errors="0" time="0"/>
  <testsuite name="rPoisDS::smk::simple" timestamp="2025-10-21T01:41:57Z" hostname="runnervmwhb2z" tests="20" skipped="0" failures="0" errors="0" time="0.067">
    <testcase time="0.0190000000000055" classname="rPoisDS_smk_simple" name="simple_rPoisDS_by_name"/>
    <testcase time="0.00100000000000477" classname="rPoisDS_smk_simple" name="simple_rPoisDS_by_name"/>
    <testcase time="0.00199999999999534" classname="rPoisDS_smk_simple" name="simple_rPoisDS_by_name"/>
    <testcase time="0.00300000000000011" classname="rPoisDS_smk_simple" name="simple_rPoisDS_by_name"/>
    <testcase time="0.00300000000000011" classname="rPoisDS_smk_simple" name="simple_rPoisDS_by_name"/>
    <testcase time="0.00199999999999534" classname="rPoisDS_smk_simple" name="simple_rPoisDS_by_name"/>
    <testcase time="0.00300000000000011" classname="rPoisDS_smk_simple" name="simple_rPoisDS_by_name"/>
    <testcase time="0.00300000000000011" classname="rPoisDS_smk_simple" name="simple_rPoisDS_by_name"/>
    <testcase time="0.00200000000000955" classname="rPoisDS_smk_simple" name="simple_rPoisDS_by_name"/>
    <testcase time="0.00300000000000011" classname="rPoisDS_smk_simple" name="simple_rPoisDS_by_name"/>
    <testcase time="0.00300000000000011" classname="rPoisDS_smk_simple" name="simple_rPoisDS_direct"/>
    <testcase time="0.00199999999999534" classname="rPoisDS_smk_simple" name="simple_rPoisDS_direct"/>
    <testcase time="0.00199999999999534" classname="rPoisDS_smk_simple" name="simple_rPoisDS_direct"/>
    <testcase time="0.00300000000000011" classname="rPoisDS_smk_simple" name="simple_rPoisDS_direct"/>
    <testcase time="0.00300000000000011" classname="rPoisDS_smk_simple" name="simple_rPoisDS_direct"/>
    <testcase time="0.00200000000000955" classname="rPoisDS_smk_simple" name="simple_rPoisDS_direct"/>
    <testcase time="0.00200000000000955" classname="rPoisDS_smk_simple" name="simple_rPoisDS_direct"/>
    <testcase time="0.00300000000000011" classname="rPoisDS_smk_simple" name="simple_rPoisDS_direct"/>
    <testcase time="0.0029999999999859" classname="rPoisDS_smk_simple" name="simple_rPoisDS_direct"/>
    <testcase time="0.00300000000000011" classname="rPoisDS_smk_simple" name="simple_rPoisDS_direct"/>
  </testsuite>
  <testsuite name="rPoisDS::smk::shutdown" timestamp="2025-10-21T01:41:57Z" hostname="runnervmwhb2z" tests="0" skipped="0" failures="0" errors="0" time="0"/>
  <testsuite name="rPoisDS::smk::done" timestamp="2025-10-21T01:41:57Z" hostname="runnervmwhb2z" tests="0" skipped="0" failures="0" errors="0" time="0"/>
  <testsuite name="smk-rUnifDS" timestamp="2025-10-21T01:41:57Z" hostname="runnervmwhb2z" tests="0" skipped="0" failures="0" errors="0" time="0"/>
  <testsuite name="rUnifDS::smk::setup" timestamp="2025-10-21T01:41:57Z" hostname="runnervmwhb2z" tests="0" skipped="0" failures="0" errors="0" time="0"/>
  <testsuite name="rUnifDS::smk::simple" timestamp="2025-10-21T01:41:57Z" hostname="runnervmwhb2z" tests="20" skipped="0" failures="0" errors="0" time="0.092">
    <testcase time="0.0290000000000106" classname="rUnifDS_smk_simple" name="simple_rUnifDS_by_name"/>
    <testcase time="0.000999999999990564" classname="rUnifDS_smk_simple" name="simple_rUnifDS_by_name"/>
    <testcase time="0.00400000000000489" classname="rUnifDS_smk_simple" name="simple_rUnifDS_by_name"/>
    <testcase time="0.00300000000000011" classname="rUnifDS_smk_simple" name="simple_rUnifDS_by_name"/>
    <testcase time="0.00199999999999534" classname="rUnifDS_smk_simple" name="simple_rUnifDS_by_name"/>
    <testcase time="0.00300000000000011" classname="rUnifDS_smk_simple" name="simple_rUnifDS_by_name"/>
    <testcase time="0.00300000000000011" classname="rUnifDS_smk_simple" name="simple_rUnifDS_by_name"/>
    <testcase time="0.00300000000000011" classname="rUnifDS_smk_simple" name="simple_rUnifDS_by_name"/>
    <testcase time="0.00300000000000011" classname="rUnifDS_smk_simple" name="simple_rUnifDS_by_name"/>
    <testcase time="0.00300000000000011" classname="rUnifDS_smk_simple" name="simple_rUnifDS_by_name"/>
    <testcase time="0.0150000000000006" classname="rUnifDS_smk_simple" name="simple_rUnifDS_direct"/>
    <testcase time="0.00100000000000477" classname="rUnifDS_smk_simple" name="simple_rUnifDS_direct"/>
    <testcase time="0.00300000000000011" classname="rUnifDS_smk_simple" name="simple_rUnifDS_direct"/>
    <testcase time="0.00199999999999534" classname="rUnifDS_smk_simple" name="simple_rUnifDS_direct"/>
    <testcase time="0.00300000000000011" classname="rUnifDS_smk_simple" name="simple_rUnifDS_direct"/>
    <testcase time="0.00300000000000011" classname="rUnifDS_smk_simple" name="simple_rUnifDS_direct"/>
    <testcase time="0.00200000000000955" classname="rUnifDS_smk_simple" name="simple_rUnifDS_direct"/>
    <testcase time="0.00300000000000011" classname="rUnifDS_smk_simple" name="simple_rUnifDS_direct"/>
    <testcase time="0.00300000000000011" classname="rUnifDS_smk_simple" name="simple_rUnifDS_direct"/>
    <testcase time="0.00300000000000011" classname="rUnifDS_smk_simple" name="simple_rUnifDS_direct"/>
  </testsuite>
  <testsuite name="rUnifDS::smk::shutdown" timestamp="2025-10-21T01:41:57Z" hostname="runnervmwhb2z" tests="0" skipped="0" failures="0" errors="0" time="0"/>
  <testsuite name="rUnifDS::smk::done" timestamp="2025-10-21T01:41:57Z" hostname="runnervmwhb2z" tests="0" skipped="0" failures="0" errors="0" time="0"/>
  <testsuite name="smk-sampleDS" timestamp="2025-10-21T01:41:57Z" hostname="runnervmwhb2z" tests="0" skipped="0" failures="0" errors="0" time="0"/>
  <testsuite name="sampleDS::smk::setup" timestamp="2025-10-21T01:41:57Z" hostname="runnervmwhb2z" tests="0" skipped="0" failures="0" errors="0" time="0"/>
  <testsuite name="sampleDS::smk::simple" timestamp="2025-10-21T01:41:57Z" hostname="runnervmwhb2z" tests="11" skipped="0" failures="0" errors="0" time="0.033">
    <testcase time="0.019999999999996" classname="sampleDS_smk_simple" name="simple_sampleDS"/>
    <testcase time="0.00100000000000477" classname="sampleDS_smk_simple" name="simple_sampleDS"/>
    <testcase time="0.00199999999999534" classname="sampleDS_smk_simple" name="simple_sampleDS"/>
    <testcase time="0.00100000000000477" classname="sampleDS_smk_simple" name="simple_sampleDS"/>
    <testcase time="0.000999999999990564" classname="sampleDS_smk_simple" name="simple_sampleDS"/>
    <testcase time="0.00100000000000477" classname="sampleDS_smk_simple" name="simple_sampleDS"/>
    <testcase time="0.00199999999999534" classname="sampleDS_smk_simple" name="simple_sampleDS"/>
    <testcase time="0.00100000000000477" classname="sampleDS_smk_simple" name="simple_sampleDS"/>
    <testcase time="0.000999999999990564" classname="sampleDS_smk_simple" name="simple_sampleDS"/>
    <testcase time="0.00100000000000477" classname="sampleDS_smk_simple" name="simple_sampleDS"/>
    <testcase time="0.00199999999999534" classname="sampleDS_smk_simple" name="simple_sampleDS"/>
  </testsuite>
  <testsuite name="sampleDS::smk::shutdown" timestamp="2025-10-21T01:41:57Z" hostname="runnervmwhb2z" tests="0" skipped="0" failures="0" errors="0" time="0"/>
  <testsuite name="sampleDS::smk::done" timestamp="2025-10-21T01:41:57Z" hostname="runnervmwhb2z" tests="0" skipped="0" failures="0" errors="0" time="0"/>
  <testsuite name="smk-seqDS" timestamp="2025-10-21T01:41:57Z" hostname="runnervmwhb2z" tests="0" skipped="0" failures="0" errors="0" time="0"/>
  <testsuite name="seqDS::smk::setup" timestamp="2025-10-21T01:41:57Z" hostname="runnervmwhb2z" tests="0" skipped="0" failures="0" errors="0" time="0"/>
  <testsuite name="seqDS::smk" timestamp="2025-10-21T01:41:57Z" hostname="runnervmwhb2z" tests="41" skipped="0" failures="0" errors="0" time="0.15">
    <testcase time="0.0300000000000011" classname="seqDS_smk" name="simple_seqDS"/>
    <testcase time="0.00100000000000477" classname="seqDS_smk" name="simple_seqDS"/>
    <testcase time="0.000999999999990564" classname="seqDS_smk" name="simple_seqDS"/>
    <testcase time="0.00100000000000477" classname="seqDS_smk" name="simple_seqDS"/>
    <testcase time="0.00199999999999534" classname="seqDS_smk" name="simple_seqDS"/>
    <testcase time="0.00100000000000477" classname="seqDS_smk" name="simple_seqDS"/>
    <testcase time="0.00100000000000477" classname="seqDS_smk" name="simple_seqDS"/>
    <testcase time="0.00199999999999534" classname="seqDS_smk" name="simple_seqDS"/>
    <testcase time="0.0480000000000018" classname="seqDS_smk" name="simple_seqDS"/>
    <testcase time="0.00199999999999534" classname="seqDS_smk" name="simple_seqDS"/>
    <testcase time="0.00100000000000477" classname="seqDS_smk" name="simple_seqDS"/>
    <testcase time="0.00199999999999534" classname="seqDS_smk" name="simple_seqDS"/>
    <testcase time="0.00100000000000477" classname="seqDS_smk" name="simple_seqDS"/>
    <testcase time="0.00100000000000477" classname="seqDS_smk" name="simple_seqDS"/>
    <testcase time="0.00199999999999534" classname="seqDS_smk" name="simple_seqDS"/>
    <testcase time="0.00100000000000477" classname="seqDS_smk" name="simple_seqDS"/>
    <testcase time="0.00399999999999068" classname="seqDS_smk" name="simple_seqDS"/>
    <testcase time="0.00100000000000477" classname="seqDS_smk" name="simple_seqDS"/>
    <testcase time="0.00100000000000477" classname="seqDS_smk" name="simple_seqDS"/>
    <testcase time="0.00199999999999534" classname="seqDS_smk" name="simple_seqDS"/>
    <testcase time="0.00100000000000477" classname="seqDS_smk" name="simple_seqDS"/>
    <testcase time="0.00199999999999534" classname="seqDS_smk" name="simple_seqDS"/>
    <testcase time="0.00100000000000477" classname="seqDS_smk" name="simple_seqDS"/>
    <testcase time="0.000999999999990564" classname="seqDS_smk" name="simple_seqDS"/>
    <testcase time="0.00500000000000966" classname="seqDS_smk" name="simple_seqDS"/>
    <testcase time="0.000999999999990564" classname="seqDS_smk" name="simple_seqDS"/>
    <testcase time="0.00100000000000477" classname="seqDS_smk" name="simple_seqDS"/>
    <testcase time="0.00199999999999534" classname="seqDS_smk" name="simple_seqDS"/>
    <testcase time="0.00100000000000477" classname="seqDS_smk" name="simple_seqDS"/>
    <testcase time="0.00199999999999534" classname="seqDS_smk" name="simple_seqDS"/>
    <testcase time="0.0100000000000051" classname="seqDS_smk" name="simple_seqDS"/>
    <testcase time="0.00199999999999534" classname="seqDS_smk" name="simple_seqDS"/>
    <testcase time="0.00499999999999545" classname="seqDS_smk" name="simple_seqDS"/>
    <testcase time="0.00100000000000477" classname="seqDS_smk" name="simple_seqDS"/>
    <testcase time="0.00199999999999534" classname="seqDS_smk" name="simple_seqDS"/>
    <testcase time="0.00100000000000477" classname="seqDS_smk" name="simple_seqDS"/>
    <testcase time="0.00199999999999534" classname="seqDS_smk" name="simple_seqDS"/>
    <testcase time="0.00100000000000477" classname="seqDS_smk" name="simple_seqDS"/>
    <testcase time="0.000999999999990564" classname="seqDS_smk" name="simple_seqDS"/>
    <testcase time="0.00200000000000955" classname="seqDS_smk" name="simple_seqDS"/>
    <testcase time="0.000999999999990564" classname="seqDS_smk" name="simple_seqDS"/>
  </testsuite>
  <testsuite name="seqDS::smk::shutdown" timestamp="2025-10-21T01:41:57Z" hostname="runnervmwhb2z" tests="0" skipped="0" failures="0" errors="0" time="0"/>
  <testsuite name="seqDS::smk::done" timestamp="2025-10-21T01:41:57Z" hostname="runnervmwhb2z" tests="0" skipped="0" failures="0" errors="0" time="0"/>
  <testsuite name="smk-setFilterDS" timestamp="2025-10-21T01:41:57Z" hostname="runnervmwhb2z" tests="0" skipped="0" failures="0" errors="0" time="0"/>
  <testsuite name="setFilterDS::smk::setup" timestamp="2025-10-21T01:41:57Z" hostname="runnervmwhb2z" tests="0" skipped="0" failures="0" errors="0" time="0"/>
  <testsuite name="setFilterDS::smk::simple" timestamp="2025-10-21T01:41:57Z" hostname="runnervmwhb2z" tests="6" skipped="0" failures="0" errors="0" time="0.027">
    <testcase time="0.0190000000000055" classname="setFilterDS_smk_simple" name="simple_setFilterDS"/>
    <testcase time="0.00100000000000477" classname="setFilterDS_smk_simple" name="simple_setFilterDS"/>
    <testcase time="0.00199999999999534" classname="setFilterDS_smk_simple" name="simple_setFilterDS"/>
    <testcase time="0.00300000000000011" classname="setFilterDS_smk_simple" name="simple_setFilterDS"/>
    <testcase time="0.00100000000000477" classname="setFilterDS_smk_simple" name="simple_setFilterDS"/>
    <testcase time="0.000999999999990564" classname="setFilterDS_smk_simple" name="simple_setFilterDS"/>
  </testsuite>
  <testsuite name="setFilterDS::smk::shutdown" timestamp="2025-10-21T01:41:57Z" hostname="runnervmwhb2z" tests="0" skipped="0" failures="0" errors="0" time="0"/>
  <testsuite name="setFilterDS::smk::done" timestamp="2025-10-21T01:41:57Z" hostname="runnervmwhb2z" tests="0" skipped="0" failures="0" errors="0" time="0"/>
  <testsuite name="smk-setSeedDS" timestamp="2025-10-21T01:41:57Z" hostname="runnervmwhb2z" tests="0" skipped="0" failures="0" errors="0" time="0"/>
  <testsuite name="setSeedDS::smk::setup" timestamp="2025-10-21T01:41:57Z" hostname="runnervmwhb2z" tests="0" skipped="0" failures="0" errors="0" time="0"/>
  <testsuite name="setSeedDS::smk::simple" timestamp="2025-10-21T01:41:57Z" hostname="runnervmwhb2z" tests="3" skipped="0" failures="0" errors="0" time="0.022">
    <testcase time="0.0190000000000055" classname="setSeedDS_smk_simple" name="simple_setSeedDS"/>
    <testcase time="0.00199999999999534" classname="setSeedDS_smk_simple" name="simple_setSeedDS"/>
    <testcase time="0.00100000000000477" classname="setSeedDS_smk_simple" name="simple_setSeedDS"/>
  </testsuite>
  <testsuite name="setSeedDS::smk::shutdown" timestamp="2025-10-21T01:41:57Z" hostname="runnervmwhb2z" tests="0" skipped="0" failures="0" errors="0" time="0"/>
  <testsuite name="setSeedDS::smk::done" timestamp="2025-10-21T01:41:57Z" hostname="runnervmwhb2z" tests="0" skipped="0" failures="0" errors="0" time="0"/>
  <testsuite name="smk-skewnessDS1" timestamp="2025-10-21T01:41:57Z" hostname="runnervmwhb2z" tests="0" skipped="0" failures="0" errors="0" time="0"/>
  <testsuite name="skewnessDS1::smk::setup" timestamp="2025-10-21T01:41:57Z" hostname="runnervmwhb2z" tests="0" skipped="0" failures="0" errors="0" time="0"/>
  <testsuite name="skewnessDS1::smk::method 1" timestamp="2025-10-21T01:41:57Z" hostname="runnervmwhb2z" tests="8" skipped="0" failures="0" errors="0" time="0.028">
    <testcase time="0.0190000000000055" classname="skewnessDS1_smk_method_1" name="simple_skewnessDS1_method_1"/>
    <testcase time="0.000999999999990564" classname="skewnessDS1_smk_method_1" name="simple_skewnessDS1_method_1"/>
    <testcase time="0.00100000000000477" classname="skewnessDS1_smk_method_1" name="simple_skewnessDS1_method_1"/>
    <testcase time="0.00199999999999534" classname="skewnessDS1_smk_method_1" name="simple_skewnessDS1_method_1"/>
    <testcase time="0.00100000000000477" classname="skewnessDS1_smk_method_1" name="simple_skewnessDS1_method_1"/>
    <testcase time="0.00100000000000477" classname="skewnessDS1_smk_method_1" name="simple_skewnessDS1_method_1"/>
    <testcase time="0.00199999999999534" classname="skewnessDS1_smk_method_1" name="simple_skewnessDS1_method_1"/>
    <testcase time="0.00100000000000477" classname="skewnessDS1_smk_method_1" name="simple_skewnessDS1_method_1"/>
  </testsuite>
  <testsuite name="skewnessDS1::smk::method 2" timestamp="2025-10-21T01:41:57Z" hostname="runnervmwhb2z" tests="8" skipped="0" failures="0" errors="0" time="0.055">
    <testcase time="0.0459999999999923" classname="skewnessDS1_smk_method_2" name="simple_skewnessDS1_method_2"/>
    <testcase time="0.00100000000000477" classname="skewnessDS1_smk_method_2" name="simple_skewnessDS1_method_2"/>
    <testcase time="0.000999999999990564" classname="skewnessDS1_smk_method_2" name="simple_skewnessDS1_method_2"/>
    <testcase time="0.00200000000000955" classname="skewnessDS1_smk_method_2" name="simple_skewnessDS1_method_2"/>
    <testcase time="0.000999999999990564" classname="skewnessDS1_smk_method_2" name="simple_skewnessDS1_method_2"/>
    <testcase time="0.00100000000000477" classname="skewnessDS1_smk_method_2" name="simple_skewnessDS1_method_2"/>
    <testcase time="0.00199999999999534" classname="skewnessDS1_smk_method_2" name="simple_skewnessDS1_method_2"/>
    <testcase time="0.00100000000000477" classname="skewnessDS1_smk_method_2" name="simple_skewnessDS1_method_2"/>
  </testsuite>
  <testsuite name="skewnessDS1::smk::method 3" timestamp="2025-10-21T01:41:57Z" hostname="runnervmwhb2z" tests="8" skipped="0" failures="0" errors="0" time="0.016">
    <testcase time="0.007000000000005" classname="skewnessDS1_smk_method_3" name="simple_skewnessDS1_method_3"/>
    <testcase time="0.000999999999990564" classname="skewnessDS1_smk_method_3" name="simple_skewnessDS1_method_3"/>
    <testcase time="0.00200000000000955" classname="skewnessDS1_smk_method_3" name="simple_skewnessDS1_method_3"/>
    <testcase time="0.000999999999990564" classname="skewnessDS1_smk_method_3" name="simple_skewnessDS1_method_3"/>
    <testcase time="0.00100000000000477" classname="skewnessDS1_smk_method_3" name="simple_skewnessDS1_method_3"/>
    <testcase time="0.00199999999999534" classname="skewnessDS1_smk_method_3" name="simple_skewnessDS1_method_3"/>
    <testcase time="0.00100000000000477" classname="skewnessDS1_smk_method_3" name="simple_skewnessDS1_method_3"/>
    <testcase time="0.00100000000000477" classname="skewnessDS1_smk_method_3" name="simple_skewnessDS1_method_3"/>
  </testsuite>
  <testsuite name="skewnessDS1::smk::shutdown" timestamp="2025-10-21T01:41:57Z" hostname="runnervmwhb2z" tests="0" skipped="0" failures="0" errors="0" time="0"/>
  <testsuite name="skewnessDS1::smk::done" timestamp="2025-10-21T01:41:57Z" hostname="runnervmwhb2z" tests="0" skipped="0" failures="0" errors="0" time="0"/>
  <testsuite name="smk-skewnessDS2" timestamp="2025-10-21T01:41:57Z" hostname="runnervmwhb2z" tests="0" skipped="0" failures="0" errors="0" time="0"/>
  <testsuite name="skewnessDS2::smk::setup" timestamp="2025-10-21T01:41:57Z" hostname="runnervmwhb2z" tests="0" skipped="0" failures="0" errors="0" time="0"/>
  <testsuite name="skewnessDS2::smk" timestamp="2025-10-21T01:41:57Z" hostname="runnervmwhb2z" tests="10" skipped="0" failures="0" errors="0" time="0.031">
    <testcase time="0.019999999999996" classname="skewnessDS2_smk" name="simple_skewnessDS2"/>
    <testcase time="0.00100000000000477" classname="skewnessDS2_smk" name="simple_skewnessDS2"/>
    <testcase time="0.000999999999990564" classname="skewnessDS2_smk" name="simple_skewnessDS2"/>
    <testcase time="0.00200000000000955" classname="skewnessDS2_smk" name="simple_skewnessDS2"/>
    <testcase time="0.000999999999990564" classname="skewnessDS2_smk" name="simple_skewnessDS2"/>
    <testcase time="0.00100000000000477" classname="skewnessDS2_smk" name="simple_skewnessDS2"/>
    <testcase time="0.00100000000000477" classname="skewnessDS2_smk" name="simple_skewnessDS2"/>
    <testcase time="0.00199999999999534" classname="skewnessDS2_smk" name="simple_skewnessDS2"/>
    <testcase time="0.00100000000000477" classname="skewnessDS2_smk" name="simple_skewnessDS2"/>
    <testcase time="0.000999999999990564" classname="skewnessDS2_smk" name="simple_skewnessDS2"/>
  </testsuite>
  <testsuite name="skewnessDS2::smk::shutdown" timestamp="2025-10-21T01:41:57Z" hostname="runnervmwhb2z" tests="0" skipped="0" failures="0" errors="0" time="0"/>
  <testsuite name="skewnessDS2::smk::done" timestamp="2025-10-21T01:41:57Z" hostname="runnervmwhb2z" tests="0" skipped="0" failures="0" errors="0" time="0"/>
  <testsuite name="smk-sqrtDS" timestamp="2025-10-21T01:41:57Z" hostname="runnervmwhb2z" tests="0" skipped="0" failures="0" errors="0" time="0"/>
  <testsuite name="sqrtDS::smk::setup" timestamp="2025-10-21T01:41:57Z" hostname="runnervmwhb2z" tests="0" skipped="0" failures="0" errors="0" time="0"/>
  <testsuite name="sqrtDS::smk::special" timestamp="2025-10-21T01:41:57Z" hostname="runnervmwhb2z" tests="13" skipped="0" failures="0" errors="0" time="0.058">
    <testcase time="0.0300000000000011" classname="sqrtDS_smk_special" name="simple_sqrtDS_NA"/>
    <testcase time="0.00100000000000477" classname="sqrtDS_smk_special" name="simple_sqrtDS_NA"/>
    <testcase time="0.00300000000000011" classname="sqrtDS_smk_special" name="simple_sqrtDS_NA"/>
    <testcase time="0.00400000000000489" classname="sqrtDS_smk_special" name="simple_sqrtDS_NaN"/>
    <testcase time="0.000999999999990564" classname="sqrtDS_smk_special" name="simple_sqrtDS_NaN"/>
    <testcase time="0.00300000000000011" classname="sqrtDS_smk_special" name="simple_sqrtDS_NaN"/>
    <testcase time="0.00300000000000011" classname="sqrtDS_smk_special" name="simple_sqrtDS_Inf"/>
    <testcase time="0.00100000000000477" classname="sqrtDS_smk_special" name="simple_sqrtDS_Inf"/>
    <testcase time="0.00300000000000011" classname="sqrtDS_smk_special" name="simple_sqrtDS_Inf"/>
    <testcase time="0.00300000000000011" classname="sqrtDS_smk_special" name="simple_sqrtDS_Inf"/>
    <testcase time="0.00199999999999534" classname="sqrtDS_smk_special" name="simple_sqrtDS_Inf"/>
    <testcase time="0.00100000000000477" classname="sqrtDS_smk_special" name="simple_sqrtDS_Inf"/>
    <testcase time="0.00300000000000011" classname="sqrtDS_smk_special" name="simple_sqrtDS_Inf"/>
  </testsuite>
  <testsuite name="sqrtDS::smk::numeric" timestamp="2025-10-21T01:41:57Z" hostname="runnervmwhb2z" tests="10" skipped="0" failures="0" errors="0" time="0.022">
    <testcase time="0.00600000000000023" classname="sqrtDS_smk_numeric" name="simple_sqrtDS_numeric_0.0"/>
    <testcase time="0.000999999999990564" classname="sqrtDS_smk_numeric" name="simple_sqrtDS_numeric_0.0"/>
    <testcase time="0.00100000000000477" classname="sqrtDS_smk_numeric" name="simple_sqrtDS_numeric_0.0"/>
    <testcase time="0.00300000000000011" classname="sqrtDS_smk_numeric" name="simple_sqrtDS_numeric_10.0"/>
    <testcase time="0.00199999999999534" classname="sqrtDS_smk_numeric" name="simple_sqrtDS_numeric_10.0"/>
    <testcase time="0.00100000000000477" classname="sqrtDS_smk_numeric" name="simple_sqrtDS_numeric_10.0"/>
    <testcase time="0.00300000000000011" classname="sqrtDS_smk_numeric" name="simple_sqrtDS_numeric_10.0"/>
    <testcase time="0.00199999999999534" classname="sqrtDS_smk_numeric" name="simple_sqrtDS_numeric_10.0"/>
    <testcase time="0.00100000000000477" classname="sqrtDS_smk_numeric" name="simple_sqrtDS_numeric_10.0"/>
    <testcase time="0.00199999999999534" classname="sqrtDS_smk_numeric" name="simple_sqrtDS_numeric_10.0"/>
  </testsuite>
  <testsuite name="sqrtDS::smk::integer" timestamp="2025-10-21T01:41:57Z" hostname="runnervmwhb2z" tests="10" skipped="0" failures="0" errors="0" time="0.023">
    <testcase time="0.007000000000005" classname="sqrtDS_smk_integer" name="simple_sqrtDS_integer_0L"/>
    <testcase time="0.00100000000000477" classname="sqrtDS_smk_integer" name="simple_sqrtDS_integer_0L"/>
    <testcase time="0.000999999999990564" classname="sqrtDS_smk_integer" name="simple_sqrtDS_integer_0L"/>
    <testcase time="0.00300000000000011" classname="sqrtDS_smk_integer" name="simple_sqrtDS_integer_10L"/>
    <testcase time="0.00200000000000955" classname="sqrtDS_smk_integer" name="simple_sqrtDS_integer_10L"/>
    <testcase time="0.000999999999990564" classname="sqrtDS_smk_integer" name="simple_sqrtDS_integer_10L"/>
    <testcase time="0.00300000000000011" classname="sqrtDS_smk_integer" name="simple_sqrtDS_integer_10L"/>
    <testcase time="0.00200000000000955" classname="sqrtDS_smk_integer" name="simple_sqrtDS_integer_10L"/>
    <testcase time="0.000999999999990564" classname="sqrtDS_smk_integer" name="simple_sqrtDS_integer_10L"/>
    <testcase time="0.00200000000000955" classname="sqrtDS_smk_integer" name="simple_sqrtDS_integer_10L"/>
  </testsuite>
  <testsuite name="sqrtDS::smk::special vector" timestamp="2025-10-21T01:41:57Z" hostname="runnervmwhb2z" tests="6" skipped="0" failures="0" errors="0" time="0.018">
    <testcase time="0.00699999999999079" classname="sqrtDS_smk_special_vector" name="simple_sqrtDS"/>
    <testcase time="0.00100000000000477" classname="sqrtDS_smk_special_vector" name="simple_sqrtDS"/>
    <testcase time="0.00100000000000477" classname="sqrtDS_smk_special_vector" name="simple_sqrtDS"/>
    <testcase time="0.00300000000000011" classname="sqrtDS_smk_special_vector" name="simple_sqrtDS"/>
    <testcase time="0.00300000000000011" classname="sqrtDS_smk_special_vector" name="simple_sqrtDS"/>
    <testcase time="0.00300000000000011" classname="sqrtDS_smk_special_vector" name="simple_sqrtDS"/>
  </testsuite>
  <testsuite name="sqrtDS::smk::numeric vector" timestamp="2025-10-21T01:41:57Z" hostname="runnervmwhb2z" tests="9" skipped="0" failures="0" errors="0" time="0.032">
    <testcase time="0.0150000000000006" classname="sqrtDS_smk_numeric_vector" name="simple_sqrtDS"/>
    <testcase time="0.00199999999999534" classname="sqrtDS_smk_numeric_vector" name="simple_sqrtDS"/>
    <testcase time="0.00100000000000477" classname="sqrtDS_smk_numeric_vector" name="simple_sqrtDS"/>
    <testcase time="0.00199999999999534" classname="sqrtDS_smk_numeric_vector" name="simple_sqrtDS"/>
    <testcase time="0.00100000000000477" classname="sqrtDS_smk_numeric_vector" name="simple_sqrtDS"/>
    <testcase time="0.00199999999999534" classname="sqrtDS_smk_numeric_vector" name="simple_sqrtDS"/>
    <testcase time="0.00300000000000011" classname="sqrtDS_smk_numeric_vector" name="simple_sqrtDS"/>
    <testcase time="0.00300000000000011" classname="sqrtDS_smk_numeric_vector" name="simple_sqrtDS"/>
    <testcase time="0.00300000000000011" classname="sqrtDS_smk_numeric_vector" name="simple_sqrtDS"/>
  </testsuite>
  <testsuite name="sqrtDS::smk::integer vector" timestamp="2025-10-21T01:41:58Z" hostname="runnervmwhb2z" tests="9" skipped="0" failures="0" errors="0" time="0.021">
    <testcase time="0.00600000000000023" classname="sqrtDS_smk_integer_vector" name="simple_sqrtDS"/>
    <testcase time="0.00199999999999534" classname="sqrtDS_smk_integer_vector" name="simple_sqrtDS"/>
    <testcase time="0.00100000000000477" classname="sqrtDS_smk_integer_vector" name="simple_sqrtDS"/>
    <testcase time="0.00100000000000477" classname="sqrtDS_smk_integer_vector" name="simple_sqrtDS"/>
    <testcase time="0.000999999999990564" classname="sqrtDS_smk_integer_vector" name="simple_sqrtDS"/>
    <testcase time="0.00199999999999534" classname="sqrtDS_smk_integer_vector" name="simple_sqrtDS"/>
    <testcase time="0.00200000000000955" classname="sqrtDS_smk_integer_vector" name="simple_sqrtDS"/>
    <testcase time="0.00300000000000011" classname="sqrtDS_smk_integer_vector" name="simple_sqrtDS"/>
    <testcase time="0.00300000000000011" classname="sqrtDS_smk_integer_vector" name="simple_sqrtDS"/>
  </testsuite>
  <testsuite name="sqrtDS::smk::shutdown" timestamp="2025-10-21T01:41:58Z" hostname="runnervmwhb2z" tests="0" skipped="0" failures="0" errors="0" time="0"/>
  <testsuite name="sqrtDS::smk::done" timestamp="2025-10-21T01:41:58Z" hostname="runnervmwhb2z" tests="0" skipped="0" failures="0" errors="0" time="0"/>
  <testsuite name="smk-subsetByClassDS" timestamp="2025-10-21T01:41:58Z" hostname="runnervmwhb2z" tests="0" skipped="0" failures="0" errors="0" time="0"/>
  <testsuite name="subsetByClassDS::smk::setup" timestamp="2025-10-21T01:41:58Z" hostname="runnervmwhb2z" tests="0" skipped="0" failures="0" errors="0" time="0"/>
  <testsuite name="subsetByClassDS::smk" timestamp="2025-10-21T01:41:58Z" hostname="runnervmwhb2z" tests="24" skipped="0" failures="0" errors="0" time="0.091">
    <testcase time="0.0210000000000008" classname="subsetByClassDS_smk" name="simple_subsetByClassDS_data.frame_unspecified_variables"/>
    <testcase time="0.000999999999990564" classname="subsetByClassDS_smk" name="simple_subsetByClassDS_data.frame_unspecified_variables"/>
    <testcase time="0.00100000000000477" classname="subsetByClassDS_smk" name="simple_subsetByClassDS_data.frame_unspecified_variables"/>
    <testcase time="0.00100000000000477" classname="subsetByClassDS_smk" name="simple_subsetByClassDS_data.frame_unspecified_variables"/>
    <testcase time="0.000999999999990564" classname="subsetByClassDS_smk" name="simple_subsetByClassDS_data.frame_unspecified_variables"/>
    <testcase time="0.00200000000000955" classname="subsetByClassDS_smk" name="simple_subsetByClassDS_data.frame_unspecified_variables"/>
    <testcase time="0.000999999999990564" classname="subsetByClassDS_smk" name="simple_subsetByClassDS_data.frame_unspecified_variables"/>
    <testcase time="0.00100000000000477" classname="subsetByClassDS_smk" name="simple_subsetByClassDS_data.frame_unspecified_variables"/>
    <testcase time="0.0280000000000058" classname="subsetByClassDS_smk" name="simple_subsetByClassDS_data.frame_specified_variables"/>
    <testcase time="0.00199999999999534" classname="subsetByClassDS_smk" name="simple_subsetByClassDS_data.frame_specified_variables"/>
    <testcase time="0.00100000000000477" classname="subsetByClassDS_smk" name="simple_subsetByClassDS_data.frame_specified_variables"/>
    <testcase time="0.000999999999990564" classname="subsetByClassDS_smk" name="simple_subsetByClassDS_data.frame_specified_variables"/>
    <testcase time="0.00200000000000955" classname="subsetByClassDS_smk" name="simple_subsetByClassDS_data.frame_specified_variables"/>
    <testcase time="0.000999999999990564" classname="subsetByClassDS_smk" name="simple_subsetByClassDS_data.frame_specified_variables"/>
    <testcase time="0.0100000000000051" classname="subsetByClassDS_smk" name="simple_subsetByClassDS_data.frame_specified_variables"/>
    <testcase time="0.00199999999999534" classname="subsetByClassDS_smk" name="simple_subsetByClassDS_data.frame_specified_variables"/>
    <testcase time="0.00500000000000966" classname="subsetByClassDS_smk" name="simple_subsetByClassDS_factor_vector_specified_variables"/>
    <testcase time="0.00199999999999534" classname="subsetByClassDS_smk" name="simple_subsetByClassDS_factor_vector_specified_variables"/>
    <testcase time="0.00100000000000477" classname="subsetByClassDS_smk" name="simple_subsetByClassDS_factor_vector_specified_variables"/>
    <testcase time="0.000999999999990564" classname="subsetByClassDS_smk" name="simple_subsetByClassDS_factor_vector_specified_variables"/>
    <testcase time="0.00200000000000955" classname="subsetByClassDS_smk" name="simple_subsetByClassDS_factor_vector_specified_variables"/>
    <testcase time="0.000999999999990564" classname="subsetByClassDS_smk" name="simple_subsetByClassDS_factor_vector_specified_variables"/>
    <testcase time="0.00100000000000477" classname="subsetByClassDS_smk" name="simple_subsetByClassDS_factor_vector_specified_variables"/>
    <testcase time="0.00199999999999534" classname="subsetByClassDS_smk" name="simple_subsetByClassDS_factor_vector_specified_variables"/>
  </testsuite>
  <testsuite name="subsetByClassDS::smk::shutdown" timestamp="2025-10-21T01:41:58Z" hostname="runnervmwhb2z" tests="0" skipped="0" failures="0" errors="0" time="0"/>
  <testsuite name="subsetByClassDS::smk::done" timestamp="2025-10-21T01:41:58Z" hostname="runnervmwhb2z" tests="0" skipped="0" failures="0" errors="0" time="0"/>
  <testsuite name="smk-subsetDS" timestamp="2025-10-21T01:41:58Z" hostname="runnervmwhb2z" tests="0" skipped="0" failures="0" errors="0" time="0"/>
  <testsuite name="subsetDS::smk::setup" timestamp="2025-10-21T01:41:58Z" hostname="runnervmwhb2z" tests="0" skipped="0" failures="0" errors="0" time="0"/>
  <testsuite name="subsetDS::smk" timestamp="2025-10-21T01:41:58Z" hostname="runnervmwhb2z" tests="50" skipped="0" failures="0" errors="0" time="0.172">
    <testcase time="0.0210000000000008" classname="subsetDS_smk" name="simple_subsetDS_no_NAs"/>
    <testcase time="0.00100000000000477" classname="subsetDS_smk" name="simple_subsetDS_no_NAs"/>
    <testcase time="0.00100000000000477" classname="subsetDS_smk" name="simple_subsetDS_no_NAs"/>
    <testcase time="0.00199999999999534" classname="subsetDS_smk" name="simple_subsetDS_no_NAs"/>
    <testcase time="0.000999999999990564" classname="subsetDS_smk" name="simple_subsetDS_no_NAs"/>
    <testcase time="0.00100000000000477" classname="subsetDS_smk" name="simple_subsetDS_no_NAs"/>
    <testcase time="0.00100000000000477" classname="subsetDS_smk" name="simple_subsetDS_no_NAs"/>
    <testcase time="0.00199999999999534" classname="subsetDS_smk" name="simple_subsetDS_no_NAs"/>
    <testcase time="0.00100000000000477" classname="subsetDS_smk" name="simple_subsetDS_no_NAs"/>
    <testcase time="0.000999999999990564" classname="subsetDS_smk" name="simple_subsetDS_no_NAs"/>
    <testcase time="0.00100000000000477" classname="subsetDS_smk" name="simple_subsetDS_no_NAs"/>
    <testcase time="0.00199999999999534" classname="subsetDS_smk" name="simple_subsetDS_no_NAs"/>
    <testcase time="0.00100000000000477" classname="subsetDS_smk" name="simple_subsetDS_no_NAs"/>
    <testcase time="0.00100000000000477" classname="subsetDS_smk" name="simple_subsetDS_no_NAs"/>
    <testcase time="0.00199999999999534" classname="subsetDS_smk" name="simple_subsetDS_no_NAs"/>
    <testcase time="0.00100000000000477" classname="subsetDS_smk" name="simple_subsetDS_no_NAs"/>
    <testcase time="0.000999999999990564" classname="subsetDS_smk" name="simple_subsetDS_no_NAs"/>
    <testcase time="0.00100000000000477" classname="subsetDS_smk" name="simple_subsetDS_no_NAs"/>
    <testcase time="0.0820000000000078" classname="subsetDS_smk" name="simple_subsetDS_NAs_complete.case_FALSE"/>
    <testcase time="0.000999999999990564" classname="subsetDS_smk" name="simple_subsetDS_NAs_complete.case_FALSE"/>
    <testcase time="0.00200000000000955" classname="subsetDS_smk" name="simple_subsetDS_NAs_complete.case_FALSE"/>
    <testcase time="0.000999999999990564" classname="subsetDS_smk" name="simple_subsetDS_NAs_complete.case_FALSE"/>
    <testcase time="0.00100000000000477" classname="subsetDS_smk" name="simple_subsetDS_NAs_complete.case_FALSE"/>
    <testcase time="0.00199999999999534" classname="subsetDS_smk" name="simple_subsetDS_NAs_complete.case_FALSE"/>
    <testcase time="0.00100000000000477" classname="subsetDS_smk" name="simple_subsetDS_NAs_complete.case_FALSE"/>
    <testcase time="0.00100000000000477" classname="subsetDS_smk" name="simple_subsetDS_NAs_complete.case_FALSE"/>
    <testcase time="0.00199999999999534" classname="subsetDS_smk" name="simple_subsetDS_NAs_complete.case_FALSE"/>
    <testcase time="0.00100000000000477" classname="subsetDS_smk" name="simple_subsetDS_NAs_complete.case_FALSE"/>
    <testcase time="0.000999999999990564" classname="subsetDS_smk" name="simple_subsetDS_NAs_complete.case_FALSE"/>
    <testcase time="0.00100000000000477" classname="subsetDS_smk" name="simple_subsetDS_NAs_complete.case_FALSE"/>
    <testcase time="0.000999999999990564" classname="subsetDS_smk" name="simple_subsetDS_NAs_complete.case_FALSE"/>
    <testcase time="0.00200000000000955" classname="subsetDS_smk" name="simple_subsetDS_NAs_complete.case_FALSE"/>
    <testcase time="0.000999999999990564" classname="subsetDS_smk" name="simple_subsetDS_NAs_complete.case_FALSE"/>
    <testcase time="0.00300000000000011" classname="subsetDS_smk" name="simple_subsetDS_NAs_complete.case_FALSE"/>
    <testcase time="0.00300000000000011" classname="subsetDS_smk" name="simple_subsetDS_NAs_complete.case_FALSE"/>
    <testcase time="0.00100000000000477" classname="subsetDS_smk" name="simple_subsetDS_NAs_complete.case_FALSE"/>
    <testcase time="0.00499999999999545" classname="subsetDS_smk" name="simple_subsetDS_NAs_complete.case_TRUE"/>
    <testcase time="0.00100000000000477" classname="subsetDS_smk" name="simple_subsetDS_NAs_complete.case_TRUE"/>
    <testcase time="0.000999999999990564" classname="subsetDS_smk" name="simple_subsetDS_NAs_complete.case_TRUE"/>
    <testcase time="0.00200000000000955" classname="subsetDS_smk" name="simple_subsetDS_NAs_complete.case_TRUE"/>
    <testcase time="0.000999999999990564" classname="subsetDS_smk" name="simple_subsetDS_NAs_complete.case_TRUE"/>
    <testcase time="0.00200000000000955" classname="subsetDS_smk" name="simple_subsetDS_NAs_complete.case_TRUE"/>
    <testcase time="0.000999999999990564" classname="subsetDS_smk" name="simple_subsetDS_NAs_complete.case_TRUE"/>
    <testcase time="0.00200000000000955" classname="subsetDS_smk" name="simple_subsetDS_NAs_complete.case_TRUE"/>
    <testcase time="0.000999999999990564" classname="subsetDS_smk" name="simple_subsetDS_NAs_complete.case_TRUE"/>
    <testcase time="0.00100000000000477" classname="subsetDS_smk" name="simple_subsetDS_NAs_complete.case_TRUE"/>
    <testcase time="0.00199999999999534" classname="subsetDS_smk" name="simple_subsetDS_NAs_complete.case_TRUE"/>
    <testcase time="0.00100000000000477" classname="subsetDS_smk" name="simple_subsetDS_NAs_complete.case_TRUE"/>
    <testcase time="0.00199999999999534" classname="subsetDS_smk" name="simple_subsetDS_NAs_complete.case_TRUE"/>
    <testcase time="0.00100000000000477" classname="subsetDS_smk" name="simple_subsetDS_NAs_complete.case_TRUE"/>
  </testsuite>
  <testsuite name="subsetDS::smk::shutdown" timestamp="2025-10-21T01:41:58Z" hostname="runnervmwhb2z" tests="0" skipped="0" failures="0" errors="0" time="0"/>
  <testsuite name="subsetDS::smk::done" timestamp="2025-10-21T01:41:58Z" hostname="runnervmwhb2z" tests="0" skipped="0" failures="0" errors="0" time="0"/>
  <testsuite name="smk-tapplyDS.assign" timestamp="2025-10-21T01:41:58Z" hostname="runnervmwhb2z" tests="0" skipped="0" failures="0" errors="0" time="0"/>
  <testsuite name="tapplyDS.assign::smk::setup" timestamp="2025-10-21T01:41:58Z" hostname="runnervmwhb2z" tests="0" skipped="0" failures="0" errors="0" time="0"/>
  <testsuite name="tapplyDS.assign::smk::simple" timestamp="2025-10-21T01:41:58Z" hostname="runnervmwhb2z" tests="14" skipped="0" failures="0" errors="0" time="0.05">
    <testcase time="0.0310000000000059" classname="tapplyDS.assign_smk_simple" name="simple_tapplyDS.assign"/>
    <testcase time="0.00199999999999534" classname="tapplyDS.assign_smk_simple" name="simple_tapplyDS.assign"/>
    <testcase time="0.00100000000000477" classname="tapplyDS.assign_smk_simple" name="simple_tapplyDS.assign"/>
    <testcase time="0.00199999999999534" classname="tapplyDS.assign_smk_simple" name="simple_tapplyDS.assign"/>
    <testcase time="0.00100000000000477" classname="tapplyDS.assign_smk_simple" name="simple_tapplyDS.assign"/>
    <testcase time="0.00199999999999534" classname="tapplyDS.assign_smk_simple" name="simple_tapplyDS.assign"/>
    <testcase time="0.00100000000000477" classname="tapplyDS.assign_smk_simple" name="simple_tapplyDS.assign"/>
    <testcase time="0.000999999999990564" classname="tapplyDS.assign_smk_simple" name="simple_tapplyDS.assign"/>
    <testcase time="0.00200000000000955" classname="tapplyDS.assign_smk_simple" name="simple_tapplyDS.assign"/>
    <testcase time="0.000999999999990564" classname="tapplyDS.assign_smk_simple" name="simple_tapplyDS.assign"/>
    <testcase time="0.00200000000000955" classname="tapplyDS.assign_smk_simple" name="simple_tapplyDS.assign"/>
    <testcase time="0.000999999999990564" classname="tapplyDS.assign_smk_simple" name="simple_tapplyDS.assign"/>
    <testcase time="0.00100000000000477" classname="tapplyDS.assign_smk_simple" name="simple_tapplyDS.assign"/>
    <testcase time="0.00199999999999534" classname="tapplyDS.assign_smk_simple" name="simple_tapplyDS.assign"/>
  </testsuite>
  <testsuite name="tapplyDS.assign::smk::shutdown" timestamp="2025-10-21T01:41:58Z" hostname="runnervmwhb2z" tests="0" skipped="0" failures="0" errors="0" time="0"/>
  <testsuite name="tapplyDS.assign::smk::done" timestamp="2025-10-21T01:41:58Z" hostname="runnervmwhb2z" tests="0" skipped="0" failures="0" errors="0" time="0"/>
  <testsuite name="smk-tapplyDS" timestamp="2025-10-21T01:41:58Z" hostname="runnervmwhb2z" tests="0" skipped="0" failures="0" errors="0" time="0"/>
  <testsuite name="tapplyDS::smk::setup" timestamp="2025-10-21T01:41:58Z" hostname="runnervmwhb2z" tests="78" skipped="0" failures="0" errors="0" time="0.37">
    <testcase time="0.0180000000000007" classname="tapplyDS_smk_setup" name="simple_tapplyDS_mean"/>
    <testcase time="0.00100000000000477" classname="tapplyDS_smk_setup" name="simple_tapplyDS_mean"/>
    <testcase time="0.000999999999990564" classname="tapplyDS_smk_setup" name="simple_tapplyDS_mean"/>
    <testcase time="0.00100000000000477" classname="tapplyDS_smk_setup" name="simple_tapplyDS_mean"/>
    <testcase time="0.00100000000000477" classname="tapplyDS_smk_setup" name="simple_tapplyDS_mean"/>
    <testcase time="0.000999999999990564" classname="tapplyDS_smk_setup" name="simple_tapplyDS_mean"/>
    <testcase time="0.00200000000000955" classname="tapplyDS_smk_setup" name="simple_tapplyDS_mean"/>
    <testcase time="0.000999999999990564" classname="tapplyDS_smk_setup" name="simple_tapplyDS_mean"/>
    <testcase time="0.00100000000000477" classname="tapplyDS_smk_setup" name="simple_tapplyDS_mean"/>
    <testcase time="0.00199999999999534" classname="tapplyDS_smk_setup" name="simple_tapplyDS_mean"/>
    <testcase time="0.00100000000000477" classname="tapplyDS_smk_setup" name="simple_tapplyDS_mean"/>
    <testcase time="0.00100000000000477" classname="tapplyDS_smk_setup" name="simple_tapplyDS_mean"/>
    <testcase time="0.000999999999990564" classname="tapplyDS_smk_setup" name="simple_tapplyDS_mean"/>
    <testcase time="0.00200000000000955" classname="tapplyDS_smk_setup" name="simple_tapplyDS_mean"/>
    <testcase time="0.230999999999995" classname="tapplyDS_smk_setup" name="simple_tapplyDS_sd"/>
    <testcase time="0.00100000000000477" classname="tapplyDS_smk_setup" name="simple_tapplyDS_sd"/>
    <testcase time="0.000999999999990564" classname="tapplyDS_smk_setup" name="simple_tapplyDS_sd"/>
    <testcase time="0.00100000000000477" classname="tapplyDS_smk_setup" name="simple_tapplyDS_sd"/>
    <testcase time="0.00199999999999534" classname="tapplyDS_smk_setup" name="simple_tapplyDS_sd"/>
    <testcase time="0.00100000000000477" classname="tapplyDS_smk_setup" name="simple_tapplyDS_sd"/>
    <testcase time="0.00100000000000477" classname="tapplyDS_smk_setup" name="simple_tapplyDS_sd"/>
    <testcase time="0.00199999999999534" classname="tapplyDS_smk_setup" name="simple_tapplyDS_sd"/>
    <testcase time="0.00100000000000477" classname="tapplyDS_smk_setup" name="simple_tapplyDS_sd"/>
    <testcase time="0.000999999999990564" classname="tapplyDS_smk_setup" name="simple_tapplyDS_sd"/>
    <testcase time="0.00200000000000955" classname="tapplyDS_smk_setup" name="simple_tapplyDS_sd"/>
    <testcase time="0.000999999999990564" classname="tapplyDS_smk_setup" name="simple_tapplyDS_sd"/>
    <testcase time="0.00100000000000477" classname="tapplyDS_smk_setup" name="simple_tapplyDS_sd"/>
    <testcase time="0.00199999999999534" classname="tapplyDS_smk_setup" name="simple_tapplyDS_sd"/>
    <testcase time="0.00400000000000489" classname="tapplyDS_smk_setup" name="simple_tapplyDS_sum"/>
    <testcase time="0.00100000000000477" classname="tapplyDS_smk_setup" name="simple_tapplyDS_sum"/>
    <testcase time="0.00199999999999534" classname="tapplyDS_smk_setup" name="simple_tapplyDS_sum"/>
    <testcase time="0.00100000000000477" classname="tapplyDS_smk_setup" name="simple_tapplyDS_sum"/>
    <testcase time="0.000999999999990564" classname="tapplyDS_smk_setup" name="simple_tapplyDS_sum"/>
    <testcase time="0.00200000000000955" classname="tapplyDS_smk_setup" name="simple_tapplyDS_sum"/>
    <testcase time="0.000999999999990564" classname="tapplyDS_smk_setup" name="simple_tapplyDS_sum"/>
    <testcase time="0.00100000000000477" classname="tapplyDS_smk_setup" name="simple_tapplyDS_sum"/>
    <testcase time="0.00199999999999534" classname="tapplyDS_smk_setup" name="simple_tapplyDS_sum"/>
    <testcase time="0.00100000000000477" classname="tapplyDS_smk_setup" name="simple_tapplyDS_sum"/>
    <testcase time="0.00100000000000477" classname="tapplyDS_smk_setup" name="simple_tapplyDS_sum"/>
    <testcase time="0.00199999999999534" classname="tapplyDS_smk_setup" name="simple_tapplyDS_sum"/>
    <testcase time="0.000999999999990564" classname="tapplyDS_smk_setup" name="simple_tapplyDS_sum"/>
    <testcase time="0.00200000000000955" classname="tapplyDS_smk_setup" name="simple_tapplyDS_sum"/>
    <testcase time="0.00399999999999068" classname="tapplyDS_smk_setup" name="simple_tapplyDS_quantile"/>
    <testcase time="0.00100000000000477" classname="tapplyDS_smk_setup" name="simple_tapplyDS_quantile"/>
    <testcase time="0.000999999999990564" classname="tapplyDS_smk_setup" name="simple_tapplyDS_quantile"/>
    <testcase time="0.00100000000000477" classname="tapplyDS_smk_setup" name="simple_tapplyDS_quantile"/>
    <testcase time="0.00199999999999534" classname="tapplyDS_smk_setup" name="simple_tapplyDS_quantile"/>
    <testcase time="0.00100000000000477" classname="tapplyDS_smk_setup" name="simple_tapplyDS_quantile"/>
    <testcase time="0.00199999999999534" classname="tapplyDS_smk_setup" name="simple_tapplyDS_quantile"/>
    <testcase time="0.00100000000000477" classname="tapplyDS_smk_setup" name="simple_tapplyDS_quantile"/>
    <testcase time="0.00199999999999534" classname="tapplyDS_smk_setup" name="simple_tapplyDS_quantile"/>
    <testcase time="0.00100000000000477" classname="tapplyDS_smk_setup" name="simple_tapplyDS_quantile"/>
    <testcase time="0.00100000000000477" classname="tapplyDS_smk_setup" name="simple_tapplyDS_quantile"/>
    <testcase time="0.00199999999999534" classname="tapplyDS_smk_setup" name="simple_tapplyDS_quantile"/>
    <testcase time="0.00100000000000477" classname="tapplyDS_smk_setup" name="simple_tapplyDS_quantile"/>
    <testcase time="0.00199999999999534" classname="tapplyDS_smk_setup" name="simple_tapplyDS_quantile"/>
    <testcase time="0.00100000000000477" classname="tapplyDS_smk_setup" name="simple_tapplyDS_quantile"/>
    <testcase time="0.00199999999999534" classname="tapplyDS_smk_setup" name="simple_tapplyDS_quantile"/>
    <testcase time="0.00199999999999534" classname="tapplyDS_smk_setup" name="simple_tapplyDS_quantile"/>
    <testcase time="0.00100000000000477" classname="tapplyDS_smk_setup" name="simple_tapplyDS_quantile"/>
    <testcase time="0.00199999999999534" classname="tapplyDS_smk_setup" name="simple_tapplyDS_quantile"/>
    <testcase time="0.00100000000000477" classname="tapplyDS_smk_setup" name="simple_tapplyDS_quantile"/>
    <testcase time="0.00199999999999534" classname="tapplyDS_smk_setup" name="simple_tapplyDS_quantile"/>
    <testcase time="0.00100000000000477" classname="tapplyDS_smk_setup" name="simple_tapplyDS_quantile"/>
    <testcase time="0.00199999999999534" classname="tapplyDS_smk_setup" name="simple_tapplyDS_quantile"/>
    <testcase time="0.00100000000000477" classname="tapplyDS_smk_setup" name="simple_tapplyDS_quantile"/>
    <testcase time="0.000999999999990564" classname="tapplyDS_smk_setup" name="simple_tapplyDS_quantile"/>
    <testcase time="0.00200000000000955" classname="tapplyDS_smk_setup" name="simple_tapplyDS_quantile"/>
    <testcase time="0.00199999999999534" classname="tapplyDS_smk_setup" name="simple_tapplyDS_quantile"/>
    <testcase time="0.00100000000000477" classname="tapplyDS_smk_setup" name="simple_tapplyDS_quantile"/>
    <testcase time="0.00199999999999534" classname="tapplyDS_smk_setup" name="simple_tapplyDS_quantile"/>
    <testcase time="0.00100000000000477" classname="tapplyDS_smk_setup" name="simple_tapplyDS_quantile"/>
    <testcase time="0.00100000000000477" classname="tapplyDS_smk_setup" name="simple_tapplyDS_quantile"/>
    <testcase time="0.0109999999999957" classname="tapplyDS_smk_setup" name="simple_tapplyDS_quantile"/>
    <testcase time="0.00200000000000955" classname="tapplyDS_smk_setup" name="simple_tapplyDS_quantile"/>
    <testcase time="0.00199999999999534" classname="tapplyDS_smk_setup" name="simple_tapplyDS_quantile"/>
    <testcase time="0.00199999999999534" classname="tapplyDS_smk_setup" name="simple_tapplyDS_quantile"/>
    <testcase time="0.00200000000000955" classname="tapplyDS_smk_setup" name="simple_tapplyDS_quantile"/>
  </testsuite>
  <testsuite name="tapplyDS::smk::shutdown" timestamp="2025-10-21T01:41:58Z" hostname="runnervmwhb2z" tests="0" skipped="0" failures="0" errors="0" time="0"/>
  <testsuite name="tapplyDS::smk::done" timestamp="2025-10-21T01:41:58Z" hostname="runnervmwhb2z" tests="0" skipped="0" failures="0" errors="0" time="0"/>
  <testsuite name="smk-testObjExistsDS" timestamp="2025-10-21T01:41:58Z" hostname="runnervmwhb2z" tests="0" skipped="0" failures="0" errors="0" time="0"/>
  <testsuite name="testObjExistsDS::smk::setup" timestamp="2025-10-21T01:41:58Z" hostname="runnervmwhb2z" tests="0" skipped="0" failures="0" errors="0" time="0"/>
  <testsuite name="testObjExistsDS::smk::character" timestamp="2025-10-21T01:41:58Z" hostname="runnervmwhb2z" tests="8" skipped="0" failures="0" errors="0" time="0.037">
    <testcase time="0.0259999999999962" classname="testObjExistsDS_smk_character" name="simple_testObjExistsDS_character"/>
    <testcase time="0.00100000000000477" classname="testObjExistsDS_smk_character" name="simple_testObjExistsDS_character"/>
    <testcase time="0.000999999999990564" classname="testObjExistsDS_smk_character" name="simple_testObjExistsDS_character"/>
    <testcase time="0.00100000000000477" classname="testObjExistsDS_smk_character" name="simple_testObjExistsDS_character"/>
    <testcase time="0.00400000000000489" classname="testObjExistsDS_smk_character" name="simple_testObjExistsDS_character_vector"/>
    <testcase time="0.000999999999990564" classname="testObjExistsDS_smk_character" name="simple_testObjExistsDS_character_vector"/>
    <testcase time="0.00100000000000477" classname="testObjExistsDS_smk_character" name="simple_testObjExistsDS_character_vector"/>
    <testcase time="0.00199999999999534" classname="testObjExistsDS_smk_character" name="simple_testObjExistsDS_character_vector"/>
  </testsuite>
  <testsuite name="testObjExistsDS::smk::integer" timestamp="2025-10-21T01:41:58Z" hostname="runnervmwhb2z" tests="8" skipped="0" failures="0" errors="0" time="0.016">
    <testcase time="0.00600000000000023" classname="testObjExistsDS_smk_integer" name="simple_testObjExistsDS_integer"/>
    <testcase time="0.00100000000000477" classname="testObjExistsDS_smk_integer" name="simple_testObjExistsDS_integer"/>
    <testcase time="0.00100000000000477" classname="testObjExistsDS_smk_integer" name="simple_testObjExistsDS_integer"/>
    <testcase time="0.00199999999999534" classname="testObjExistsDS_smk_integer" name="simple_testObjExistsDS_integer"/>
    <testcase time="0.00300000000000011" classname="testObjExistsDS_smk_integer" name="simple_testObjExistsDS_integer_vector"/>
    <testcase time="0.00100000000000477" classname="testObjExistsDS_smk_integer" name="simple_testObjExistsDS_integer_vector"/>
    <testcase time="0.000999999999990564" classname="testObjExistsDS_smk_integer" name="simple_testObjExistsDS_integer_vector"/>
    <testcase time="0.00100000000000477" classname="testObjExistsDS_smk_integer" name="simple_testObjExistsDS_integer_vector"/>
  </testsuite>
  <testsuite name="testObjExistsDS::smk::numeric" timestamp="2025-10-21T01:41:58Z" hostname="runnervmwhb2z" tests="8" skipped="0" failures="0" errors="0" time="0.017">
    <testcase time="0.00699999999999079" classname="testObjExistsDS_smk_numeric" name="simple_testObjExistsDS_numeric"/>
    <testcase time="0.00100000000000477" classname="testObjExistsDS_smk_numeric" name="simple_testObjExistsDS_numeric"/>
    <testcase time="0.00100000000000477" classname="testObjExistsDS_smk_numeric" name="simple_testObjExistsDS_numeric"/>
    <testcase time="0.000999999999990564" classname="testObjExistsDS_smk_numeric" name="simple_testObjExistsDS_numeric"/>
    <testcase time="0.00400000000000489" classname="testObjExistsDS_smk_numeric" name="simple_testObjExistsDS_numeric_vector"/>
    <testcase time="0.00100000000000477" classname="testObjExistsDS_smk_numeric" name="simple_testObjExistsDS_numeric_vector"/>
    <testcase time="0.000999999999990564" classname="testObjExistsDS_smk_numeric" name="simple_testObjExistsDS_numeric_vector"/>
    <testcase time="0.00100000000000477" classname="testObjExistsDS_smk_numeric" name="simple_testObjExistsDS_numeric_vector"/>
  </testsuite>
  <testsuite name="testObjExistsDS::smk::logical" timestamp="2025-10-21T01:41:58Z" hostname="runnervmwhb2z" tests="12" skipped="0" failures="0" errors="0" time="0.024">
    <testcase time="0.007000000000005" classname="testObjExistsDS_smk_logical" name="simple_testObjExistsDS_logical_FALSE"/>
    <testcase time="0.000999999999990564" classname="testObjExistsDS_smk_logical" name="simple_testObjExistsDS_logical_FALSE"/>
    <testcase time="0.00100000000000477" classname="testObjExistsDS_smk_logical" name="simple_testObjExistsDS_logical_FALSE"/>
    <testcase time="0.00100000000000477" classname="testObjExistsDS_smk_logical" name="simple_testObjExistsDS_logical_FALSE"/>
    <testcase time="0.00399999999999068" classname="testObjExistsDS_smk_logical" name="simple_testObjExistsDS_logical_TRUE"/>
    <testcase time="0.00100000000000477" classname="testObjExistsDS_smk_logical" name="simple_testObjExistsDS_logical_TRUE"/>
    <testcase time="0.00100000000000477" classname="testObjExistsDS_smk_logical" name="simple_testObjExistsDS_logical_TRUE"/>
    <testcase time="0.000999999999990564" classname="testObjExistsDS_smk_logical" name="simple_testObjExistsDS_logical_TRUE"/>
    <testcase time="0.00400000000000489" classname="testObjExistsDS_smk_logical" name="simple_testObjExistsDS_logical_vector"/>
    <testcase time="0.00100000000000477" classname="testObjExistsDS_smk_logical" name="simple_testObjExistsDS_logical_vector"/>
    <testcase time="0.000999999999990564" classname="testObjExistsDS_smk_logical" name="simple_testObjExistsDS_logical_vector"/>
    <testcase time="0.00100000000000477" classname="testObjExistsDS_smk_logical" name="simple_testObjExistsDS_logical_vector"/>
  </testsuite>
  <testsuite name="testObjExistsDS::smk::data.frame" timestamp="2025-10-21T01:41:58Z" hostname="runnervmwhb2z" tests="4" skipped="0" failures="0" errors="0" time="0.011">
    <testcase time="0.007000000000005" classname="testObjExistsDS_smk_data.frame" name="simple_testObjExistsDS_data.frame"/>
    <testcase time="0.00199999999999534" classname="testObjExistsDS_smk_data.frame" name="simple_testObjExistsDS_data.frame"/>
    <testcase time="0.00100000000000477" classname="testObjExistsDS_smk_data.frame" name="simple_testObjExistsDS_data.frame"/>
    <testcase time="0.000999999999990564" classname="testObjExistsDS_smk_data.frame" name="simple_testObjExistsDS_data.frame"/>
  </testsuite>
  <testsuite name="testObjExistsDS::smk::array" timestamp="2025-10-21T01:41:58Z" hostname="runnervmwhb2z" tests="4" skipped="0" failures="0" errors="0" time="0.011">
    <testcase time="0.007000000000005" classname="testObjExistsDS_smk_array" name="simple_testObjExistsDS_array"/>
    <testcase time="0.00100000000000477" classname="testObjExistsDS_smk_array" name="simple_testObjExistsDS_array"/>
    <testcase time="0.00199999999999534" classname="testObjExistsDS_smk_array" name="simple_testObjExistsDS_array"/>
    <testcase time="0.00100000000000477" classname="testObjExistsDS_smk_array" name="simple_testObjExistsDS_array"/>
  </testsuite>
  <testsuite name="testObjExistsDS::smk::matrix" timestamp="2025-10-21T01:41:58Z" hostname="runnervmwhb2z" tests="6" skipped="0" failures="0" errors="0" time="0.025">
    <testcase time="0.00699999999999079" classname="testObjExistsDS_smk_matrix" name="simple_testObjExistsDS_matrix"/>
    <testcase time="0.00100000000000477" classname="testObjExistsDS_smk_matrix" name="simple_testObjExistsDS_matrix"/>
    <testcase time="0.00100000000000477" classname="testObjExistsDS_smk_matrix" name="simple_testObjExistsDS_matrix"/>
    <testcase time="0.00999999999999091" classname="testObjExistsDS_smk_matrix" name="simple_testObjExistsDS_matrix"/>
    <testcase time="0.00300000000000011" classname="testObjExistsDS_smk_matrix" name="simple_testObjExistsDS_matrix"/>
    <testcase time="0.00300000000000011" classname="testObjExistsDS_smk_matrix" name="simple_testObjExistsDS_matrix"/>
  </testsuite>
  <testsuite name="testObjExistsDS::smk::data.matrix" timestamp="2025-10-21T01:41:58Z" hostname="runnervmwhb2z" tests="6" skipped="0" failures="0" errors="0" time="0.019">
    <testcase time="0.00800000000000978" classname="testObjExistsDS_smk_data.matrix" name="simple_testObjExistsDS_data.matrix"/>
    <testcase time="0.000999999999990564" classname="testObjExistsDS_smk_data.matrix" name="simple_testObjExistsDS_data.matrix"/>
    <testcase time="0.00200000000000955" classname="testObjExistsDS_smk_data.matrix" name="simple_testObjExistsDS_data.matrix"/>
    <testcase time="0.00199999999999534" classname="testObjExistsDS_smk_data.matrix" name="simple_testObjExistsDS_data.matrix"/>
    <testcase time="0.00300000000000011" classname="testObjExistsDS_smk_data.matrix" name="simple_testObjExistsDS_data.matrix"/>
    <testcase time="0.00300000000000011" classname="testObjExistsDS_smk_data.matrix" name="simple_testObjExistsDS_data.matrix"/>
  </testsuite>
  <testsuite name="testObjExistsDS::smk::date" timestamp="2025-10-21T01:41:58Z" hostname="runnervmwhb2z" tests="4" skipped="0" failures="0" errors="0" time="0.012">
    <testcase time="0.00799999999999557" classname="testObjExistsDS_smk_date" name="simple_testObjExistsDS_date"/>
    <testcase time="0.00100000000000477" classname="testObjExistsDS_smk_date" name="simple_testObjExistsDS_date"/>
    <testcase time="0.00100000000000477" classname="testObjExistsDS_smk_date" name="simple_testObjExistsDS_date"/>
    <testcase time="0.00199999999999534" classname="testObjExistsDS_smk_date" name="simple_testObjExistsDS_date"/>
  </testsuite>
  <testsuite name="testObjExistsDS::smk::formula" timestamp="2025-10-21T01:41:58Z" hostname="runnervmwhb2z" tests="4" skipped="0" failures="0" errors="0" time="0.01">
    <testcase time="0.00600000000000023" classname="testObjExistsDS_smk_formula" name="simple_testObjExistsDS_formula"/>
    <testcase time="0.000999999999990564" classname="testObjExistsDS_smk_formula" name="simple_testObjExistsDS_formula"/>
    <testcase time="0.00200000000000955" classname="testObjExistsDS_smk_formula" name="simple_testObjExistsDS_formula"/>
    <testcase time="0.000999999999990564" classname="testObjExistsDS_smk_formula" name="simple_testObjExistsDS_formula"/>
  </testsuite>
  <testsuite name="testObjExistsDS::smk::environment" timestamp="2025-10-21T01:41:58Z" hostname="runnervmwhb2z" tests="4" skipped="0" failures="0" errors="0" time="0.01">
    <testcase time="0.00600000000000023" classname="testObjExistsDS_smk_environment" name="simple_testObjExistsDS_environment"/>
    <testcase time="0.00100000000000477" classname="testObjExistsDS_smk_environment" name="simple_testObjExistsDS_environment"/>
    <testcase time="0.00100000000000477" classname="testObjExistsDS_smk_environment" name="simple_testObjExistsDS_environment"/>
    <testcase time="0.00199999999999534" classname="testObjExistsDS_smk_environment" name="simple_testObjExistsDS_environment"/>
  </testsuite>
  <testsuite name="testObjExistsDS::smk::NA" timestamp="2025-10-21T01:41:58Z" hostname="runnervmwhb2z" tests="4" skipped="0" failures="0" errors="0" time="0.01">
    <testcase time="0.00600000000000023" classname="testObjExistsDS_smk_NA" name="special_testObjExistsDS_NA"/>
    <testcase time="0.00100000000000477" classname="testObjExistsDS_smk_NA" name="special_testObjExistsDS_NA"/>
    <testcase time="0.000999999999990564" classname="testObjExistsDS_smk_NA" name="special_testObjExistsDS_NA"/>
    <testcase time="0.00200000000000955" classname="testObjExistsDS_smk_NA" name="special_testObjExistsDS_NA"/>
  </testsuite>
  <testsuite name="testObjExistsDS::smk::NULL" timestamp="2025-10-21T01:41:58Z" hostname="runnervmwhb2z" tests="4" skipped="0" failures="0" errors="0" time="0.01">
    <testcase time="0.00600000000000023" classname="testObjExistsDS_smk_NULL" name="special_testObjExistsDS_NULL"/>
    <testcase time="0.000999999999990564" classname="testObjExistsDS_smk_NULL" name="special_testObjExistsDS_NULL"/>
    <testcase time="0.00100000000000477" classname="testObjExistsDS_smk_NULL" name="special_testObjExistsDS_NULL"/>
    <testcase time="0.00199999999999534" classname="testObjExistsDS_smk_NULL" name="special_testObjExistsDS_NULL"/>
  </testsuite>
  <testsuite name="testObjExistsDS::smk::not exists" timestamp="2025-10-21T01:41:58Z" hostname="runnervmwhb2z" tests="4" skipped="0" failures="0" errors="0" time="0.01">
    <testcase time="0.00600000000000023" classname="testObjExistsDS_smk_not_exists" name="special_testObjExistsDS_not_exists"/>
    <testcase time="0.00100000000000477" classname="testObjExistsDS_smk_not_exists" name="special_testObjExistsDS_not_exists"/>
    <testcase time="0.00100000000000477" classname="testObjExistsDS_smk_not_exists" name="special_testObjExistsDS_not_exists"/>
    <testcase time="0.00199999999999534" classname="testObjExistsDS_smk_not_exists" name="special_testObjExistsDS_not_exists"/>
  </testsuite>
  <testsuite name="testObjExistsDS::smk::shutdown" timestamp="2025-10-21T01:41:58Z" hostname="runnervmwhb2z" tests="0" skipped="0" failures="0" errors="0" time="0"/>
  <testsuite name="testObjExistsDS::smk::done" timestamp="2025-10-21T01:41:58Z" hostname="runnervmwhb2z" tests="0" skipped="0" failures="0" errors="0" time="0"/>
  <testsuite name="smk-uniqueDS" timestamp="2025-10-21T01:41:58Z" hostname="runnervmwhb2z" tests="0" skipped="0" failures="0" errors="0" time="0"/>
  <testsuite name="uniqueDS::smk::setup" timestamp="2025-10-21T01:41:58Z" hostname="runnervmwhb2z" tests="0" skipped="0" failures="0" errors="0" time="0"/>
  <testsuite name="uniqueDS::smk::simple for vector" timestamp="2025-10-21T01:41:58Z" hostname="runnervmwhb2z" tests="6" skipped="0" failures="0" errors="0" time="0.024">
    <testcase time="0.0190000000000055" classname="uniqueDS_smk_simple_for_vector" name="simple_uniqueDS_for_vector"/>
    <testcase time="0.000999999999990564" classname="uniqueDS_smk_simple_for_vector" name="simple_uniqueDS_for_vector"/>
    <testcase time="0.00100000000000477" classname="uniqueDS_smk_simple_for_vector" name="simple_uniqueDS_for_vector"/>
    <testcase time="0.000999999999990564" classname="uniqueDS_smk_simple_for_vector" name="simple_uniqueDS_for_vector"/>
    <testcase time="0.00100000000000477" classname="uniqueDS_smk_simple_for_vector" name="simple_uniqueDS_for_vector"/>
    <testcase time="0.00100000000000477" classname="uniqueDS_smk_simple_for_vector" name="simple_uniqueDS_for_vector"/>
  </testsuite>
  <testsuite name="uniqueDS::smk::simple for vector" timestamp="2025-10-21T01:41:58Z" hostname="runnervmwhb2z" tests="7" skipped="0" failures="0" errors="0" time="0.015">
    <testcase time="0.00699999999999079" classname="uniqueDS_smk_simple_for_vector" name="simple_uniqueDS_for_list"/>
    <testcase time="0.00100000000000477" classname="uniqueDS_smk_simple_for_vector" name="simple_uniqueDS_for_list"/>
    <testcase time="0.00100000000000477" classname="uniqueDS_smk_simple_for_vector" name="simple_uniqueDS_for_list"/>
    <testcase time="0.00199999999999534" classname="uniqueDS_smk_simple_for_vector" name="simple_uniqueDS_for_list"/>
    <testcase time="0.00100000000000477" classname="uniqueDS_smk_simple_for_vector" name="simple_uniqueDS_for_list"/>
    <testcase time="0.000999999999990564" classname="uniqueDS_smk_simple_for_vector" name="simple_uniqueDS_for_list"/>
    <testcase time="0.00200000000000955" classname="uniqueDS_smk_simple_for_vector" name="simple_uniqueDS_for_list"/>
  </testsuite>
  <testsuite name="uniqueDS::smk::shutdown" timestamp="2025-10-21T01:41:58Z" hostname="runnervmwhb2z" tests="0" skipped="0" failures="0" errors="0" time="0"/>
  <testsuite name="uniqueDS::smk::done" timestamp="2025-10-21T01:41:58Z" hostname="runnervmwhb2z" tests="0" skipped="0" failures="0" errors="0" time="0"/>
  <testsuite name="smk-unListDS" timestamp="2025-10-21T01:41:58Z" hostname="runnervmwhb2z" tests="0" skipped="0" failures="0" errors="0" time="0"/>
  <testsuite name="unListDS::smk::setup" timestamp="2025-10-21T01:41:58Z" hostname="runnervmwhb2z" tests="0" skipped="0" failures="0" errors="0" time="0"/>
  <testsuite name="unListDS::smk::simple" timestamp="2025-10-21T01:41:58Z" hostname="runnervmwhb2z" tests="16" skipped="0" failures="0" errors="0" time="0.052">
    <testcase time="0.0319999999999965" classname="unListDS_smk_simple" name="simple_unListDS"/>
    <testcase time="0.00100000000000477" classname="unListDS_smk_simple" name="simple_unListDS"/>
    <testcase time="0.00199999999999534" classname="unListDS_smk_simple" name="simple_unListDS"/>
    <testcase time="0.00100000000000477" classname="unListDS_smk_simple" name="simple_unListDS"/>
    <testcase time="0.00199999999999534" classname="unListDS_smk_simple" name="simple_unListDS"/>
    <testcase time="0.00100000000000477" classname="unListDS_smk_simple" name="simple_unListDS"/>
    <testcase time="0.000999999999990564" classname="unListDS_smk_simple" name="simple_unListDS"/>
    <testcase time="0.00199999999999534" classname="unListDS_smk_simple" name="simple_unListDS"/>
    <testcase time="0.00100000000000477" classname="unListDS_smk_simple" name="simple_unListDS"/>
    <testcase time="0.00100000000000477" classname="unListDS_smk_simple" name="simple_unListDS"/>
    <testcase time="0.00199999999999534" classname="unListDS_smk_simple" name="simple_unListDS"/>
    <testcase time="0.00100000000000477" classname="unListDS_smk_simple" name="simple_unListDS"/>
    <testcase time="0.000999999999990564" classname="unListDS_smk_simple" name="simple_unListDS"/>
    <testcase time="0.00100000000000477" classname="unListDS_smk_simple" name="simple_unListDS"/>
    <testcase time="0.00199999999999534" classname="unListDS_smk_simple" name="simple_unListDS"/>
    <testcase time="0.00100000000000477" classname="unListDS_smk_simple" name="simple_unListDS"/>
  </testsuite>
  <testsuite name="unListDS::smk::shutdown" timestamp="2025-10-21T01:41:59Z" hostname="runnervmwhb2z" tests="0" skipped="0" failures="0" errors="0" time="0"/>
  <testsuite name="unListDS::smk::done" timestamp="2025-10-21T01:41:59Z" hostname="runnervmwhb2z" tests="0" skipped="0" failures="0" errors="0" time="0"/>
  <testsuite name="smk-varDS" timestamp="2025-10-21T01:41:59Z" hostname="runnervmwhb2z" tests="0" skipped="0" failures="0" errors="0" time="0"/>
  <testsuite name="varDS::smk::setup" timestamp="2025-10-21T01:41:59Z" hostname="runnervmwhb2z" tests="0" skipped="0" failures="0" errors="0" time="0"/>
  <testsuite name="varDS::smk::numeric" timestamp="2025-10-21T01:41:59Z" hostname="runnervmwhb2z" tests="14" skipped="0" failures="0" errors="0" time="0.051">
    <testcase time="0.0349999999999966" classname="varDS_smk_numeric" name="numeric_varDS"/>
    <testcase time="0.00100000000000477" classname="varDS_smk_numeric" name="numeric_varDS"/>
    <testcase time="0.00100000000000477" classname="varDS_smk_numeric" name="numeric_varDS"/>
    <testcase time="0.000999999999990564" classname="varDS_smk_numeric" name="numeric_varDS"/>
    <testcase time="0.00200000000000955" classname="varDS_smk_numeric" name="numeric_varDS"/>
    <testcase time="0.000999999999990564" classname="varDS_smk_numeric" name="numeric_varDS"/>
    <testcase time="0.00100000000000477" classname="varDS_smk_numeric" name="numeric_varDS"/>
    <testcase time="0.00100000000000477" classname="varDS_smk_numeric" name="numeric_varDS"/>
    <testcase time="0.00199999999999534" classname="varDS_smk_numeric" name="numeric_varDS"/>
    <testcase time="0.00100000000000477" classname="varDS_smk_numeric" name="numeric_varDS"/>
    <testcase time="0.000999999999990564" classname="varDS_smk_numeric" name="numeric_varDS"/>
    <testcase time="0.00200000000000955" classname="varDS_smk_numeric" name="numeric_varDS"/>
    <testcase time="0.000999999999990564" classname="varDS_smk_numeric" name="numeric_varDS"/>
    <testcase time="0.00100000000000477" classname="varDS_smk_numeric" name="numeric_varDS"/>
  </testsuite>
  <testsuite name="varDS::smk::numeric with NA" timestamp="2025-10-21T01:41:59Z" hostname="runnervmwhb2z" tests="14" skipped="0" failures="0" errors="0" time="0.024">
    <testcase time="0.007000000000005" classname="varDS_smk_numeric_with_NA" name="numeric_varDS_with_NA"/>
    <testcase time="0.000999999999990564" classname="varDS_smk_numeric_with_NA" name="numeric_varDS_with_NA"/>
    <testcase time="0.00100000000000477" classname="varDS_smk_numeric_with_NA" name="numeric_varDS_with_NA"/>
    <testcase time="0.00199999999999534" classname="varDS_smk_numeric_with_NA" name="numeric_varDS_with_NA"/>
    <testcase time="0.00100000000000477" classname="varDS_smk_numeric_with_NA" name="numeric_varDS_with_NA"/>
    <testcase time="0.00100000000000477" classname="varDS_smk_numeric_with_NA" name="numeric_varDS_with_NA"/>
    <testcase time="0.00199999999999534" classname="varDS_smk_numeric_with_NA" name="numeric_varDS_with_NA"/>
    <testcase time="0.00100000000000477" classname="varDS_smk_numeric_with_NA" name="numeric_varDS_with_NA"/>
    <testcase time="0.000999999999990564" classname="varDS_smk_numeric_with_NA" name="numeric_varDS_with_NA"/>
    <testcase time="0.00200000000000955" classname="varDS_smk_numeric_with_NA" name="numeric_varDS_with_NA"/>
    <testcase time="0.000999999999990564" classname="varDS_smk_numeric_with_NA" name="numeric_varDS_with_NA"/>
    <testcase time="0.00100000000000477" classname="varDS_smk_numeric_with_NA" name="numeric_varDS_with_NA"/>
    <testcase time="0.00199999999999534" classname="varDS_smk_numeric_with_NA" name="numeric_varDS_with_NA"/>
    <testcase time="0.00100000000000477" classname="varDS_smk_numeric_with_NA" name="numeric_varDS_with_NA"/>
  </testsuite>
  <testsuite name="varDS::smk::numeric with all NA" timestamp="2025-10-21T01:41:59Z" hostname="runnervmwhb2z" tests="14" skipped="0" failures="0" errors="0" time="0.033">
    <testcase time="0.007000000000005" classname="varDS_smk_numeric_with_all_NA" name="numeric_varDS_with_all_NA"/>
    <testcase time="0.00999999999999091" classname="varDS_smk_numeric_with_all_NA" name="numeric_varDS_with_all_NA"/>
    <testcase time="0.00100000000000477" classname="varDS_smk_numeric_with_all_NA" name="numeric_varDS_with_all_NA"/>
    <testcase time="0.00199999999999534" classname="varDS_smk_numeric_with_all_NA" name="numeric_varDS_with_all_NA"/>
    <testcase time="0.00100000000000477" classname="varDS_smk_numeric_with_all_NA" name="numeric_varDS_with_all_NA"/>
    <testcase time="0.00199999999999534" classname="varDS_smk_numeric_with_all_NA" name="numeric_varDS_with_all_NA"/>
    <testcase time="0.00100000000000477" classname="varDS_smk_numeric_with_all_NA" name="numeric_varDS_with_all_NA"/>
    <testcase time="0.00100000000000477" classname="varDS_smk_numeric_with_all_NA" name="numeric_varDS_with_all_NA"/>
    <testcase time="0.00100000000000477" classname="varDS_smk_numeric_with_all_NA" name="numeric_varDS_with_all_NA"/>
    <testcase time="0.00100000000000477" classname="varDS_smk_numeric_with_all_NA" name="numeric_varDS_with_all_NA"/>
    <testcase time="0.00199999999999534" classname="varDS_smk_numeric_with_all_NA" name="numeric_varDS_with_all_NA"/>
    <testcase time="0.00100000000000477" classname="varDS_smk_numeric_with_all_NA" name="numeric_varDS_with_all_NA"/>
    <testcase time="0.00199999999999534" classname="varDS_smk_numeric_with_all_NA" name="numeric_varDS_with_all_NA"/>
    <testcase time="0.00100000000000477" classname="varDS_smk_numeric_with_all_NA" name="numeric_varDS_with_all_NA"/>
  </testsuite>
  <testsuite name="varDS::smk::shutdown" timestamp="2025-10-21T01:41:59Z" hostname="runnervmwhb2z" tests="0" skipped="0" failures="0" errors="0" time="0"/>
  <testsuite name="varDS::smk::done" timestamp="2025-10-21T01:41:59Z" hostname="runnervmwhb2z" tests="0" skipped="0" failures="0" errors="0" time="0"/>
  <testsuite name="smk-vectorDS" timestamp="2025-10-21T01:41:59Z" hostname="runnervmwhb2z" tests="0" skipped="0" failures="0" errors="0" time="0"/>
  <testsuite name="vectorDS::smk::setup" timestamp="2025-10-21T01:41:59Z" hostname="runnervmwhb2z" tests="0" skipped="0" failures="0" errors="0" time="0"/>
  <testsuite name="vectorDS::smk::numeric list" timestamp="2025-10-21T01:41:59Z" hostname="runnervmwhb2z" tests="6" skipped="0" failures="0" errors="0" time="0.03">
    <testcase time="0.0239999999999867" classname="vectorDS_smk_numeric_list" name="numeric_list_vectorDS"/>
    <testcase time="0.00100000000000477" classname="vectorDS_smk_numeric_list" name="numeric_list_vectorDS"/>
    <testcase time="0.00199999999999534" classname="vectorDS_smk_numeric_list" name="numeric_list_vectorDS"/>
    <testcase time="0.00100000000000477" classname="vectorDS_smk_numeric_list" name="numeric_list_vectorDS"/>
    <testcase time="0.00100000000000477" classname="vectorDS_smk_numeric_list" name="numeric_list_vectorDS"/>
    <testcase time="0.000999999999990564" classname="vectorDS_smk_numeric_list" name="numeric_list_vectorDS"/>
  </testsuite>
  <testsuite name="vectorDS::smk::character list" timestamp="2025-10-21T01:41:59Z" hostname="runnervmwhb2z" tests="6" skipped="0" failures="0" errors="0" time="0.013">
    <testcase time="0.007000000000005" classname="vectorDS_smk_character_list" name="character_list_vectorDS"/>
    <testcase time="0.00100000000000477" classname="vectorDS_smk_character_list" name="character_list_vectorDS"/>
    <testcase time="0.00199999999999534" classname="vectorDS_smk_character_list" name="character_list_vectorDS"/>
    <testcase time="0.00100000000000477" classname="vectorDS_smk_character_list" name="character_list_vectorDS"/>
    <testcase time="0.000999999999990564" classname="vectorDS_smk_character_list" name="character_list_vectorDS"/>
    <testcase time="0.00100000000000477" classname="vectorDS_smk_character_list" name="character_list_vectorDS"/>
  </testsuite>
  <testsuite name="vectorDS::smk::numeric list small" timestamp="2025-10-21T01:41:59Z" hostname="runnervmwhb2z" tests="4" skipped="0" failures="0" errors="0" time="0.011">
    <testcase time="0.007000000000005" classname="vectorDS_smk_numeric_list_small" name="single_numeric_list_small_vectorDS"/>
    <testcase time="0.000999999999990564" classname="vectorDS_smk_numeric_list_small" name="single_numeric_list_small_vectorDS"/>
    <testcase time="0.00100000000000477" classname="vectorDS_smk_numeric_list_small" name="single_numeric_list_small_vectorDS"/>
    <testcase time="0.00199999999999534" classname="vectorDS_smk_numeric_list_small" name="single_numeric_list_small_vectorDS"/>
  </testsuite>
  <testsuite name="vectorDS::smk::empty list" timestamp="2025-10-21T01:41:59Z" hostname="runnervmwhb2z" tests="2" skipped="0" failures="0" errors="0" time="0.007">
    <testcase time="0.00600000000000023" classname="vectorDS_smk_empty_list" name="empty_list_vectorDS"/>
    <testcase time="0.00100000000000477" classname="vectorDS_smk_empty_list" name="empty_list_vectorDS"/>
  </testsuite>
  <testsuite name="vectorDS::smk::shutdown" timestamp="2025-10-21T01:41:59Z" hostname="runnervmwhb2z" tests="0" skipped="0" failures="0" errors="0" time="0"/>
  <testsuite name="vectorDS::smk::done" timestamp="2025-10-21T01:41:59Z" hostname="runnervmwhb2z" tests="0" skipped="0" failures="0" errors="0" time="0"/>
</testsuites>
